scsp_3D_fibers_cylinder
largest array size = 225000
nBlocks = 440, nThreads = 512
  
Re = 1
Body Force X-dir = 0.000202296
nu = 0.166667
umax = 0.0128205
  
  
Filament gamma = 0.01
 
-----------------------------------------------
Equilibrating for 0 steps...
 
... done equilibrating!
-----------------------------------------------
 
2000
4000
6000
8000
10000
12000
14000
16000
18000
20000
22000
24000
26000
28000
30000
32000
34000
36000
38000
40000
42000
44000
46000
48000
50000
52000
54000
56000
58000
60000
62000
64000
66000
68000
70000
72000
74000
76000
78000
80000
82000
84000
86000
88000
90000
92000
94000
96000
98000
100000
