scsp_3D_capsules_channel
  
hydraulic diameter = 49.0392
umax = 0.03
ks = 0.00215294
nu = 0.0735588
fx = 1.30869e-05
  
Re = 10
Ca = 0.3
  
reference flux = 36.3761
  
nnbins = 26
 
-----------------------------------------------
Relaxing capsules...
relax step 0
separation = 0.380428 
separation = 0.436078 
separation = 0.306966 
separation = 0.431701 
separation = 0.239924 
separation = 0.380428 
separation = 0.380915 
separation = 0.377670 
separation = 0.386873 
separation = 0.199206 
separation = 0.200514 
separation = 0.492178 
separation = 0.250871 
separation = 0.456345 
separation = 0.386873 
separation = 0.456345 
separation = 0.380915 
separation = 0.478196 
separation = 0.466282 
separation = 0.385697 
separation = 0.466282 
separation = 0.385697 
separation = 0.362943 
separation = 0.385697 
separation = 0.480887 
separation = 0.380428 
separation = 0.380915 
separation = 0.380915 
separation = 0.480887 
separation = 0.386873 
separation = 0.456345 
separation = 0.436078 
separation = 0.492178 
separation = 0.478196 
separation = 0.268448 
separation = 0.498452 
separation = 0.397889 
separation = 0.393671 
separation = 0.315258 
separation = 0.245348 
separation = 0.450379 
separation = 0.486762 
separation = 0.205364 
separation = 0.435415 
separation = 0.206073 
separation = 0.463830 
separation = 0.486762 
separation = 0.255818 
separation = 0.498452 
separation = 0.393836 
separation = 0.381535 
separation = 0.450379 
separation = 0.275302 
separation = 0.275302 
separation = 0.490606 
separation = 0.396996 
separation = 0.369962 
separation = 0.490606 
separation = 0.369962 
separation = 0.396996 
separation = 0.396996 
separation = 0.369962 
separation = 0.490712 
separation = 0.393671 
separation = 0.490712 
separation = 0.490712 
separation = 0.393836 
separation = 0.490712 
separation = 0.397889 
separation = 0.486762 
separation = 0.463830 
separation = 0.498452 
separation = 0.498452 
separation = 0.486762 
separation = 0.450379 
separation = 0.398795 
separation = 0.400072 
separation = 0.469462 
separation = 0.275302 
separation = 0.275302 
separation = 0.490606 
separation = 0.410021 
separation = 0.402673 
separation = 0.498189 
separation = 0.253221 
separation = 0.322724 
separation = 0.253221 
separation = 0.210621 
separation = 0.438995 
separation = 0.498189 
separation = 0.211170 
separation = 0.472969 
separation = 0.468901 
separation = 0.405522 
separation = 0.259911 
separation = 0.292780 
separation = 0.382573 
separation = 0.408797 
separation = 0.408797 
separation = 0.382573 
separation = 0.408797 
separation = 0.402673 
separation = 0.382573 
separation = 0.405522 
separation = 0.498189 
separation = 0.410021 
separation = 0.468901 
separation = 0.472969 
separation = 0.404060 
separation = 0.409099 
separation = 0.474123 
separation = 0.263185 
separation = 0.330262 
separation = 0.263185 
separation = 0.441719 
separation = 0.215822 
separation = 0.484374 
separation = 0.420104 
separation = 0.216614 
separation = 0.264378 
separation = 0.302375 
separation = 0.420756 
separation = 0.395015 
separation = 0.395015 
separation = 0.395015 
separation = 0.420756 
separation = 0.414429 
separation = 0.302375 
separation = 0.337545 
separation = 0.273213 
separation = 0.221113 
separation = 0.444443 
separation = 0.428325 
separation = 0.412462 
separation = 0.492936 
separation = 0.221863 
separation = 0.268907 
separation = 0.481762 
separation = 0.419141 
separation = 0.390171 
separation = 0.434955 
separation = 0.406272 
separation = 0.406272 
separation = 0.406272 
separation = 0.430176 
separation = 0.412462 
separation = 0.419141 
separation = 0.492936 
separation = 0.428325 
separation = 0.481762 
separation = 0.310306 
separation = 0.343386 
separation = 0.281284 
separation = 0.428091 
separation = 0.226638 
separation = 0.437618 
separation = 0.447977 
separation = 0.226777 
separation = 0.274372 
separation = 0.420255 
separation = 0.488833 
separation = 0.315985 
separation = 0.315985 
separation = 0.416489 
separation = 0.416489 
separation = 0.436794 
separation = 0.428091 
separation = 0.420255 
separation = 0.437618 
separation = 0.488833 
separation = 0.315985 
separation = 0.315985 
separation = 0.430011 
separation = 0.348978 
separation = 0.288208 
separation = 0.288208 
separation = 0.438746 
separation = 0.231838 
separation = 0.450693 
separation = 0.231930 
separation = 0.278996 
separation = 0.329468 
separation = 0.429238 
separation = 0.481833 
separation = 0.429238 
separation = 0.442840 
separation = 0.423460 
separation = 0.423460 
separation = 0.481833 
separation = 0.423460 
separation = 0.438746 
separation = 0.430011 
separation = 0.329468 
separation = 0.329468 
separation = 0.298278 
separation = 0.355294 
separation = 0.298278 
separation = 0.437413 
separation = 0.460080 
separation = 0.237312 
separation = 0.453404 
separation = 0.451522 
separation = 0.237308 
separation = 0.283640 
separation = 0.283640 
separation = 0.448081 
separation = 0.355294 
separation = 0.340403 
separation = 0.433706 
separation = 0.449112 
separation = 0.433706 
separation = 0.437413 
separation = 0.433706 
separation = 0.460080 
separation = 0.448081 
separation = 0.340403 
separation = 0.340403 
separation = 0.446410 
separation = 0.364148 
separation = 0.308317 
separation = 0.308317 
separation = 0.243606 
separation = 0.456112 
separation = 0.245096 
separation = 0.290546 
separation = 0.351538 
separation = 0.351538 
separation = 0.456476 
separation = 0.443951 
separation = 0.456476 
separation = 0.443951 
separation = 0.446410 
separation = 0.456476 
separation = 0.443951 
separation = 0.351538 
separation = 0.445558 
separation = 0.428245 
separation = 0.472679 
separation = 0.492306 
separation = 0.371922 
separation = 0.318327 
separation = 0.460131 
separation = 0.458820 
separation = 0.249195 
separation = 0.252469 
separation = 0.295233 
separation = 0.403703 
separation = 0.462966 
separation = 0.364416 
separation = 0.364416 
separation = 0.455409 
separation = 0.455409 
separation = 0.455409 
separation = 0.468304 
separation = 0.460131 
separation = 0.364416 
separation = 0.364416 
separation = 0.469569 
separation = 0.377913 
separation = 0.326308 
separation = 0.255012 
separation = 0.462281 
separation = 0.258443 
separation = 0.457922 
separation = 0.300878 
separation = 0.374032 
separation = 0.374032 
separation = 0.475757 
separation = 0.465641 
separation = 0.465641 
separation = 0.475757 
separation = 0.475757 
separation = 0.465641 
separation = 0.469569 
separation = 0.457922 
separation = 0.465172 
separation = 0.385751 
separation = 0.334269 
separation = 0.464979 
separation = 0.260373 
separation = 0.266110 
separation = 0.305643 
separation = 0.478675 
separation = 0.410631 
separation = 0.381558 
separation = 0.488353 
separation = 0.476550 
separation = 0.476550 
separation = 0.488353 
separation = 0.488353 
separation = 0.476550 
separation = 0.465172 
separation = 0.478675 
separation = 0.381558 
separation = 0.381558 
separation = 0.497405 
separation = 0.439545 
separation = 0.464711 
separation = 0.393602 
separation = 0.473419 
separation = 0.342216 
separation = 0.266288 
separation = 0.468400 
separation = 0.342216 
separation = 0.273990 
separation = 0.310412 
separation = 0.488268 
separation = 0.488333 
separation = 0.488333 
separation = 0.488333 
separation = 0.473419 
separation = 0.488268 
separation = 0.394027 
separation = 0.445897 
separation = 0.394027 
separation = 0.472363 
separation = 0.401456 
separation = 0.352149 
separation = 0.272089 
separation = 0.471084 
separation = 0.352149 
separation = 0.496565 
separation = 0.282308 
separation = 0.315262 
separation = 0.480661 
separation = 0.402879 
separation = 0.499905 
separation = 0.499905 
separation = 0.499905 
separation = 0.496565 
separation = 0.480661 
separation = 0.402879 
separation = 0.488019 
separation = 0.362013 
separation = 0.406944 
separation = 0.362013 
separation = 0.473764 
separation = 0.277928 
separation = 0.289322 
separation = 0.320148 
separation = 0.409405 
separation = 0.488019 
separation = 0.409405 
separation = 0.409405 
separation = 0.412431 
separation = 0.496153 
separation = 0.371781 
separation = 0.371781 
separation = 0.283786 
separation = 0.476441 
separation = 0.296459 
separation = 0.325054 
separation = 0.417884 
separation = 0.496153 
separation = 0.417884 
separation = 0.417884 
separation = 0.417914 
separation = 0.381419 
separation = 0.289647 
separation = 0.479114 
separation = 0.303706 
separation = 0.329976 
separation = 0.426295 
separation = 0.492729 
separation = 0.492729 
separation = 0.426295 
separation = 0.426295 
separation = 0.426295 
separation = 0.481782 
separation = 0.424500 
separation = 0.388923 
separation = 0.295067 
separation = 0.310649 
separation = 0.334912 
separation = 0.441830 
separation = 0.441830 
separation = 0.441830 
separation = 0.441830 
separation = 0.429974 
separation = 0.396336 
separation = 0.300483 
separation = 0.484442 
separation = 0.317658 
separation = 0.339849 
separation = 0.427556 
separation = 0.455371 
separation = 0.455371 
separation = 0.455371 
separation = 0.480520 
separation = 0.455371 
separation = 0.435435 
separation = 0.402859 
separation = 0.402859 
separation = 0.487742 
separation = 0.306568 
separation = 0.324215 
separation = 0.344915 
separation = 0.470001 
separation = 0.470001 
separation = 0.470001 
separation = 0.486809 
separation = 0.443301 
separation = 0.412065 
separation = 0.312412 
separation = 0.490387 
separation = 0.333079 
separation = 0.349860 
separation = 0.480268 
separation = 0.480268 
separation = 0.480268 
separation = 0.448702 
separation = 0.419114 
separation = 0.317805 
separation = 0.493026 
separation = 0.340230 
separation = 0.354821 
separation = 0.436510 
separation = 0.489191 
separation = 0.489191 
separation = 0.489191 
separation = 0.454830 
separation = 0.426049 
separation = 0.426049 
separation = 0.323919 
separation = 0.496267 
separation = 0.347392 
separation = 0.360806 
separation = 0.497235 
separation = 0.497235 
separation = 0.497235 
separation = 0.461445 
separation = 0.434872 
separation = 0.434872 
separation = 0.329742 
separation = 0.498891 
separation = 0.354994 
separation = 0.367358 
separation = 0.467221 
separation = 0.443536 
separation = 0.335550 
separation = 0.362606 
separation = 0.373121 
separation = 0.445318 
separation = 0.476725 
separation = 0.450043 
separation = 0.341691 
separation = 0.370966 
separation = 0.379109 
separation = 0.485334 
separation = 0.456447 
separation = 0.347027 
separation = 0.379283 
separation = 0.385778 
separation = 0.461594 
separation = 0.493012 
separation = 0.461594 
separation = 0.352360 
separation = 0.386595 
separation = 0.391462 
separation = 0.469823 
separation = 0.398196 
separation = 0.358101 
separation = 0.395272 
separation = 0.475369 
separation = 0.404932 
separation = 0.457817 
separation = 0.363381 
separation = 0.401959 
separation = 0.410170 
separation = 0.480842 
separation = 0.369395 
separation = 0.409649 
separation = 0.486758 
separation = 0.415945 
separation = 0.486758 
separation = 0.374611 
separation = 0.416778 
separation = 0.415945 
separation = 0.424901 
separation = 0.494573 
separation = 0.381176 
separation = 0.494573 
separation = 0.425933 
separation = 0.430578 
separation = 0.386743 
separation = 0.433428 
separation = 0.437056 
separation = 0.392265 
separation = 0.440882 
separation = 0.443463 
separation = 0.397746 
separation = 0.448296 
separation = 0.449803 
separation = 0.449803 
separation = 0.403183 
separation = 0.456478 
separation = 0.457686 
separation = 0.409492 
separation = 0.464790 
separation = 0.463084 
separation = 0.414831 
separation = 0.472059 
separation = 0.478277 
separation = 0.469515 
separation = 0.420571 
separation = 0.478895 
separation = 0.482863 
separation = 0.475139 
separation = 0.426256 
separation = 0.485665 
separation = 0.480360 
separation = 0.431442 
separation = 0.492771 
separation = 0.486014 
separation = 0.436574 
separation = 0.499774 
separation = 0.491851 
separation = 0.492226 
separation = 0.442102 
separation = 0.497968 
separation = 0.447125 
separation = 0.497819 
separation = 0.452055 
separation = 0.457773 
separation = 0.462637 
separation = 0.468448 
separation = 0.473200 
separation = 0.478329 
separation = 0.482970 
separation = 0.487557 
separation = 0.492515 
separation = 0.496993 
relax step 10000
relax step 20000
relax step 30000
relax step 40000
relax step 50000
relax step 60000
relax step 70000
relax step 80000
relax step 0
relax step 10000
relax step 20000
relax step 30000
relax step 40000
relax step 50000
relax step 60000
relax step 70000
relax step 80000
... done relaxing
-----------------------------------------------
 
 
-----------------------------------------------
Equilibrating for 300000 steps...
equilibration step 0
equilibration step 10000
equilibration step 20000
equilibration step 30000
equilibration step 40000
equilibration step 50000
equilibration step 60000
equilibration step 70000
equilibration step 80000
equilibration step 90000
equilibration step 100000
equilibration step 110000
equilibration step 120000
equilibration step 130000
equilibration step 140000
equilibration step 150000
equilibration step 160000
equilibration step 170000
equilibration step 180000
equilibration step 190000
equilibration step 200000
equilibration step 210000
equilibration step 220000
equilibration step 230000
equilibration step 240000
equilibration step 250000
equilibration step 260000
equilibration step 270000
equilibration step 280000
equilibration step 290000
 
... done equilibrating!
-----------------------------------------------
 
1500
3000
4500
6000
7500
9000
10500
12000
13500
15000
16500
18000
19500
21000
22500
24000
25500
27000
28500
30000
31500
33000
34500
36000
37500
39000
40500
42000
43500
45000
46500
48000
49500
51000
52500
54000
55500
57000
58500
60000
61500
63000
64500
66000
67500
69000
70500
72000
73500
75000
76500
78000
79500
81000
82500
84000
85500
87000
88500
90000
91500
93000
94500
96000
97500
99000
100500
102000
103500
105000
106500
108000
109500
111000
112500
114000
115500
117000
118500
120000
121500
123000
124500
126000
127500
129000
130500
132000
133500
135000
136500
138000
139500
141000
142500
144000
145500
147000
148500
150000
151500
153000
154500
156000
157500
159000
160500
162000
163500
165000
166500
168000
169500
171000
172500
174000
175500
177000
178500
180000
181500
183000
184500
186000
187500
189000
190500
192000
193500
195000
196500
198000
199500
201000
202500
204000
205500
207000
208500
210000
211500
213000
214500
216000
217500
219000
220500
222000
223500
225000
226500
228000
229500
231000
232500
234000
235500
237000
238500
240000
241500
243000
244500
246000
247500
249000
250500
252000
253500
255000
256500
258000
259500
261000
262500
264000
265500
267000
268500
270000
271500
273000
274500
276000
277500
279000
280500
282000
283500
285000
286500
288000
289500
291000
292500
294000
295500
297000
298500
300000
