scsp_3D_capsules_slit_trains
  
H = 7.5
umax = 0.0222222
ks = 0.00987654
kb = 0.00176746
  
Ca = 0.3
  
reference flux = 26.6667
  
Initial cell spacing = 30
0 59.5
 
-----------------------------------------------
Equilibrating for 0 steps...
 
... done equilibrating!
-----------------------------------------------
 
500
1000
1500
2000
2500
3000
3500
4000
4500
5000
5500
6000
6500
7000
7500
8000
8500
9000
9500
10000
slurmstepd: error: *** JOB 169708 ON c1702 CANCELLED AT 2023-07-19T15:38:22 ***
