scsp_3D_capsules_slit_trains
  
H = 7.5
umax = 0.0222222
ks = 0.00987654
kb = 0.00176746
  
Ca = 0.3
  
reference flux = 26.6667
  
Initial cell spacing = 30
 
-----------------------------------------------
Equilibrating for 0 steps...
 
... done equilibrating!
-----------------------------------------------
 
500
-7.85469e-07
1000
-1.93564e-07
1500
-1.53559e-07
2000
-3.106e-07
2500
1.28336e-07
3000
8.04722e-08
3500
-1.2221e-07
4000
-1.48283e-07
4500
-1.80328e-07
5000
3.64627e-09
5500
1.48711e-07
6000
1.61181e-07
6500
2.10423e-08
7000
-1.87793e-07
7500
-2.02419e-07
8000
4.44907e-08
8500
1.06102e-07
9000
1.67895e-07
9500
-5.75477e-08
10000
8.22566e-09
10500
-1.6358e-07
11000
-1.59776e-07
11500
-8.52201e-08
12000
4.95484e-08
12500
1.05314e-07
13000
2.76692e-08
13500
9.0646e-08
14000
-4.03434e-08
14500
-8.6327e-08
15000
1.08089e-07
15500
1.54708e-07
16000
2.25055e-07
16500
-2.96207e-08
17000
-2.98517e-08
17500
-1.92884e-07
18000
-8.1892e-08
18500
-2.72066e-08
19000
-4.98451e-08
19500
-4.9544e-08
20000
5.77341e-08
20500
-1.90021e-08
21000
-1.46942e-07
21500
-1.95401e-07
22000
7.46932e-08
22500
2.18051e-07
23000
3.4571e-08
23500
-8.39402e-08
24000
-9.00911e-08
24500
-1.64287e-08
25000
-3.77451e-08
25500
-1.29108e-07
26000
7.87446e-08
26500
1.57818e-07
27000
4.14637e-08
27500
-8.07278e-08
28000
-8.65293e-08
28500
1.56413e-09
29000
1.07404e-07
29500
9.6325e-09
30000
8.6485e-08
30500
3.89291e-08
31000
-1.44542e-07
31500
-1.61943e-07
32000
-4.34477e-08
32500
2.05485e-07
33000
4.89394e-08
33500
-1.17738e-08
34000
-2.8969e-08
34500
-3.93087e-08
35000
-1.32914e-07
35500
-1.46283e-07
36000
1.6677e-07
36500
2.03598e-07
37000
-1.07022e-07
37500
-1.09773e-07
38000
-7.40746e-08
38500
-1.69508e-08
39000
-3.03539e-08
39500
1.84249e-07
40000
8.38707e-08
40500
1.09957e-08
41000
-7.68476e-08
41500
-2.25837e-07
42000
2.48112e-08
42500
1.50316e-07
43000
-1.20368e-07
43500
1.05582e-07
44000
-1.39971e-08
44500
4.64708e-08
45000
-2.10664e-07
45500
6.19353e-08
46000
2.18612e-07
46500
1.06632e-08
47000
1.22828e-07
47500
-8.55208e-08
48000
-1.67045e-07
48500
-1.59531e-07
49000
-1.54024e-07
49500
-1.25947e-07
50000
2.44191e-07
50500
6.99953e-08
51000
-8.07935e-08
51500
-3.95696e-08
52000
-2.20035e-08
52500
3.16398e-08
53000
1.55716e-07
53500
1.59125e-07
54000
4.43702e-08
54500
6.99355e-08
55000
1.86493e-08
55500
-8.77629e-08
56000
-1.73254e-07
56500
3.7221e-08
57000
2.33087e-08
57500
1.61408e-07
58000
4.7657e-08
58500
-1.6483e-07
59000
-2.64722e-08
59500
-2.42035e-08
60000
1.21043e-07
60500
-4.18863e-09
61000
7.53481e-08
61500
2.02891e-07
62000
4.46977e-08
62500
-1.11615e-07
63000
-1.15565e-07
63500
-3.35525e-08
64000
1.51376e-07
64500
1.33075e-07
65000
-1.10497e-07
65500
-2.15529e-07
66000
-2.5185e-07
66500
-3.98373e-08
67000
1.51473e-08
67500
-2.44114e-08
68000
1.91101e-08
68500
-5.84574e-08
69000
-1.03275e-08
69500
-1.9805e-07
70000
-9.39477e-08
70500
5.98504e-08
71000
1.60718e-07
71500
1.45419e-07
72000
1.25332e-07
72500
1.64481e-08
73000
-1.46103e-07
73500
-1.78422e-08
74000
2.83269e-07
74500
1.49143e-08
75000
1.14837e-07
75500
-5.20088e-08
76000
-2.03309e-07
76500
-2.57265e-07
77000
3.33397e-09
77500
7.6763e-09
78000
1.7389e-07
78500
-1.11132e-07
79000
-1.64366e-07
79500
-8.24459e-08
80000
3.46361e-08
80500
9.49685e-08
81000
1.85997e-07
81500
1.77292e-07
82000
1.03301e-07
82500
4.33445e-08
83000
-1.09274e-07
83500
4.62557e-08
84000
1.01666e-07
84500
-9.12122e-08
85000
-1.80785e-07
85500
-2.50431e-07
86000
-2.53301e-07
86500
-8.18857e-08
87000
-4.03754e-08
87500
-7.03407e-08
88000
1.0492e-07
88500
1.34242e-07
89000
-3.33818e-08
89500
-3.44811e-08
90000
-7.33242e-08
90500
1.05583e-07
91000
2.16408e-07
91500
3.80562e-09
92000
1.50762e-08
92500
-4.02704e-09
93000
-1.01882e-07
93500
3.28317e-08
94000
-5.53986e-08
94500
3.31277e-08
95000
1.05818e-07
95500
9.70879e-08
96000
-2.08784e-08
96500
-1.20902e-07
97000
-1.36432e-07
97500
-2.84229e-08
98000
1.53079e-07
98500
8.38906e-08
99000
6.2178e-08
99500
-5.66567e-08
100000
-1.23894e-07
