scsp_3D_filaments_pusher
largest array size = 262144
nBlocks = 512, nThreads = 512
  
Filament kT = 0.001
Filament ks = 1
Filament kb = 0.005
Filament fp = 0.002
Filament up = 0.000636943
 
-----------------------------------------------
Equilibrating for 0 steps...
 
... done equilibrating!
-----------------------------------------------
 
10000
20000
30000
40000
50000
60000
70000
80000
90000
100000
110000
120000
130000
140000
150000
160000
170000
180000
190000
200000
210000
220000
230000
240000
250000
260000
270000
280000
290000
300000
