scsp_3D_capsules_duct_trains
  
H = 9
umax = 0.0117845
ks = 0.00277749
kb = 0.000497048
  
Ca = 0.3
  
reference flux = 9.39459
  
 
-----------------------------------------------
Relaxing capsules...
... done relaxing
-----------------------------------------------
 
 
-----------------------------------------------
Equilibrating for 0 steps...
 
... done equilibrating!
-----------------------------------------------
 
8000
16000
24000
32000
40000
48000
56000
64000
72000
80000
88000
96000
104000
112000
120000
128000
136000
144000
152000
160000
168000
176000
184000
192000
200000
208000
216000
224000
232000
240000
248000
256000
264000
272000
280000
288000
296000
304000
312000
320000
328000
336000
344000
352000
360000
368000
376000
384000
392000
400000
408000
416000
424000
432000
440000
448000
456000
464000
472000
480000
488000
496000
504000
512000
520000
528000
536000
544000
552000
560000
568000
576000
584000
592000
600000
608000
616000
624000
632000
640000
648000
656000
664000
672000
680000
688000
696000
704000
712000
720000
728000
736000
744000
752000
760000
768000
776000
784000
792000
800000
808000
816000
824000
832000
840000
848000
856000
864000
872000
880000
888000
896000
904000
912000
920000
928000
936000
944000
952000
960000
968000
976000
984000
992000
1000000
1008000
1016000
1024000
1032000
1040000
1048000
1056000
1064000
1072000
1080000
1088000
1096000
1104000
1112000
1120000
1128000
1136000
1144000
1152000
1160000
1168000
1176000
1184000
1192000
1200000
1208000
1216000
1224000
1232000
1240000
1248000
1256000
1264000
1272000
1280000
1288000
1296000
1304000
1312000
1320000
1328000
1336000
1344000
1352000
1360000
1368000
1376000
1384000
1392000
1400000
1408000
1416000
1424000
1432000
1440000
1448000
1456000
1464000
1472000
1480000
1488000
1496000
1504000
1512000
1520000
1528000
1536000
1544000
1552000
1560000
1568000
1576000
1584000
1592000
1600000
