scsp_3D_capsules_duct_trains
  
H = 9
umax = 0.0117845
ks = 0.00277749
kb = 0.000497048
  
Ca = 0.3
  
reference flux = 9.39459
  
 
-----------------------------------------------
Relaxing capsules...
... done relaxing
-----------------------------------------------
 
 
-----------------------------------------------
Equilibrating for 0 steps...
 
... done equilibrating!
-----------------------------------------------
 
7000
14000
21000
28000
35000
42000
49000
56000
63000
70000
77000
84000
91000
98000
105000
112000
119000
126000
133000
140000
147000
154000
161000
168000
175000
182000
189000
196000
203000
210000
217000
224000
231000
238000
245000
252000
259000
266000
273000
280000
287000
294000
301000
308000
315000
322000
329000
336000
343000
350000
357000
364000
371000
378000
385000
392000
399000
406000
413000
420000
427000
434000
441000
448000
455000
462000
469000
476000
483000
490000
497000
504000
511000
518000
525000
532000
539000
546000
553000
560000
567000
574000
581000
588000
595000
602000
609000
616000
623000
630000
637000
644000
651000
658000
665000
672000
679000
686000
693000
700000
707000
714000
721000
728000
735000
742000
749000
756000
763000
770000
777000
784000
791000
798000
805000
812000
819000
826000
833000
840000
847000
854000
861000
868000
875000
882000
889000
896000
903000
910000
917000
924000
931000
938000
945000
952000
959000
966000
973000
980000
987000
994000
1001000
1008000
1015000
1022000
1029000
1036000
1043000
1050000
1057000
1064000
1071000
1078000
1085000
1092000
1099000
1106000
1113000
1120000
1127000
1134000
1141000
1148000
1155000
1162000
1169000
1176000
1183000
1190000
1197000
1204000
1211000
1218000
1225000
1232000
1239000
1246000
1253000
1260000
1267000
1274000
1281000
1288000
1295000
1302000
1309000
1316000
1323000
1330000
1337000
1344000
1351000
1358000
1365000
1372000
1379000
1386000
1393000
1400000
