scsp_3D_rods_cylinder
largest array size = 225000
nBlocks = 440, nThreads = 512
  
Re = 0.5
Body Force X-dir = 0.000101148
nu = 0.166667
umax = 0.00641026
  
Rod fricT = 3.37334
Rod fricR = 12.193
  
Done with Initializtion
 
-----------------------------------------------
Equilibrating for 0 steps...
 
... done equilibrating!
-----------------------------------------------
 
3000
6000
9000
12000
15000
18000
21000
24000
27000
30000
33000
36000
39000
42000
45000
48000
51000
54000
57000
60000
63000
66000
69000
72000
75000
78000
81000
84000
87000
90000
