scsp_3D_capsules_duct_trains
  
H = 9
umax = 0.0111532
ks = 0.00248788
kb = 0.000445219
  
Ca = 0.3
  
reference flux = 11.7893
  
 
-----------------------------------------------
Relaxing capsules...
relax step 0
relax step 10000
relax step 20000
relax step 30000
relax step 40000
relax step 50000
relax step 60000
relax step 70000
relax step 80000
relax step 0
relax step 10000
relax step 20000
relax step 30000
relax step 40000
relax step 50000
relax step 60000
relax step 70000
relax step 80000
... done relaxing
-----------------------------------------------
 
 
-----------------------------------------------
Equilibrating for 0 steps...
 
... done equilibrating!
-----------------------------------------------
 
15000
30000
45000
60000
75000
90000
105000
120000
135000
150000
165000
180000
195000
210000
225000
240000
255000
270000
285000
300000
315000
330000
345000
360000
375000
390000
405000
420000
435000
450000
465000
480000
495000
510000
525000
540000
555000
570000
585000
600000
615000
630000
645000
660000
675000
690000
705000
720000
735000
750000
765000
780000
795000
810000
825000
840000
855000
870000
885000
900000
915000
930000
945000
960000
975000
990000
1005000
1020000
1035000
1050000
1065000
1080000
1095000
1110000
1125000
1140000
1155000
1170000
1185000
1200000
1215000
1230000
1245000
1260000
1275000
1290000
1305000
1320000
1335000
1350000
1365000
1380000
1395000
1410000
1425000
1440000
1455000
1470000
1485000
1500000
1515000
1530000
1545000
1560000
1575000
1590000
1605000
1620000
1635000
1650000
1665000
1680000
1695000
1710000
1725000
1740000
1755000
1770000
1785000
1800000
1815000
1830000
1845000
1860000
1875000
1890000
1905000
1920000
1935000
1950000
1965000
1980000
1995000
2010000
2025000
2040000
2055000
2070000
2085000
2100000
2115000
2130000
2145000
2160000
2175000
2190000
2205000
2220000
2235000
2250000
2265000
2280000
2295000
2310000
2325000
2340000
2355000
2370000
2385000
2400000
2415000
2430000
2445000
2460000
2475000
2490000
2505000
2520000
2535000
2550000
2565000
2580000
2595000
2610000
2625000
2640000
2655000
2670000
2685000
2700000
2715000
2730000
2745000
2760000
2775000
2790000
2805000
2820000
2835000
2850000
2865000
2880000
2895000
2910000
2925000
2940000
2955000
2970000
2985000
3000000
