scsp_3D_capsule_visc_contrast
  
H = 32
umax = 0.00520833
ks = 0.000542535
kb = 9.70896e-05
  
Ca = 0.3
  
 
-----------------------------------------------
Relaxing capsules...
relax step 0
relax step 10000
relax step 20000
relax step 30000
relax step 40000
relax step 50000
relax step 60000
relax step 70000
relax step 80000
relax step 0
relax step 10000
relax step 20000
relax step 30000
relax step 40000
relax step 50000
relax step 60000
relax step 70000
relax step 80000
... done relaxing
-----------------------------------------------
 
0 962.257 0.00367072
 
-----------------------------------------------
Equilibrating for 0 steps...
 
... done equilibrating!
-----------------------------------------------
 
100
100 962.257 0.00367072
200
200 962.257 0.00367072
300
300 962.257 0.00367072
400
400 962.257 0.00367072
500
500 962.257 0.00367072
600
600 962.257 0.00367072
700
700 962.257 0.00367072
800
800 962.257 0.00367072
900
900 962.257 0.00367072
1000
1000 962.257 0.00367072
1100
1100 962.093 0.00367009
1200
1200 962.093 0.00367009
1300
1300 962.093 0.00367009
1400
1400 962.093 0.00367009
1500
1500 962.093 0.00367009
1600
1600 962.093 0.00367009
1700
1700 962.093 0.00367009
1800
1800 962.093 0.00367009
1900
1900 962.093 0.00367009
2000
2000 962.093 0.00367009
2100
2100 962.548 0.00367183
2200
2200 962.548 0.00367183
2300
2300 962.548 0.00367183
2400
2400 962.548 0.00367183
2500
2500 962.548 0.00367183
2600
2600 962.548 0.00367183
2700
2700 962.548 0.00367183
2800
2800 962.548 0.00367183
2900
2900 962.548 0.00367183
3000
3000 962.548 0.00367183
3100
3100 961.6 0.00366821
3200
3200 961.6 0.00366821
3300
3300 961.6 0.00366821
3400
3400 961.6 0.00366821
3500
3500 961.6 0.00366821
3600
3600 961.6 0.00366821
3700
3700 961.6 0.00366821
3800
3800 961.6 0.00366821
3900
3900 961.6 0.00366821
4000
4000 961.6 0.00366821
4100
4100 962.476 0.00367155
4200
4200 962.476 0.00367155
4300
4300 962.476 0.00367155
4400
4400 962.476 0.00367155
4500
4500 962.476 0.00367155
4600
4600 962.476 0.00367155
4700
4700 962.476 0.00367155
4800
4800 962.476 0.00367155
4900
4900 962.476 0.00367155
5000
5000 962.476 0.00367155
5100
5100 962.816 0.00367285
5200
5200 962.816 0.00367285
5300
5300 962.816 0.00367285
5400
5400 962.816 0.00367285
5500
5500 962.816 0.00367285
5600
5600 962.816 0.00367285
5700
5700 962.816 0.00367285
5800
5800 962.816 0.00367285
5900
5900 962.816 0.00367285
6000
6000 962.816 0.00367285
6100
6100 962.335 0.00367102
6200
6200 962.335 0.00367102
6300
6300 962.335 0.00367102
6400
6400 962.335 0.00367102
6500
6500 962.335 0.00367102
6600
6600 962.335 0.00367102
6700
6700 962.335 0.00367102
6800
6800 962.335 0.00367102
6900
6900 962.335 0.00367102
7000
7000 962.335 0.00367102
7100
7100 963.761 0.00367646
7200
7200 963.761 0.00367646
7300
7300 963.761 0.00367646
7400
7400 963.761 0.00367646
7500
7500 963.761 0.00367646
7600
7600 963.761 0.00367646
7700
7700 963.761 0.00367646
7800
7800 963.761 0.00367646
7900
7900 963.761 0.00367646
8000
8000 963.761 0.00367646
8100
8100 964.427 0.003679
8200
8200 964.427 0.003679
8300
8300 964.427 0.003679
8400
8400 964.427 0.003679
8500
8500 964.427 0.003679
8600
8600 964.427 0.003679
8700
8700 964.427 0.003679
8800
8800 964.427 0.003679
8900
8900 964.427 0.003679
9000
9000 964.427 0.003679
9100
9100 965.36 0.00368256
9200
9200 965.36 0.00368256
9300
9300 965.36 0.00368256
9400
9400 965.36 0.00368256
9500
9500 965.36 0.00368256
9600
9600 965.36 0.00368256
9700
9700 965.36 0.00368256
9800
9800 965.36 0.00368256
9900
9900 965.36 0.00368256
10000
10000 965.36 0.00368256
10100
10100 966.029 0.00368511
10200
10200 966.029 0.00368511
10300
10300 966.029 0.00368511
10400
10400 966.029 0.00368511
10500
10500 966.029 0.00368511
10600
10600 966.029 0.00368511
10700
10700 966.029 0.00368511
10800
10800 966.029 0.00368511
10900
10900 966.029 0.00368511
11000
11000 966.029 0.00368511
11100
11100 966.248 0.00368594
11200
11200 966.248 0.00368594
11300
11300 966.248 0.00368594
11400
11400 966.248 0.00368594
11500
11500 966.248 0.00368594
11600
11600 966.248 0.00368594
11700
11700 966.248 0.00368594
11800
11800 966.248 0.00368594
11900
11900 966.248 0.00368594
12000
12000 966.248 0.00368594
12100
12100 967.189 0.00368953
12200
12200 967.189 0.00368953
12300
12300 967.189 0.00368953
12400
12400 967.189 0.00368953
12500
12500 967.189 0.00368953
12600
12600 967.189 0.00368953
12700
12700 967.189 0.00368953
12800
12800 967.189 0.00368953
12900
12900 967.189 0.00368953
13000
13000 967.189 0.00368953
13100
13100 967.843 0.00369203
13200
13200 967.843 0.00369203
13300
13300 967.843 0.00369203
13400
13400 967.843 0.00369203
13500
13500 967.843 0.00369203
13600
13600 967.843 0.00369203
13700
13700 967.843 0.00369203
13800
13800 967.843 0.00369203
13900
13900 967.843 0.00369203
14000
14000 967.843 0.00369203
14100
14100 967.921 0.00369232
14200
14200 967.921 0.00369232
14300
14300 967.921 0.00369232
14400
14400 967.921 0.00369232
14500
14500 967.921 0.00369232
14600
14600 967.921 0.00369232
14700
14700 967.921 0.00369232
14800
14800 967.921 0.00369232
14900
14900 967.921 0.00369232
15000
15000 967.921 0.00369232
15100
15100 968.693 0.00369527
15200
15200 968.693 0.00369527
15300
15300 968.693 0.00369527
15400
15400 968.693 0.00369527
15500
15500 968.693 0.00369527
15600
15600 968.693 0.00369527
15700
15700 968.693 0.00369527
15800
15800 968.693 0.00369527
15900
15900 968.693 0.00369527
16000
16000 968.693 0.00369527
16100
16100 967.962 0.00369248
16200
16200 967.962 0.00369248
16300
16300 967.962 0.00369248
16400
16400 967.962 0.00369248
16500
16500 967.962 0.00369248
16600
16600 967.962 0.00369248
16700
16700 967.962 0.00369248
16800
16800 967.962 0.00369248
16900
16900 967.962 0.00369248
17000
17000 967.962 0.00369248
17100
17100 967.642 0.00369126
17200
17200 967.642 0.00369126
17300
17300 967.642 0.00369126
17400
17400 967.642 0.00369126
17500
17500 967.642 0.00369126
17600
17600 967.642 0.00369126
17700
17700 967.642 0.00369126
17800
17800 967.642 0.00369126
17900
17900 967.642 0.00369126
18000
18000 967.642 0.00369126
18100
18100 968.207 0.00369342
18200
18200 968.207 0.00369342
18300
18300 968.207 0.00369342
18400
18400 968.207 0.00369342
18500
18500 968.207 0.00369342
18600
18600 968.207 0.00369342
18700
18700 968.207 0.00369342
18800
18800 968.207 0.00369342
18900
18900 968.207 0.00369342
19000
19000 968.207 0.00369342
19100
19100 969.016 0.0036965
19200
19200 969.016 0.0036965
19300
19300 969.016 0.0036965
19400
19400 969.016 0.0036965
19500
19500 969.016 0.0036965
19600
19600 969.016 0.0036965
19700
19700 969.016 0.0036965
19800
19800 969.016 0.0036965
19900
19900 969.016 0.0036965
20000
20000 969.016 0.0036965
