scsp_3D_capsule_visc_contrast
  
H = 32
umax = 0.00520833
ks = 0.000542535
kb = 9.70896e-05
  
Ca = 0.3
  
 
-----------------------------------------------
Relaxing capsules...
relax step 0
relax step 10000
relax step 20000
relax step 30000
relax step 40000
relax step 50000
relax step 60000
relax step 70000
relax step 80000
relax step 0
relax step 10000
relax step 20000
relax step 30000
relax step 40000
relax step 50000
relax step 60000
relax step 70000
relax step 80000
... done relaxing
-----------------------------------------------
 
0 896.295 0.0034191
 
-----------------------------------------------
Equilibrating for 0 steps...
 
... done equilibrating!
-----------------------------------------------
 
100
100 896.295 0.0034191
200
200 896.295 0.0034191
300
300 896.295 0.0034191
400
400 896.295 0.0034191
500
500 896.295 0.0034191
600
600 896.295 0.0034191
700
700 896.295 0.0034191
800
800 896.295 0.0034191
900
900 896.295 0.0034191
1000
1000 896.295 0.0034191
1100
1100 895.631 0.00341656
1200
1200 895.631 0.00341656
1300
1300 895.631 0.00341656
1400
1400 895.631 0.00341656
1500
1500 895.631 0.00341656
1600
1600 895.631 0.00341656
1700
1700 895.631 0.00341656
1800
1800 895.631 0.00341656
1900
1900 895.631 0.00341656
2000
2000 895.631 0.00341656
2100
2100 893.682 0.00340913
2200
2200 893.682 0.00340913
2300
2300 893.682 0.00340913
2400
2400 893.682 0.00340913
2500
2500 893.682 0.00340913
2600
2600 893.682 0.00340913
2700
2700 893.682 0.00340913
2800
2800 893.682 0.00340913
2900
2900 893.682 0.00340913
3000
3000 893.682 0.00340913
3100
3100 894.683 0.00341295
3200
3200 894.683 0.00341295
3300
3300 894.683 0.00341295
3400
3400 894.683 0.00341295
3500
3500 894.683 0.00341295
3600
3600 894.683 0.00341295
3700
3700 894.683 0.00341295
3800
3800 894.683 0.00341295
3900
3900 894.683 0.00341295
4000
4000 894.683 0.00341295
4100
4100 896.226 0.00341883
4200
4200 896.226 0.00341883
4300
4300 896.226 0.00341883
4400
4400 896.226 0.00341883
4500
4500 896.226 0.00341883
4600
4600 896.226 0.00341883
4700
4700 896.226 0.00341883
4800
4800 896.226 0.00341883
4900
4900 896.226 0.00341883
5000
5000 896.226 0.00341883
5100
5100 894.737 0.00341315
5200
5200 894.737 0.00341315
5300
5300 894.737 0.00341315
5400
5400 894.737 0.00341315
5500
5500 894.737 0.00341315
5600
5600 894.737 0.00341315
5700
5700 894.737 0.00341315
5800
5800 894.737 0.00341315
5900
5900 894.737 0.00341315
6000
6000 894.737 0.00341315
6100
6100 892.815 0.00340582
6200
6200 892.815 0.00340582
6300
6300 892.815 0.00340582
6400
6400 892.815 0.00340582
6500
6500 892.815 0.00340582
6600
6600 892.815 0.00340582
6700
6700 892.815 0.00340582
6800
6800 892.815 0.00340582
6900
6900 892.815 0.00340582
7000
7000 892.815 0.00340582
7100
7100 896.812 0.00342106
7200
7200 896.812 0.00342106
7300
7300 896.812 0.00342106
7400
7400 896.812 0.00342106
7500
7500 896.812 0.00342106
7600
7600 896.812 0.00342106
7700
7700 896.812 0.00342106
7800
7800 896.812 0.00342106
7900
7900 896.812 0.00342106
8000
8000 896.812 0.00342106
8100
8100 896.541 0.00342003
8200
8200 896.541 0.00342003
8300
8300 896.541 0.00342003
8400
8400 896.541 0.00342003
8500
8500 896.541 0.00342003
8600
8600 896.541 0.00342003
8700
8700 896.541 0.00342003
8800
8800 896.541 0.00342003
8900
8900 896.541 0.00342003
9000
9000 896.541 0.00342003
9100
9100 895.032 0.00341427
9200
9200 895.032 0.00341427
9300
9300 895.032 0.00341427
9400
9400 895.032 0.00341427
9500
9500 895.032 0.00341427
9600
9600 895.032 0.00341427
9700
9700 895.032 0.00341427
9800
9800 895.032 0.00341427
9900
9900 895.032 0.00341427
10000
10000 895.032 0.00341427
10100
10100 895.972 0.00341786
10200
10200 895.972 0.00341786
10300
10300 895.972 0.00341786
10400
10400 895.972 0.00341786
10500
10500 895.972 0.00341786
10600
10600 895.972 0.00341786
10700
10700 895.972 0.00341786
10800
10800 895.972 0.00341786
10900
10900 895.972 0.00341786
11000
11000 895.972 0.00341786
11100
11100 896.093 0.00341832
11200
11200 896.093 0.00341832
11300
11300 896.093 0.00341832
11400
11400 896.093 0.00341832
11500
11500 896.093 0.00341832
11600
11600 896.093 0.00341832
11700
11700 896.093 0.00341832
11800
11800 896.093 0.00341832
11900
11900 896.093 0.00341832
12000
12000 896.093 0.00341832
12100
12100 896.132 0.00341847
12200
12200 896.132 0.00341847
12300
12300 896.132 0.00341847
12400
12400 896.132 0.00341847
12500
12500 896.132 0.00341847
12600
12600 896.132 0.00341847
12700
12700 896.132 0.00341847
12800
12800 896.132 0.00341847
12900
12900 896.132 0.00341847
13000
13000 896.132 0.00341847
13100
13100 895.76 0.00341705
13200
13200 895.76 0.00341705
13300
13300 895.76 0.00341705
13400
13400 895.76 0.00341705
13500
13500 895.76 0.00341705
13600
13600 895.76 0.00341705
13700
13700 895.76 0.00341705
13800
13800 895.76 0.00341705
13900
13900 895.76 0.00341705
14000
14000 895.76 0.00341705
14100
14100 893.861 0.00340981
14200
14200 893.861 0.00340981
14300
14300 893.861 0.00340981
14400
14400 893.861 0.00340981
14500
14500 893.861 0.00340981
14600
14600 893.861 0.00340981
14700
14700 893.861 0.00340981
14800
14800 893.861 0.00340981
14900
14900 893.861 0.00340981
15000
15000 893.861 0.00340981
15100
15100 894.851 0.00341358
15200
15200 894.851 0.00341358
15300
15300 894.851 0.00341358
15400
15400 894.851 0.00341358
15500
15500 894.851 0.00341358
15600
15600 894.851 0.00341358
15700
15700 894.851 0.00341358
15800
15800 894.851 0.00341358
15900
15900 894.851 0.00341358
16000
16000 894.851 0.00341358
16100
16100 891.53 0.00340092
16200
16200 891.53 0.00340092
16300
16300 891.53 0.00340092
16400
16400 891.53 0.00340092
16500
16500 891.53 0.00340092
16600
16600 891.53 0.00340092
16700
16700 891.53 0.00340092
16800
16800 891.53 0.00340092
16900
16900 891.53 0.00340092
17000
17000 891.53 0.00340092
17100
17100 892.893 0.00340612
17200
17200 892.893 0.00340612
17300
17300 892.893 0.00340612
17400
17400 892.893 0.00340612
17500
17500 892.893 0.00340612
17600
17600 892.893 0.00340612
17700
17700 892.893 0.00340612
17800
17800 892.893 0.00340612
17900
17900 892.893 0.00340612
18000
18000 892.893 0.00340612
18100
18100 889.866 0.00339457
18200
18200 889.866 0.00339457
18300
18300 889.866 0.00339457
18400
18400 889.866 0.00339457
18500
18500 889.866 0.00339457
18600
18600 889.866 0.00339457
18700
18700 889.866 0.00339457
18800
18800 889.866 0.00339457
18900
18900 889.866 0.00339457
19000
19000 889.866 0.00339457
19100
19100 894.959 0.003414
19200
19200 894.959 0.003414
19300
19300 894.959 0.003414
19400
19400 894.959 0.003414
19500
19500 894.959 0.003414
19600
19600 894.959 0.003414
19700
19700 894.959 0.003414
19800
19800 894.959 0.003414
19900
19900 894.959 0.003414
20000
20000 894.959 0.003414
