scsp_3D_capsule_visc_contrast
  
H = 32
umax = 0.00520833
ks = 0.000542535
kb = 9.70896e-05
  
Ca = 0.3
  
 
-----------------------------------------------
Relaxing capsules...
relax step 0
relax step 10000
relax step 20000
relax step 30000
relax step 40000
relax step 50000
relax step 60000
relax step 70000
relax step 80000
relax step 0
relax step 10000
relax step 20000
relax step 30000
relax step 40000
relax step 50000
relax step 60000
relax step 70000
relax step 80000
... done relaxing
-----------------------------------------------
 
0 928.999 0.00354385
 
-----------------------------------------------
Equilibrating for 0 steps...
 
... done equilibrating!
-----------------------------------------------
 
100
100 928.999 0.00354385
200
200 928.999 0.00354385
300
300 928.999 0.00354385
400
400 928.999 0.00354385
500
500 928.999 0.00354385
600
600 928.999 0.00354385
700
700 928.999 0.00354385
800
800 928.999 0.00354385
900
900 928.999 0.00354385
1000
1000 928.999 0.00354385
1100
1100 934.308 0.0035641
1200
1200 934.308 0.0035641
1300
1300 934.308 0.0035641
1400
1400 934.308 0.0035641
1500
1500 934.308 0.0035641
1600
1600 934.308 0.0035641
1700
1700 934.308 0.0035641
1800
1800 934.308 0.0035641
1900
1900 934.308 0.0035641
2000
2000 934.308 0.0035641
2100
2100 934.299 0.00356407
2200
2200 934.299 0.00356407
2300
2300 934.299 0.00356407
2400
2400 934.299 0.00356407
2500
2500 934.299 0.00356407
2600
2600 934.299 0.00356407
2700
2700 934.299 0.00356407
2800
2800 934.299 0.00356407
2900
2900 934.299 0.00356407
3000
3000 934.299 0.00356407
3100
3100 932.595 0.00355757
3200
3200 932.595 0.00355757
3300
3300 932.595 0.00355757
3400
3400 932.595 0.00355757
3500
3500 932.595 0.00355757
3600
3600 932.595 0.00355757
3700
3700 932.595 0.00355757
3800
3800 932.595 0.00355757
3900
3900 932.595 0.00355757
4000
4000 932.595 0.00355757
4100
4100 932.347 0.00355662
4200
4200 932.347 0.00355662
4300
4300 932.347 0.00355662
4400
4400 932.347 0.00355662
4500
4500 932.347 0.00355662
4600
4600 932.347 0.00355662
4700
4700 932.347 0.00355662
4800
4800 932.347 0.00355662
4900
4900 932.347 0.00355662
5000
5000 932.347 0.00355662
5100
5100 933.276 0.00356017
5200
5200 933.276 0.00356017
5300
5300 933.276 0.00356017
5400
5400 933.276 0.00356017
5500
5500 933.276 0.00356017
5600
5600 933.276 0.00356017
5700
5700 933.276 0.00356017
5800
5800 933.276 0.00356017
5900
5900 933.276 0.00356017
6000
6000 933.276 0.00356017
6100
6100 932.339 0.00355659
6200
6200 932.339 0.00355659
6300
6300 932.339 0.00355659
6400
6400 932.339 0.00355659
6500
6500 932.339 0.00355659
6600
6600 932.339 0.00355659
6700
6700 932.339 0.00355659
6800
6800 932.339 0.00355659
6900
6900 932.339 0.00355659
7000
7000 932.339 0.00355659
7100
7100 930.232 0.00354855
7200
7200 930.232 0.00354855
7300
7300 930.232 0.00354855
7400
7400 930.232 0.00354855
7500
7500 930.232 0.00354855
7600
7600 930.232 0.00354855
7700
7700 930.232 0.00354855
7800
7800 930.232 0.00354855
7900
7900 930.232 0.00354855
8000
8000 930.232 0.00354855
8100
8100 931.99 0.00355526
8200
8200 931.99 0.00355526
8300
8300 931.99 0.00355526
8400
8400 931.99 0.00355526
8500
8500 931.99 0.00355526
8600
8600 931.99 0.00355526
8700
8700 931.99 0.00355526
8800
8800 931.99 0.00355526
8900
8900 931.99 0.00355526
9000
9000 931.99 0.00355526
9100
9100 931.288 0.00355258
9200
9200 931.288 0.00355258
9300
9300 931.288 0.00355258
9400
9400 931.288 0.00355258
9500
9500 931.288 0.00355258
9600
9600 931.288 0.00355258
9700
9700 931.288 0.00355258
9800
9800 931.288 0.00355258
9900
9900 931.288 0.00355258
10000
10000 931.288 0.00355258
10100
10100 931.263 0.00355249
10200
10200 931.263 0.00355249
10300
10300 931.263 0.00355249
10400
10400 931.263 0.00355249
10500
10500 931.263 0.00355249
10600
10600 931.263 0.00355249
10700
10700 931.263 0.00355249
10800
10800 931.263 0.00355249
10900
10900 931.263 0.00355249
11000
11000 931.263 0.00355249
slurmstepd: error: *** JOB 225066 ON c1612 CANCELLED AT 2023-09-20T11:14:34 ***
