scsp_3D_capsule_visc_contrast
  
H = 32
umax = 0.00520833
ks = 0.000542535
kb = 9.70896e-05
  
Ca = 0.3
  
 
-----------------------------------------------
Relaxing capsules...
relax step 0
relax step 10000
relax step 20000
relax step 30000
relax step 40000
relax step 50000
relax step 60000
relax step 70000
relax step 80000
relax step 0
relax step 10000
relax step 20000
relax step 30000
relax step 40000
relax step 50000
relax step 60000
relax step 70000
relax step 80000
... done relaxing
-----------------------------------------------
 
0 970.822 0.00370339
 
-----------------------------------------------
Equilibrating for 0 steps...
 
... done equilibrating!
-----------------------------------------------
 
100
100 970.822 0.00370339
200
200 970.822 0.00370339
300
300 970.822 0.00370339
400
400 970.822 0.00370339
500
500 970.822 0.00370339
600
600 970.822 0.00370339
700
700 970.822 0.00370339
800
800 970.822 0.00370339
900
900 970.822 0.00370339
1000
1000 970.822 0.00370339
1100
1100 970.507 0.00370219
1200
1200 970.507 0.00370219
1300
1300 970.507 0.00370219
1400
1400 970.507 0.00370219
1500
1500 970.507 0.00370219
1600
1600 970.507 0.00370219
1700
1700 970.507 0.00370219
1800
1800 970.507 0.00370219
1900
1900 970.507 0.00370219
2000
2000 970.507 0.00370219
2100
2100 970.767 0.00370318
2200
2200 970.767 0.00370318
2300
2300 970.767 0.00370318
2400
2400 970.767 0.00370318
2500
2500 970.767 0.00370318
2600
2600 970.767 0.00370318
2700
2700 970.767 0.00370318
2800
2800 970.767 0.00370318
2900
2900 970.767 0.00370318
3000
3000 970.767 0.00370318
3100
3100 971.188 0.00370479
3200
3200 971.188 0.00370479
3300
3300 971.188 0.00370479
3400
3400 971.188 0.00370479
3500
3500 971.188 0.00370479
3600
3600 971.188 0.00370479
3700
3700 971.188 0.00370479
3800
3800 971.188 0.00370479
3900
3900 971.188 0.00370479
4000
4000 971.188 0.00370479
4100
4100 972.224 0.00370874
4200
4200 972.224 0.00370874
4300
4300 972.224 0.00370874
4400
4400 972.224 0.00370874
4500
4500 972.224 0.00370874
4600
4600 972.224 0.00370874
4700
4700 972.224 0.00370874
4800
4800 972.224 0.00370874
4900
4900 972.224 0.00370874
5000
5000 972.224 0.00370874
slurmstepd: error: *** JOB 225061 ON c1612 CANCELLED AT 2023-09-20T11:06:12 ***
