scsp_3D_capsule_visc_contrast
  
H = 32
umax = 0.00520833
ks = 0.000542535
kb = 9.70896e-05
  
Ca = 0.3
  
 
-----------------------------------------------
Relaxing capsules...
relax step 0
relax step 10000
relax step 20000
relax step 30000
relax step 40000
relax step 50000
relax step 60000
relax step 70000
relax step 80000
relax step 0
relax step 10000
relax step 20000
relax step 30000
relax step 40000
relax step 50000
relax step 60000
relax step 70000
relax step 80000
... done relaxing
-----------------------------------------------
 
0 907.56 0.00346207
 
-----------------------------------------------
Equilibrating for 0 steps...
 
... done equilibrating!
-----------------------------------------------
 
100
100 907.56 0.00346207
200
200 907.56 0.00346207
300
300 907.56 0.00346207
400
400 907.56 0.00346207
500
500 907.56 0.00346207
600
600 907.56 0.00346207
700
700 907.56 0.00346207
800
800 907.56 0.00346207
900
900 907.56 0.00346207
1000
1000 907.56 0.00346207
1100
1100 908.658 0.00346625
1200
1200 908.658 0.00346625
1300
1300 908.658 0.00346625
1400
1400 908.658 0.00346625
1500
1500 908.658 0.00346625
1600
1600 908.658 0.00346625
1700
1700 908.658 0.00346625
1800
1800 908.658 0.00346625
1900
1900 908.658 0.00346625
2000
2000 908.658 0.00346625
2100
2100 909.163 0.00346818
2200
2200 909.163 0.00346818
2300
2300 909.163 0.00346818
2400
2400 909.163 0.00346818
2500
2500 909.163 0.00346818
2600
2600 909.163 0.00346818
2700
2700 909.163 0.00346818
2800
2800 909.163 0.00346818
2900
2900 909.163 0.00346818
3000
3000 909.163 0.00346818
3100
3100 907.909 0.0034634
3200
3200 907.909 0.0034634
3300
3300 907.909 0.0034634
3400
3400 907.909 0.0034634
3500
3500 907.909 0.0034634
3600
3600 907.909 0.0034634
3700
3700 907.909 0.0034634
3800
3800 907.909 0.0034634
3900
3900 907.909 0.0034634
4000
4000 907.909 0.0034634
4100
4100 910.052 0.00347157
4200
4200 910.052 0.00347157
4300
4300 910.052 0.00347157
4400
4400 910.052 0.00347157
4500
4500 910.052 0.00347157
4600
4600 910.052 0.00347157
4700
4700 910.052 0.00347157
4800
4800 910.052 0.00347157
4900
4900 910.052 0.00347157
5000
5000 910.052 0.00347157
5100
5100 908.323 0.00346498
5200
5200 908.323 0.00346498
5300
5300 908.323 0.00346498
5400
5400 908.323 0.00346498
5500
5500 908.323 0.00346498
5600
5600 908.323 0.00346498
5700
5700 908.323 0.00346498
5800
5800 908.323 0.00346498
5900
5900 908.323 0.00346498
6000
6000 908.323 0.00346498
6100
6100 908.15 0.00346432
6200
6200 908.15 0.00346432
6300
6300 908.15 0.00346432
6400
6400 908.15 0.00346432
6500
6500 908.15 0.00346432
6600
6600 908.15 0.00346432
6700
6700 908.15 0.00346432
6800
6800 908.15 0.00346432
6900
6900 908.15 0.00346432
7000
7000 908.15 0.00346432
7100
7100 906.348 0.00345744
7200
7200 906.348 0.00345744
7300
7300 906.348 0.00345744
7400
7400 906.348 0.00345744
7500
7500 906.348 0.00345744
7600
7600 906.348 0.00345744
7700
7700 906.348 0.00345744
7800
7800 906.348 0.00345744
7900
7900 906.348 0.00345744
8000
8000 906.348 0.00345744
8100
8100 908.144 0.00346429
8200
8200 908.144 0.00346429
8300
8300 908.144 0.00346429
8400
8400 908.144 0.00346429
8500
8500 908.144 0.00346429
8600
8600 908.144 0.00346429
8700
8700 908.144 0.00346429
8800
8800 908.144 0.00346429
8900
8900 908.144 0.00346429
9000
9000 908.144 0.00346429
9100
9100 908.752 0.00346661
9200
9200 908.752 0.00346661
9300
9300 908.752 0.00346661
9400
9400 908.752 0.00346661
9500
9500 908.752 0.00346661
9600
9600 908.752 0.00346661
9700
9700 908.752 0.00346661
9800
9800 908.752 0.00346661
9900
9900 908.752 0.00346661
10000
10000 908.752 0.00346661
10100
10100 907.079 0.00346023
10200
10200 907.079 0.00346023
10300
10300 907.079 0.00346023
10400
10400 907.079 0.00346023
10500
10500 907.079 0.00346023
10600
10600 907.079 0.00346023
10700
10700 907.079 0.00346023
10800
10800 907.079 0.00346023
10900
10900 907.079 0.00346023
11000
11000 907.079 0.00346023
11100
11100 908.756 0.00346663
11200
11200 908.756 0.00346663
11300
11300 908.756 0.00346663
11400
11400 908.756 0.00346663
11500
11500 908.756 0.00346663
11600
11600 908.756 0.00346663
11700
11700 908.756 0.00346663
11800
11800 908.756 0.00346663
11900
11900 908.756 0.00346663
12000
12000 908.756 0.00346663
12100
12100 907.716 0.00346266
12200
12200 907.716 0.00346266
12300
12300 907.716 0.00346266
12400
12400 907.716 0.00346266
12500
12500 907.716 0.00346266
12600
12600 907.716 0.00346266
12700
12700 907.716 0.00346266
12800
12800 907.716 0.00346266
12900
12900 907.716 0.00346266
13000
13000 907.716 0.00346266
13100
13100 906.739 0.00345893
13200
13200 906.739 0.00345893
13300
13300 906.739 0.00345893
13400
13400 906.739 0.00345893
13500
13500 906.739 0.00345893
13600
13600 906.739 0.00345893
13700
13700 906.739 0.00345893
13800
13800 906.739 0.00345893
13900
13900 906.739 0.00345893
14000
14000 906.739 0.00345893
14100
14100 906.019 0.00345619
14200
14200 906.019 0.00345619
14300
14300 906.019 0.00345619
14400
14400 906.019 0.00345619
14500
14500 906.019 0.00345619
14600
14600 906.019 0.00345619
14700
14700 906.019 0.00345619
14800
14800 906.019 0.00345619
14900
14900 906.019 0.00345619
15000
15000 906.019 0.00345619
15100
15100 904.037 0.00344863
15200
15200 904.037 0.00344863
15300
15300 904.037 0.00344863
15400
15400 904.037 0.00344863
15500
15500 904.037 0.00344863
15600
15600 904.037 0.00344863
15700
15700 904.037 0.00344863
15800
15800 904.037 0.00344863
15900
15900 904.037 0.00344863
16000
16000 904.037 0.00344863
16100
16100 904.446 0.00345019
16200
16200 904.446 0.00345019
16300
16300 904.446 0.00345019
16400
16400 904.446 0.00345019
16500
16500 904.446 0.00345019
16600
16600 904.446 0.00345019
16700
16700 904.446 0.00345019
16800
16800 904.446 0.00345019
16900
16900 904.446 0.00345019
17000
17000 904.446 0.00345019
17100
17100 905.129 0.00345279
17200
17200 905.129 0.00345279
17300
17300 905.129 0.00345279
17400
17400 905.129 0.00345279
17500
17500 905.129 0.00345279
17600
17600 905.129 0.00345279
17700
17700 905.129 0.00345279
17800
17800 905.129 0.00345279
17900
17900 905.129 0.00345279
18000
18000 905.129 0.00345279
18100
18100 908.322 0.00346497
18200
18200 908.322 0.00346497
18300
18300 908.322 0.00346497
18400
18400 908.322 0.00346497
18500
18500 908.322 0.00346497
18600
18600 908.322 0.00346497
18700
18700 908.322 0.00346497
18800
18800 908.322 0.00346497
18900
18900 908.322 0.00346497
19000
19000 908.322 0.00346497
19100
19100 907.961 0.00346359
19200
19200 907.961 0.00346359
19300
19300 907.961 0.00346359
19400
19400 907.961 0.00346359
19500
19500 907.961 0.00346359
19600
19600 907.961 0.00346359
19700
19700 907.961 0.00346359
19800
19800 907.961 0.00346359
19900
19900 907.961 0.00346359
20000
20000 907.961 0.00346359
