scsp_3D_capsule_visc_contrast
  
H = 32
umax = 0.00520833
ks = 0.000542535
kb = 9.70896e-05
  
Ca = 0.3
  
 
-----------------------------------------------
Relaxing capsules...
relax step 0
relax step 10000
relax step 20000
relax step 30000
relax step 40000
relax step 50000
relax step 60000
relax step 70000
relax step 80000
relax step 0
relax step 10000
relax step 20000
relax step 30000
relax step 40000
relax step 50000
relax step 60000
relax step 70000
relax step 80000
... done relaxing
-----------------------------------------------
 
0 822 0.00313568
 
-----------------------------------------------
Equilibrating for 0 steps...
 
... done equilibrating!
-----------------------------------------------
 
100
100 822 0.00313568
200
200 822 0.00313568
300
300 822 0.00313568
400
400 822 0.00313568
500
500 822 0.00313568
600
600 822 0.00313568
700
700 822 0.00313568
800
800 822 0.00313568
900
900 822 0.00313568
1000
1000 822 0.00313568
1100
1100 823 0.0031395
1200
1200 823 0.0031395
1300
1300 823 0.0031395
1400
1400 823 0.0031395
1500
1500 823 0.0031395
1600
1600 823 0.0031395
1700
1700 823 0.0031395
1800
1800 823 0.0031395
1900
1900 823 0.0031395
2000
2000 823 0.0031395
2100
2100 826 0.00315094
2200
2200 826 0.00315094
2300
2300 826 0.00315094
2400
2400 826 0.00315094
2500
2500 826 0.00315094
2600
2600 826 0.00315094
2700
2700 826 0.00315094
2800
2800 826 0.00315094
2900
2900 826 0.00315094
3000
3000 826 0.00315094
3100
3100 825 0.00314713
3200
3200 825 0.00314713
3300
3300 825 0.00314713
3400
3400 825 0.00314713
3500
3500 825 0.00314713
3600
3600 825 0.00314713
3700
3700 825 0.00314713
3800
3800 825 0.00314713
3900
3900 825 0.00314713
4000
4000 825 0.00314713
4100
4100 824 0.00314331
4200
4200 824 0.00314331
4300
4300 824 0.00314331
4400
4400 824 0.00314331
4500
4500 824 0.00314331
4600
4600 824 0.00314331
4700
4700 824 0.00314331
4800
4800 824 0.00314331
4900
4900 824 0.00314331
5000
5000 824 0.00314331
5100
5100 826 0.00315094
5200
5200 826 0.00315094
5300
5300 826 0.00315094
5400
5400 826 0.00315094
5500
5500 826 0.00315094
5600
5600 826 0.00315094
5700
5700 826 0.00315094
5800
5800 826 0.00315094
5900
5900 826 0.00315094
6000
6000 826 0.00315094
6100
6100 827 0.00315475
6200
6200 827 0.00315475
6300
6300 827 0.00315475
6400
6400 827 0.00315475
6500
6500 827 0.00315475
6600
6600 827 0.00315475
6700
6700 827 0.00315475
6800
6800 827 0.00315475
6900
6900 827 0.00315475
7000
7000 827 0.00315475
7100
7100 827 0.00315475
7200
7200 827 0.00315475
7300
7300 827 0.00315475
7400
7400 827 0.00315475
7500
7500 827 0.00315475
7600
7600 827 0.00315475
7700
7700 827 0.00315475
7800
7800 827 0.00315475
7900
7900 827 0.00315475
8000
8000 827 0.00315475
8100
8100 816 0.00311279
8200
8200 816 0.00311279
8300
8300 816 0.00311279
8400
8400 816 0.00311279
8500
8500 816 0.00311279
8600
8600 816 0.00311279
8700
8700 816 0.00311279
8800
8800 816 0.00311279
8900
8900 816 0.00311279
9000
9000 816 0.00311279
9100
9100 815 0.00310898
9200
9200 815 0.00310898
9300
9300 815 0.00310898
9400
9400 815 0.00310898
9500
9500 815 0.00310898
9600
9600 815 0.00310898
9700
9700 815 0.00310898
9800
9800 815 0.00310898
9900
9900 815 0.00310898
10000
10000 815 0.00310898
10100
10100 813 0.00310135
10200
10200 813 0.00310135
10300
10300 813 0.00310135
10400
10400 813 0.00310135
10500
10500 813 0.00310135
10600
10600 813 0.00310135
10700
10700 813 0.00310135
10800
10800 813 0.00310135
10900
10900 813 0.00310135
11000
11000 813 0.00310135
11100
11100 819 0.00312424
11200
11200 819 0.00312424
11300
11300 819 0.00312424
11400
11400 819 0.00312424
11500
11500 819 0.00312424
11600
11600 819 0.00312424
11700
11700 819 0.00312424
11800
11800 819 0.00312424
11900
11900 819 0.00312424
12000
12000 819 0.00312424
12100
12100 813 0.00310135
12200
12200 813 0.00310135
12300
12300 813 0.00310135
12400
12400 813 0.00310135
12500
12500 813 0.00310135
12600
12600 813 0.00310135
12700
12700 813 0.00310135
12800
12800 813 0.00310135
12900
12900 813 0.00310135
13000
13000 813 0.00310135
13100
13100 811 0.00309372
13200
13200 811 0.00309372
13300
13300 811 0.00309372
13400
13400 811 0.00309372
13500
13500 811 0.00309372
13600
13600 811 0.00309372
13700
13700 811 0.00309372
13800
13800 811 0.00309372
13900
13900 811 0.00309372
14000
14000 811 0.00309372
14100
14100 811 0.00309372
14200
14200 811 0.00309372
14300
14300 811 0.00309372
14400
14400 811 0.00309372
14500
14500 811 0.00309372
14600
14600 811 0.00309372
14700
14700 811 0.00309372
14800
14800 811 0.00309372
14900
14900 811 0.00309372
15000
15000 811 0.00309372
15100
15100 805 0.00307083
15200
15200 805 0.00307083
15300
15300 805 0.00307083
15400
15400 805 0.00307083
15500
15500 805 0.00307083
15600
15600 805 0.00307083
15700
15700 805 0.00307083
15800
15800 805 0.00307083
15900
15900 805 0.00307083
16000
16000 805 0.00307083
16100
16100 800 0.00305176
16200
16200 800 0.00305176
16300
16300 800 0.00305176
16400
16400 800 0.00305176
16500
16500 800 0.00305176
16600
16600 800 0.00305176
16700
16700 800 0.00305176
16800
16800 800 0.00305176
16900
16900 800 0.00305176
17000
17000 800 0.00305176
17100
17100 803 0.0030632
17200
17200 803 0.0030632
17300
17300 803 0.0030632
17400
17400 803 0.0030632
17500
17500 803 0.0030632
17600
17600 803 0.0030632
17700
17700 803 0.0030632
17800
17800 803 0.0030632
17900
17900 803 0.0030632
18000
18000 803 0.0030632
18100
18100 810 0.0030899
18200
18200 810 0.0030899
18300
18300 810 0.0030899
18400
18400 810 0.0030899
18500
18500 810 0.0030899
18600
18600 810 0.0030899
18700
18700 810 0.0030899
18800
18800 810 0.0030899
18900
18900 810 0.0030899
19000
19000 810 0.0030899
19100
19100 812 0.00309753
19200
19200 812 0.00309753
19300
19300 812 0.00309753
19400
19400 812 0.00309753
19500
19500 812 0.00309753
19600
19600 812 0.00309753
19700
19700 812 0.00309753
19800
19800 812 0.00309753
19900
19900 812 0.00309753
20000
20000 812 0.00309753
