scsp_3D_capsules_channel
  
hydraulic diameter = 49.0392
umax = 0.03
ks = 0.000538235
nu = 0.0183897
fx = 3.27173e-06
  
Re = 40
Ca = 0.3
  
reference flux = 36.3761
  
nnbins = 26
 
-----------------------------------------------
Relaxing capsules...
relax step 0
separation = 0.115788 
separation = 0.395731 
separation = 0.469403 
separation = 0.434425 
separation = 0.473190 
separation = 0.462114 
separation = 0.322477 
separation = 0.354706 
separation = 0.349122 
separation = 0.480242 
separation = 0.354706 
separation = 0.471902 
separation = 0.486078 
separation = 0.469839 
separation = 0.143641 
separation = 0.294450 
separation = 0.472237 
separation = 0.471274 
separation = 0.253787 
separation = 0.465911 
separation = 0.469839 
separation = 0.469403 
separation = 0.272934 
separation = 0.477101 
separation = 0.131788 
separation = 0.166804 
separation = 0.454692 
separation = 0.271522 
separation = 0.466118 
separation = 0.386100 
separation = 0.456110 
separation = 0.165680 
separation = 0.209036 
separation = 0.253901 
separation = 0.209036 
separation = 0.464616 
separation = 0.376281 
separation = 0.436806 
separation = 0.471902 
separation = 0.377079 
separation = 0.487951 
separation = 0.461022 
separation = 0.145189 
separation = 0.475859 
separation = 0.365774 
separation = 0.457536 
separation = 0.480242 
separation = 0.471274 
separation = 0.375589 
separation = 0.338037 
separation = 0.285057 
separation = 0.418471 
separation = 0.316765 
separation = 0.462373 
separation = 0.377079 
separation = 0.499717 
separation = 0.327114 
separation = 0.375589 
separation = 0.377079 
separation = 0.472237 
separation = 0.327114 
separation = 0.331650 
separation = 0.375589 
separation = 0.331650 
separation = 0.408151 
separation = 0.473190 
separation = 0.294450 
separation = 0.253901 
separation = 0.487951 
separation = 0.379390 
separation = 0.457536 
separation = 0.285057 
separation = 0.418471 
separation = 0.115788 
separation = 0.436806 
separation = 0.475859 
separation = 0.365774 
separation = 0.338037 
separation = 0.462373 
separation = 0.168706 
separation = 0.216443 
separation = 0.474716 
separation = 0.472640 
separation = 0.470412 
separation = 0.286764 
separation = 0.442215 
separation = 0.326234 
separation = 0.470412 
separation = 0.489199 
separation = 0.402070 
separation = 0.489463 
separation = 0.489463 
separation = 0.472640 
separation = 0.465370 
separation = 0.469998 
separation = 0.476463 
separation = 0.482532 
separation = 0.360683 
separation = 0.302148 
separation = 0.275787 
separation = 0.485261 
separation = 0.352127 
separation = 0.360683 
separation = 0.397487 
separation = 0.277848 
separation = 0.479380 
separation = 0.147677 
separation = 0.473897 
separation = 0.473626 
separation = 0.474716 
separation = 0.356541 
separation = 0.435402 
separation = 0.454617 
separation = 0.168784 
separation = 0.277726 
separation = 0.372649 
separation = 0.457388 
separation = 0.494380 
separation = 0.428487 
separation = 0.347063 
separation = 0.476463 
separation = 0.484635 
separation = 0.385505 
separation = 0.326234 
separation = 0.495614 
separation = 0.216443 
separation = 0.464424 
separation = 0.288056 
separation = 0.419035 
separation = 0.237067 
separation = 0.121703 
separation = 0.482532 
separation = 0.492396 
separation = 0.383511 
separation = 0.498295 
separation = 0.273757 
separation = 0.473897 
separation = 0.442215 
separation = 0.321324 
separation = 0.385505 
separation = 0.333224 
separation = 0.383511 
separation = 0.474716 
separation = 0.385505 
separation = 0.479380 
separation = 0.333224 
separation = 0.383511 
separation = 0.336637 
separation = 0.333224 
separation = 0.473626 
separation = 0.485261 
separation = 0.336637 
separation = 0.457388 
separation = 0.412023 
separation = 0.492063 
separation = 0.216346 
separation = 0.288056 
separation = 0.419035 
separation = 0.275787 
separation = 0.489199 
separation = 0.302148 
separation = 0.356541 
separation = 0.492396 
separation = 0.495614 
separation = 0.347063 
separation = 0.121703 
separation = 0.278641 
separation = 0.437499 
separation = 0.473349 
separation = 0.224451 
separation = 0.481684 
separation = 0.279334 
separation = 0.471844 
separation = 0.355521 
separation = 0.334474 
separation = 0.448384 
separation = 0.493553 
separation = 0.170646 
separation = 0.367479 
separation = 0.426948 
separation = 0.468429 
separation = 0.474877 
separation = 0.481392 
separation = 0.473349 
separation = 0.471844 
separation = 0.484988 
separation = 0.398549 
separation = 0.461602 
separation = 0.367479 
separation = 0.488973 
separation = 0.480369 
separation = 0.334474 
separation = 0.478162 
separation = 0.133056 
separation = 0.459380 
separation = 0.152648 
separation = 0.258177 
separation = 0.296545 
separation = 0.375886 
separation = 0.481684 
separation = 0.293041 
separation = 0.422243 
separation = 0.453549 
separation = 0.171914 
separation = 0.275523 
separation = 0.282426 
separation = 0.486933 
separation = 0.382875 
separation = 0.487405 
separation = 0.481392 
separation = 0.394088 
separation = 0.448384 
separation = 0.467947 
separation = 0.473221 
separation = 0.493087 
separation = 0.224451 
separation = 0.129081 
separation = 0.473159 
separation = 0.386763 
separation = 0.484988 
separation = 0.390545 
separation = 0.493316 
separation = 0.145557 
separation = 0.478685 
separation = 0.366509 
separation = 0.252358 
separation = 0.465065 
separation = 0.480369 
separation = 0.448384 
separation = 0.325985 
separation = 0.343676 
separation = 0.460469 
separation = 0.492168 
separation = 0.394088 
separation = 0.492168 
separation = 0.341432 
separation = 0.390545 
separation = 0.481684 
separation = 0.394088 
separation = 0.341432 
separation = 0.488973 
separation = 0.341613 
separation = 0.390545 
separation = 0.341432 
separation = 0.414278 
separation = 0.341613 
separation = 0.461602 
separation = 0.296545 
separation = 0.293041 
separation = 0.422243 
separation = 0.473221 
separation = 0.379792 
separation = 0.278641 
separation = 0.448384 
separation = 0.252358 
separation = 0.493087 
separation = 0.129081 
separation = 0.478685 
separation = 0.366509 
separation = 0.343676 
separation = 0.460469 
separation = 0.478624 
separation = 0.473980 
separation = 0.290462 
separation = 0.459383 
separation = 0.374280 
separation = 0.342739 
separation = 0.398401 
separation = 0.495638 
separation = 0.471475 
separation = 0.486377 
separation = 0.494990 
separation = 0.487684 
separation = 0.374280 
separation = 0.401118 
separation = 0.495638 
separation = 0.299703 
separation = 0.310823 
separation = 0.488731 
separation = 0.157622 
separation = 0.473980 
separation = 0.310823 
separation = 0.498583 
separation = 0.284262 
separation = 0.279509 
separation = 0.287195 
separation = 0.279509 
separation = 0.438480 
separation = 0.479656 
separation = 0.355975 
separation = 0.312418 
separation = 0.241393 
separation = 0.360195 
separation = 0.455422 
separation = 0.175047 
separation = 0.319478 
separation = 0.355975 
separation = 0.459848 
separation = 0.425355 
separation = 0.388165 
separation = 0.482019 
separation = 0.220701 
separation = 0.241393 
separation = 0.172654 
separation = 0.472658 
separation = 0.479727 
separation = 0.232422 
separation = 0.380046 
separation = 0.254874 
separation = 0.487684 
separation = 0.401118 
separation = 0.284262 
separation = 0.402028 
separation = 0.486459 
separation = 0.471590 
separation = 0.355883 
separation = 0.136426 
separation = 0.481996 
separation = 0.487969 
separation = 0.146945 
separation = 0.493692 
separation = 0.486377 
separation = 0.426390 
separation = 0.474360 
separation = 0.397732 
separation = 0.223454 
separation = 0.488526 
separation = 0.486972 
separation = 0.364700 
separation = 0.347723 
separation = 0.463396 
separation = 0.330747 
separation = 0.310823 
separation = 0.380615 
separation = 0.499919 
separation = 0.299703 
separation = 0.499919 
separation = 0.284262 
separation = 0.459848 
separation = 0.425355 
separation = 0.472658 
separation = 0.402028 
separation = 0.355975 
separation = 0.397732 
separation = 0.493692 
separation = 0.486972 
separation = 0.136426 
separation = 0.349730 
separation = 0.486459 
separation = 0.459383 
separation = 0.223454 
separation = 0.473980 
separation = 0.254874 
separation = 0.402028 
separation = 0.498583 
separation = 0.481996 
separation = 0.397732 
separation = 0.344726 
separation = 0.364700 
separation = 0.347723 
separation = 0.463396 
separation = 0.494990 
separation = 0.499919 
separation = 0.486459 
separation = 0.223454 
separation = 0.344726 
separation = 0.284262 
separation = 0.380615 
separation = 0.360195 
separation = 0.310823 
separation = 0.355975 
separation = 0.292463 
separation = 0.172606 
separation = 0.478330 
separation = 0.478330 
separation = 0.380969 
separation = 0.491172 
separation = 0.491573 
separation = 0.475301 
separation = 0.136984 
separation = 0.465564 
separation = 0.473071 
separation = 0.474425 
separation = 0.467000 
separation = 0.441036 
separation = 0.485914 
separation = 0.348705 
separation = 0.380969 
separation = 0.400063 
separation = 0.293570 
separation = 0.358508 
separation = 0.491232 
separation = 0.160899 
separation = 0.494699 
separation = 0.265530 
separation = 0.463235 
separation = 0.276652 
separation = 0.491904 
separation = 0.476142 
separation = 0.456318 
separation = 0.176567 
separation = 0.292838 
separation = 0.483772 
separation = 0.389854 
separation = 0.485914 
separation = 0.387712 
separation = 0.257246 
separation = 0.491573 
separation = 0.467000 
separation = 0.474276 
separation = 0.140441 
separation = 0.410607 
separation = 0.482781 
separation = 0.367959 
separation = 0.474580 
separation = 0.491172 
separation = 0.236824 
separation = 0.150787 
separation = 0.405822 
separation = 0.349506 
separation = 0.486241 
separation = 0.467852 
separation = 0.494699 
separation = 0.467000 
separation = 0.334931 
separation = 0.410607 
separation = 0.405822 
separation = 0.354262 
separation = 0.410607 
separation = 0.405822 
separation = 0.473071 
separation = 0.349948 
separation = 0.257246 
separation = 0.416773 
separation = 0.349948 
separation = 0.293570 
separation = 0.386892 
separation = 0.467000 
separation = 0.136984 
separation = 0.482781 
separation = 0.367959 
separation = 0.349506 
separation = 0.467852 
separation = 0.296029 
separation = 0.174735 
separation = 0.474596 
separation = 0.480846 
separation = 0.353063 
separation = 0.476177 
separation = 0.480846 
separation = 0.492677 
separation = 0.387848 
separation = 0.492680 
separation = 0.404025 
separation = 0.496264 
separation = 0.387848 
separation = 0.421653 
separation = 0.362754 
separation = 0.495561 
separation = 0.479162 
separation = 0.382902 
separation = 0.401774 
separation = 0.305557 
separation = 0.269494 
separation = 0.361942 
separation = 0.362754 
separation = 0.164272 
separation = 0.394476 
separation = 0.164272 
separation = 0.283251 
separation = 0.302288 
separation = 0.283251 
separation = 0.247471 
separation = 0.488809 
separation = 0.302288 
separation = 0.322188 
separation = 0.475308 
separation = 0.464179 
separation = 0.422454 
separation = 0.299584 
separation = 0.390693 
separation = 0.456858 
separation = 0.178901 
separation = 0.299584 
separation = 0.494995 
separation = 0.474949 
separation = 0.472660 
separation = 0.499461 
separation = 0.298514 
separation = 0.496264 
separation = 0.418672 
separation = 0.393301 
separation = 0.371039 
separation = 0.494359 
separation = 0.477699 
separation = 0.262192 
separation = 0.241282 
separation = 0.495561 
separation = 0.421484 
separation = 0.412353 
separation = 0.487030 
separation = 0.370611 
separation = 0.484025 
separation = 0.362754 
separation = 0.339230 
separation = 0.305557 
separation = 0.302288 
separation = 0.499461 
separation = 0.464179 
separation = 0.422454 
separation = 0.474949 
separation = 0.476177 
separation = 0.494359 
separation = 0.418672 
separation = 0.299584 
separation = 0.421484 
separation = 0.358875 
separation = 0.412353 
separation = 0.262192 
separation = 0.418672 
separation = 0.412353 
separation = 0.355645 
separation = 0.302288 
separation = 0.362754 
separation = 0.355645 
separation = 0.484039 
separation = 0.234391 
separation = 0.299584 
separation = 0.322188 
separation = 0.371039 
separation = 0.487030 
separation = 0.370611 
separation = 0.441993 
separation = 0.178348 
separation = 0.475092 
separation = 0.475092 
separation = 0.246657 
separation = 0.498983 
separation = 0.482390 
separation = 0.482390 
separation = 0.364367 
separation = 0.497380 
separation = 0.494071 
separation = 0.470074 
separation = 0.482163 
separation = 0.395095 
separation = 0.481914 
separation = 0.135626 
separation = 0.495920 
separation = 0.169705 
separation = 0.358602 
separation = 0.395095 
separation = 0.272717 
separation = 0.302497 
separation = 0.476071 
separation = 0.143329 
separation = 0.473488 
separation = 0.498983 
separation = 0.275906 
separation = 0.494414 
separation = 0.395700 
separation = 0.303123 
separation = 0.402097 
separation = 0.308729 
separation = 0.421973 
separation = 0.468285 
separation = 0.395893 
separation = 0.462840 
separation = 0.483209 
separation = 0.224798 
separation = 0.418962 
separation = 0.246657 
separation = 0.458695 
separation = 0.182010 
separation = 0.477160 
separation = 0.491775 
separation = 0.373163 
separation = 0.152959 
separation = 0.426301 
separation = 0.343513 
separation = 0.481611 
separation = 0.344763 
separation = 0.271828 
separation = 0.344760 
separation = 0.471171 
separation = 0.426301 
separation = 0.363760 
separation = 0.418962 
separation = 0.498983 
separation = 0.418962 
separation = 0.363760 
separation = 0.426301 
separation = 0.359461 
separation = 0.363760 
separation = 0.359461 
separation = 0.423758 
separation = 0.470074 
separation = 0.302497 
separation = 0.308729 
separation = 0.421973 
separation = 0.386711 
separation = 0.494071 
separation = 0.477160 
separation = 0.135626 
separation = 0.271828 
separation = 0.483209 
separation = 0.491775 
separation = 0.373163 
separation = 0.344763 
separation = 0.471171 
separation = 0.300230 
separation = 0.402762 
separation = 0.254628 
separation = 0.476940 
separation = 0.485582 
separation = 0.402050 
separation = 0.362317 
separation = 0.406289 
separation = 0.312958 
separation = 0.402050 
separation = 0.485153 
separation = 0.329683 
separation = 0.489088 
separation = 0.286888 
separation = 0.365483 
separation = 0.384024 
separation = 0.329683 
separation = 0.174662 
separation = 0.498706 
separation = 0.384533 
separation = 0.300230 
separation = 0.485582 
separation = 0.308023 
separation = 0.461917 
separation = 0.254628 
separation = 0.135546 
separation = 0.316289 
separation = 0.286888 
separation = 0.461262 
separation = 0.185157 
separation = 0.254696 
separation = 0.471840 
separation = 0.471183 
separation = 0.422889 
separation = 0.419693 
separation = 0.316289 
separation = 0.274136 
separation = 0.398229 
separation = 0.479256 
separation = 0.471840 
separation = 0.180412 
separation = 0.434438 
separation = 0.476940 
separation = 0.485754 
separation = 0.139844 
separation = 0.478103 
separation = 0.384533 
separation = 0.496572 
separation = 0.426887 
separation = 0.485863 
separation = 0.477735 
separation = 0.497522 
separation = 0.240654 
separation = 0.349951 
separation = 0.145232 
separation = 0.329683 
separation = 0.375685 
separation = 0.346252 
separation = 0.472028 
separation = 0.316289 
separation = 0.312958 
separation = 0.388069 
separation = 0.471183 
separation = 0.422889 
separation = 0.479256 
separation = 0.434438 
separation = 0.496572 
separation = 0.372340 
separation = 0.139844 
separation = 0.384533 
separation = 0.426887 
separation = 0.485863 
separation = 0.434438 
separation = 0.240654 
separation = 0.489088 
separation = 0.372340 
separation = 0.363079 
separation = 0.426887 
separation = 0.274136 
separation = 0.365483 
separation = 0.485863 
separation = 0.240654 
separation = 0.363079 
separation = 0.497522 
separation = 0.316289 
separation = 0.329683 
separation = 0.375685 
separation = 0.346252 
separation = 0.472028 
separation = 0.384533 
separation = 0.388069 
separation = 0.307209 
separation = 0.262074 
separation = 0.479644 
separation = 0.368372 
separation = 0.290530 
separation = 0.497364 
separation = 0.489046 
separation = 0.408808 
separation = 0.403606 
separation = 0.420579 
separation = 0.331301 
separation = 0.384920 
separation = 0.488131 
separation = 0.408989 
separation = 0.276174 
separation = 0.316547 
separation = 0.178879 
separation = 0.408989 
separation = 0.290530 
separation = 0.312892 
separation = 0.478319 
separation = 0.371325 
separation = 0.391643 
separation = 0.489046 
separation = 0.456678 
separation = 0.262074 
separation = 0.479488 
separation = 0.463990 
separation = 0.188325 
separation = 0.399324 
separation = 0.472472 
separation = 0.342360 
separation = 0.182471 
separation = 0.256695 
separation = 0.479488 
separation = 0.479644 
separation = 0.442262 
separation = 0.490007 
separation = 0.496801 
separation = 0.156071 
separation = 0.398282 
separation = 0.433729 
separation = 0.474010 
separation = 0.141120 
separation = 0.316547 
separation = 0.355241 
separation = 0.497364 
separation = 0.479488 
separation = 0.442262 
separation = 0.378982 
separation = 0.433729 
separation = 0.479488 
separation = 0.378982 
separation = 0.442262 
separation = 0.367082 
separation = 0.433729 
separation = 0.378982 
separation = 0.371325 
separation = 0.367082 
separation = 0.331301 
separation = 0.483850 
separation = 0.248446 
separation = 0.342360 
separation = 0.398282 
separation = 0.141120 
separation = 0.405435 
separation = 0.443057 
separation = 0.293650 
separation = 0.338234 
separation = 0.386847 
separation = 0.414522 
separation = 0.492582 
separation = 0.370866 
separation = 0.417847 
separation = 0.374184 
separation = 0.414522 
separation = 0.491240 
separation = 0.309210 
separation = 0.450839 
separation = 0.183847 
separation = 0.376871 
separation = 0.269999 
separation = 0.492582 
separation = 0.480653 
separation = 0.317909 
separation = 0.341537 
separation = 0.374184 
separation = 0.465010 
separation = 0.191516 
separation = 0.341537 
separation = 0.349008 
separation = 0.259865 
separation = 0.184506 
separation = 0.473132 
separation = 0.321963 
separation = 0.419612 
separation = 0.491240 
separation = 0.482040 
separation = 0.495918 
separation = 0.494366 
separation = 0.406260 
separation = 0.486600 
separation = 0.410780 
separation = 0.176190 
separation = 0.450827 
separation = 0.470183 
separation = 0.142928 
separation = 0.441949 
separation = 0.360627 
separation = 0.279337 
separation = 0.450827 
separation = 0.441949 
separation = 0.387691 
separation = 0.372836 
separation = 0.450827 
separation = 0.441949 
separation = 0.428049 
separation = 0.372836 
separation = 0.480653 
separation = 0.376871 
separation = 0.321963 
separation = 0.419612 
separation = 0.338234 
separation = 0.486600 
separation = 0.495918 
separation = 0.480502 
separation = 0.253192 
separation = 0.349008 
separation = 0.406260 
separation = 0.142928 
separation = 0.311979 
separation = 0.407489 
separation = 0.420128 
separation = 0.382616 
separation = 0.497227 
separation = 0.411635 
separation = 0.382503 
separation = 0.343051 
separation = 0.498122 
separation = 0.280642 
separation = 0.420128 
separation = 0.298261 
separation = 0.497452 
separation = 0.374342 
separation = 0.448410 
separation = 0.295132 
separation = 0.416430 
separation = 0.497227 
separation = 0.393065 
separation = 0.187098 
separation = 0.343051 
separation = 0.374342 
separation = 0.382503 
separation = 0.323318 
separation = 0.274736 
separation = 0.485491 
separation = 0.466933 
separation = 0.193991 
separation = 0.445180 
separation = 0.349142 
separation = 0.327377 
separation = 0.390244 
separation = 0.186455 
separation = 0.409649 
separation = 0.473792 
separation = 0.355619 
separation = 0.487755 
separation = 0.327377 
separation = 0.423217 
separation = 0.458859 
separation = 0.482905 
separation = 0.498121 
separation = 0.261865 
separation = 0.412674 
separation = 0.497452 
separation = 0.430879 
separation = 0.451578 
separation = 0.468414 
separation = 0.382503 
separation = 0.365488 
separation = 0.497452 
separation = 0.343051 
separation = 0.327377 
separation = 0.298261 
separation = 0.487755 
separation = 0.458859 
separation = 0.392339 
separation = 0.451578 
separation = 0.430879 
separation = 0.458859 
separation = 0.378710 
separation = 0.451578 
separation = 0.485491 
separation = 0.382503 
separation = 0.327377 
separation = 0.423217 
separation = 0.477370 
separation = 0.258020 
separation = 0.378710 
separation = 0.355619 
separation = 0.343051 
separation = 0.412674 
separation = 0.497452 
separation = 0.315364 
separation = 0.447423 
separation = 0.352778 
separation = 0.188220 
separation = 0.410372 
separation = 0.388243 
separation = 0.427199 
separation = 0.427199 
separation = 0.379804 
separation = 0.296573 
separation = 0.151179 
separation = 0.489124 
separation = 0.483888 
separation = 0.483888 
separation = 0.190708 
separation = 0.388243 
separation = 0.279527 
separation = 0.329255 
separation = 0.300001 
separation = 0.467426 
separation = 0.283870 
separation = 0.468777 
separation = 0.196512 
separation = 0.418615 
separation = 0.392300 
separation = 0.492752 
separation = 0.279527 
separation = 0.499158 
separation = 0.446298 
separation = 0.493546 
separation = 0.460670 
separation = 0.276333 
separation = 0.337373 
separation = 0.424649 
separation = 0.466718 
separation = 0.399887 
separation = 0.460370 
separation = 0.162586 
separation = 0.370912 
separation = 0.376445 
separation = 0.278718 
separation = 0.353225 
separation = 0.397012 
separation = 0.467426 
separation = 0.460670 
separation = 0.467426 
separation = 0.460670 
separation = 0.384773 
separation = 0.397012 
separation = 0.384773 
separation = 0.434757 
separation = 0.489124 
separation = 0.300001 
separation = 0.492752 
separation = 0.352778 
separation = 0.151179 
separation = 0.337373 
separation = 0.424649 
separation = 0.278718 
separation = 0.376445 
separation = 0.353225 
separation = 0.318084 
separation = 0.396458 
separation = 0.411582 
separation = 0.499927 
separation = 0.413455 
separation = 0.434339 
separation = 0.434339 
separation = 0.358410 
separation = 0.195018 
separation = 0.417231 
separation = 0.357779 
separation = 0.334176 
separation = 0.389224 
separation = 0.441908 
separation = 0.376573 
separation = 0.287043 
separation = 0.463539 
separation = 0.281578 
separation = 0.287732 
separation = 0.475994 
separation = 0.414671 
separation = 0.470251 
separation = 0.199799 
separation = 0.413455 
separation = 0.470251 
separation = 0.396482 
separation = 0.362983 
separation = 0.297692 
separation = 0.268039 
separation = 0.190311 
separation = 0.305034 
separation = 0.469710 
separation = 0.487310 
separation = 0.469191 
separation = 0.199799 
separation = 0.463539 
separation = 0.426385 
separation = 0.495189 
separation = 0.401017 
separation = 0.461463 
separation = 0.471696 
separation = 0.147586 
separation = 0.376573 
separation = 0.375499 
separation = 0.164085 
separation = 0.366188 
separation = 0.358856 
separation = 0.474962 
separation = 0.403898 
separation = 0.390951 
separation = 0.469191 
separation = 0.475994 
separation = 0.475994 
separation = 0.469191 
separation = 0.403898 
separation = 0.390951 
separation = 0.281578 
separation = 0.390951 
separation = 0.389224 
separation = 0.305034 
separation = 0.477398 
separation = 0.263139 
separation = 0.358410 
separation = 0.395940 
separation = 0.362983 
separation = 0.426385 
separation = 0.375499 
separation = 0.358856 
separation = 0.474962 
separation = 0.441618 
separation = 0.418892 
separation = 0.400992 
separation = 0.491475 
separation = 0.158847 
separation = 0.490236 
separation = 0.441618 
separation = 0.447622 
separation = 0.197503 
separation = 0.383838 
separation = 0.310014 
separation = 0.400992 
separation = 0.363103 
separation = 0.339112 
separation = 0.439867 
separation = 0.403269 
separation = 0.291054 
separation = 0.464329 
separation = 0.474410 
separation = 0.148628 
separation = 0.291940 
separation = 0.484429 
separation = 0.473371 
separation = 0.203821 
separation = 0.379227 
separation = 0.289999 
separation = 0.193113 
separation = 0.496166 
separation = 0.488464 
separation = 0.165300 
separation = 0.420910 
separation = 0.478593 
separation = 0.362485 
separation = 0.464158 
separation = 0.490065 
separation = 0.276647 
separation = 0.384030 
separation = 0.348406 
separation = 0.425396 
separation = 0.476686 
separation = 0.484429 
separation = 0.410468 
separation = 0.478593 
separation = 0.484429 
separation = 0.478593 
separation = 0.399623 
separation = 0.399623 
separation = 0.438181 
separation = 0.490236 
separation = 0.310014 
separation = 0.289999 
separation = 0.398433 
separation = 0.490065 
separation = 0.158847 
separation = 0.348406 
separation = 0.425396 
separation = 0.379227 
separation = 0.362485 
separation = 0.476686 
separation = 0.421875 
separation = 0.322135 
separation = 0.447485 
separation = 0.447485 
separation = 0.407337 
separation = 0.412483 
separation = 0.407217 
separation = 0.381526 
separation = 0.316547 
separation = 0.294842 
separation = 0.296010 
separation = 0.492091 
separation = 0.464667 
separation = 0.201205 
separation = 0.438348 
separation = 0.389658 
separation = 0.407337 
separation = 0.344508 
separation = 0.462784 
separation = 0.424195 
separation = 0.492995 
separation = 0.476687 
separation = 0.205900 
separation = 0.421875 
separation = 0.476687 
separation = 0.163962 
separation = 0.166835 
separation = 0.496187 
separation = 0.292390 
separation = 0.193860 
separation = 0.476619 
separation = 0.151132 
separation = 0.489877 
separation = 0.386771 
separation = 0.492234 
separation = 0.375705 
separation = 0.487924 
separation = 0.462784 
separation = 0.205900 
separation = 0.365187 
separation = 0.448779 
separation = 0.389658 
separation = 0.479176 
separation = 0.234532 
separation = 0.279985 
separation = 0.415196 
separation = 0.405928 
separation = 0.487924 
separation = 0.492995 
separation = 0.492995 
separation = 0.405928 
separation = 0.415196 
separation = 0.487924 
separation = 0.492091 
separation = 0.405928 
separation = 0.292390 
separation = 0.442159 
separation = 0.316547 
separation = 0.400216 
separation = 0.381526 
separation = 0.163962 
separation = 0.365187 
separation = 0.479176 
separation = 0.325280 
separation = 0.413641 
separation = 0.297123 
separation = 0.414640 
separation = 0.414027 
separation = 0.402773 
separation = 0.480413 
separation = 0.210119 
separation = 0.386731 
separation = 0.436543 
separation = 0.203767 
separation = 0.372227 
separation = 0.497655 
separation = 0.196788 
separation = 0.300229 
separation = 0.349458 
separation = 0.436543 
separation = 0.493740 
separation = 0.297296 
separation = 0.454872 
separation = 0.495716 
separation = 0.369747 
separation = 0.374125 
separation = 0.196788 
separation = 0.278101 
separation = 0.463256 
separation = 0.463679 
separation = 0.409451 
separation = 0.491386 
separation = 0.322978 
separation = 0.441353 
separation = 0.397332 
separation = 0.168165 
separation = 0.495361 
separation = 0.466396 
separation = 0.165732 
separation = 0.427769 
separation = 0.384771 
separation = 0.454872 
separation = 0.421813 
separation = 0.495716 
separation = 0.427769 
separation = 0.454872 
separation = 0.495716 
separation = 0.493740 
separation = 0.414792 
separation = 0.414792 
separation = 0.386731 
separation = 0.322978 
separation = 0.478917 
separation = 0.276045 
separation = 0.374125 
separation = 0.369747 
separation = 0.441353 
separation = 0.165732 
separation = 0.384771 
separation = 0.327868 
separation = 0.483458 
separation = 0.213083 
separation = 0.419228 
separation = 0.412161 
separation = 0.389798 
separation = 0.469278 
separation = 0.301424 
separation = 0.325699 
separation = 0.496372 
separation = 0.304650 
separation = 0.206726 
separation = 0.437420 
separation = 0.483458 
separation = 0.305229 
separation = 0.206726 
separation = 0.430475 
separation = 0.403077 
separation = 0.355493 
separation = 0.462850 
separation = 0.419228 
separation = 0.364911 
separation = 0.169590 
separation = 0.478686 
separation = 0.153796 
separation = 0.200834 
separation = 0.461679 
separation = 0.213083 
separation = 0.488461 
separation = 0.384429 
separation = 0.239746 
separation = 0.497362 
separation = 0.461679 
separation = 0.493061 
separation = 0.390843 
separation = 0.481862 
separation = 0.387808 
separation = 0.135932 
separation = 0.403077 
separation = 0.394529 
separation = 0.494589 
separation = 0.312702 
separation = 0.356388 
separation = 0.171746 
separation = 0.448516 
separation = 0.433146 
separation = 0.283257 
separation = 0.421881 
separation = 0.426582 
separation = 0.433146 
separation = 0.462850 
separation = 0.462850 
separation = 0.433146 
separation = 0.421881 
separation = 0.304650 
separation = 0.421881 
separation = 0.447272 
separation = 0.497362 
separation = 0.325699 
separation = 0.401745 
separation = 0.494589 
separation = 0.389798 
separation = 0.364911 
separation = 0.481862 
separation = 0.171746 
separation = 0.331494 
separation = 0.486510 
separation = 0.218884 
separation = 0.426691 
separation = 0.415962 
separation = 0.388963 
separation = 0.296909 
separation = 0.377911 
separation = 0.388963 
separation = 0.332044 
separation = 0.407016 
separation = 0.358621 
separation = 0.395523 
separation = 0.309552 
separation = 0.381478 
separation = 0.210778 
separation = 0.303492 
separation = 0.435859 
separation = 0.486654 
separation = 0.389155 
separation = 0.384766 
separation = 0.499777 
separation = 0.360498 
separation = 0.473577 
separation = 0.459895 
separation = 0.412706 
separation = 0.452415 
separation = 0.433844 
separation = 0.285807 
separation = 0.462745 
separation = 0.496624 
separation = 0.423810 
separation = 0.384766 
separation = 0.205239 
separation = 0.499777 
separation = 0.495294 
separation = 0.307243 
separation = 0.174163 
separation = 0.410996 
separation = 0.450628 
separation = 0.441922 
separation = 0.388963 
separation = 0.358621 
separation = 0.384766 
separation = 0.496624 
separation = 0.423810 
separation = 0.473577 
separation = 0.499777 
separation = 0.332044 
separation = 0.431463 
separation = 0.307243 
separation = 0.450628 
separation = 0.441922 
separation = 0.473577 
separation = 0.499777 
separation = 0.431195 
separation = 0.388963 
separation = 0.479363 
separation = 0.284362 
separation = 0.431195 
separation = 0.384766 
separation = 0.377911 
separation = 0.452415 
separation = 0.174163 
separation = 0.334199 
separation = 0.491314 
separation = 0.222591 
separation = 0.432929 
separation = 0.418344 
separation = 0.298091 
separation = 0.397220 
separation = 0.412811 
separation = 0.361610 
separation = 0.397220 
separation = 0.398118 
separation = 0.314687 
separation = 0.214592 
separation = 0.386721 
separation = 0.414647 
separation = 0.435105 
separation = 0.398908 
separation = 0.315225 
separation = 0.463331 
separation = 0.365769 
separation = 0.361610 
separation = 0.425488 
separation = 0.482814 
separation = 0.449525 
separation = 0.409150 
separation = 0.460983 
separation = 0.383983 
separation = 0.425488 
separation = 0.298091 
separation = 0.207396 
separation = 0.458250 
separation = 0.176140 
separation = 0.497213 
separation = 0.289619 
separation = 0.463331 
separation = 0.416878 
separation = 0.446847 
separation = 0.361610 
separation = 0.315225 
separation = 0.463331 
separation = 0.425488 
separation = 0.397220 
separation = 0.176140 
separation = 0.482814 
separation = 0.436276 
separation = 0.446847 
separation = 0.482814 
separation = 0.361610 
separation = 0.425488 
separation = 0.436674 
separation = 0.398908 
separation = 0.480743 
separation = 0.287806 
separation = 0.436674 
separation = 0.397220 
separation = 0.383983 
separation = 0.463331 
separation = 0.179899 
separation = 0.209677 
separation = 0.416339 
separation = 0.308015 
separation = 0.470805 
separation = 0.499239 
separation = 0.492437 
separation = 0.332644 
separation = 0.438467 
separation = 0.482464 
separation = 0.156066 
separation = 0.318898 
separation = 0.441401 
separation = 0.495125 
separation = 0.226323 
separation = 0.495125 
separation = 0.218444 
separation = 0.459356 
separation = 0.422823 
separation = 0.371007 
separation = 0.490889 
separation = 0.176356 
separation = 0.391417 
separation = 0.486536 
separation = 0.137547 
separation = 0.434536 
separation = 0.319856 
separation = 0.226323 
separation = 0.459356 
separation = 0.396786 
separation = 0.245702 
separation = 0.401636 
separation = 0.370052 
separation = 0.429459 
separation = 0.281395 
separation = 0.390371 
separation = 0.399825 
separation = 0.422823 
separation = 0.315162 
separation = 0.357518 
separation = 0.364399 
separation = 0.451666 
separation = 0.452933 
separation = 0.488195 
separation = 0.441107 
separation = 0.443767 
separation = 0.452933 
separation = 0.490889 
separation = 0.490889 
separation = 0.441107 
separation = 0.452933 
separation = 0.443767 
separation = 0.318898 
separation = 0.443767 
separation = 0.457247 
separation = 0.370052 
separation = 0.429459 
separation = 0.332644 
separation = 0.406746 
separation = 0.179899 
separation = 0.391417 
separation = 0.364399 
separation = 0.488195 
separation = 0.338565 
separation = 0.338565 
separation = 0.212522 
separation = 0.486239 
separation = 0.324529 
separation = 0.443221 
separation = 0.419799 
separation = 0.303903 
separation = 0.403218 
separation = 0.408689 
separation = 0.411735 
separation = 0.390632 
separation = 0.403218 
separation = 0.375210 
separation = 0.221118 
separation = 0.231727 
separation = 0.405713 
separation = 0.479723 
separation = 0.375979 
separation = 0.324529 
separation = 0.140352 
separation = 0.433629 
separation = 0.296003 
separation = 0.413143 
separation = 0.390632 
separation = 0.432413 
separation = 0.339251 
separation = 0.456908 
separation = 0.479723 
separation = 0.456908 
separation = 0.182752 
separation = 0.460145 
separation = 0.321779 
separation = 0.444839 
separation = 0.461080 
separation = 0.431078 
separation = 0.481294 
separation = 0.159038 
separation = 0.295558 
separation = 0.462067 
separation = 0.394227 
separation = 0.367487 
separation = 0.491114 
separation = 0.375210 
separation = 0.403218 
separation = 0.408748 
separation = 0.432413 
separation = 0.390632 
separation = 0.447822 
separation = 0.182752 
separation = 0.461080 
separation = 0.479723 
separation = 0.462067 
separation = 0.447822 
separation = 0.481294 
separation = 0.339251 
separation = 0.212522 
separation = 0.447822 
separation = 0.295558 
separation = 0.321779 
separation = 0.481294 
separation = 0.295558 
separation = 0.452872 
separation = 0.394227 
separation = 0.367487 
separation = 0.491114 
separation = 0.403218 
separation = 0.390632 
separation = 0.452872 
separation = 0.413143 
separation = 0.408748 
separation = 0.479723 
separation = 0.344540 
separation = 0.216737 
separation = 0.447990 
separation = 0.422830 
separation = 0.419612 
separation = 0.423554 
separation = 0.414010 
separation = 0.237348 
separation = 0.227178 
separation = 0.414687 
separation = 0.227178 
separation = 0.237348 
separation = 0.437350 
separation = 0.332597 
separation = 0.381391 
separation = 0.310475 
separation = 0.325834 
separation = 0.450821 
separation = 0.298870 
separation = 0.410867 
separation = 0.305355 
separation = 0.429283 
separation = 0.455888 
separation = 0.403315 
separation = 0.456607 
separation = 0.340290 
separation = 0.456607 
separation = 0.491820 
separation = 0.471878 
separation = 0.496561 
separation = 0.181390 
separation = 0.437350 
separation = 0.481585 
separation = 0.162823 
separation = 0.394295 
separation = 0.407641 
separation = 0.466910 
separation = 0.368294 
separation = 0.497068 
separation = 0.457193 
separation = 0.459680 
separation = 0.466910 
separation = 0.466910 
separation = 0.325834 
separation = 0.459680 
separation = 0.459680 
separation = 0.414687 
separation = 0.340290 
separation = 0.483933 
separation = 0.301670 
separation = 0.423554 
separation = 0.417290 
separation = 0.403315 
separation = 0.496561 
separation = 0.394295 
separation = 0.368294 
separation = 0.497068 
separation = 0.347273 
separation = 0.452349 
separation = 0.306073 
separation = 0.416752 
separation = 0.425156 
separation = 0.419463 
separation = 0.431287 
separation = 0.414346 
separation = 0.243301 
separation = 0.346797 
separation = 0.384732 
separation = 0.411507 
separation = 0.231425 
separation = 0.314550 
separation = 0.386048 
separation = 0.428640 
separation = 0.419463 
separation = 0.243301 
separation = 0.337385 
separation = 0.458556 
separation = 0.484628 
separation = 0.387052 
separation = 0.445815 
separation = 0.347273 
separation = 0.306073 
separation = 0.333920 
separation = 0.303466 
separation = 0.409976 
separation = 0.456865 
separation = 0.455612 
separation = 0.432541 
separation = 0.458556 
separation = 0.221077 
separation = 0.346797 
separation = 0.422069 
separation = 0.431287 
separation = 0.465393 
separation = 0.398979 
separation = 0.484527 
separation = 0.445815 
separation = 0.333920 
separation = 0.373213 
separation = 0.477887 
separation = 0.419463 
separation = 0.384732 
separation = 0.432541 
separation = 0.431287 
separation = 0.465393 
separation = 0.470411 
separation = 0.462212 
separation = 0.346797 
separation = 0.477887 
separation = 0.477887 
separation = 0.333920 
separation = 0.462212 
separation = 0.333920 
separation = 0.470411 
separation = 0.431287 
separation = 0.470411 
separation = 0.419463 
separation = 0.484876 
separation = 0.309573 
separation = 0.346797 
separation = 0.409976 
separation = 0.398979 
separation = 0.373213 
separation = 0.352029 
separation = 0.342309 
separation = 0.457271 
separation = 0.427643 
separation = 0.460043 
separation = 0.417806 
separation = 0.310085 
separation = 0.428212 
separation = 0.428581 
separation = 0.234155 
separation = 0.414740 
separation = 0.391384 
separation = 0.234155 
separation = 0.346609 
separation = 0.317852 
separation = 0.462508 
separation = 0.417971 
separation = 0.453887 
separation = 0.248868 
separation = 0.443941 
separation = 0.307326 
separation = 0.424727 
separation = 0.223920 
separation = 0.355266 
separation = 0.185823 
separation = 0.489320 
separation = 0.474122 
separation = 0.400416 
separation = 0.454377 
separation = 0.487132 
separation = 0.160524 
separation = 0.374543 
separation = 0.417454 
separation = 0.486556 
separation = 0.479000 
separation = 0.468942 
separation = 0.486556 
separation = 0.486556 
separation = 0.346609 
separation = 0.479000 
separation = 0.479000 
separation = 0.428581 
separation = 0.487962 
separation = 0.313489 
separation = 0.355266 
separation = 0.422969 
separation = 0.443941 
separation = 0.417806 
separation = 0.400416 
separation = 0.374543 
separation = 0.354855 
separation = 0.461589 
separation = 0.429980 
separation = 0.227522 
separation = 0.427235 
separation = 0.420685 
separation = 0.451663 
separation = 0.418232 
separation = 0.252470 
separation = 0.433933 
separation = 0.240042 
separation = 0.240042 
separation = 0.348294 
separation = 0.396392 
separation = 0.354451 
separation = 0.321890 
separation = 0.468488 
separation = 0.310891 
separation = 0.311938 
separation = 0.427815 
separation = 0.489327 
separation = 0.321757 
separation = 0.453658 
separation = 0.459586 
separation = 0.362387 
separation = 0.477056 
separation = 0.415237 
separation = 0.490472 
separation = 0.187552 
separation = 0.405556 
separation = 0.460973 
separation = 0.490126 
separation = 0.161569 
separation = 0.379910 
separation = 0.452029 
separation = 0.495816 
separation = 0.426895 
separation = 0.187497 
separation = 0.424449 
separation = 0.474156 
separation = 0.495816 
separation = 0.354451 
separation = 0.488768 
separation = 0.488768 
separation = 0.433933 
separation = 0.362387 
separation = 0.451663 
separation = 0.405556 
separation = 0.379910 
separation = 0.187497 
separation = 0.424449 
separation = 0.358307 
separation = 0.466907 
separation = 0.430955 
separation = 0.256712 
separation = 0.396779 
separation = 0.460164 
separation = 0.460164 
separation = 0.311768 
separation = 0.439601 
separation = 0.245967 
separation = 0.429776 
separation = 0.410797 
separation = 0.427611 
separation = 0.362206 
separation = 0.401076 
separation = 0.421454 
separation = 0.354294 
separation = 0.421745 
separation = 0.431102 
separation = 0.316560 
separation = 0.189354 
separation = 0.452721 
separation = 0.311768 
separation = 0.231291 
separation = 0.459326 
separation = 0.192707 
separation = 0.490920 
separation = 0.329526 
separation = 0.410964 
separation = 0.385526 
separation = 0.466976 
separation = 0.431110 
separation = 0.396779 
separation = 0.431102 
separation = 0.460164 
separation = 0.192707 
separation = 0.362206 
separation = 0.479382 
separation = 0.410964 
separation = 0.385526 
separation = 0.497392 
separation = 0.479382 
separation = 0.497392 
separation = 0.439601 
separation = 0.460164 
separation = 0.431110 
separation = 0.360305 
separation = 0.359915 
separation = 0.476796 
separation = 0.419222 
separation = 0.448435 
separation = 0.432960 
separation = 0.474239 
separation = 0.327199 
separation = 0.250319 
separation = 0.315888 
separation = 0.260313 
separation = 0.480203 
separation = 0.385860 
separation = 0.472384 
separation = 0.427730 
separation = 0.448435 
separation = 0.421325 
separation = 0.406077 
separation = 0.359915 
separation = 0.400814 
separation = 0.433005 
separation = 0.419222 
separation = 0.367885 
separation = 0.422315 
separation = 0.318925 
separation = 0.233412 
separation = 0.458877 
separation = 0.452567 
separation = 0.193844 
separation = 0.472876 
separation = 0.453317 
separation = 0.473232 
separation = 0.490271 
separation = 0.335098 
separation = 0.448435 
separation = 0.438310 
separation = 0.367885 
separation = 0.472876 
separation = 0.486232 
separation = 0.486232 
separation = 0.486232 
separation = 0.400814 
separation = 0.433005 
separation = 0.448435 
separation = 0.474239 
separation = 0.193844 
separation = 0.438310 
separation = 0.363628 
separation = 0.477517 
separation = 0.434908 
separation = 0.433001 
separation = 0.264425 
separation = 0.478044 
separation = 0.255093 
separation = 0.459361 
separation = 0.426277 
separation = 0.367888 
separation = 0.255093 
separation = 0.411655 
separation = 0.264425 
separation = 0.479779 
separation = 0.421682 
separation = 0.330504 
separation = 0.366675 
separation = 0.481031 
separation = 0.194709 
separation = 0.480191 
separation = 0.457804 
separation = 0.486995 
separation = 0.457804 
separation = 0.411563 
separation = 0.450742 
separation = 0.235329 
separation = 0.373518 
separation = 0.479779 
separation = 0.493164 
separation = 0.338178 
separation = 0.322825 
separation = 0.424572 
separation = 0.316995 
separation = 0.493574 
separation = 0.160975 
separation = 0.390035 
separation = 0.434952 
separation = 0.435832 
separation = 0.444739 
separation = 0.495802 
separation = 0.366675 
separation = 0.459361 
separation = 0.373518 
separation = 0.480191 
separation = 0.411563 
separation = 0.390035 
separation = 0.444739 
separation = 0.455276 
separation = 0.373165 
separation = 0.203547 
separation = 0.425489 
separation = 0.239882 
separation = 0.481717 
separation = 0.373165 
separation = 0.411493 
separation = 0.437934 
separation = 0.435589 
separation = 0.259575 
separation = 0.460838 
separation = 0.416354 
separation = 0.334474 
separation = 0.481004 
separation = 0.381696 
separation = 0.496675 
separation = 0.162135 
separation = 0.266907 
separation = 0.426648 
separation = 0.196591 
separation = 0.488215 
separation = 0.270754 
separation = 0.486890 
separation = 0.479771 
separation = 0.374307 
separation = 0.441526 
separation = 0.417322 
separation = 0.488716 
separation = 0.261795 
separation = 0.395877 
separation = 0.440308 
separation = 0.411493 
separation = 0.437934 
separation = 0.479015 
separation = 0.374307 
separation = 0.381696 
separation = 0.203547 
separation = 0.417322 
separation = 0.395877 
separation = 0.368655 
separation = 0.381082 
separation = 0.485100 
separation = 0.418233 
separation = 0.437711 
separation = 0.319016 
separation = 0.242467 
separation = 0.428745 
separation = 0.465158 
separation = 0.497003 
separation = 0.351445 
separation = 0.368655 
separation = 0.376975 
separation = 0.499292 
separation = 0.439290 
separation = 0.264316 
separation = 0.275165 
separation = 0.421923 
separation = 0.449480 
separation = 0.154040 
separation = 0.491727 
separation = 0.381082 
separation = 0.421304 
separation = 0.443246 
separation = 0.425654 
separation = 0.449480 
separation = 0.330798 
separation = 0.491727 
separation = 0.206829 
separation = 0.164122 
separation = 0.460271 
separation = 0.198707 
separation = 0.319016 
separation = 0.206829 
separation = 0.421428 
separation = 0.400281 
separation = 0.495312 
separation = 0.452069 
separation = 0.418233 
separation = 0.443246 
separation = 0.491727 
separation = 0.206829 
separation = 0.376975 
separation = 0.421428 
separation = 0.400281 
separation = 0.465158 
separation = 0.491727 
separation = 0.206829 
separation = 0.452069 
separation = 0.373783 
separation = 0.245125 
separation = 0.491464 
separation = 0.322625 
separation = 0.473928 
separation = 0.387271 
separation = 0.419179 
separation = 0.440919 
separation = 0.430344 
separation = 0.337834 
separation = 0.279625 
separation = 0.479116 
separation = 0.383389 
separation = 0.473928 
separation = 0.431375 
separation = 0.269053 
separation = 0.388953 
separation = 0.269053 
separation = 0.427468 
separation = 0.337834 
separation = 0.380375 
separation = 0.494100 
separation = 0.332657 
separation = 0.451428 
separation = 0.424892 
separation = 0.496877 
separation = 0.357064 
separation = 0.459927 
separation = 0.387271 
separation = 0.484476 
separation = 0.441669 
separation = 0.481280 
separation = 0.484822 
separation = 0.202279 
separation = 0.425269 
separation = 0.473928 
separation = 0.402340 
separation = 0.212952 
separation = 0.387271 
separation = 0.459672 
separation = 0.484476 
separation = 0.380375 
separation = 0.473928 
separation = 0.387271 
separation = 0.425269 
separation = 0.402340 
separation = 0.212952 
separation = 0.459672 
separation = 0.376600 
separation = 0.343596 
separation = 0.399932 
separation = 0.484767 
separation = 0.283878 
separation = 0.443189 
separation = 0.479808 
separation = 0.383946 
separation = 0.433447 
separation = 0.324126 
separation = 0.484767 
separation = 0.434115 
separation = 0.434115 
separation = 0.496445 
separation = 0.425799 
separation = 0.419975 
separation = 0.432325 
separation = 0.275069 
separation = 0.394940 
separation = 0.432190 
separation = 0.425698 
separation = 0.446110 
separation = 0.457341 
separation = 0.498149 
separation = 0.460639 
separation = 0.249221 
separation = 0.490203 
separation = 0.449704 
separation = 0.218942 
separation = 0.339249 
separation = 0.362062 
separation = 0.484767 
separation = 0.467270 
separation = 0.399932 
separation = 0.490203 
separation = 0.425698 
separation = 0.446110 
separation = 0.484767 
separation = 0.218942 
separation = 0.467270 
separation = 0.460111 
separation = 0.400339 
separation = 0.226874 
separation = 0.439647 
separation = 0.252616 
separation = 0.445512 
separation = 0.433182 
separation = 0.452078 
separation = 0.346945 
separation = 0.288065 
separation = 0.482870 
separation = 0.406607 
separation = 0.279121 
separation = 0.159821 
separation = 0.437013 
separation = 0.400339 
separation = 0.264750 
separation = 0.206892 
separation = 0.485256 
separation = 0.427236 
separation = 0.481098 
separation = 0.461310 
separation = 0.388914 
separation = 0.456389 
separation = 0.424668 
separation = 0.267876 
separation = 0.411288 
separation = 0.451860 
separation = 0.433182 
separation = 0.452078 
separation = 0.495902 
separation = 0.388914 
separation = 0.406607 
separation = 0.226874 
separation = 0.424668 
separation = 0.411288 
separation = 0.255496 
separation = 0.417751 
separation = 0.436467 
separation = 0.326701 
separation = 0.461268 
separation = 0.442402 
separation = 0.292629 
separation = 0.283818 
separation = 0.381974 
separation = 0.442443 
separation = 0.495978 
separation = 0.408136 
separation = 0.408136 
separation = 0.440275 
separation = 0.457899 
separation = 0.427105 
separation = 0.461605 
separation = 0.346588 
separation = 0.446908 
separation = 0.228898 
separation = 0.445668 
separation = 0.369475 
separation = 0.474650 
separation = 0.255496 
separation = 0.440275 
separation = 0.457899 
separation = 0.495978 
separation = 0.228898 
separation = 0.474650 
separation = 0.384423 
separation = 0.298293 
separation = 0.456903 
separation = 0.447167 
separation = 0.327814 
separation = 0.438789 
separation = 0.426696 
separation = 0.289358 
separation = 0.415720 
separation = 0.289358 
separation = 0.394680 
separation = 0.448197 
separation = 0.350310 
separation = 0.415610 
separation = 0.443287 
separation = 0.348584 
separation = 0.418312 
separation = 0.260439 
separation = 0.448039 
separation = 0.461550 
separation = 0.449857 
separation = 0.485070 
separation = 0.373716 
separation = 0.161039 
separation = 0.209912 
separation = 0.311968 
separation = 0.485755 
separation = 0.430119 
separation = 0.418345 
separation = 0.480527 
separation = 0.394680 
separation = 0.415610 
separation = 0.430119 
separation = 0.418345 
separation = 0.480527 
separation = 0.387635 
separation = 0.264885 
separation = 0.448952 
separation = 0.424689 
separation = 0.450498 
separation = 0.329447 
separation = 0.441951 
separation = 0.421758 
separation = 0.381972 
separation = 0.463774 
separation = 0.354197 
separation = 0.448507 
separation = 0.446719 
separation = 0.295457 
separation = 0.453854 
separation = 0.480462 
separation = 0.384106 
separation = 0.236876 
separation = 0.329447 
separation = 0.428061 
separation = 0.464178 
separation = 0.447361 
separation = 0.421058 
separation = 0.353230 
separation = 0.402470 
separation = 0.303135 
separation = 0.453420 
separation = 0.487224 
separation = 0.450498 
separation = 0.236876 
separation = 0.464178 
separation = 0.424689 
separation = 0.402470 
separation = 0.487224 
separation = 0.390578 
separation = 0.268684 
separation = 0.332990 
separation = 0.451672 
separation = 0.423024 
separation = 0.442395 
separation = 0.433309 
separation = 0.455698 
separation = 0.450022 
separation = 0.453207 
separation = 0.357564 
separation = 0.307524 
separation = 0.458442 
separation = 0.299548 
separation = 0.481939 
separation = 0.385806 
separation = 0.427158 
separation = 0.450022 
separation = 0.357215 
separation = 0.445814 
separation = 0.384411 
separation = 0.430046 
separation = 0.465096 
separation = 0.463737 
separation = 0.238649 
separation = 0.455698 
separation = 0.495046 
separation = 0.433309 
separation = 0.238649 
separation = 0.495046 
separation = 0.393838 
separation = 0.311961 
separation = 0.334352 
separation = 0.453798 
separation = 0.440727 
separation = 0.444737 
separation = 0.423557 
separation = 0.432160 
separation = 0.455514 
separation = 0.462659 
separation = 0.360901 
separation = 0.303658 
separation = 0.457865 
separation = 0.462976 
separation = 0.432556 
separation = 0.483392 
separation = 0.387618 
separation = 0.462659 
separation = 0.469374 
separation = 0.455514 
separation = 0.361194 
separation = 0.466556 
separation = 0.444333 
separation = 0.272620 
separation = 0.386852 
separation = 0.466617 
separation = 0.241206 
separation = 0.462659 
separation = 0.440727 
separation = 0.462659 
separation = 0.469374 
separation = 0.241206 
separation = 0.276692 
separation = 0.455946 
separation = 0.397076 
separation = 0.424083 
separation = 0.447076 
separation = 0.335718 
separation = 0.316446 
separation = 0.307786 
separation = 0.307786 
separation = 0.467456 
separation = 0.437950 
separation = 0.364222 
separation = 0.316446 
separation = 0.413097 
separation = 0.448253 
separation = 0.457336 
separation = 0.434402 
separation = 0.365159 
separation = 0.442910 
separation = 0.468153 
separation = 0.468153 
separation = 0.427652 
separation = 0.487265 
separation = 0.217780 
separation = 0.389279 
separation = 0.483288 
separation = 0.158805 
separation = 0.428360 
separation = 0.472663 
separation = 0.413097 
separation = 0.448253 
separation = 0.427652 
separation = 0.428360 
separation = 0.400433 
separation = 0.443831 
separation = 0.337850 
separation = 0.323577 
separation = 0.426470 
separation = 0.457806 
separation = 0.450050 
separation = 0.457774 
separation = 0.474887 
separation = 0.461747 
separation = 0.367992 
separation = 0.312680 
separation = 0.436486 
separation = 0.443831 
separation = 0.483848 
separation = 0.388764 
separation = 0.246279 
separation = 0.472028 
separation = 0.337850 
separation = 0.369784 
separation = 0.475224 
separation = 0.472952 
separation = 0.420669 
separation = 0.281737 
separation = 0.442232 
separation = 0.397463 
separation = 0.461572 
separation = 0.434736 
separation = 0.435051 
separation = 0.246279 
separation = 0.474887 
separation = 0.246279 
separation = 0.475224 
separation = 0.457774 
separation = 0.420669 
separation = 0.434736 
separation = 0.435051 
separation = 0.246279 
separation = 0.426729 
separation = 0.450499 
separation = 0.341297 
separation = 0.403328 
separation = 0.373706 
separation = 0.328351 
separation = 0.437714 
separation = 0.467608 
separation = 0.317312 
separation = 0.451453 
separation = 0.477092 
separation = 0.464996 
separation = 0.463184 
separation = 0.460592 
separation = 0.439930 
separation = 0.474674 
separation = 0.400739 
separation = 0.285124 
separation = 0.464738 
separation = 0.470049 
separation = 0.254199 
separation = 0.252843 
separation = 0.434657 
separation = 0.463184 
separation = 0.252843 
separation = 0.434657 
separation = 0.472278 
separation = 0.468418 
separation = 0.332959 
separation = 0.256040 
separation = 0.255146 
separation = 0.482819 
separation = 0.480767 
separation = 0.472135 
separation = 0.321477 
separation = 0.440292 
separation = 0.481648 
separation = 0.466593 
separation = 0.372863 
separation = 0.470763 
separation = 0.489300 
separation = 0.456819 
separation = 0.476734 
separation = 0.289503 
separation = 0.223736 
separation = 0.481058 
separation = 0.440163 
separation = 0.426990 
separation = 0.439378 
separation = 0.482819 
separation = 0.480767 
separation = 0.426990 
separation = 0.470763 
separation = 0.256040 
separation = 0.440163 
separation = 0.439378 
separation = 0.406426 
separation = 0.294003 
separation = 0.473835 
separation = 0.471058 
separation = 0.489406 
separation = 0.486592 
separation = 0.337607 
separation = 0.325660 
separation = 0.258238 
separation = 0.325660 
separation = 0.462176 
separation = 0.486140 
separation = 0.337607 
separation = 0.476611 
separation = 0.470318 
separation = 0.375249 
separation = 0.490696 
separation = 0.442980 
separation = 0.478925 
separation = 0.478925 
separation = 0.258367 
separation = 0.445597 
separation = 0.431443 
separation = 0.158689 
separation = 0.224905 
separation = 0.482848 
separation = 0.484660 
separation = 0.444946 
separation = 0.294003 
separation = 0.489406 
separation = 0.486592 
separation = 0.431443 
separation = 0.476611 
separation = 0.258238 
separation = 0.445597 
separation = 0.444946 
separation = 0.410199 
separation = 0.460998 
separation = 0.345915 
separation = 0.485312 
separation = 0.378471 
separation = 0.474441 
separation = 0.343630 
separation = 0.459099 
separation = 0.480977 
separation = 0.389998 
separation = 0.479603 
separation = 0.445383 
separation = 0.331787 
separation = 0.421192 
separation = 0.260448 
separation = 0.468160 
separation = 0.496918 
separation = 0.490628 
separation = 0.343630 
separation = 0.382877 
separation = 0.438440 
separation = 0.301225 
separation = 0.415006 
separation = 0.493487 
separation = 0.483855 
separation = 0.473380 
separation = 0.452046 
separation = 0.450505 
separation = 0.436079 
separation = 0.496918 
separation = 0.260448 
separation = 0.493487 
separation = 0.485312 
separation = 0.452046 
separation = 0.450505 
separation = 0.436079 
separation = 0.413018 
separation = 0.305881 
separation = 0.463871 
separation = 0.258058 
separation = 0.484028 
separation = 0.336122 
separation = 0.350618 
separation = 0.438790 
separation = 0.494928 
separation = 0.476930 
separation = 0.473573 
separation = 0.490889 
separation = 0.477185 
separation = 0.381702 
separation = 0.491971 
separation = 0.262154 
separation = 0.476920 
separation = 0.448158 
separation = 0.486335 
separation = 0.228666 
separation = 0.451903 
separation = 0.482037 
separation = 0.452619 
separation = 0.438790 
separation = 0.490889 
separation = 0.262154 
separation = 0.451903 
separation = 0.452619 
separation = 0.415971 
separation = 0.465275 
separation = 0.355356 
separation = 0.347420 
separation = 0.461770 
separation = 0.340315 
separation = 0.451158 
separation = 0.422205 
separation = 0.488411 
separation = 0.478893 
separation = 0.499032 
separation = 0.499564 
separation = 0.480533 
separation = 0.436004 
separation = 0.421010 
separation = 0.310636 
separation = 0.390318 
separation = 0.488955 
separation = 0.480571 
separation = 0.478698 
separation = 0.263296 
separation = 0.261228 
separation = 0.458849 
separation = 0.499564 
separation = 0.263296 
separation = 0.458849 
separation = 0.418648 
separation = 0.467020 
separation = 0.360129 
separation = 0.349156 
separation = 0.465594 
separation = 0.420478 
separation = 0.344519 
separation = 0.454248 
separation = 0.344519 
separation = 0.484199 
separation = 0.360129 
separation = 0.446231 
separation = 0.385442 
separation = 0.392610 
separation = 0.437103 
separation = 0.427057 
separation = 0.491693 
separation = 0.315486 
separation = 0.491693 
separation = 0.483360 
separation = 0.492574 
separation = 0.231667 
separation = 0.482498 
separation = 0.464313 
separation = 0.160343 
separation = 0.460365 
separation = 0.446231 
separation = 0.464313 
separation = 0.460365 
separation = 0.422207 
separation = 0.351138 
separation = 0.469030 
separation = 0.423256 
separation = 0.468836 
separation = 0.320785 
separation = 0.495587 
separation = 0.349676 
separation = 0.367701 
separation = 0.490240 
separation = 0.485028 
separation = 0.397223 
separation = 0.457419 
separation = 0.436626 
separation = 0.497493 
separation = 0.435224 
separation = 0.486949 
separation = 0.480700 
separation = 0.266598 
separation = 0.260937 
separation = 0.472174 
separation = 0.266598 
separation = 0.472174 
separation = 0.470810 
separation = 0.372542 
separation = 0.424843 
separation = 0.353006 
separation = 0.472623 
separation = 0.422697 
separation = 0.489808 
separation = 0.495506 
separation = 0.456128 
separation = 0.460671 
separation = 0.353006 
separation = 0.353857 
separation = 0.269015 
separation = 0.456128 
separation = 0.372542 
separation = 0.400160 
separation = 0.437725 
separation = 0.439964 
separation = 0.325769 
separation = 0.489808 
separation = 0.495678 
separation = 0.477595 
separation = 0.235362 
separation = 0.484196 
separation = 0.470743 
separation = 0.456128 
separation = 0.269015 
separation = 0.456128 
separation = 0.477595 
separation = 0.470743 
separation = 0.483125 
separation = 0.489050 
separation = 0.329999 
separation = 0.270070 
separation = 0.495380 
separation = 0.391795 
separation = 0.357161 
separation = 0.498698 
separation = 0.380018 
separation = 0.161410 
separation = 0.466976 
separation = 0.261645 
separation = 0.463678 
separation = 0.238956 
separation = 0.484173 
separation = 0.482542 
separation = 0.474172 
separation = 0.466976 
separation = 0.270070 
separation = 0.482542 
separation = 0.474172 
separation = 0.429062 
separation = 0.472307 
separation = 0.359239 
separation = 0.384942 
separation = 0.449142 
separation = 0.475001 
separation = 0.361448 
separation = 0.466997 
separation = 0.394061 
separation = 0.491594 
separation = 0.478997 
separation = 0.392675 
separation = 0.423264 
separation = 0.437351 
separation = 0.407385 
separation = 0.335099 
separation = 0.271667 
separation = 0.271667 
separation = 0.475279 
separation = 0.494306 
separation = 0.432186 
separation = 0.389910 
separation = 0.277064 
separation = 0.365626 
separation = 0.470469 
separation = 0.494306 
separation = 0.474569 
separation = 0.397214 
separation = 0.242434 
separation = 0.262304 
separation = 0.485811 
separation = 0.340245 
separation = 0.162794 
separation = 0.486764 
separation = 0.485559 
separation = 0.482465 
separation = 0.474569 
separation = 0.496657 
separation = 0.277064 
separation = 0.486764 
separation = 0.482465 
separation = 0.437218 
separation = 0.345425 
separation = 0.476444 
separation = 0.493695 
separation = 0.398706 
separation = 0.478750 
separation = 0.245234 
separation = 0.369801 
separation = 0.394918 
separation = 0.369801 
separation = 0.478913 
separation = 0.488556 
separation = 0.485789 
separation = 0.474016 
separation = 0.362299 
separation = 0.433925 
separation = 0.420929 
separation = 0.414603 
separation = 0.166144 
separation = 0.455236 
separation = 0.345425 
separation = 0.478750 
separation = 0.493695 
separation = 0.488556 
separation = 0.479114 
separation = 0.440880 
separation = 0.352491 
separation = 0.278748 
separation = 0.400939 
separation = 0.376935 
separation = 0.485309 
separation = 0.402092 
separation = 0.248391 
separation = 0.263435 
separation = 0.487680 
separation = 0.478298 
separation = 0.167659 
separation = 0.487466 
separation = 0.496760 
separation = 0.485309 
separation = 0.495888 
separation = 0.278748 
separation = 0.496760 
separation = 0.403543 
separation = 0.487968 
separation = 0.250679 
separation = 0.489398 
separation = 0.356553 
separation = 0.171832 
separation = 0.381065 
separation = 0.381065 
separation = 0.406017 
separation = 0.406017 
separation = 0.457222 
separation = 0.280099 
separation = 0.481087 
separation = 0.482001 
separation = 0.159660 
separation = 0.266533 
separation = 0.296235 
separation = 0.394740 
separation = 0.347064 
separation = 0.358958 
separation = 0.488905 
separation = 0.489398 
separation = 0.495556 
separation = 0.280099 
separation = 0.447656 
separation = 0.367622 
separation = 0.418244 
separation = 0.414026 
separation = 0.481340 
separation = 0.485852 
separation = 0.405066 
separation = 0.386343 
separation = 0.485999 
separation = 0.482769 
separation = 0.396320 
separation = 0.494940 
separation = 0.425233 
separation = 0.429756 
separation = 0.361872 
separation = 0.474365 
separation = 0.490475 
separation = 0.281749 
separation = 0.494940 
separation = 0.281749 
separation = 0.483854 
separation = 0.450605 
separation = 0.419160 
separation = 0.369308 
separation = 0.488069 
separation = 0.390665 
separation = 0.418595 
separation = 0.489293 
separation = 0.493667 
separation = 0.365976 
separation = 0.429463 
separation = 0.476319 
separation = 0.428934 
separation = 0.283932 
separation = 0.265518 
separation = 0.490802 
separation = 0.283932 
separation = 0.452816 
separation = 0.424328 
separation = 0.485792 
separation = 0.394752 
separation = 0.493153 
separation = 0.288067 
separation = 0.267086 
separation = 0.409289 
separation = 0.258193 
separation = 0.495949 
separation = 0.371246 
separation = 0.488402 
separation = 0.489456 
separation = 0.288067 
separation = 0.455317 
separation = 0.487471 
separation = 0.414795 
separation = 0.375415 
separation = 0.372083 
separation = 0.493323 
separation = 0.429523 
separation = 0.398830 
separation = 0.429523 
separation = 0.398830 
separation = 0.411612 
separation = 0.260318 
separation = 0.429281 
separation = 0.489205 
separation = 0.497062 
separation = 0.482735 
separation = 0.433474 
separation = 0.174029 
separation = 0.289840 
separation = 0.269088 
separation = 0.488786 
separation = 0.289840 
separation = 0.459032 
separation = 0.437623 
separation = 0.375327 
separation = 0.414139 
separation = 0.489659 
separation = 0.497536 
separation = 0.404154 
separation = 0.380733 
separation = 0.438017 
separation = 0.429324 
separation = 0.292535 
separation = 0.490345 
separation = 0.497904 
separation = 0.268435 
separation = 0.487767 
separation = 0.292535 
separation = 0.461505 
separation = 0.491653 
separation = 0.386068 
separation = 0.377373 
separation = 0.408215 
separation = 0.413435 
separation = 0.442862 
separation = 0.440010 
separation = 0.493617 
separation = 0.430543 
separation = 0.295299 
separation = 0.295299 
separation = 0.464382 
separation = 0.378734 
separation = 0.493669 
separation = 0.414057 
separation = 0.390315 
separation = 0.298910 
separation = 0.417018 
separation = 0.412387 
separation = 0.483091 
separation = 0.401314 
separation = 0.448128 
separation = 0.464382 
separation = 0.378734 
separation = 0.442815 
separation = 0.430457 
separation = 0.495553 
separation = 0.483161 
separation = 0.298910 
separation = 0.483161 
separation = 0.420090 
separation = 0.485181 
separation = 0.403650 
separation = 0.394584 
separation = 0.416525 
separation = 0.453418 
separation = 0.302646 
separation = 0.489276 
separation = 0.420090 
separation = 0.268275 
separation = 0.265741 
separation = 0.486001 
separation = 0.302646 
separation = 0.469914 
separation = 0.458734 
separation = 0.496616 
separation = 0.420630 
separation = 0.424235 
separation = 0.271274 
separation = 0.303052 
separation = 0.413801 
separation = 0.383989 
separation = 0.420630 
separation = 0.271274 
separation = 0.398857 
separation = 0.458734 
separation = 0.490685 
separation = 0.430197 
separation = 0.383989 
separation = 0.484618 
separation = 0.450581 
separation = 0.303052 
separation = 0.484618 
separation = 0.404129 
separation = 0.306577 
separation = 0.471909 
separation = 0.425984 
separation = 0.489784 
separation = 0.466911 
separation = 0.427415 
separation = 0.277400 
separation = 0.266071 
separation = 0.170122 
separation = 0.487802 
separation = 0.306577 
separation = 0.475801 
separation = 0.389732 
separation = 0.498747 
separation = 0.412869 
separation = 0.408412 
separation = 0.430037 
separation = 0.429539 
separation = 0.472268 
separation = 0.307195 
separation = 0.484894 
separation = 0.405086 
separation = 0.389732 
separation = 0.458375 
separation = 0.428388 
separation = 0.307195 
separation = 0.487062 
separation = 0.307195 
separation = 0.487062 
separation = 0.307195 
separation = 0.478606 
separation = 0.392839 
separation = 0.477648 
separation = 0.433959 
separation = 0.414027 
separation = 0.461947 
separation = 0.413778 
separation = 0.477648 
separation = 0.433959 
separation = 0.428557 
separation = 0.314854 
separation = 0.267922 
separation = 0.487517 
separation = 0.314854 
separation = 0.433537 
separation = 0.490312 
separation = 0.485850 
separation = 0.282771 
separation = 0.172920 
separation = 0.439323 
separation = 0.439323 
separation = 0.418982 
separation = 0.317344 
separation = 0.268312 
separation = 0.491079 
separation = 0.487110 
separation = 0.156456 
separation = 0.315258 
separation = 0.408321 
separation = 0.364125 
separation = 0.365322 
separation = 0.486406 
separation = 0.317344 
separation = 0.483269 
separation = 0.396996 
separation = 0.424020 
separation = 0.410292 
separation = 0.467416 
separation = 0.445199 
separation = 0.435279 
separation = 0.491393 
separation = 0.489003 
separation = 0.410154 
separation = 0.428161 
separation = 0.317747 
separation = 0.317747 
separation = 0.486253 
separation = 0.449045 
separation = 0.496820 
separation = 0.398586 
separation = 0.470953 
separation = 0.429366 
separation = 0.410978 
separation = 0.428430 
separation = 0.320540 
separation = 0.268256 
separation = 0.482597 
separation = 0.320540 
separation = 0.488387 
separation = 0.400401 
separation = 0.409841 
separation = 0.472946 
separation = 0.439263 
separation = 0.452972 
separation = 0.322440 
separation = 0.433992 
separation = 0.491285 
separation = 0.413480 
separation = 0.429611 
separation = 0.481636 
separation = 0.322440 
separation = 0.481636 
separation = 0.491116 
separation = 0.401111 
separation = 0.456872 
separation = 0.476464 
separation = 0.413374 
separation = 0.438283 
separation = 0.429938 
separation = 0.326306 
separation = 0.266756 
separation = 0.485060 
separation = 0.326306 
separation = 0.493828 
separation = 0.443594 
separation = 0.479190 
separation = 0.403606 
separation = 0.412681 
separation = 0.460648 
separation = 0.430285 
separation = 0.327572 
separation = 0.266862 
separation = 0.484369 
separation = 0.327572 
separation = 0.328401 
separation = 0.448890 
separation = 0.464403 
separation = 0.444194 
separation = 0.492750 
separation = 0.294335 
separation = 0.171861 
separation = 0.267321 
separation = 0.493779 
separation = 0.325381 
separation = 0.483698 
separation = 0.328401 
separation = 0.498174 
separation = 0.454170 
separation = 0.446214 
separation = 0.297948 
separation = 0.494207 
separation = 0.468138 
separation = 0.468138 
separation = 0.409138 
separation = 0.408545 
separation = 0.431179 
separation = 0.484629 
separation = 0.173864 
separation = 0.411039 
separation = 0.411865 
separation = 0.459176 
separation = 0.432115 
separation = 0.473487 
separation = 0.489028 
separation = 0.449273 
separation = 0.495842 
separation = 0.417960 
separation = 0.327994 
separation = 0.327994 
separation = 0.412513 
separation = 0.464424 
separation = 0.412463 
separation = 0.452222 
separation = 0.492478 
separation = 0.477170 
separation = 0.432613 
separation = 0.498047 
separation = 0.420633 
separation = 0.332734 
separation = 0.332734 
separation = 0.336408 
separation = 0.480831 
separation = 0.330872 
separation = 0.469653 
separation = 0.423312 
separation = 0.157866 
separation = 0.304938 
separation = 0.263044 
separation = 0.381215 
separation = 0.370567 
separation = 0.455163 
separation = 0.173906 
separation = 0.496682 
separation = 0.477005 
separation = 0.336408 
separation = 0.475271 
separation = 0.416998 
separation = 0.410208 
separation = 0.457081 
separation = 0.499899 
separation = 0.484471 
separation = 0.430211 
separation = 0.425339 
separation = 0.337141 
separation = 0.337141 
separation = 0.480454 
separation = 0.430806 
separation = 0.410810 
separation = 0.418555 
separation = 0.488090 
separation = 0.460018 
separation = 0.498173 
separation = 0.176978 
separation = 0.311820 
separation = 0.480454 
separation = 0.340217 
separation = 0.492042 
separation = 0.463011 
separation = 0.486763 
separation = 0.315850 
separation = 0.179654 
separation = 0.261310 
separation = 0.473685 
separation = 0.340217 
separation = 0.465058 
separation = 0.428699 
separation = 0.492943 
separation = 0.496657 
separation = 0.423873 
separation = 0.430557 
separation = 0.410840 
separation = 0.341184 
separation = 0.341184 
separation = 0.467959 
separation = 0.431410 
separation = 0.425787 
separation = 0.431233 
separation = 0.498320 
separation = 0.411384 
separation = 0.344354 
separation = 0.344354 
separation = 0.427357 
separation = 0.411914 
separation = 0.348029 
separation = 0.431916 
separation = 0.468096 
separation = 0.348029 
separation = 0.348029 
separation = 0.468096 
separation = 0.348029 
separation = 0.355697 
separation = 0.428043 
separation = 0.433167 
separation = 0.492463 
separation = 0.433167 
separation = 0.180052 
separation = 0.413985 
separation = 0.469722 
separation = 0.355697 
separation = 0.469722 
separation = 0.324070 
separation = 0.436145 
separation = 0.417790 
separation = 0.471790 
separation = 0.428511 
separation = 0.180173 
separation = 0.494230 
separation = 0.474716 
separation = 0.328251 
separation = 0.182220 
separation = 0.343932 
separation = 0.359631 
separation = 0.493168 
separation = 0.437056 
separation = 0.398674 
separation = 0.376029 
separation = 0.256978 
separation = 0.161058 
separation = 0.473856 
separation = 0.359631 
separation = 0.432970 
separation = 0.418025 
separation = 0.436161 
separation = 0.476786 
separation = 0.361034 
separation = 0.439236 
separation = 0.361034 
separation = 0.473354 
separation = 0.361034 
separation = 0.473354 
separation = 0.361034 
separation = 0.433715 
separation = 0.420149 
separation = 0.479655 
separation = 0.368823 
separation = 0.334763 
separation = 0.257337 
separation = 0.475147 
separation = 0.368823 
separation = 0.437566 
separation = 0.419634 
separation = 0.482544 
separation = 0.435957 
separation = 0.442941 
separation = 0.370532 
separation = 0.370532 
separation = 0.420235 
separation = 0.439222 
separation = 0.485392 
separation = 0.436757 
separation = 0.340658 
separation = 0.182521 
separation = 0.422889 
separation = 0.441967 
separation = 0.488249 
separation = 0.437458 
separation = 0.344988 
separation = 0.185413 
separation = 0.489132 
separation = 0.444721 
separation = 0.425524 
separation = 0.491081 
separation = 0.438848 
separation = 0.447688 
separation = 0.372537 
separation = 0.251059 
separation = 0.472480 
separation = 0.372537 
separation = 0.424523 
separation = 0.447079 
separation = 0.439695 
separation = 0.493894 
separation = 0.186989 
separation = 0.350978 
separation = 0.450084 
separation = 0.427137 
separation = 0.440534 
separation = 0.375258 
separation = 0.375258 
separation = 0.497494 
separation = 0.357027 
separation = 0.190174 
separation = 0.379313 
separation = 0.361308 
separation = 0.485011 
separation = 0.245500 
separation = 0.452509 
separation = 0.417819 
separation = 0.382088 
separation = 0.169851 
separation = 0.469263 
separation = 0.379313 
separation = 0.380522 
separation = 0.499796 
separation = 0.362095 
separation = 0.193876 
separation = 0.245930 
separation = 0.468525 
separation = 0.380522 
separation = 0.455020 
separation = 0.422669 
separation = 0.437559 
separation = 0.381772 
separation = 0.246590 
separation = 0.467825 
separation = 0.381772 
separation = 0.383610 
separation = 0.367735 
separation = 0.246570 
separation = 0.467275 
separation = 0.383610 
separation = 0.460872 
separation = 0.419528 
separation = 0.437712 
separation = 0.384945 
separation = 0.458486 
separation = 0.466663 
separation = 0.384945 
separation = 0.466663 
separation = 0.388343 
separation = 0.198017 
separation = 0.372568 
separation = 0.246789 
separation = 0.470429 
separation = 0.388343 
separation = 0.464528 
separation = 0.420787 
separation = 0.438590 
separation = 0.389818 
separation = 0.461563 
separation = 0.389818 
separation = 0.469720 
separation = 0.389818 
separation = 0.469720 
separation = 0.389818 
separation = 0.465270 
separation = 0.423088 
separation = 0.439627 
separation = 0.397541 
separation = 0.377344 
separation = 0.247658 
separation = 0.471596 
separation = 0.397541 
separation = 0.469401 
separation = 0.422648 
separation = 0.399870 
separation = 0.440835 
separation = 0.440835 
separation = 0.200573 
separation = 0.478389 
separation = 0.174347 
separation = 0.471275 
separation = 0.399870 
separation = 0.471275 
separation = 0.403238 
separation = 0.481280 
separation = 0.383612 
separation = 0.464923 
separation = 0.377107 
separation = 0.246650 
separation = 0.174538 
separation = 0.436957 
separation = 0.391202 
separation = 0.475186 
separation = 0.403238 
separation = 0.404436 
separation = 0.248438 
separation = 0.200129 
separation = 0.388947 
separation = 0.467422 
separation = 0.381087 
separation = 0.484258 
separation = 0.440742 
separation = 0.395335 
separation = 0.176039 
separation = 0.474611 
separation = 0.404436 
separation = 0.469958 
separation = 0.406024 
separation = 0.249109 
separation = 0.474062 
separation = 0.406024 
separation = 0.418877 
separation = 0.475741 
separation = 0.441600 
separation = 0.202880 
separation = 0.395059 
separation = 0.399741 
separation = 0.205918 
separation = 0.407636 
separation = 0.386686 
separation = 0.248021 
separation = 0.481771 
separation = 0.473737 
separation = 0.407636 
separation = 0.409154 
separation = 0.403745 
separation = 0.209132 
separation = 0.390447 
separation = 0.249083 
separation = 0.481150 
separation = 0.473444 
separation = 0.409154 
separation = 0.410520 
separation = 0.407906 
separation = 0.212427 
separation = 0.251172 
separation = 0.472995 
separation = 0.410520 
separation = 0.484810 
separation = 0.412434 
separation = 0.414523 
separation = 0.440567 
separation = 0.477350 
separation = 0.412434 
separation = 0.472759 
separation = 0.412434 
separation = 0.472759 
separation = 0.412434 
separation = 0.485550 
separation = 0.417016 
separation = 0.441818 
separation = 0.419807 
separation = 0.419807 
separation = 0.414150 
separation = 0.417811 
separation = 0.443144 
separation = 0.487133 
separation = 0.216244 
separation = 0.420370 
separation = 0.490498 
separation = 0.444568 
separation = 0.422806 
separation = 0.248674 
separation = 0.473399 
separation = 0.422806 
separation = 0.492770 
separation = 0.419396 
separation = 0.445880 
separation = 0.425198 
separation = 0.249572 
separation = 0.473723 
separation = 0.425198 
separation = 0.496472 
separation = 0.419295 
separation = 0.447179 
separation = 0.427162 
separation = 0.484851 
separation = 0.496472 
separation = 0.473826 
separation = 0.427162 
separation = 0.473826 
separation = 0.430417 
separation = 0.425469 
separation = 0.219648 
separation = 0.249667 
separation = 0.477686 
separation = 0.430417 
separation = 0.420360 
separation = 0.447449 
separation = 0.489381 
separation = 0.433083 
separation = 0.433083 
separation = 0.430315 
separation = 0.448717 
separation = 0.421139 
separation = 0.223182 
separation = 0.436022 
separation = 0.250912 
separation = 0.476220 
separation = 0.436022 
separation = 0.421010 
separation = 0.450237 
separation = 0.493813 
separation = 0.437718 
separation = 0.437718 
separation = 0.421348 
separation = 0.451491 
separation = 0.440919 
separation = 0.440919 
separation = 0.422128 
separation = 0.452775 
separation = 0.444124 
separation = 0.444124 
separation = 0.422907 
separation = 0.447311 
separation = 0.454034 
separation = 0.447311 
separation = 0.471810 
separation = 0.447311 
separation = 0.471810 
separation = 0.447311 
separation = 0.442338 
separation = 0.226752 
separation = 0.499955 
separation = 0.454439 
separation = 0.415080 
separation = 0.472367 
separation = 0.248595 
separation = 0.482359 
separation = 0.414436 
separation = 0.177999 
separation = 0.474204 
separation = 0.454439 
separation = 0.456846 
separation = 0.447578 
separation = 0.249626 
separation = 0.474076 
separation = 0.456846 
separation = 0.420805 
separation = 0.452897 
separation = 0.252118 
separation = 0.460052 
separation = 0.473899 
separation = 0.460052 
separation = 0.420735 
separation = 0.454404 
separation = 0.461802 
separation = 0.251741 
separation = 0.474339 
separation = 0.461802 
separation = 0.420012 
separation = 0.463537 
separation = 0.455714 
separation = 0.455714 
separation = 0.230634 
separation = 0.473302 
separation = 0.180179 
separation = 0.463537 
separation = 0.474906 
separation = 0.463537 
separation = 0.474906 
separation = 0.463537 
separation = 0.422751 
separation = 0.459001 
separation = 0.470866 
separation = 0.252939 
separation = 0.477736 
separation = 0.470866 
separation = 0.421957 
separation = 0.460299 
separation = 0.473153 
separation = 0.478596 
separation = 0.473153 
separation = 0.478596 
separation = 0.425425 
separation = 0.461601 
separation = 0.460669 
separation = 0.476413 
separation = 0.476413 
separation = 0.426692 
separation = 0.462895 
separation = 0.479367 
separation = 0.479367 
separation = 0.482626 
separation = 0.427562 
separation = 0.464169 
separation = 0.464169 
separation = 0.232593 
separation = 0.477386 
separation = 0.480657 
separation = 0.482626 
separation = 0.480657 
separation = 0.431683 
separation = 0.467447 
separation = 0.485811 
separation = 0.485060 
separation = 0.485811 
separation = 0.485060 
separation = 0.488980 
separation = 0.470558 
separation = 0.253463 
separation = 0.489458 
separation = 0.488980 
separation = 0.433610 
separation = 0.467804 
separation = 0.473540 
separation = 0.435805 
separation = 0.478454 
separation = 0.233948 
separation = 0.439804 
separation = 0.480158 
separation = 0.490522 
separation = 0.429281 
separation = 0.179071 
separation = 0.254838 
separation = 0.490069 
separation = 0.490522 
separation = 0.435881 
separation = 0.492601 
separation = 0.468867 
separation = 0.468867 
separation = 0.481587 
separation = 0.236399 
separation = 0.181747 
separation = 0.490736 
separation = 0.492601 
separation = 0.490736 
separation = 0.495754 
separation = 0.486164 
separation = 0.237894 
separation = 0.254689 
separation = 0.494964 
separation = 0.495754 
separation = 0.498392 
separation = 0.489051 
separation = 0.257225 
separation = 0.495628 
separation = 0.498392 
separation = 0.435569 
separation = 0.473002 
separation = 0.473002 
separation = 0.238360 
separation = 0.483499 
separation = 0.496048 
separation = 0.181524 
separation = 0.496048 
separation = 0.438408 
separation = 0.239398 
separation = 0.493479 
separation = 0.447818 
separation = 0.486853 
separation = 0.435379 
separation = 0.258894 
separation = 0.183495 
separation = 0.499129 
separation = 0.438494 
separation = 0.476064 
separation = 0.499782 
separation = 0.499782 
separation = 0.441353 
separation = 0.477405 
separation = 0.258022 
separation = 0.440481 
separation = 0.479745 
separation = 0.242354 
separation = 0.443042 
separation = 0.481522 
separation = 0.455760 
separation = 0.482826 
separation = 0.444666 
separation = 0.257751 
separation = 0.443672 
separation = 0.483513 
separation = 0.259481 
separation = 0.247161 
separation = 0.442683 
separation = 0.484504 
separation = 0.261941 
separation = 0.263017 
separation = 0.250906 
separation = 0.265236 
separation = 0.439138 
separation = 0.485671 
separation = 0.254443 
separation = 0.267692 
separation = 0.439457 
separation = 0.487554 
separation = 0.441705 
separation = 0.488977 
separation = 0.442642 
separation = 0.490275 
separation = 0.259035 
separation = 0.485597 
separation = 0.445169 
separation = 0.492871 
separation = 0.448906 
separation = 0.494164 
separation = 0.449660 
separation = 0.495449 
separation = 0.495449 
separation = 0.262351 
separation = 0.488162 
separation = 0.496108 
separation = 0.452504 
separation = 0.498732 
separation = 0.263476 
separation = 0.455283 
separation = 0.478896 
separation = 0.491347 
separation = 0.457753 
separation = 0.267151 
separation = 0.460135 
separation = 0.271191 
separation = 0.491408 
separation = 0.493033 
separation = 0.197975 
separation = 0.464072 
separation = 0.464972 
separation = 0.465867 
separation = 0.468350 
separation = 0.469273 
separation = 0.274704 
separation = 0.491691 
separation = 0.497991 
separation = 0.471702 
separation = 0.499330 
separation = 0.490110 
separation = 0.278481 
separation = 0.475609 
separation = 0.280206 
separation = 0.498422 
separation = 0.478020 
separation = 0.478891 
separation = 0.284364 
separation = 0.490250 
separation = 0.208050 
separation = 0.482474 
separation = 0.484868 
separation = 0.288593 
separation = 0.489389 
separation = 0.487501 
separation = 0.264870 
separation = 0.487863 
separation = 0.489079 
separation = 0.265636 
separation = 0.293110 
separation = 0.488315 
separation = 0.213085 
separation = 0.488535 
separation = 0.296490 
separation = 0.490144 
separation = 0.218175 
separation = 0.491150 
separation = 0.268037 
separation = 0.299820 
separation = 0.490535 
separation = 0.302892 
separation = 0.492896 
separation = 0.306789 
separation = 0.495255 
separation = 0.497731 
separation = 0.268626 
separation = 0.498142 
separation = 0.313666 
separation = 0.487817 
separation = 0.229222 
separation = 0.316859 
separation = 0.273557 
separation = 0.323045 
separation = 0.275558 
separation = 0.275317 
separation = 0.278301 
separation = 0.279953 
separation = 0.331205 
separation = 0.484671 
separation = 0.237964 
separation = 0.336399 
separation = 0.474979 
separation = 0.288381 
separation = 0.290142 
separation = 0.345066 
separation = 0.483850 
separation = 0.290836 
separation = 0.292671 
separation = 0.348085 
separation = 0.295610 
separation = 0.356551 
separation = 0.298496 
separation = 0.302326 
separation = 0.308346 
separation = 0.366209 
separation = 0.312458 
separation = 0.372302 
separation = 0.483458 
separation = 0.269570 
separation = 0.479650 
separation = 0.316947 
separation = 0.321970 
separation = 0.381085 
separation = 0.385439 
separation = 0.480768 
separation = 0.486824 
separation = 0.280247 
separation = 0.479019 
separation = 0.328017 
separation = 0.393796 
separation = 0.398722 
separation = 0.335320 
separation = 0.335316 
separation = 0.335462 
separation = 0.341356 
separation = 0.413920 
separation = 0.491126 
separation = 0.306647 
separation = 0.466001 
separation = 0.345667 
separation = 0.347857 
separation = 0.425217 
separation = 0.359548 
separation = 0.374578 
separation = 0.443364 
separation = 0.383058 
separation = 0.385805 
separation = 0.388513 
separation = 0.455726 
separation = 0.393081 
separation = 0.396853 
separation = 0.400099 
separation = 0.465571 
separation = 0.467735 
separation = 0.402382 
separation = 0.471471 
separation = 0.402725 
separation = 0.475172 
separation = 0.481133 
separation = 0.405232 
separation = 0.484746 
separation = 0.360143 
separation = 0.460617 
separation = 0.490897 
separation = 0.407751 
separation = 0.411204 
separation = 0.498412 
separation = 0.372837 
separation = 0.460366 
separation = 0.419014 
separation = 0.419374 
separation = 0.422032 
separation = 0.427571 
separation = 0.429699 
separation = 0.432340 
separation = 0.434920 
separation = 0.438287 
separation = 0.444359 
separation = 0.446643 
separation = 0.448901 
separation = 0.454535 
separation = 0.456969 
separation = 0.459800 
separation = 0.420102 
separation = 0.458575 
separation = 0.462694 
separation = 0.465185 
separation = 0.466737 
separation = 0.469256 
separation = 0.471755 
separation = 0.435871 
separation = 0.462755 
separation = 0.476019 
separation = 0.479049 
separation = 0.481556 
separation = 0.483631 
separation = 0.486105 
separation = 0.488545 
separation = 0.490952 
separation = 0.493326 
separation = 0.495532 
separation = 0.497397 
separation = 0.455158 
separation = 0.498596 
separation = 0.496867 
separation = 0.471026 
separation = 0.499027 
separation = 0.494410 
separation = 0.497152 
separation = 0.499377 
relax step 10000
relax step 20000
relax step 30000
relax step 40000
relax step 50000
relax step 60000
relax step 70000
relax step 80000
relax step 0
relax step 10000
relax step 20000
relax step 30000
relax step 40000
relax step 50000
relax step 60000
relax step 70000
relax step 80000
... done relaxing
-----------------------------------------------
 
 
-----------------------------------------------
Equilibrating for 300000 steps...
equilibration step 0
separation = 0.475486 
separation = 0.494680 
separation = 0.452905 
separation = 0.475192 
separation = 0.424903 
separation = 0.408890 
separation = 0.492292 
separation = 0.391505 
separation = 0.436788 
separation = 0.479588 
separation = 0.383871 
separation = 0.411810 
separation = 0.460985 
separation = 0.372719 
separation = 0.383516 
separation = 0.354533 
separation = 0.364085 
separation = 0.341889 
separation = 0.354172 
separation = 0.384548 
separation = 0.360361 
separation = 0.319905 
separation = 0.351034 
separation = 0.311800 
separation = 0.350282 
separation = 0.313482 
separation = 0.354402 
separation = 0.313482 
separation = 0.309754 
separation = 0.309754 
separation = 0.317380 
separation = 0.305663 
separation = 0.305663 
separation = 0.376015 
separation = 0.304972 
separation = 0.304739 
separation = 0.304739 
separation = 0.378536 
separation = 0.299916 
separation = 0.387984 
separation = 0.299916 
separation = 0.387984 
separation = 0.292908 
separation = 0.292908 
separation = 0.299918 
separation = 0.393009 
separation = 0.299918 
separation = 0.393009 
separation = 0.292311 
separation = 0.292311 
separation = 0.294475 
separation = 0.294475 
separation = 0.280493 
separation = 0.280493 
separation = 0.401078 
separation = 0.401078 
separation = 0.297347 
separation = 0.297347 
separation = 0.278692 
separation = 0.278692 
separation = 0.404721 
separation = 0.404721 
separation = 0.298302 
separation = 0.298302 
separation = 0.270531 
separation = 0.413829 
separation = 0.413829 
separation = 0.270531 
separation = 0.307623 
separation = 0.307623 
separation = 0.268262 
separation = 0.417112 
separation = 0.417112 
separation = 0.268262 
separation = 0.317825 
separation = 0.317825 
separation = 0.265212 
separation = 0.424371 
separation = 0.424371 
separation = 0.265212 
separation = 0.331475 
separation = 0.331475 
separation = 0.263404 
separation = 0.428466 
separation = 0.428466 
separation = 0.263404 
separation = 0.339033 
separation = 0.339033 
separation = 0.434036 
separation = 0.261185 
separation = 0.434036 
separation = 0.261185 
separation = 0.344822 
separation = 0.344822 
separation = 0.260195 
separation = 0.437794 
separation = 0.437794 
separation = 0.260195 
separation = 0.358258 
separation = 0.358258 
separation = 0.259180 
separation = 0.444346 
separation = 0.259180 
separation = 0.444346 
separation = 0.372059 
separation = 0.372059 
separation = 0.259754 
separation = 0.450782 
separation = 0.259754 
separation = 0.450782 
separation = 0.390760 
separation = 0.390760 
separation = 0.260367 
separation = 0.460257 
separation = 0.260367 
separation = 0.460257 
separation = 0.263715 
separation = 0.409572 
separation = 0.409572 
separation = 0.263715 
separation = 0.470151 
separation = 0.470151 
separation = 0.435707 
separation = 0.435707 
separation = 0.267629 
separation = 0.483286 
separation = 0.483286 
separation = 0.274403 
separation = 0.461791 
separation = 0.274403 
separation = 0.461791 
separation = 0.492004 
separation = 0.492004 
separation = 0.285017 
separation = 0.494811 
separation = 0.494811 
separation = 0.296095 
separation = 0.296095 
separation = 0.312158 
separation = 0.312158 
separation = 0.327375 
separation = 0.327375 
separation = 0.346353 
separation = 0.346353 
separation = 0.362412 
separation = 0.379704 
separation = 0.379704 
separation = 0.396997 
separation = 0.396997 
separation = 0.415977 
separation = 0.415977 
separation = 0.433534 
separation = 0.433534 
separation = 0.450643 
separation = 0.450643 
separation = 0.465905 
separation = 0.465905 
separation = 0.481227 
separation = 0.493838 
separation = 0.433834 
separation = 0.433834 
separation = 0.427853 
separation = 0.427853 
separation = 0.492744 
separation = 0.492744 
separation = 0.486692 
separation = 0.486692 
separation = 0.479194 
separation = 0.479194 
separation = 0.484263 
separation = 0.484263 
separation = 0.489562 
separation = 0.489562 
separation = 0.497950 
separation = 0.493931 
separation = 0.493931 
separation = 0.440652 
separation = 0.440652 
separation = 0.432357 
separation = 0.415554 
separation = 0.432357 
separation = 0.372221 
separation = 0.459722 
separation = 0.393635 
separation = 0.352942 
separation = 0.430441 
separation = 0.376492 
separation = 0.352942 
separation = 0.430441 
separation = 0.376492 
separation = 0.354543 
separation = 0.354543 
separation = 0.301069 
separation = 0.309274 
separation = 0.251424 
separation = 0.309274 
separation = 0.378354 
separation = 0.280627 
separation = 0.446620 
separation = 0.214452 
separation = 0.286471 
separation = 0.204605 
separation = 0.363937 
separation = 0.286471 
separation = 0.204605 
separation = 0.288318 
separation = 0.432281 
separation = 0.192966 
separation = 0.193199 
separation = 0.414931 
separation = 0.414931 
separation = 0.309699 
separation = 0.323100 
separation = 0.196950 
separation = 0.457649 
separation = 0.419248 
separation = 0.457649 
separation = 0.351231 
separation = 0.197930 
separation = 0.194759 
separation = 0.353431 
separation = 0.468391 
separation = 0.194759 
separation = 0.436893 
separation = 0.207953 
separation = 0.465834 
separation = 0.210792 
separation = 0.449115 
separation = 0.420626 
separation = 0.211290 
separation = 0.459889 
separation = 0.459889 
separation = 0.424896 
separation = 0.211290 
separation = 0.428664 
separation = 0.474740 
separation = 0.213209 
separation = 0.228219 
separation = 0.478683 
separation = 0.457470 
separation = 0.228219 
separation = 0.478683 
separation = 0.234193 
separation = 0.494759 
separation = 0.480126 
separation = 0.480126 
separation = 0.459868 
separation = 0.494759 
separation = 0.234193 
separation = 0.254907 
separation = 0.482943 
separation = 0.488215 
separation = 0.267400 
separation = 0.462211 
separation = 0.470695 
separation = 0.495412 
separation = 0.288116 
separation = 0.298542 
separation = 0.499266 
separation = 0.440035 
separation = 0.327081 
separation = 0.466402 
separation = 0.442892 
separation = 0.436766 
separation = 0.438526 
separation = 0.363287 
separation = 0.438526 
separation = 0.483423 
separation = 0.440186 
separation = 0.440186 
separation = 0.400504 
separation = 0.442630 
separation = 0.410252 
separation = 0.454704 
separation = 0.454757 
separation = 0.435554 
separation = 0.443139 
separation = 0.466359 
separation = 0.473603 
separation = 0.459472 
separation = 0.490980 
separation = 0.464199 
separation = 0.478713 
separation = 0.478713 
separation = 0.480750 
equilibration step 10000
separation = 0.484648 
separation = 0.482066 
separation = 0.467809 
separation = 0.455784 
separation = 0.451326 
separation = 0.447504 
separation = 0.449115 
separation = 0.452611 
separation = 0.460702 
separation = 0.473756 
separation = 0.462530 
separation = 0.472146 
separation = 0.470821 
separation = 0.475973 
separation = 0.471285 
separation = 0.474010 
separation = 0.473833 
separation = 0.476875 
separation = 0.490871 
separation = 0.484956 
separation = 0.488227 
separation = 0.492763 
separation = 0.488328 
separation = 0.494840 
separation = 0.494823 
separation = 0.492458 
separation = 0.478070 
separation = 0.472687 
separation = 0.472050 
separation = 0.475049 
separation = 0.491825 
equilibration step 20000
equilibration step 30000
equilibration step 40000
equilibration step 50000
equilibration step 60000
equilibration step 70000
equilibration step 80000
equilibration step 90000
equilibration step 100000
equilibration step 110000
equilibration step 120000
equilibration step 130000
equilibration step 140000
equilibration step 150000
equilibration step 160000
equilibration step 170000
equilibration step 180000
equilibration step 190000
equilibration step 200000
equilibration step 210000
equilibration step 220000
equilibration step 230000
equilibration step 240000
equilibration step 250000
equilibration step 260000
equilibration step 270000
equilibration step 280000
equilibration step 290000
 
... done equilibrating!
-----------------------------------------------
 
1500
3000
4500
6000
7500
9000
10500
12000
13500
15000
16500
18000
19500
21000
22500
24000
25500
27000
28500
30000
31500
33000
34500
36000
37500
39000
40500
42000
43500
45000
46500
48000
49500
51000
52500
54000
55500
57000
58500
60000
61500
63000
64500
66000
67500
69000
70500
72000
73500
75000
76500
78000
79500
81000
82500
84000
85500
87000
88500
90000
91500
93000
94500
96000
97500
99000
100500
102000
103500
105000
106500
108000
109500
111000
112500
114000
115500
117000
118500
120000
121500
123000
124500
126000
127500
129000
130500
132000
133500
135000
136500
138000
139500
141000
142500
144000
145500
147000
148500
150000
151500
153000
154500
156000
157500
159000
160500
162000
163500
165000
166500
168000
169500
171000
172500
174000
175500
177000
178500
180000
181500
183000
184500
186000
187500
189000
190500
192000
193500
195000
196500
198000
199500
201000
202500
204000
205500
207000
208500
210000
211500
213000
214500
216000
217500
219000
220500
222000
223500
225000
226500
228000
229500
231000
232500
234000
235500
237000
238500
240000
241500
243000
244500
246000
247500
249000
250500
252000
253500
255000
256500
258000
259500
261000
262500
264000
265500
267000
268500
270000
271500
273000
274500
276000
277500
279000
280500
282000
283500
285000
286500
288000
289500
291000
292500
294000
295500
297000
298500
300000
