scsp_3D_capsules_channel
  
hydraulic diameter = 49.0392
umax = 0.03
ks = 0.000269118
nu = 0.00919485
fx = 1.63587e-06
  
Re = 80
Ca = 0.3
  
reference flux = 36.3761
  
nnbins = 26
 
-----------------------------------------------
Relaxing capsules...
relax step 0
relax step 10000
relax step 20000
relax step 30000
relax step 40000
relax step 50000
relax step 60000
relax step 70000
relax step 80000
relax step 0
relax step 10000
relax step 20000
relax step 30000
relax step 40000
relax step 50000
relax step 60000
relax step 70000
relax step 80000
... done relaxing
-----------------------------------------------
 
 
-----------------------------------------------
Equilibrating for 300000 steps...
equilibration step 0
equilibration step 10000
equilibration step 20000
equilibration step 30000
separation = 0.472956 
separation = 0.457062 
separation = 0.439406 
separation = 0.427299 
separation = 0.411667 
separation = 0.390718 
separation = 0.378857 
separation = 0.365915 
separation = 0.360106 
separation = 0.345852 
separation = 0.337807 
separation = 0.330029 
separation = 0.329926 
separation = 0.329150 
separation = 0.328864 
separation = 0.326673 
separation = 0.319453 
separation = 0.314306 
separation = 0.310054 
separation = 0.309760 
separation = 0.308406 
separation = 0.309785 
separation = 0.310264 
separation = 0.315791 
separation = 0.315791 
separation = 0.317605 
separation = 0.323212 
separation = 0.327907 
separation = 0.337553 
separation = 0.337553 
separation = 0.341784 
separation = 0.341784 
separation = 0.347869 
separation = 0.349915 
separation = 0.352722 
separation = 0.353874 
separation = 0.353874 
separation = 0.353138 
separation = 0.368409 
separation = 0.365634 
separation = 0.380616 
separation = 0.382152 
separation = 0.402685 
separation = 0.408233 
separation = 0.432945 
separation = 0.440751 
separation = 0.466274 
separation = 0.480164 
separation = 0.493219 
separation = 0.466560 
separation = 0.432181 
separation = 0.407283 
separation = 0.382426 
separation = 0.382426 
separation = 0.368143 
separation = 0.355982 
separation = 0.346748 
separation = 0.341347 
separation = 0.339429 
separation = 0.337950 
separation = 0.330856 
separation = 0.321540 
separation = 0.314737 
separation = 0.309556 
separation = 0.305177 
separation = 0.305177 
separation = 0.297218 
separation = 0.292236 
separation = 0.284350 
separation = 0.280859 
separation = 0.280859 
separation = 0.274942 
separation = 0.271730 
separation = 0.260448 
separation = 0.260448 
separation = 0.254736 
separation = 0.248931 
separation = 0.248931 
separation = 0.244748 
separation = 0.244748 
separation = 0.242722 
separation = 0.241824 
separation = 0.241824 
separation = 0.240199 
separation = 0.240677 
separation = 0.240677 
separation = 0.240881 
separation = 0.240881 
separation = 0.242267 
separation = 0.242267 
separation = 0.242358 
separation = 0.243934 
separation = 0.243934 
separation = 0.245411 
separation = 0.245981 
separation = 0.245981 
separation = 0.248408 
separation = 0.248408 
separation = 0.249369 
separation = 0.249369 
separation = 0.251142 
separation = 0.251214 
separation = 0.256144 
separation = 0.256144 
separation = 0.258615 
separation = 0.262311 
separation = 0.260770 
separation = 0.267095 
separation = 0.270053 
separation = 0.276863 
separation = 0.282430 
separation = 0.284796 
separation = 0.290042 
separation = 0.293293 
separation = 0.293251 
separation = 0.298747 
separation = 0.487944 
separation = 0.298747 
separation = 0.297326 
separation = 0.305683 
separation = 0.465992 
separation = 0.302413 
separation = 0.308864 
separation = 0.308864 
separation = 0.307218 
separation = 0.316513 
separation = 0.480310 
separation = 0.493608 
separation = 0.314918 
separation = 0.311393 
separation = 0.314244 
separation = 0.312635 
separation = 0.315503 
separation = 0.316769 
separation = 0.322488 
separation = 0.330182 
separation = 0.342636 
separation = 0.496195 
separation = 0.358628 
separation = 0.358628 
separation = 0.373282 
separation = 0.373282 
separation = 0.373282 
separation = 0.373282 
separation = 0.371772 
separation = 0.371772 
separation = 0.371772 
separation = 0.371772 
separation = 0.379788 
separation = 0.379788 
separation = 0.379788 
separation = 0.379788 
separation = 0.381663 
separation = 0.381663 
separation = 0.381663 
separation = 0.381663 
separation = 0.487632 
separation = 0.382824 
separation = 0.382824 
separation = 0.382824 
separation = 0.382824 
separation = 0.390312 
separation = 0.390312 
separation = 0.390312 
separation = 0.390312 
separation = 0.387475 
separation = 0.387475 
separation = 0.387475 
separation = 0.387475 
separation = 0.400904 
separation = 0.400904 
separation = 0.489462 
separation = 0.400904 
separation = 0.400904 
separation = 0.496993 
separation = 0.401442 
separation = 0.401442 
separation = 0.401442 
separation = 0.401442 
separation = 0.419496 
separation = 0.419496 
separation = 0.419496 
separation = 0.419496 
separation = 0.430796 
separation = 0.430796 
separation = 0.430796 
separation = 0.430796 
separation = 0.459140 
separation = 0.459140 
separation = 0.459140 
separation = 0.459140 
separation = 0.479368 
separation = 0.479368 
separation = 0.479368 
separation = 0.479368 
separation = 0.499673 
separation = 0.492164 
separation = 0.452937 
separation = 0.446649 
separation = 0.469670 
separation = 0.472316 
separation = 0.494073 
separation = 0.496592 
separation = 0.499000 
separation = 0.499155 
separation = 0.478343 
separation = 0.460236 
separation = 0.443529 
separation = 0.440650 
separation = 0.438950 
separation = 0.445943 
separation = 0.449728 
separation = 0.451354 
separation = 0.453097 
separation = 0.450555 
separation = 0.450860 
separation = 0.452701 
separation = 0.456592 
separation = 0.461341 
separation = 0.467281 
separation = 0.474235 
separation = 0.483302 
separation = 0.493071 
separation = 0.498636 
separation = 0.498636 
separation = 0.489651 
separation = 0.489651 
separation = 0.487446 
separation = 0.487446 
separation = 0.482943 
separation = 0.482943 
separation = 0.484396 
separation = 0.484396 
separation = 0.484024 
separation = 0.484024 
separation = 0.488511 
separation = 0.488511 
separation = 0.492259 
separation = 0.492259 
separation = 0.499392 
separation = 0.499392 
separation = 0.493550 
separation = 0.483031 
separation = 0.473778 
separation = 0.463793 
separation = 0.447295 
separation = 0.436508 
separation = 0.410510 
separation = 0.399623 
separation = 0.376514 
separation = 0.365354 
separation = 0.365354 
separation = 0.347157 
separation = 0.331359 
separation = 0.327127 
separation = 0.318240 
separation = 0.317512 
separation = 0.317512 
separation = 0.312049 
separation = 0.312049 
separation = 0.312216 
separation = 0.312216 
separation = 0.305340 
separation = 0.306081 
separation = 0.296481 
separation = 0.293769 
separation = 0.285401 
separation = 0.284416 
separation = 0.278076 
separation = 0.277984 
separation = 0.273643 
separation = 0.273643 
separation = 0.273294 
separation = 0.272716 
separation = 0.272716 
separation = 0.270859 
separation = 0.270859 
separation = 0.271382 
separation = 0.271382 
separation = 0.270938 
separation = 0.273644 
separation = 0.273112 
separation = 0.276648 
separation = 0.276648 
separation = 0.276661 
separation = 0.276661 
separation = 0.280139 
separation = 0.280139 
separation = 0.279944 
separation = 0.279944 
separation = 0.282934 
separation = 0.282934 
separation = 0.283212 
separation = 0.283212 
separation = 0.287263 
separation = 0.287263 
separation = 0.289936 
separation = 0.289936 
separation = 0.295505 
separation = 0.295505 
separation = 0.300171 
separation = 0.300171 
separation = 0.307021 
separation = 0.307021 
separation = 0.314374 
separation = 0.314374 
separation = 0.324855 
separation = 0.324855 
separation = 0.334605 
separation = 0.334605 
separation = 0.344456 
separation = 0.344456 
separation = 0.351844 
separation = 0.356384 
separation = 0.356384 
equilibration step 40000
separation = 0.356694 
separation = 0.356694 
separation = 0.354409 
separation = 0.354409 
separation = 0.350024 
separation = 0.350024 
separation = 0.347171 
separation = 0.347171 
separation = 0.340149 
separation = 0.340149 
separation = 0.337682 
separation = 0.337682 
separation = 0.330228 
separation = 0.330228 
separation = 0.328349 
separation = 0.328349 
separation = 0.321993 
separation = 0.321993 
separation = 0.321274 
separation = 0.321274 
separation = 0.316782 
separation = 0.316782 
separation = 0.318376 
separation = 0.318376 
separation = 0.316520 
separation = 0.316520 
separation = 0.318772 
separation = 0.318772 
separation = 0.318213 
separation = 0.318213 
separation = 0.321707 
separation = 0.321707 
separation = 0.322994 
separation = 0.322994 
separation = 0.328108 
separation = 0.328108 
separation = 0.331189 
separation = 0.331189 
separation = 0.337406 
separation = 0.337406 
separation = 0.341841 
separation = 0.341841 
separation = 0.348385 
separation = 0.348385 
separation = 0.351062 
separation = 0.351062 
separation = 0.355095 
separation = 0.355095 
separation = 0.355898 
separation = 0.355898 
separation = 0.357958 
separation = 0.357958 
separation = 0.358532 
separation = 0.358532 
separation = 0.361282 
separation = 0.361282 
separation = 0.362649 
separation = 0.362649 
separation = 0.366252 
separation = 0.366252 
separation = 0.368661 
separation = 0.368661 
separation = 0.373154 
separation = 0.373154 
separation = 0.376209 
separation = 0.376209 
separation = 0.381098 
separation = 0.381098 
separation = 0.384977 
separation = 0.384977 
separation = 0.391206 
separation = 0.391206 
separation = 0.397778 
separation = 0.397778 
separation = 0.407180 
separation = 0.415749 
separation = 0.415749 
separation = 0.425461 
separation = 0.436243 
separation = 0.436243 
separation = 0.446562 
separation = 0.446562 
separation = 0.458969 
separation = 0.458969 
separation = 0.465274 
separation = 0.465274 
separation = 0.478517 
separation = 0.477284 
separation = 0.474204 
separation = 0.479701 
separation = 0.481803 
separation = 0.481803 
separation = 0.492460 
separation = 0.494995 
equilibration step 50000
equilibration step 60000
equilibration step 70000
equilibration step 80000
equilibration step 90000
equilibration step 100000
equilibration step 110000
equilibration step 120000
equilibration step 130000
equilibration step 140000
equilibration step 150000
equilibration step 160000
equilibration step 170000
equilibration step 180000
equilibration step 190000
equilibration step 200000
equilibration step 210000
equilibration step 220000
equilibration step 230000
equilibration step 240000
equilibration step 250000
equilibration step 260000
equilibration step 270000
equilibration step 280000
equilibration step 290000
 
... done equilibrating!
-----------------------------------------------
 
1500
3000
4500
6000
7500
9000
10500
12000
13500
15000
16500
18000
19500
21000
22500
24000
25500
27000
28500
30000
31500
33000
34500
36000
37500
39000
40500
42000
43500
45000
46500
48000
49500
51000
52500
54000
55500
57000
58500
60000
61500
63000
64500
66000
67500
69000
70500
72000
73500
75000
76500
78000
79500
81000
82500
84000
85500
87000
88500
90000
91500
93000
94500
96000
97500
99000
100500
102000
103500
105000
106500
108000
109500
111000
112500
114000
115500
117000
118500
120000
121500
123000
124500
126000
127500
129000
130500
132000
133500
135000
136500
138000
139500
141000
142500
144000
145500
147000
148500
150000
151500
153000
154500
156000
157500
159000
160500
162000
163500
165000
166500
168000
169500
171000
172500
174000
175500
177000
178500
180000
181500
183000
184500
186000
187500
189000
190500
192000
193500
195000
196500
198000
199500
201000
202500
204000
205500
207000
208500
210000
211500
213000
214500
216000
217500
219000
220500
222000
223500
225000
226500
228000
229500
231000
232500
234000
235500
237000
238500
240000
241500
243000
244500
246000
247500
249000
250500
252000
253500
255000
256500
258000
259500
261000
262500
264000
265500
267000
268500
270000
271500
273000
274500
276000
277500
279000
280500
282000
283500
285000
286500
288000
289500
291000
292500
294000
295500
297000
298500
300000
