scsp_3D_capsules_duct_trains
  
H = 9
umax = 0.0111532
ks = 0.00248788
kb = 0.000445219
  
Ca = 0.3
  
reference flux = 11.7893
  
 
-----------------------------------------------
Relaxing capsules...
... done relaxing
-----------------------------------------------
 
 
-----------------------------------------------
Equilibrating for 0 steps...
 
... done equilibrating!
-----------------------------------------------
 
15000
30000
45000
60000
75000
90000
105000
120000
135000
150000
165000
180000
195000
210000
225000
240000
255000
270000
285000
300000
315000
330000
345000
360000
375000
390000
405000
420000
435000
450000
465000
