scsp_3D_capsules_slit_trains
  
H = 10
umax = 0.0166667
ks = 0.00555556
kb = 0.000994197
  
Ca = 0.3
  
reference flux = 88.8889
  
nnbins = 26
 
-----------------------------------------------
Relaxing capsules...
relax step 0
relax step 10000
relax step 20000
relax step 30000
relax step 40000
relax step 50000
relax step 60000
relax step 70000
relax step 80000
relax step 0
relax step 10000
relax step 20000
relax step 30000
relax step 40000
relax step 50000
relax step 60000
relax step 70000
relax step 80000
... done relaxing
-----------------------------------------------
 
 
-----------------------------------------------
Equilibrating for 1000000 steps...
equilibration step 0
equilibration step 10000
equilibration step 20000
equilibration step 30000
equilibration step 40000
equilibration step 50000
equilibration step 60000
equilibration step 70000
equilibration step 80000
equilibration step 90000
equilibration step 100000
equilibration step 110000
equilibration step 120000
equilibration step 130000
equilibration step 140000
equilibration step 150000
equilibration step 160000
equilibration step 170000
equilibration step 180000
equilibration step 190000
equilibration step 200000
equilibration step 210000
equilibration step 220000
equilibration step 230000
equilibration step 240000
equilibration step 250000
equilibration step 260000
equilibration step 270000
equilibration step 280000
equilibration step 290000
equilibration step 300000
equilibration step 310000
equilibration step 320000
equilibration step 330000
equilibration step 340000
equilibration step 350000
equilibration step 360000
equilibration step 370000
equilibration step 380000
equilibration step 390000
equilibration step 400000
equilibration step 410000
equilibration step 420000
equilibration step 430000
equilibration step 440000
equilibration step 450000
equilibration step 460000
equilibration step 470000
equilibration step 480000
equilibration step 490000
equilibration step 500000
equilibration step 510000
equilibration step 520000
equilibration step 530000
equilibration step 540000
equilibration step 550000
equilibration step 560000
equilibration step 570000
equilibration step 580000
equilibration step 590000
equilibration step 600000
equilibration step 610000
equilibration step 620000
equilibration step 630000
equilibration step 640000
equilibration step 650000
equilibration step 660000
equilibration step 670000
equilibration step 680000
equilibration step 690000
equilibration step 700000
equilibration step 710000
equilibration step 720000
equilibration step 730000
equilibration step 740000
equilibration step 750000
equilibration step 760000
equilibration step 770000
equilibration step 780000
equilibration step 790000
equilibration step 800000
equilibration step 810000
equilibration step 820000
equilibration step 830000
equilibration step 840000
equilibration step 850000
equilibration step 860000
equilibration step 870000
equilibration step 880000
equilibration step 890000
equilibration step 900000
equilibration step 910000
equilibration step 920000
equilibration step 930000
equilibration step 940000
equilibration step 950000
equilibration step 960000
equilibration step 970000
equilibration step 980000
equilibration step 990000
 
... done equilibrating!
-----------------------------------------------
 
5000
10000
15000
20000
25000
30000
35000
40000
45000
50000
55000
60000
65000
70000
75000
80000
85000
90000
95000
100000
105000
110000
115000
120000
125000
130000
135000
140000
145000
150000
155000
160000
165000
170000
175000
180000
185000
190000
195000
200000
205000
210000
215000
220000
225000
230000
235000
240000
245000
250000
255000
260000
265000
270000
275000
280000
285000
290000
295000
300000
305000
310000
315000
320000
325000
330000
335000
340000
345000
350000
355000
360000
365000
370000
375000
380000
385000
390000
395000
400000
405000
410000
415000
420000
425000
430000
435000
440000
445000
450000
455000
460000
465000
470000
475000
480000
485000
490000
495000
500000
505000
510000
515000
520000
525000
530000
535000
540000
545000
550000
555000
560000
565000
570000
575000
580000
585000
590000
595000
600000
605000
610000
615000
620000
625000
630000
635000
640000
645000
650000
655000
660000
665000
670000
675000
680000
685000
690000
695000
700000
705000
710000
715000
720000
725000
730000
735000
740000
745000
750000
755000
760000
765000
770000
775000
780000
785000
790000
795000
800000
805000
810000
815000
820000
825000
830000
835000
840000
separation = 0.484356 
separation = 0.484356 
separation = 0.484356 
separation = 0.484356 
separation = 0.382496 
separation = 0.427671 
separation = 0.382496 
separation = 0.427671 
separation = 0.427671 
separation = 0.382496 
separation = 0.382496 
separation = 0.427671 
845000
850000
855000
860000
865000
870000
875000
880000
885000
890000
895000
900000
905000
910000
915000
920000
925000
930000
935000
940000
945000
950000
955000
960000
965000
970000
975000
980000
985000
990000
995000
1000000
