scsp_3D_capsules_duct_trains
  
H = 35.5
umax = 0.00809454
ks = 0.0039313
kb = 0.000703528
  
Ca = 0.1
  
reference flux = 69.6725
  
 
-----------------------------------------------
Relaxing capsules...
... done relaxing
-----------------------------------------------
 
 
-----------------------------------------------
Equilibrating for 0 steps...
 
... done equilibrating!
-----------------------------------------------
 
50000
100000
150000
200000
250000
300000
350000
400000
450000
500000
550000
600000
650000
700000
750000
800000
850000
900000
950000
1000000
