scsp_3D_capsules_duct_trains
  
H = 9
umax = 0.0117845
ks = 0.0277749
kb = 0.00497048
  
Ca = 0.03
  
reference flux = 9.39459
  
 
-----------------------------------------------
Relaxing capsules...
... done relaxing
-----------------------------------------------
 
 
-----------------------------------------------
Equilibrating for 0 steps...
 
... done equilibrating!
-----------------------------------------------
 
10000
20000
30000
40000
50000
60000
70000
80000
90000
100000
110000
120000
130000
140000
150000
160000
170000
180000
slurmstepd: error: *** JOB 588033 ON c2008 CANCELLED AT 2024-12-19T15:11:53 ***
