scsp_3D_capsules_duct_trains
  
H = 9
umax = 0.0111532
ks = 0.0149273
kb = 0.00267132
  
Ca = 0.05
  
reference flux = 11.7893
  
 
-----------------------------------------------
Relaxing capsules...
... done relaxing
-----------------------------------------------
 
 
-----------------------------------------------
Equilibrating for 0 steps...
 
... done equilibrating!
-----------------------------------------------
 
15000
30000
45000
60000
75000
slurmstepd: error: *** JOB 591803 ON c2006 CANCELLED AT 2025-01-01T11:55:34 ***
