scsp_3D_filaments_duct
largest array size = 160000
nBlocks = 313, nThreads = 512
  
Filament kT = 0
Filament ks = 0.05
Filament kb = 0.001
Filament fp = 0
Filament up = 0
 
-----------------------------------------------
Equilibrating for 0 steps...
 
... done equilibrating!
-----------------------------------------------
 
3000
6000
9000
12000
15000
18000
21000
24000
27000
30000
33000
36000
39000
42000
45000
48000
51000
54000
57000
60000
63000
66000
69000
72000
75000
78000
81000
84000
87000
90000
