scsp_3D_capsules_slit
scsp_3D_capsules_slit
scsp_3D_capsules_slit
scsp_3D_capsules_slit
scsp_3D_capsules_slit
scsp_3D_capsules_slit
scsp_3D_capsules_slit
scsp_3D_capsules_slit
scsp_3D_capsules_slit
scsp_3D_capsules_slit
scsp_3D_capsules_slit
scsp_3D_capsules_slit
scsp_3D_capsules_slit
scsp_3D_capsules_slit
scsp_3D_capsules_slit
scsp_3D_capsules_slit
scsp_3D_capsules_slit
scsp_3D_capsules_slit
scsp_3D_capsules_slit
scsp_3D_capsules_slit
scsp_3D_capsules_slit
scsp_3D_capsules_slit
scsp_3D_capsules_slit
scsp_3D_capsules_slit
scsp_3D_capsules_slit
scsp_3D_capsules_slit
scsp_3D_capsules_slit
scsp_3D_capsules_slit
scsp_3D_capsules_slit
scsp_3D_capsules_slit
scsp_3D_capsules_slit
scsp_3D_capsules_slit
  
H = 30.5
umax = 0.03
ks = 0.09
nu = 0.04575
fx = 2.95082e-06
  
Re = 20
Ca = 0.003
  
reference flux = 146.4
  
  
H = 30.5
umax = 0.03
ks = 0.09
nu = 0.04575
fx = 2.95082e-06
  
Re = 20
Ca = 0.003
  
reference flux = 146.4
  
  
H = 30.5
umax = 0.03
ks = 0.09
nu = 0.04575
fx = 2.95082e-06
  
Re = 20
Ca = 0.003
  
reference flux = 146.4
  
  
H = 30.5
umax = 0.03
ks = 0.09
nu = 0.04575
fx = 2.95082e-06
  
Re = 20
Ca = 0.003
  
reference flux = 146.4
  
  
H = 30.5
umax = 0.03
ks = 0.09
nu = 0.04575
fx = 2.95082e-06
  
Re = 20
Ca = 0.003
  
reference flux = 146.4
  
  
H = 30.5
umax = 0.03
ks = 0.09
nu = 0.04575
fx = 2.95082e-06
  
Re = 20
Ca = 0.003
  
reference flux = 146.4
  
  
H = 30.5
umax = 0.03
ks = 0.09
nu = 0.04575
fx = 2.95082e-06
  
Re = 20
Ca = 0.003
  
reference flux = 146.4
  
  
H = 30.5
umax = 0.03
ks = 0.09
nu = 0.04575
fx = 2.95082e-06
  
Re = 20
Ca = 0.003
  
reference flux = 146.4
  
  
H = 30.5
umax = 0.03
ks = 0.09
nu = 0.04575
fx = 2.95082e-06
  
Re = 20
Ca = 0.003
  
reference flux = 146.4
  
  
H = 30.5
umax = 0.03
ks = 0.09
nu = 0.04575
fx = 2.95082e-06
  
Re = 20
Ca = 0.003
  
reference flux = 146.4
  
  
  
  
H = 30.5
umax = 0.03
ks = 0.09
nu = 0.04575
fx = 2.95082e-06
  
H = 30.5
umax = 0.03
ks = 0.09
nu = 0.04575
fx = 2.95082e-06
  
Re = 20
Ca = 0.003
  
reference flux = 146.4
  
H = 30.5
umax = 0.03
ks = 0.09
nu = 0.04575
fx = 2.95082e-06
  
Re = 20
Ca = 0.003
  
reference flux = 146.4
  
Re = 20
Ca = 0.003
  
reference flux = 146.4
  
  
H = 30.5
umax = 0.03
ks = 0.09
nu = 0.04575
fx = 2.95082e-06
  
Re = 20
Ca = 0.003
  
reference flux = 146.4
  
  
H = 30.5
umax = 0.03
ks = 0.09
nu = 0.04575
fx = 2.95082e-06
  
Re = 20
Ca = 0.003
  
reference flux = 146.4
  
  
H = 30.5
umax = 0.03
ks = 0.09
nu = 0.04575
fx = 2.95082e-06
  
Re = 20
Ca = 0.003
  
reference flux = 146.4
  
  
H = 30.5
umax = 0.03
ks = 0.09
nu = 0.04575
fx = 2.95082e-06
  
Re = 20
Ca = 0.003
  
reference flux = 146.4
  
  
  
H = 30.5
umax = 0.03
ks = 0.09
nu = 0.04575
fx = 2.95082e-06
  
Re = 20
Ca = 0.003
  
reference flux = 146.4
  
H = 30.5
umax = 0.03
ks = 0.09
nu = 0.04575
fx = 2.95082e-06
  
Re = 20
Ca = 0.003
  
reference flux = 146.4
  
  
H = 30.5
umax = 0.03
ks = 0.09
nu = 0.04575
fx = 2.95082e-06
  
Re = 20
Ca = 0.003
  
reference flux = 146.4
  
  
H = 30.5
umax = 0.03
ks = 0.09
nu = 0.04575
fx = 2.95082e-06
  
Re = 20
Ca = 0.003
  
reference flux = 146.4
  
  
  
  
H = 30.5
umax = 0.03
ks = 0.09
nu = 0.04575
fx = 2.95082e-06
  
Re = 20
Ca = 0.003
  
reference flux = 146.4
  
H = 30.5
umax = 0.03
ks = 0.09
nu = 0.04575
fx = 2.95082e-06
  
Re = 20
  
H = 30.5
umax = 0.03
ks = 0.09
nu = 0.04575
fx = 2.95082e-06
  
Re = 20
Ca = 0.003
  
reference flux = 146.4
  
  
Ca = 0.003
  
reference flux = 146.4
  
H = 30.5
umax = 0.03
ks = 0.09
nu = 0.04575
fx = 2.95082e-06
  
Re = 20
Ca = 0.003
  
reference flux = 146.4
  
H = 30.5
umax = 0.03
ks = 0.09
nu = 0.04575
fx = 2.95082e-06
  
Re = 20
Ca = 0.003
  
reference flux = 146.4
  
  
H = 30.5
umax = 0.03
ks = 0.09
nu = 0.04575
fx = 2.95082e-06
  
Re = 20
Ca = 0.003
  
reference flux = 146.4
  
  
H = 30.5
umax = 0.03
ks = 0.09
nu = 0.04575
fx = 2.95082e-06
  
Re = 20
Ca = 0.003
  
reference flux = 146.4
  
  
H = 30.5
umax = 0.03
ks = 0.09
nu = 0.04575
fx = 2.95082e-06
  
Re = 20
Ca = 0.003
  
reference flux = 146.4
  
  
H = 30.5
umax = 0.03
ks = 0.09
nu = 0.04575
fx = 2.95082e-06
  
Re = 20
Ca = 0.003
  
reference flux = 146.4
  
  
  
H = 30.5
umax = 0.03
ks = 0.09
nu = 0.04575
fx = 2.95082e-06
  
Re = 20
Ca = 0.003
  
reference flux = 146.4
  
H = 30.5
umax = 0.03
ks = 0.09
nu = 0.04575
fx = 2.95082e-06
  
Re = 20
Ca = 0.003
  
reference flux = 146.4
  
nnbins = 26
nnbins = 26
nnbins = 26
nnbins = 26
nnbins = 26
nnbins = 26
nnbins = 26
nnbins = 26
nnbins = 26
nnbins = 26
nnbins = 26
nnbins = 26
nnbins = 26
nnbins = 26
nnbins = 26
nnbins = 26
nnbins = 26
nnbins = 26
nnbins = 26
nnbins = 26
nnbins = 26
nnbins = 26
nnbins = 26
nnbins = 26
nnbins = 26
nnbins = 26
nnbins = 26
nnbins = 26
nnbins = 26
nnbins = 26
nnbins = 26
nnbins = 26
 
-----------------------------------------------
Relaxing capsules...
relax step 0
 
-----------------------------------------------
Relaxing capsules...
relax step 0
 
-----------------------------------------------
Relaxing capsules...
relax step 0
 
-----------------------------------------------
Relaxing capsules...
relax step 0
 
-----------------------------------------------
Relaxing capsules...
relax step 0
 
-----------------------------------------------
Relaxing capsules...
relax step 0
 
-----------------------------------------------
Relaxing capsules...
relax step 0
 
-----------------------------------------------
Relaxing capsules...
relax step 0
 
-----------------------------------------------
Relaxing capsules...
relax step 0
 
-----------------------------------------------
Relaxing capsules...
relax step 0
 
-----------------------------------------------
Relaxing capsules...
relax step 0
 
-----------------------------------------------
Relaxing capsules...
relax step 0
 
-----------------------------------------------
Relaxing capsules...
relax step 0
 
-----------------------------------------------
Relaxing capsules...
relax step 0
 
-----------------------------------------------
Relaxing capsules...
relax step 0
 
-----------------------------------------------
Relaxing capsules...
relax step 0
 
-----------------------------------------------
Relaxing capsules...
relax step 0
 
-----------------------------------------------
Relaxing capsules...
relax step 0
 
-----------------------------------------------
Relaxing capsules...
relax step 0
 
-----------------------------------------------
Relaxing capsules...
relax step 0
 
-----------------------------------------------
Relaxing capsules...
relax step 0
 
-----------------------------------------------
Relaxing capsules...
relax step 0
 
-----------------------------------------------
Relaxing capsules...
relax step 0
 
-----------------------------------------------
Relaxing capsules...
relax step 0
 
-----------------------------------------------
Relaxing capsules...
relax step 0
 
-----------------------------------------------
Relaxing capsules...
relax step 0
 
-----------------------------------------------
Relaxing capsules...
 
-----------------------------------------------
Relaxing capsules...
relax step 0
relax step 0
 
-----------------------------------------------
Relaxing capsules...
 
-----------------------------------------------
Relaxing capsules...
relax step 0
relax step 0
 
-----------------------------------------------
Relaxing capsules...
relax step 0
 
-----------------------------------------------
Relaxing capsules...
relax step 0
relax step 10000
relax step 10000
relax step 10000
relax step 10000
relax step 10000
relax step 10000
relax step 10000
relax step 10000
relax step 10000
relax step 10000
relax step 10000
relax step 10000
relax step 10000
relax step 10000
relax step 10000
relax step 10000
relax step 10000
relax step 10000
relax step 10000
relax step 10000
relax step 10000
relax step 10000
relax step 10000
relax step 10000
relax step 10000
relax step 10000
relax step 10000
relax step 10000
relax step 10000
relax step 10000
relax step 10000
relax step 10000
relax step 20000
relax step 20000
relax step 20000
relax step 20000
relax step 20000
relax step 20000
relax step 20000
relax step 20000
relax step 20000
relax step 20000
relax step 20000
relax step 20000
relax step 20000
relax step 20000
relax step 20000
relax step 20000
relax step 20000
relax step 20000
relax step 20000
relax step 20000
relax step 20000
relax step 20000
relax step 20000
relax step 20000
relax step 20000
relax step 20000
relax step 20000
relax step 20000
relax step 20000
relax step 20000
relax step 20000
relax step 20000
srun: Job step aborted: Waiting up to 32 seconds for job step to finish.
srun: got SIGCONT
slurmstepd: error: *** JOB 1188859 ON c1615 CANCELLED AT 2022-05-18T12:30:52 ***
srun: forcing job termination
slurmstepd: error: *** STEP 1188859.0 ON c1615 CANCELLED AT 2022-05-18T12:30:52 ***
srun: error: c1615: tasks 1-2,4-5: Terminated
srun: error: c1615: tasks 16,18,31: Terminated
srun: error: c1615: tasks 0,6,24,26: Terminated
srun: error: c1615: tasks 3,7-8,10: Terminated
srun: error: c1615: tasks 9,11-13: Terminated
srun: error: c1615: tasks 14-15,19,21: Terminated
srun: error: c1615: tasks 17,20,23,27: Terminated
srun: error: c1615: tasks 22,28-30: Terminated
srun: error: c1615: task 25: Terminated
