scsp_3D_capsules_channel
  
hydraulic diameter = 73.0395
umax = 0.03
ks = 7.22368e-05
nu = 0.00547796
fx = 4.39616e-07
  
Re = 200
Ca = 0.3
  
reference flux = 80.801
  
nnbins = 26
 
-----------------------------------------------
Relaxing capsules...
relax step 0
relax step 10000
relax step 20000
relax step 30000
relax step 40000
relax step 50000
relax step 60000
relax step 70000
relax step 80000
relax step 0
relax step 10000
relax step 20000
relax step 30000
relax step 40000
relax step 50000
relax step 60000
relax step 70000
relax step 80000
... done relaxing
-----------------------------------------------
 
 
-----------------------------------------------
Equilibrating for 500000 steps...
equilibration step 0
equilibration step 10000
equilibration step 20000
equilibration step 30000
equilibration step 40000
equilibration step 50000
equilibration step 60000
equilibration step 70000
equilibration step 80000
equilibration step 90000
equilibration step 100000
equilibration step 110000
equilibration step 120000
equilibration step 130000
equilibration step 140000
separation = 0.495872 
separation = 0.483390 
separation = 0.481225 
separation = 0.477621 
separation = 0.482898 
separation = 0.489265 
separation = 0.483458 
separation = 0.454528 
separation = 0.420208 
separation = 0.395895 
separation = 0.372474 
separation = 0.351576 
separation = 0.333877 
separation = 0.321686 
separation = 0.312024 
separation = 0.312024 
separation = 0.305064 
separation = 0.305064 
separation = 0.301714 
separation = 0.301714 
separation = 0.299549 
separation = 0.299549 
separation = 0.301814 
separation = 0.301814 
separation = 0.301814 
separation = 0.304531 
separation = 0.304531 
separation = 0.311092 
separation = 0.311092 
separation = 0.311092 
separation = 0.317685 
separation = 0.317685 
separation = 0.317685 
separation = 0.327048 
separation = 0.327048 
separation = 0.327048 
separation = 0.336797 
separation = 0.336797 
separation = 0.336797 
separation = 0.349489 
separation = 0.349489 
separation = 0.349489 
separation = 0.363284 
separation = 0.363284 
separation = 0.363284 
separation = 0.380022 
separation = 0.380022 
separation = 0.380022 
separation = 0.397871 
separation = 0.397871 
separation = 0.397871 
separation = 0.417893 
separation = 0.417893 
separation = 0.417893 
separation = 0.439095 
separation = 0.439095 
separation = 0.439095 
separation = 0.462909 
separation = 0.462909 
separation = 0.462909 
separation = 0.488544 
separation = 0.488544 
separation = 0.488544 
separation = 0.499443 
separation = 0.465498 
separation = 0.435442 
separation = 0.404920 
separation = 0.379019 
separation = 0.352782 
separation = 0.331456 
separation = 0.311203 
separation = 0.294176 
separation = 0.279668 
separation = 0.269028 
separation = 0.259420 
separation = 0.253592 
separation = 0.248373 
separation = 0.247669 
separation = 0.246972 
separation = 0.251322 
separation = 0.254477 
separation = 0.258872 
separation = 0.262271 
separation = 0.263019 
separation = 0.266114 
separation = 0.269141 
separation = 0.273896 
separation = 0.278485 
separation = 0.285657 
separation = 0.291763 
separation = 0.299893 
separation = 0.307521 
separation = 0.316378 
separation = 0.325177 
separation = 0.334111 
separation = 0.343061 
separation = 0.350625 
separation = 0.357072 
separation = 0.361757 
separation = 0.368328 
separation = 0.368328 
separation = 0.373718 
separation = 0.382925 
separation = 0.389586 
separation = 0.401772 
separation = 0.401772 
separation = 0.413775 
separation = 0.413775 
separation = 0.432642 
separation = 0.432642 
separation = 0.451634 
separation = 0.451634 
separation = 0.469688 
separation = 0.469688 
separation = 0.489406 
separation = 0.489406 
separation = 0.475297 
separation = 0.498954 
separation = 0.498954 
separation = 0.464519 
separation = 0.490684 
separation = 0.448880 
separation = 0.476507 
separation = 0.444120 
separation = 0.459552 
separation = 0.437148 
separation = 0.451730 
separation = 0.438182 
separation = 0.440653 
separation = 0.436730 
separation = 0.491080 
separation = 0.433392 
separation = 0.491080 
separation = 0.432962 
separation = 0.488873 
separation = 0.428046 
separation = 0.488873 
separation = 0.432621 
separation = 0.464398 
separation = 0.429892 
separation = 0.464398 
separation = 0.427782 
separation = 0.450608 
separation = 0.434063 
separation = 0.450608 
separation = 0.424760 
separation = 0.435195 
separation = 0.442075 
separation = 0.435195 
separation = 0.415763 
separation = 0.455111 
separation = 0.431812 
separation = 0.451684 
separation = 0.431812 
separation = 0.455111 
separation = 0.421904 
separation = 0.455111 
separation = 0.430450 
separation = 0.430101 
separation = 0.430101 
separation = 0.464168 
separation = 0.435536 
separation = 0.430450 
separation = 0.464168 
separation = 0.435536 
separation = 0.438770 
separation = 0.469136 
separation = 0.420593 
separation = 0.438770 
separation = 0.469136 
separation = 0.458952 
separation = 0.496504 
separation = 0.413937 
separation = 0.413937 
separation = 0.452923 
separation = 0.452923 
separation = 0.480587 
separation = 0.467071 
separation = 0.495178 
separation = 0.419279 
separation = 0.467071 
separation = 0.419279 
separation = 0.491987 
separation = 0.495178 
separation = 0.491987 
separation = 0.479882 
separation = 0.431638 
separation = 0.431638 
separation = 0.485402 
separation = 0.479882 
separation = 0.485402 
separation = 0.435556 
separation = 0.450944 
separation = 0.450944 
separation = 0.484310 
separation = 0.435556 
separation = 0.484310 
separation = 0.411113 
separation = 0.472718 
separation = 0.476173 
separation = 0.472718 
separation = 0.411113 
separation = 0.476173 
separation = 0.499398 
separation = 0.382614 
separation = 0.459669 
separation = 0.499398 
separation = 0.499398 
separation = 0.382614 
separation = 0.454157 
separation = 0.375789 
separation = 0.375789 
separation = 0.355800 
separation = 0.454818 
separation = 0.355800 
separation = 0.320045 
separation = 0.458527 
separation = 0.320045 
separation = 0.495790 
separation = 0.462756 
separation = 0.305379 
separation = 0.305379 
separation = 0.495790 
separation = 0.288825 
separation = 0.470247 
separation = 0.288825 
separation = 0.487130 
separation = 0.487130 
separation = 0.288825 
separation = 0.275563 
separation = 0.481091 
separation = 0.275563 
separation = 0.471316 
separation = 0.275563 
separation = 0.465200 
separation = 0.276864 
separation = 0.495490 
separation = 0.276864 
separation = 0.465200 
separation = 0.278839 
separation = 0.448786 
separation = 0.278839 
separation = 0.441473 
separation = 0.441473 
separation = 0.270758 
separation = 0.441473 
separation = 0.441473 
separation = 0.252811 
separation = 0.421267 
separation = 0.421267 
separation = 0.252811 
separation = 0.421267 
separation = 0.422290 
separation = 0.248302 
separation = 0.248302 
separation = 0.248302 
separation = 0.422290 
separation = 0.409518 
separation = 0.243047 
separation = 0.243047 
separation = 0.409518 
separation = 0.247711 
separation = 0.409896 
separation = 0.247711 
separation = 0.247711 
separation = 0.409896 
separation = 0.405853 
separation = 0.247028 
separation = 0.247028 
separation = 0.247028 
separation = 0.405853 
separation = 0.416148 
separation = 0.263273 
separation = 0.416148 
separation = 0.420665 
separation = 0.266579 
separation = 0.266579 
separation = 0.420665 
separation = 0.410925 
separation = 0.270863 
separation = 0.410925 
separation = 0.410925 
separation = 0.410925 
separation = 0.388268 
separation = 0.242192 
separation = 0.388268 
separation = 0.212425 
separation = 0.380432 
separation = 0.380432 
separation = 0.364927 
separation = 0.195641 
separation = 0.364927 
separation = 0.366324 
separation = 0.366324 
separation = 0.181470 
separation = 0.366324 
separation = 0.170455 
separation = 0.365693 
separation = 0.365693 
separation = 0.359153 
separation = 0.161103 
separation = 0.153126 
separation = 0.346247 
separation = 0.448236 
separation = 0.145258 
separation = 0.338748 
separation = 0.418959 
separation = 0.138585 
separation = 0.340252 
separation = 0.396328 
separation = 0.131910 
separation = 0.373224 
separation = 0.126734 
separation = 0.339199 
separation = 0.356667 
separation = 0.123727 
separation = 0.332546 
separation = 0.345479 
separation = 0.123191 
separation = 0.308024 
separation = 0.342018 
separation = 0.121093 
separation = 0.295004 
separation = 0.341829 
separation = 0.111746 
separation = 0.283415 
separation = 0.335037 
separation = 0.104889 
separation = 0.279013 
separation = 0.322670 
separation = 0.271767 
separation = 0.098293 
separation = 0.311303 
separation = 0.493602 
separation = 0.093723 
separation = 0.493602 
separation = 0.268508 
separation = 0.307376 
separation = 0.493602 
separation = 0.089717 
separation = 0.484255 
separation = 0.261288 
separation = 0.305181 
separation = 0.484255 
separation = 0.087867 
separation = 0.257017 
separation = 0.310389 
separation = 0.481202 
separation = 0.481202 
separation = 0.086681 
separation = 0.251790 
separation = 0.317310 
separation = 0.486628 
separation = 0.486628 
separation = 0.088311 
separation = 0.249320 
separation = 0.332682 
separation = 0.490656 
separation = 0.490656 
separation = 0.089704 
separation = 0.247630 
separation = 0.348192 
separation = 0.481711 
separation = 0.481711 
separation = 0.091263 
separation = 0.245132 
separation = 0.480329 
separation = 0.480329 
separation = 0.093803 
separation = 0.247790 
separation = 0.470604 
separation = 0.470604 
separation = 0.096035 
separation = 0.249041 
separation = 0.403583 
separation = 0.472302 
separation = 0.472302 
separation = 0.099296 
separation = 0.252915 
separation = 0.425176 
separation = 0.465818 
separation = 0.465818 
separation = 0.254570 
separation = 0.103631 
separation = 0.466954 
separation = 0.466954 
separation = 0.258487 
separation = 0.109003 
separation = 0.479279 
separation = 0.469665 
separation = 0.469665 
separation = 0.113112 
separation = 0.261607 
separation = 0.477889 
separation = 0.477889 
separation = 0.120645 
separation = 0.266736 
separation = 0.493948 
separation = 0.493948 
separation = 0.128358 
separation = 0.271773 
separation = 0.490755 
separation = 0.138663 
separation = 0.278491 
separation = 0.285556 
separation = 0.150424 
separation = 0.471416 
separation = 0.453916 
separation = 0.161076 
separation = 0.293646 
separation = 0.419495 
separation = 0.173511 
separation = 0.302129 
separation = 0.477289 
separation = 0.374553 
separation = 0.184151 
separation = 0.310131 
separation = 0.318165 
separation = 0.196289 
separation = 0.325341 
separation = 0.379248 
separation = 0.206201 
separation = 0.325702 
separation = 0.469416 
separation = 0.315353 
separation = 0.336437 
separation = 0.218036 
separation = 0.335910 
separation = 0.422886 
separation = 0.314157 
separation = 0.348115 
separation = 0.227669 
separation = 0.404272 
separation = 0.320707 
separation = 0.269631 
separation = 0.326127 
separation = 0.238383 
separation = 0.395867 
separation = 0.246907 
separation = 0.364699 
separation = 0.479321 
separation = 0.364699 
separation = 0.335224 
separation = 0.247233 
separation = 0.402093 
separation = 0.239871 
separation = 0.386756 
separation = 0.463249 
separation = 0.386756 
separation = 0.238216 
separation = 0.452511 
separation = 0.349693 
separation = 0.257450 
separation = 0.411389 
separation = 0.402038 
separation = 0.411389 
separation = 0.265315 
separation = 0.370722 
separation = 0.388780 
separation = 0.434708 
separation = 0.434708 
separation = 0.399962 
separation = 0.274313 
separation = 0.371989 
separation = 0.255802 
separation = 0.449922 
separation = 0.431684 
separation = 0.431684 
separation = 0.280910 
separation = 0.280910 
separation = 0.431390 
separation = 0.346531 
separation = 0.270647 
separation = 0.416989 
separation = 0.439875 
separation = 0.416989 
separation = 0.289073 
separation = 0.289073 
separation = 0.463668 
separation = 0.286551 
separation = 0.323434 
separation = 0.400643 
separation = 0.427361 
separation = 0.400643 
separation = 0.294973 
separation = 0.294973 
separation = 0.496815 
separation = 0.302728 
separation = 0.301461 
separation = 0.390425 
separation = 0.423074 
separation = 0.390425 
separation = 0.301163 
separation = 0.301163 
separation = 0.384283 
separation = 0.283783 
separation = 0.320524 
separation = 0.419794 
separation = 0.378205 
separation = 0.269705 
separation = 0.424378 
separation = 0.347335 
separation = 0.307575 
separation = 0.307575 
separation = 0.369492 
separation = 0.253443 
separation = 0.430583 
separation = 0.378381 
separation = 0.312805 
separation = 0.312805 
separation = 0.373506 
separation = 0.240661 
separation = 0.444308 
separation = 0.422194 
separation = 0.316362 
separation = 0.316362 
separation = 0.312440 
separation = 0.312440 
separation = 0.376436 
separation = 0.227776 
separation = 0.468524 
separation = 0.459450 
separation = 0.219541 
separation = 0.486328 
separation = 0.389805 
separation = 0.310572 
separation = 0.389805 
separation = 0.310572 
separation = 0.212197 
separation = 0.404502 
separation = 0.298961 
separation = 0.298961 
separation = 0.404502 
separation = 0.289061 
separation = 0.289061 
separation = 0.210620 
separation = 0.430823 
separation = 0.430823 
separation = 0.275396 
separation = 0.275396 
separation = 0.206611 
separation = 0.456181 
separation = 0.456181 
separation = 0.211554 
separation = 0.489729 
separation = 0.267878 
separation = 0.267878 
separation = 0.489729 
separation = 0.212969 
separation = 0.260208 
separation = 0.260208 
separation = 0.220095 
separation = 0.256615 
separation = 0.256615 
separation = 0.221052 
separation = 0.252284 
separation = 0.252284 
separation = 0.223638 
separation = 0.250389 
separation = 0.250389 
separation = 0.221516 
separation = 0.246532 
separation = 0.246532 
separation = 0.223080 
separation = 0.242317 
separation = 0.242317 
separation = 0.221587 
separation = 0.235136 
separation = 0.235136 
separation = 0.226551 
separation = 0.485734 
separation = 0.226833 
separation = 0.226833 
separation = 0.497789 
separation = 0.216192 
separation = 0.216192 
separation = 0.470933 
separation = 0.230393 
separation = 0.487582 
separation = 0.206979 
separation = 0.206979 
separation = 0.457424 
separation = 0.240477 
separation = 0.201045 
separation = 0.201045 
separation = 0.486268 
separation = 0.455521 
separation = 0.250494 
separation = 0.197119 
separation = 0.197119 
separation = 0.457009 
separation = 0.264414 
separation = 0.277357 
separation = 0.464742 
separation = 0.196790 
separation = 0.196790 
separation = 0.291494 
separation = 0.468647 
separation = 0.201027 
separation = 0.201027 
separation = 0.304852 
separation = 0.472431 
separation = 0.210919 
separation = 0.210919 
separation = 0.323589 
separation = 0.475582 
separation = 0.223890 
separation = 0.479226 
separation = 0.339689 
separation = 0.239090 
separation = 0.355377 
separation = 0.487365 
separation = 0.251583 
separation = 0.497369 
separation = 0.371250 
separation = 0.266094 
separation = 0.390367 
separation = 0.279966 
separation = 0.414412 
separation = 0.297656 
separation = 0.297656 
separation = 0.447011 
separation = 0.311326 
separation = 0.311326 
separation = 0.473455 
separation = 0.329411 
separation = 0.329411 
separation = 0.495194 
separation = 0.330690 
separation = 0.330690 
separation = 0.336761 
separation = 0.336761 
separation = 0.332840 
separation = 0.332840 
separation = 0.337942 
separation = 0.337942 
separation = 0.333140 
separation = 0.333140 
separation = 0.330535 
separation = 0.330535 
separation = 0.323279 
separation = 0.323279 
separation = 0.316892 
separation = 0.316892 
separation = 0.314054 
separation = 0.314054 
separation = 0.310487 
separation = 0.310487 
separation = 0.309184 
separation = 0.309184 
separation = 0.306818 
separation = 0.306818 
separation = 0.305188 
separation = 0.305188 
separation = 0.302559 
separation = 0.302559 
separation = 0.301335 
separation = 0.301335 
separation = 0.499749 
separation = 0.299808 
separation = 0.299808 
separation = 0.495735 
separation = 0.299118 
separation = 0.299118 
separation = 0.498352 
separation = 0.468549 
separation = 0.298947 
separation = 0.298947 
separation = 0.420405 
separation = 0.300013 
separation = 0.300013 
separation = 0.388449 
separation = 0.301903 
separation = 0.301903 
separation = 0.362757 
separation = 0.305602 
separation = 0.305602 
separation = 0.352361 
separation = 0.311233 
separation = 0.311233 
separation = 0.347176 
separation = 0.319098 
separation = 0.319098 
separation = 0.329792 
separation = 0.364118 
separation = 0.482185 
separation = 0.342122 
separation = 0.482185 
separation = 0.383902 
separation = 0.483130 
separation = 0.352356 
separation = 0.483130 
separation = 0.404162 
separation = 0.366813 
separation = 0.473140 
separation = 0.473140 
separation = 0.430521 
separation = 0.480577 
separation = 0.383078 
separation = 0.480577 
separation = 0.458258 
separation = 0.403561 
separation = 0.483135 
separation = 0.490355 
separation = 0.426900 
separation = 0.457178 
separation = 0.492431 
separation = 0.458390 
separation = 0.421883 
separation = 0.391679 
separation = 0.368499 
separation = 0.349085 
separation = 0.336053 
separation = 0.324750 
separation = 0.472208 
separation = 0.317924 
separation = 0.454066 
separation = 0.315440 
separation = 0.436897 
separation = 0.319027 
separation = 0.433366 
separation = 0.328871 
separation = 0.434471 
separation = 0.348668 
separation = 0.454880 
separation = 0.454880 
separation = 0.377241 
separation = 0.474674 
separation = 0.474674 
separation = 0.474866 
separation = 0.397079 
separation = 0.397079 
separation = 0.474866 
separation = 0.446405 
separation = 0.386953 
separation = 0.446405 
separation = 0.386953 
separation = 0.368210 
separation = 0.413027 
separation = 0.413027 
separation = 0.368210 
separation = 0.358736 
separation = 0.393187 
separation = 0.393187 
separation = 0.358736 
separation = 0.357665 
separation = 0.379063 
separation = 0.379063 
separation = 0.357665 
separation = 0.354690 
separation = 0.365373 
separation = 0.365373 
separation = 0.354690 
separation = 0.360280 
separation = 0.359999 
separation = 0.359999 
separation = 0.360280 
separation = 0.488964 
separation = 0.364957 
separation = 0.355881 
separation = 0.355881 
separation = 0.364957 
separation = 0.459798 
separation = 0.377178 
separation = 0.358287 
separation = 0.358287 
separation = 0.377178 
separation = 0.453260 
separation = 0.389463 
separation = 0.361380 
separation = 0.361380 
separation = 0.389463 
separation = 0.449890 
separation = 0.449890 
separation = 0.449890 
separation = 0.407551 
separation = 0.369135 
separation = 0.369135 
separation = 0.407551 
separation = 0.435569 
separation = 0.435569 
separation = 0.435569 
separation = 0.425251 
separation = 0.376528 
separation = 0.425251 
separation = 0.492110 
separation = 0.376528 
separation = 0.453375 
separation = 0.453375 
separation = 0.453375 
separation = 0.448220 
separation = 0.452345 
separation = 0.452345 
separation = 0.387723 
separation = 0.448220 
separation = 0.476160 
separation = 0.387723 
separation = 0.452345 
separation = 0.452345 
separation = 0.469808 
separation = 0.397232 
separation = 0.397232 
separation = 0.469808 
separation = 0.490806 
separation = 0.490806 
separation = 0.490806 
separation = 0.495575 
separation = 0.410238 
separation = 0.410238 
separation = 0.487541 
separation = 0.495575 
separation = 0.421804 
separation = 0.421804 
separation = 0.472403 
separation = 0.439796 
separation = 0.438728 
separation = 0.438728 
separation = 0.428785 
separation = 0.458017 
separation = 0.456743 
separation = 0.456743 
separation = 0.446347 
separation = 0.422417 
separation = 0.481106 
separation = 0.481106 
separation = 0.436001 
separation = 0.411128 
separation = 0.425645 
separation = 0.403657 
separation = 0.416972 
separation = 0.395273 
separation = 0.391183 
separation = 0.407511 
separation = 0.402514 
separation = 0.385888 
separation = 0.399252 
separation = 0.382823 
separation = 0.400555 
separation = 0.380179 
separation = 0.477013 
separation = 0.403923 
separation = 0.380130 
separation = 0.453643 
separation = 0.410943 
separation = 0.380256 
separation = 0.436231 
separation = 0.420051 
separation = 0.380001 
separation = 0.426046 
separation = 0.430148 
separation = 0.381133 
separation = 0.499020 
separation = 0.415867 
separation = 0.440866 
separation = 0.381662 
separation = 0.403158 
separation = 0.448906 
separation = 0.384337 
separation = 0.448888 
separation = 0.383009 
separation = 0.385644 
separation = 0.434932 
separation = 0.364169 
separation = 0.465790 
separation = 0.388698 
separation = 0.418213 
separation = 0.341892 
separation = 0.474373 
separation = 0.389618 
separation = 0.318119 
separation = 0.477636 
separation = 0.479792 
separation = 0.392490 
separation = 0.303523 
separation = 0.457694 
separation = 0.487750 
separation = 0.291039 
separation = 0.445209 
separation = 0.397073 
separation = 0.497107 
separation = 0.424181 
separation = 0.497107 
separation = 0.424181 
separation = 0.283557 
separation = 0.436517 
separation = 0.398031 
separation = 0.432194 
separation = 0.432194 
separation = 0.276941 
separation = 0.431765 
separation = 0.402322 
separation = 0.436365 
separation = 0.436365 
separation = 0.273344 
separation = 0.428525 
separation = 0.403826 
separation = 0.435628 
separation = 0.435628 
separation = 0.269917 
separation = 0.425646 
separation = 0.408620 
separation = 0.443249 
separation = 0.443249 
separation = 0.268980 
separation = 0.422733 
separation = 0.410242 
separation = 0.450726 
separation = 0.450726 
separation = 0.268192 
separation = 0.418882 
separation = 0.414317 
separation = 0.465993 
separation = 0.465993 
separation = 0.270356 
separation = 0.413403 
separation = 0.416179 
separation = 0.484259 
separation = 0.484259 
separation = 0.272755 
separation = 0.408942 
separation = 0.420583 
separation = 0.276737 
separation = 0.405907 
separation = 0.423991 
separation = 0.280423 
separation = 0.403966 
separation = 0.429946 
separation = 0.285401 
separation = 0.402778 
separation = 0.436294 
separation = 0.290046 
separation = 0.403194 
separation = 0.445309 
separation = 0.295416 
separation = 0.403195 
separation = 0.455938 
separation = 0.300671 
separation = 0.404217 
separation = 0.469178 
separation = 0.306585 
separation = 0.404509 
separation = 0.486414 
separation = 0.312725 
separation = 0.406110 
separation = 0.320329 
separation = 0.407476 
separation = 0.328511 
separation = 0.410712 
separation = 0.338033 
separation = 0.414462 
separation = 0.414462 
separation = 0.348327 
separation = 0.419645 
separation = 0.419645 
separation = 0.358517 
separation = 0.423680 
separation = 0.423680 
separation = 0.371091 
separation = 0.423622 
separation = 0.423622 
separation = 0.384097 
separation = 0.420609 
separation = 0.420609 
separation = 0.398578 
separation = 0.413525 
separation = 0.413525 
separation = 0.412498 
separation = 0.408290 
separation = 0.408290 
separation = 0.430052 
separation = 0.402803 
separation = 0.402803 
separation = 0.448906 
separation = 0.401962 
separation = 0.401962 
separation = 0.474865 
separation = 0.405221 
separation = 0.405221 
separation = 0.414178 
separation = 0.414178 
separation = 0.499253 
separation = 0.499253 
separation = 0.425410 
separation = 0.425410 
separation = 0.439447 
separation = 0.439447 
separation = 0.455519 
separation = 0.455519 
separation = 0.471094 
separation = 0.471094 
separation = 0.486251 
separation = 0.486251 
separation = 0.499704 
separation = 0.499704 
separation = 0.493509 
separation = 0.438114 
separation = 0.423439 
separation = 0.405188 
separation = 0.390375 
separation = 0.384978 
separation = 0.373679 
separation = 0.368639 
separation = 0.357323 
separation = 0.351976 
separation = 0.341625 
separation = 0.330933 
separation = 0.327946 
separation = 0.333834 
separation = 0.340077 
separation = 0.340974 
separation = 0.357950 
separation = 0.372225 
separation = 0.394222 
separation = 0.415926 
separation = 0.433921 
separation = 0.452653 
separation = 0.484230 
separation = 0.464095 
separation = 0.458990 
separation = 0.433391 
separation = 0.472150 
separation = 0.411112 
separation = 0.471881 
separation = 0.393468 
separation = 0.463555 
separation = 0.382306 
separation = 0.452706 
separation = 0.376581 
separation = 0.439632 
separation = 0.374599 
separation = 0.426062 
separation = 0.376380 
separation = 0.409550 
separation = 0.378493 
separation = 0.393241 
separation = 0.381954 
separation = 0.373730 
separation = 0.385116 
separation = 0.355863 
separation = 0.393601 
separation = 0.340379 
separation = 0.404727 
separation = 0.338706 
separation = 0.420915 
separation = 0.343080 
separation = 0.438522 
separation = 0.347520 
separation = 0.459993 
separation = 0.347827 
separation = 0.479780 
separation = 0.343323 
separation = 0.339235 
separation = 0.333020 
separation = 0.330995 
separation = 0.332147 
separation = 0.338741 
separation = 0.348412 
separation = 0.365312 
separation = 0.391727 
separation = 0.391727 
separation = 0.428151 
separation = 0.428151 
separation = 0.459552 
separation = 0.459552 
separation = 0.479272 
separation = 0.479272 
separation = 0.497872 
separation = 0.497872 
separation = 0.480293 
separation = 0.480293 
separation = 0.464329 
separation = 0.464329 
separation = 0.462336 
separation = 0.462336 
separation = 0.468846 
separation = 0.468846 
separation = 0.487275 
separation = 0.487275 
separation = 0.485619 
separation = 0.485619 
separation = 0.458151 
separation = 0.458151 
separation = 0.428050 
separation = 0.428050 
separation = 0.391990 
separation = 0.391990 
separation = 0.391990 
separation = 0.368524 
separation = 0.368524 
separation = 0.368524 
separation = 0.356371 
separation = 0.356371 
separation = 0.352205 
separation = 0.352205 
separation = 0.346390 
separation = 0.346390 
separation = 0.339794 
separation = 0.339794 
separation = 0.334029 
separation = 0.334029 
separation = 0.333222 
separation = 0.333222 
separation = 0.331850 
separation = 0.331850 
separation = 0.328707 
separation = 0.328707 
separation = 0.312481 
separation = 0.312481 
separation = 0.298561 
separation = 0.298561 
separation = 0.284117 
separation = 0.284117 
separation = 0.284117 
separation = 0.284117 
separation = 0.268360 
separation = 0.268360 
separation = 0.268526 
separation = 0.268526 
separation = 0.256736 
separation = 0.256736 
separation = 0.255066 
separation = 0.255066 
separation = 0.247408 
separation = 0.247408 
separation = 0.250749 
separation = 0.250749 
separation = 0.250749 
separation = 0.487379 
separation = 0.247991 
separation = 0.247991 
separation = 0.487379 
separation = 0.473630 
separation = 0.247456 
separation = 0.238005 
separation = 0.238005 
separation = 0.232151 
separation = 0.468891 
separation = 0.232151 
separation = 0.226226 
separation = 0.482099 
separation = 0.226226 
separation = 0.226226 
separation = 0.221356 
separation = 0.221356 
separation = 0.217395 
separation = 0.215373 
separation = 0.215373 
separation = 0.213962 
separation = 0.213962 
separation = 0.213861 
separation = 0.220372 
separation = 0.220372 
separation = 0.220372 
separation = 0.223780 
separation = 0.230103 
separation = 0.228745 
separation = 0.220957 
separation = 0.217263 
separation = 0.207628 
separation = 0.204936 
separation = 0.198643 
separation = 0.198051 
separation = 0.193449 
separation = 0.194343 
separation = 0.191018 
separation = 0.189247 
separation = 0.185842 
separation = 0.185734 
separation = 0.185181 
separation = 0.185181 
separation = 0.187333 
separation = 0.189888 
separation = 0.193317 
separation = 0.196540 
separation = 0.196540 
separation = 0.196540 
separation = 0.200742 
separation = 0.200742 
separation = 0.206433 
separation = 0.206433 
separation = 0.211811 
separation = 0.211811 
separation = 0.218682 
separation = 0.218682 
separation = 0.225300 
separation = 0.234373 
separation = 0.234373 
separation = 0.242094 
separation = 0.242094 
separation = 0.254286 
separation = 0.254286 
separation = 0.265161 
separation = 0.265161 
separation = 0.281019 
separation = 0.281019 
separation = 0.296413 
separation = 0.296413 
separation = 0.318831 
separation = 0.318831 
separation = 0.336168 
separation = 0.336168 
separation = 0.351953 
separation = 0.351953 
separation = 0.351953 
separation = 0.355840 
separation = 0.355840 
separation = 0.355840 
separation = 0.359412 
separation = 0.359412 
separation = 0.359412 
separation = 0.362514 
separation = 0.362514 
separation = 0.362514 
separation = 0.370155 
separation = 0.370155 
separation = 0.370155 
separation = 0.375914 
separation = 0.375914 
separation = 0.393708 
separation = 0.393708 
separation = 0.491436 
separation = 0.409546 
separation = 0.409546 
separation = 0.409546 
separation = 0.479218 
separation = 0.438989 
separation = 0.438989 
separation = 0.438989 
separation = 0.464182 
separation = 0.464182 
separation = 0.478767 
separation = 0.499380 
separation = 0.442592 
separation = 0.499380 
separation = 0.442592 
separation = 0.499380 
separation = 0.447132 
separation = 0.447132 
separation = 0.443237 
separation = 0.495160 
separation = 0.439035 
separation = 0.439035 
separation = 0.439073 
separation = 0.478545 
separation = 0.447705 
separation = 0.447705 
separation = 0.462403 
separation = 0.462403 
separation = 0.476537 
separation = 0.470974 
separation = 0.498621 
separation = 0.498621 
separation = 0.460913 
separation = 0.450876 
separation = 0.483732 
separation = 0.483732 
separation = 0.436331 
separation = 0.426577 
separation = 0.450477 
separation = 0.450477 
separation = 0.439963 
separation = 0.429944 
separation = 0.430024 
separation = 0.430024 
separation = 0.468255 
separation = 0.448071 
separation = 0.413085 
separation = 0.469815 
separation = 0.469434 
separation = 0.428111 
separation = 0.393908 
separation = 0.470935 
separation = 0.486306 
separation = 0.371248 
separation = 0.391121 
separation = 0.486678 
separation = 0.486678 
separation = 0.332330 
separation = 0.399882 
separation = 0.305153 
separation = 0.411061 
separation = 0.285617 
separation = 0.285617 
separation = 0.426537 
separation = 0.443491 
separation = 0.443491 
separation = 0.265543 
separation = 0.249696 
separation = 0.249696 
separation = 0.461082 
separation = 0.237939 
separation = 0.484159 
separation = 0.227953 
separation = 0.230422 
separation = 0.230231 
separation = 0.228099 
separation = 0.228099 
separation = 0.231858 
separation = 0.231858 
separation = 0.229918 
separation = 0.229918 
separation = 0.236111 
separation = 0.236111 
separation = 0.237376 
separation = 0.237376 
separation = 0.245496 
separation = 0.245496 
separation = 0.249268 
separation = 0.249268 
separation = 0.259649 
separation = 0.259649 
separation = 0.267473 
separation = 0.267473 
separation = 0.267473 
separation = 0.267473 
separation = 0.282552 
separation = 0.282552 
separation = 0.299007 
separation = 0.299007 
separation = 0.321680 
separation = 0.321680 
separation = 0.321680 
separation = 0.336607 
separation = 0.336607 
separation = 0.341408 
separation = 0.341408 
separation = 0.342868 
separation = 0.342868 
separation = 0.340340 
separation = 0.340340 
separation = 0.343184 
separation = 0.343184 
separation = 0.345127 
separation = 0.345127 
separation = 0.353198 
separation = 0.353198 
separation = 0.353198 
separation = 0.361896 
separation = 0.361896 
separation = 0.361896 
separation = 0.372494 
separation = 0.372494 
separation = 0.372494 
separation = 0.381798 
separation = 0.381798 
separation = 0.381798 
separation = 0.392364 
separation = 0.392364 
separation = 0.392364 
separation = 0.398253 
separation = 0.398253 
separation = 0.398253 
separation = 0.398253 
separation = 0.406004 
separation = 0.406004 
separation = 0.419536 
separation = 0.419536 
separation = 0.434292 
separation = 0.434292 
separation = 0.463129 
separation = 0.494152 
separation = 0.484987 
separation = 0.484987 
separation = 0.462920 
separation = 0.462920 
separation = 0.447339 
separation = 0.447339 
separation = 0.447339 
separation = 0.447339 
separation = 0.443317 
separation = 0.443317 
separation = 0.460003 
separation = 0.460003 
separation = 0.469914 
separation = 0.469914 
separation = 0.491685 
separation = 0.491685 
separation = 0.498986 
separation = 0.376518 
separation = 0.366830 
separation = 0.368749 
separation = 0.366373 
separation = 0.372892 
separation = 0.374188 
separation = 0.385311 
separation = 0.445018 
separation = 0.445018 
separation = 0.445184 
separation = 0.445184 
separation = 0.441838 
separation = 0.441838 
separation = 0.439856 
separation = 0.439856 
separation = 0.433884 
separation = 0.433884 
separation = 0.434241 
separation = 0.434241 
separation = 0.432921 
separation = 0.432921 
separation = 0.440617 
separation = 0.440617 
separation = 0.449029 
separation = 0.449029 
separation = 0.469251 
separation = 0.469251 
separation = 0.489841 
separation = 0.489841 
separation = 0.494345 
separation = 0.494345 
separation = 0.476583 
separation = 0.476583 
separation = 0.450885 
separation = 0.450885 
separation = 0.432664 
separation = 0.432664 
separation = 0.423397 
separation = 0.423397 
separation = 0.407195 
separation = 0.407195 
separation = 0.357634 
separation = 0.357634 
separation = 0.161112 
separation = 0.162769 
separation = 0.162769 
separation = 0.174081 
separation = 0.174081 
separation = 0.178970 
separation = 0.178970 
separation = 0.189552 
separation = 0.189552 
separation = 0.194723 
separation = 0.194723 
separation = 0.206136 
separation = 0.206136 
separation = 0.210808 
separation = 0.210808 
separation = 0.219956 
separation = 0.219956 
separation = 0.224879 
separation = 0.224879 
separation = 0.232796 
separation = 0.232796 
separation = 0.232796 
separation = 0.237959 
separation = 0.237959 
separation = 0.237959 
separation = 0.250258 
separation = 0.250258 
separation = 0.250258 
separation = 0.257954 
separation = 0.257954 
separation = 0.268005 
separation = 0.268005 
separation = 0.274958 
separation = 0.274958 
separation = 0.284854 
separation = 0.284854 
separation = 0.292321 
separation = 0.292321 
separation = 0.302141 
separation = 0.302141 
separation = 0.310007 
separation = 0.310007 
separation = 0.320231 
separation = 0.320231 
separation = 0.328880 
separation = 0.328880 
separation = 0.339401 
separation = 0.339401 
separation = 0.348846 
separation = 0.348846 
separation = 0.360162 
separation = 0.360162 
separation = 0.360162 
separation = 0.370886 
separation = 0.370886 
separation = 0.370886 
separation = 0.386790 
separation = 0.386790 
separation = 0.386790 
separation = 0.400635 
separation = 0.400635 
separation = 0.400635 
separation = 0.417251 
separation = 0.417251 
separation = 0.417251 
separation = 0.432872 
separation = 0.432872 
separation = 0.432872 
separation = 0.448162 
separation = 0.448162 
separation = 0.466012 
separation = 0.466012 
separation = 0.473979 
separation = 0.473979 
separation = 0.484205 
separation = 0.484205 
separation = 0.477720 
separation = 0.486495 
separation = 0.481846 
separation = 0.493149 
separation = 0.492912 
separation = 0.497035 
separation = 0.484729 
separation = 0.462589 
separation = 0.444678 
separation = 0.424038 
separation = 0.375301 
separation = 0.363157 
separation = 0.355537 
separation = 0.345766 
separation = 0.323891 
separation = 0.314869 
separation = 0.312482 
separation = 0.310300 
separation = 0.311872 
separation = 0.317401 
separation = 0.315166 
separation = 0.273487 
separation = 0.305247 
separation = 0.306359 
separation = 0.303873 
separation = 0.301275 
separation = 0.333252 
separation = 0.334941 
separation = 0.336752 
separation = 0.339497 
separation = 0.338712 
separation = 0.342104 
separation = 0.341689 
separation = 0.345428 
separation = 0.344372 
separation = 0.348637 
separation = 0.347011 
separation = 0.322038 
separation = 0.322038 
separation = 0.318262 
separation = 0.318262 
separation = 0.319747 
separation = 0.319747 
separation = 0.316138 
separation = 0.316138 
separation = 0.324386 
separation = 0.324386 
separation = 0.347056 
separation = 0.347056 
separation = 0.345671 
separation = 0.345671 
separation = 0.375533 
separation = 0.375533 
separation = 0.359038 
separation = 0.359038 
separation = 0.341439 
separation = 0.341439 
separation = 0.244708 
separation = 0.231151 
separation = 0.223815 
separation = 0.223815 
separation = 0.208018 
separation = 0.208018 
separation = 0.199420 
separation = 0.199420 
separation = 0.185813 
separation = 0.185813 
separation = 0.179714 
separation = 0.179714 
separation = 0.169521 
separation = 0.169521 
separation = 0.165005 
separation = 0.165005 
separation = 0.158517 
separation = 0.158517 
separation = 0.154401 
separation = 0.154401 
separation = 0.149289 
separation = 0.146393 
separation = 0.143666 
separation = 0.141812 
separation = 0.138266 
separation = 0.132439 
separation = 0.126845 
separation = 0.122033 
separation = 0.116817 
separation = 0.112701 
separation = 0.108646 
separation = 0.105608 
separation = 0.102841 
separation = 0.101262 
separation = 0.098634 
separation = 0.092490 
separation = 0.087971 
separation = 0.083556 
separation = 0.080580 
separation = 0.077825 
separation = 0.076496 
separation = 0.073694 
separation = 0.056369 
separation = 0.054223 
separation = 0.054223 
separation = 0.053558 
separation = 0.053558 
separation = 0.051267 
separation = 0.051267 
separation = 0.050201 
separation = 0.050201 
separation = 0.048374 
separation = 0.048374 
separation = 0.047965 
separation = 0.047965 
separation = 0.046488 
separation = 0.046488 
separation = 0.046502 
separation = 0.046502 
separation = 0.045470 
separation = 0.045470 
separation = 0.045659 
separation = 0.045659 
separation = 0.045152 
separation = 0.045152 
separation = 0.045617 
separation = 0.045617 
separation = 0.045335 
separation = 0.045335 
separation = 0.045916 
separation = 0.045916 
separation = 0.045933 
separation = 0.045933 
separation = 0.046714 
separation = 0.046714 
separation = 0.046979 
separation = 0.046979 
separation = 0.047893 
separation = 0.047893 
separation = 0.048234 
separation = 0.048234 
separation = 0.049210 
separation = 0.049210 
separation = 0.049734 
separation = 0.049734 
separation = 0.050784 
separation = 0.050784 
separation = 0.051368 
separation = 0.051368 
separation = 0.052472 
separation = 0.052472 
separation = 0.053404 
separation = 0.053404 
separation = 0.054758 
separation = 0.054758 
separation = 0.056342 
separation = 0.056342 
separation = 0.058094 
separation = 0.058094 
separation = 0.060065 
separation = 0.060065 
separation = 0.062119 
separation = 0.062119 
separation = 0.064393 
separation = 0.064393 
separation = 0.066778 
separation = 0.066778 
separation = 0.069417 
separation = 0.069417 
separation = 0.072179 
separation = 0.072179 
separation = 0.075230 
separation = 0.075230 
separation = 0.078476 
separation = 0.078476 
separation = 0.082044 
separation = 0.082044 
separation = 0.085552 
separation = 0.085552 
separation = 0.088975 
separation = 0.088975 
separation = 0.091227 
separation = 0.091227 
separation = 0.092013 
separation = 0.092013 
separation = 0.091679 
separation = 0.091679 
separation = 0.090831 
separation = 0.090831 
separation = 0.089918 
separation = 0.089918 
separation = 0.088787 
separation = 0.088787 
separation = 0.087913 
separation = 0.087913 
separation = 0.086993 
separation = 0.086993 
separation = 0.086305 
separation = 0.086305 
separation = 0.085600 
separation = 0.085600 
separation = 0.085107 
separation = 0.085107 
separation = 0.084594 
separation = 0.084594 
separation = 0.084272 
separation = 0.084272 
separation = 0.083933 
separation = 0.083933 
separation = 0.083762 
separation = 0.083762 
separation = 0.083573 
separation = 0.083573 
separation = 0.083542 
separation = 0.083542 
separation = 0.083490 
separation = 0.083490 
separation = 0.083583 
separation = 0.083583 
separation = 0.083659 
separation = 0.083659 
separation = 0.083860 
separation = 0.083860 
separation = 0.084042 
separation = 0.084042 
separation = 0.084337 
separation = 0.084337 
separation = 0.084612 
separation = 0.084612 
separation = 0.084980 
separation = 0.084980 
separation = 0.085344 
separation = 0.085344 
separation = 0.085806 
separation = 0.085806 
separation = 0.086277 
separation = 0.086277 
separation = 0.086804 
separation = 0.086804 
separation = 0.087367 
separation = 0.087367 
separation = 0.087974 
separation = 0.087974 
separation = 0.088666 
separation = 0.088666 
separation = 0.089405 
separation = 0.089405 
separation = 0.090279 
separation = 0.090279 
separation = 0.091161 
separation = 0.091161 
separation = 0.092098 
separation = 0.092098 
separation = 0.093045 
separation = 0.093045 
separation = 0.094053 
separation = 0.094053 
separation = 0.095074 
separation = 0.095074 
separation = 0.096165 
separation = 0.096165 
separation = 0.097273 
separation = 0.097273 
separation = 0.098441 
separation = 0.098441 
separation = 0.099624 
separation = 0.099624 
separation = 0.100877 
separation = 0.100877 
separation = 0.102153 
separation = 0.102153 
separation = 0.103491 
separation = 0.103491 
separation = 0.104854 
separation = 0.104854 
separation = 0.106294 
separation = 0.107755 
separation = 0.107755 
separation = 0.108537 
separation = 0.110444 
separation = 0.110444 
separation = 0.110763 
separation = 0.113160 
separation = 0.113160 
separation = 0.112949 
separation = 0.115898 
separation = 0.115165 
separation = 0.118154 
separation = 0.117335 
separation = 0.120573 
separation = 0.120573 
separation = 0.119894 
separation = 0.123682 
separation = 0.123682 
separation = 0.123327 
separation = 0.127562 
separation = 0.127857 
separation = 0.127857 
separation = 0.133146 
separation = 0.133146 
separation = 0.133601 
separation = 0.139494 
separation = 0.142048 
separation = 0.145356 
separation = 0.144564 
separation = 0.142636 
separation = 0.142480 
separation = 0.141076 
separation = 0.141899 
separation = 0.141902 
separation = 0.145105 
separation = 0.143932 
separation = 0.142796 
separation = 0.136945 
separation = 0.125399 
separation = 0.108964 
separation = 0.091939 
separation = 0.088199 
separation = 0.088199 
separation = 0.085905 
separation = 0.085905 
separation = 0.082117 
separation = 0.082117 
separation = 0.080061 
separation = 0.080061 
separation = 0.077078 
separation = 0.077078 
separation = 0.075648 
separation = 0.075648 
separation = 0.073131 
separation = 0.073131 
separation = 0.072197 
separation = 0.072197 
separation = 0.070180 
separation = 0.070180 
separation = 0.069530 
separation = 0.069530 
separation = 0.068092 
separation = 0.068092 
separation = 0.067730 
separation = 0.067730 
separation = 0.066751 
separation = 0.066751 
separation = 0.065434 
separation = 0.065434 
separation = 0.064792 
separation = 0.064792 
separation = 0.063660 
separation = 0.063660 
separation = 0.063177 
separation = 0.063177 
separation = 0.062180 
separation = 0.062180 
separation = 0.061770 
separation = 0.061770 
separation = 0.060884 
separation = 0.060884 
separation = 0.060616 
separation = 0.060616 
separation = 0.059839 
separation = 0.059839 
separation = 0.059625 
separation = 0.059625 
separation = 0.058947 
separation = 0.058947 
separation = 0.058745 
separation = 0.058745 
separation = 0.058257 
separation = 0.058257 
separation = 0.058231 
separation = 0.058231 
separation = 0.057930 
separation = 0.057930 
separation = 0.058015 
separation = 0.058015 
separation = 0.057943 
separation = 0.057943 
separation = 0.058173 
separation = 0.058173 
separation = 0.058269 
separation = 0.058269 
separation = 0.058656 
separation = 0.058656 
separation = 0.059066 
separation = 0.059066 
separation = 0.060173 
separation = 0.060173 
separation = 0.061766 
separation = 0.061766 
separation = 0.063860 
separation = 0.063860 
separation = 0.065913 
separation = 0.065913 
separation = 0.068438 
separation = 0.068438 
separation = 0.070603 
separation = 0.070603 
separation = 0.072888 
separation = 0.072888 
separation = 0.074639 
separation = 0.074639 
separation = 0.076479 
separation = 0.076479 
separation = 0.078109 
separation = 0.078109 
separation = 0.080127 
separation = 0.080127 
separation = 0.081954 
separation = 0.081954 
separation = 0.084198 
separation = 0.084198 
separation = 0.086233 
separation = 0.086233 
separation = 0.088683 
separation = 0.088683 
separation = 0.090915 
separation = 0.090915 
separation = 0.093587 
separation = 0.093587 
separation = 0.096043 
separation = 0.096043 
separation = 0.098961 
separation = 0.098961 
separation = 0.101648 
separation = 0.101648 
separation = 0.104800 
separation = 0.104800 
separation = 0.107740 
separation = 0.107740 
separation = 0.111176 
separation = 0.111176 
separation = 0.113832 
separation = 0.113832 
separation = 0.116305 
separation = 0.116305 
separation = 0.118211 
separation = 0.118211 
separation = 0.120048 
separation = 0.120048 
separation = 0.121549 
separation = 0.121549 
separation = 0.123043 
separation = 0.123043 
separation = 0.124399 
separation = 0.124399 
separation = 0.125818 
separation = 0.125818 
separation = 0.127276 
separation = 0.127276 
separation = 0.128875 
separation = 0.128875 
separation = 0.130620 
separation = 0.130620 
separation = 0.132566 
separation = 0.132566 
separation = 0.134723 
separation = 0.134723 
separation = 0.137091 
separation = 0.137091 
separation = 0.139688 
separation = 0.142493 
separation = 0.146124 
separation = 0.149128 
separation = 0.151542 
separation = 0.153344 
separation = 0.152692 
separation = 0.152480 
separation = 0.150104 
separation = 0.149391 
separation = 0.147223 
separation = 0.146463 
separation = 0.144564 
separation = 0.144363 
separation = 0.143663 
separation = 0.144710 
separation = 0.144710 
separation = 0.145648 
separation = 0.148168 
separation = 0.150978 
separation = 0.156462 
separation = 0.156462 
separation = 0.163005 
separation = 0.169621 
separation = 0.170850 
separation = 0.171025 
separation = 0.169668 
separation = 0.166485 
separation = 0.166485 
separation = 0.152115 
separation = 0.147596 
separation = 0.139196 
separation = 0.135738 
separation = 0.135738 
separation = 0.128533 
separation = 0.128533 
separation = 0.120975 
separation = 0.120975 
separation = 0.114102 
separation = 0.114102 
separation = 0.108802 
separation = 0.108802 
separation = 0.103946 
separation = 0.103946 
separation = 0.100467 
separation = 0.100467 
separation = 0.097618 
separation = 0.097618 
separation = 0.095311 
separation = 0.095311 
separation = 0.093521 
separation = 0.093521 
separation = 0.091856 
separation = 0.091856 
separation = 0.090988 
separation = 0.090988 
separation = 0.090168 
separation = 0.090168 
separation = 0.089228 
separation = 0.089228 
separation = 0.087670 
separation = 0.087670 
separation = 0.086524 
separation = 0.086524 
separation = 0.085321 
separation = 0.085321 
separation = 0.084547 
separation = 0.084547 
separation = 0.083875 
separation = 0.083875 
separation = 0.083476 
separation = 0.083476 
separation = 0.083119 
separation = 0.083119 
separation = 0.082982 
separation = 0.082982 
separation = 0.082929 
separation = 0.082929 
separation = 0.082989 
separation = 0.082989 
separation = 0.083108 
separation = 0.083108 
separation = 0.083318 
separation = 0.083318 
separation = 0.083605 
separation = 0.083605 
separation = 0.083952 
separation = 0.083952 
separation = 0.084371 
separation = 0.084371 
separation = 0.084791 
separation = 0.084791 
separation = 0.085237 
separation = 0.085237 
separation = 0.085685 
separation = 0.085685 
separation = 0.086153 
separation = 0.086153 
separation = 0.086626 
separation = 0.086626 
separation = 0.087095 
separation = 0.087095 
separation = 0.087679 
separation = 0.087679 
separation = 0.088473 
separation = 0.088473 
separation = 0.089558 
separation = 0.089558 
separation = 0.091092 
separation = 0.091092 
separation = 0.092952 
separation = 0.092952 
separation = 0.095069 
separation = 0.095069 
separation = 0.097282 
separation = 0.097282 
separation = 0.099776 
separation = 0.099776 
separation = 0.102410 
separation = 0.102410 
separation = 0.105346 
separation = 0.105346 
separation = 0.108415 
separation = 0.108415 
separation = 0.111818 
separation = 0.111818 
separation = 0.115373 
separation = 0.115373 
separation = 0.119310 
separation = 0.119310 
separation = 0.123420 
separation = 0.123420 
separation = 0.127940 
separation = 0.127940 
separation = 0.132658 
separation = 0.132658 
separation = 0.137859 
separation = 0.137859 
separation = 0.143093 
separation = 0.143093 
separation = 0.148011 
separation = 0.148011 
separation = 0.152204 
separation = 0.152204 
separation = 0.155869 
separation = 0.155869 
separation = 0.158771 
separation = 0.158771 
separation = 0.161049 
separation = 0.161049 
separation = 0.162030 
separation = 0.162030 
separation = 0.161372 
separation = 0.161372 
separation = 0.160233 
separation = 0.160233 
separation = 0.159330 
separation = 0.159330 
separation = 0.158823 
separation = 0.158823 
separation = 0.158574 
separation = 0.158574 
separation = 0.158702 
separation = 0.158702 
separation = 0.159044 
separation = 0.159044 
separation = 0.159719 
separation = 0.159719 
separation = 0.160591 
separation = 0.160591 
separation = 0.161746 
separation = 0.161746 
separation = 0.163059 
separation = 0.163059 
separation = 0.164648 
separation = 0.164648 
separation = 0.166363 
separation = 0.166363 
separation = 0.168326 
separation = 0.168326 
separation = 0.170409 
separation = 0.170409 
separation = 0.172722 
separation = 0.172722 
separation = 0.175153 
separation = 0.175153 
separation = 0.177810 
separation = 0.177810 
separation = 0.180567 
separation = 0.180567 
separation = 0.183549 
separation = 0.183549 
separation = 0.186638 
separation = 0.186638 
separation = 0.189935 
separation = 0.189935 
separation = 0.193322 
separation = 0.193322 
separation = 0.196922 
separation = 0.196922 
separation = 0.200622 
separation = 0.200622 
separation = 0.204571 
separation = 0.204571 
separation = 0.208638 
separation = 0.208638 
separation = 0.212959 
separation = 0.212959 
separation = 0.217399 
separation = 0.217399 
separation = 0.222083 
separation = 0.222083 
separation = 0.226926 
separation = 0.226926 
separation = 0.232049 
separation = 0.232049 
separation = 0.237350 
separation = 0.237350 
separation = 0.242952 
separation = 0.242952 
separation = 0.248767 
separation = 0.248767 
separation = 0.254916 
separation = 0.254916 
separation = 0.261304 
separation = 0.261304 
separation = 0.268065 
separation = 0.268065 
separation = 0.275094 
separation = 0.275094 
separation = 0.282536 
separation = 0.282536 
separation = 0.290312 
separation = 0.290312 
separation = 0.298558 
separation = 0.298558 
separation = 0.307199 
separation = 0.307199 
separation = 0.316374 
separation = 0.316374 
separation = 0.326012 
separation = 0.326012 
separation = 0.336273 
separation = 0.336273 
separation = 0.347092 
separation = 0.347092 
separation = 0.358632 
separation = 0.358632 
separation = 0.370849 
separation = 0.370849 
separation = 0.383911 
separation = 0.383911 
separation = 0.397786 
separation = 0.397786 
separation = 0.412664 
separation = 0.412664 
separation = 0.428546 
separation = 0.428546 
separation = 0.445636 
separation = 0.445636 
separation = 0.463964 
separation = 0.463964 
separation = 0.483740 
separation = 0.483740 
equilibration step 150000
equilibration step 160000
equilibration step 170000
equilibration step 180000
equilibration step 190000
equilibration step 200000
equilibration step 210000
equilibration step 220000
equilibration step 230000
equilibration step 240000
equilibration step 250000
equilibration step 260000
equilibration step 270000
equilibration step 280000
equilibration step 290000
equilibration step 300000
equilibration step 310000
equilibration step 320000
equilibration step 330000
equilibration step 340000
equilibration step 350000
equilibration step 360000
equilibration step 370000
equilibration step 380000
equilibration step 390000
equilibration step 400000
equilibration step 410000
equilibration step 420000
equilibration step 430000
equilibration step 440000
equilibration step 450000
equilibration step 460000
equilibration step 470000
equilibration step 480000
equilibration step 490000
 
... done equilibrating!
-----------------------------------------------
 
1500
3000
4500
6000
7500
9000
10500
12000
13500
15000
16500
18000
19500
21000
22500
24000
25500
27000
28500
30000
31500
33000
34500
36000
37500
39000
40500
42000
43500
45000
46500
48000
49500
51000
52500
54000
55500
57000
58500
60000
61500
63000
64500
66000
67500
69000
70500
72000
73500
75000
76500
78000
79500
81000
82500
84000
85500
87000
88500
90000
91500
93000
94500
96000
97500
99000
100500
102000
103500
105000
106500
108000
109500
111000
112500
114000
115500
117000
118500
120000
121500
123000
124500
126000
127500
129000
130500
132000
133500
135000
136500
138000
139500
141000
142500
144000
145500
147000
148500
150000
151500
153000
154500
156000
157500
159000
160500
162000
163500
165000
166500
168000
169500
171000
172500
174000
175500
177000
178500
180000
181500
183000
184500
186000
187500
189000
190500
192000
193500
195000
196500
198000
199500
201000
202500
204000
205500
207000
208500
210000
211500
213000
214500
216000
217500
219000
220500
222000
223500
225000
226500
228000
229500
231000
232500
234000
235500
237000
238500
240000
241500
243000
244500
246000
247500
249000
250500
252000
253500
255000
256500
258000
259500
261000
262500
264000
265500
267000
268500
270000
271500
273000
274500
276000
277500
279000
280500
282000
283500
285000
286500
288000
289500
291000
292500
294000
295500
297000
298500
300000
