scsp_3D_capsules_duct_trains
  
H = 40.5
umax = 0.03
ks = 0.018
kb = 0.0032212
  
Ca = 0.003
  
reference flux = 222.645
  
 
-----------------------------------------------
Relaxing capsules...
... done relaxing
-----------------------------------------------
 
 
-----------------------------------------------
Equilibrating for 0 steps...
 
... done equilibrating!
-----------------------------------------------
 
100000
200000
300000
400000
500000
600000
700000
800000
900000
1000000
1100000
1200000
1300000
1400000
1500000
1600000
1700000
1800000
1900000
2000000
