scsp_3D_capsules_duct_trains_push
  
H = 10
umax = 0.00972222
ks = 0.00189043
kb = 0.000338303
  
Ca = 0.3
  
reference flux = 15.5587
  
Initial cell spacing = 20
0 59.5
1 59.5
2 59.5
3 59.5
4 59.5
5 59.5
6 59.5
7 59.5
8 59.5
9 59.5
 
-----------------------------------------------
Equilibrating for 0 steps...
 
... done equilibrating!
-----------------------------------------------
 
50000
100000
150000
200000
250000
300000
350000
400000
450000
500000
550000
600000
650000
700000
750000
800000
slurmstepd: error: *** JOB 515922 ON c2106 CANCELLED AT 2024-10-02T16:26:40 ***
