scsp_3D_capsules_duct_trains
  
H = 9
umax = 0.0117845
ks = 0.0277749
kb = 0.00497048
  
Ca = 0.03
  
reference flux = 9.39459
  
 
-----------------------------------------------
Relaxing capsules...
... done relaxing
-----------------------------------------------
 
 
-----------------------------------------------
Equilibrating for 0 steps...
 
... done equilibrating!
-----------------------------------------------
 
16000
32000
48000
64000
80000
96000
112000
128000
144000
160000
176000
192000
208000
224000
240000
256000
272000
288000
304000
320000
336000
352000
368000
384000
400000
416000
432000
448000
464000
480000
496000
512000
528000
544000
560000
576000
592000
608000
624000
640000
656000
672000
688000
704000
720000
736000
752000
768000
784000
800000
816000
832000
848000
864000
880000
896000
912000
928000
944000
960000
976000
992000
1008000
1024000
1040000
1056000
1072000
1088000
1104000
1120000
1136000
1152000
1168000
1184000
1200000
1216000
1232000
1248000
1264000
1280000
1296000
1312000
1328000
1344000
1360000
1376000
1392000
1408000
1424000
1440000
1456000
1472000
1488000
1504000
1520000
1536000
1552000
1568000
1584000
1600000
1616000
1632000
1648000
1664000
1680000
1696000
1712000
1728000
1744000
1760000
1776000
1792000
1808000
1824000
1840000
1856000
1872000
1888000
1904000
1920000
1936000
1952000
1968000
1984000
2000000
2016000
2032000
2048000
2064000
2080000
2096000
2112000
2128000
2144000
2160000
2176000
2192000
2208000
2224000
2240000
2256000
2272000
2288000
2304000
2320000
2336000
2352000
2368000
2384000
2400000
2416000
2432000
2448000
2464000
2480000
2496000
2512000
2528000
2544000
2560000
2576000
2592000
2608000
2624000
2640000
2656000
2672000
2688000
2704000
2720000
2736000
2752000
2768000
2784000
2800000
2816000
2832000
2848000
2864000
2880000
2896000
2912000
2928000
2944000
2960000
2976000
2992000
3008000
3024000
3040000
3056000
3072000
3088000
3104000
3120000
3136000
3152000
3168000
3184000
3200000
