scsp_3D_fibers_duct
largest array size = 225000
nBlocks = 440, nThreads = 512
  
Re = 0.5
Body Force X-dir = 0.000111719
nu = 0.166667
  
  
Filament gamma = 0.01
 
-----------------------------------------------
Equilibrating for 0 steps...
 
... done equilibrating!
-----------------------------------------------
 
10000
20000
30000
40000
50000
60000
70000
80000
90000
100000
110000
120000
130000
140000
150000
160000
170000
180000
190000
200000
210000
220000
230000
240000
250000
260000
270000
280000
290000
300000
310000
320000
330000
340000
350000
360000
370000
380000
390000
400000
410000
420000
430000
440000
450000
460000
470000
480000
490000
500000
