scsp_3D_capsules_channel
  
hydraulic diameter = 49.0392
umax = 0.03
ks = 0.000161471
nu = 0.00183897
fx = 3.27173e-07
  
Re = 400
Ca = 0.1
  
reference flux = 36.3761
  
nnbins = 26
 
-----------------------------------------------
Relaxing capsules...
relax step 0
relax step 10000
relax step 20000
relax step 30000
relax step 40000
relax step 50000
relax step 60000
relax step 70000
relax step 80000
relax step 0
relax step 10000
relax step 20000
relax step 30000
relax step 40000
relax step 50000
relax step 60000
relax step 70000
relax step 80000
... done relaxing
-----------------------------------------------
 
 
-----------------------------------------------
Equilibrating for 600000 steps...
equilibration step 0
equilibration step 10000
equilibration step 20000
equilibration step 30000
equilibration step 40000
equilibration step 50000
equilibration step 60000
equilibration step 70000
equilibration step 80000
equilibration step 90000
equilibration step 100000
separation = 0.498951 
separation = 0.494099 
separation = 0.482025 
separation = 0.492897 
separation = 0.489411 
separation = 0.455896 
separation = 0.427578 
separation = 0.490130 
separation = 0.401447 
separation = 0.488295 
separation = 0.392946 
separation = 0.392946 
separation = 0.488912 
separation = 0.377470 
separation = 0.489833 
separation = 0.389495 
separation = 0.493073 
separation = 0.376799 
separation = 0.499275 
separation = 0.388177 
separation = 0.383510 
separation = 0.383510 
separation = 0.403905 
separation = 0.403905 
separation = 0.414091 
separation = 0.414091 
separation = 0.440788 
separation = 0.440788 
separation = 0.456863 
separation = 0.456863 
separation = 0.483229 
separation = 0.492211 
separation = 0.477215 
separation = 0.472462 
separation = 0.468081 
separation = 0.457598 
separation = 0.460474 
separation = 0.443409 
separation = 0.434274 
separation = 0.423966 
separation = 0.423966 
separation = 0.423966 
separation = 0.412126 
separation = 0.390237 
separation = 0.419581 
separation = 0.419581 
separation = 0.420961 
separation = 0.420961 
separation = 0.446744 
separation = 0.446744 
separation = 0.456173 
separation = 0.367874 
separation = 0.422731 
separation = 0.377512 
separation = 0.405857 
separation = 0.405857 
separation = 0.379163 
separation = 0.379163 
separation = 0.376459 
separation = 0.431833 
separation = 0.375913 
separation = 0.460694 
separation = 0.375913 
separation = 0.368773 
separation = 0.493510 
separation = 0.340763 
separation = 0.340763 
separation = 0.325961 
separation = 0.496700 
separation = 0.325961 
separation = 0.318624 
separation = 0.318624 
separation = 0.322003 
separation = 0.328699 
separation = 0.335800 
separation = 0.337732 
separation = 0.337732 
separation = 0.337732 
separation = 0.335036 
separation = 0.335036 
separation = 0.335036 
separation = 0.332388 
separation = 0.332388 
separation = 0.338107 
separation = 0.338107 
separation = 0.489693 
separation = 0.351037 
separation = 0.351037 
separation = 0.464186 
separation = 0.370699 
separation = 0.370699 
separation = 0.395380 
separation = 0.395380 
separation = 0.433234 
separation = 0.412299 
separation = 0.425670 
separation = 0.425670 
separation = 0.462077 
separation = 0.462077 
separation = 0.389522 
separation = 0.389522 
separation = 0.375912 
separation = 0.375912 
separation = 0.366772 
separation = 0.366772 
separation = 0.371625 
separation = 0.371625 
separation = 0.486466 
separation = 0.384818 
separation = 0.384818 
separation = 0.405130 
separation = 0.480506 
separation = 0.405130 
separation = 0.418941 
separation = 0.468182 
separation = 0.418941 
separation = 0.467412 
separation = 0.425441 
separation = 0.425441 
separation = 0.464123 
separation = 0.427478 
separation = 0.427478 
separation = 0.433181 
separation = 0.465750 
separation = 0.463080 
separation = 0.437308 
separation = 0.497085 
separation = 0.437308 
separation = 0.497900 
separation = 0.443533 
separation = 0.462966 
separation = 0.443533 
separation = 0.449902 
separation = 0.461451 
separation = 0.485222 
separation = 0.461451 
separation = 0.461075 
separation = 0.449104 
separation = 0.483333 
separation = 0.474903 
separation = 0.460305 
separation = 0.439241 
separation = 0.460305 
separation = 0.471918 
separation = 0.461241 
separation = 0.433013 
separation = 0.461241 
separation = 0.465393 
separation = 0.463186 
separation = 0.481520 
separation = 0.463186 
separation = 0.430479 
separation = 0.460035 
separation = 0.466005 
separation = 0.465025 
separation = 0.465025 
separation = 0.427497 
separation = 0.468186 
separation = 0.443230 
separation = 0.454539 
separation = 0.425110 
separation = 0.447581 
separation = 0.432114 
separation = 0.471284 
separation = 0.427002 
separation = 0.473144 
separation = 0.430305 
separation = 0.443565 
separation = 0.424893 
separation = 0.424893 
separation = 0.472244 
separation = 0.436503 
separation = 0.434195 
separation = 0.420040 
separation = 0.420040 
separation = 0.435774 
separation = 0.435060 
separation = 0.473116 
separation = 0.430112 
separation = 0.430159 
separation = 0.471093 
separation = 0.441120 
separation = 0.430112 
separation = 0.471009 
separation = 0.432799 
separation = 0.449257 
separation = 0.445513 
separation = 0.445513 
separation = 0.428711 
separation = 0.466821 
separation = 0.462645 
separation = 0.461550 
separation = 0.461550 
separation = 0.431802 
separation = 0.490536 
separation = 0.465011 
separation = 0.492214 
separation = 0.490536 
separation = 0.428315 
separation = 0.466619 
separation = 0.481733 
separation = 0.433342 
separation = 0.433158 
separation = 0.439189 
separation = 0.441783 
separation = 0.441783 
separation = 0.447602 
separation = 0.447602 
separation = 0.454469 
separation = 0.454469 
separation = 0.485938 
separation = 0.464210 
separation = 0.464210 
separation = 0.478075 
separation = 0.442202 
separation = 0.478075 
separation = 0.487458 
separation = 0.413120 
separation = 0.495187 
separation = 0.495187 
separation = 0.487458 
separation = 0.459634 
separation = 0.386102 
separation = 0.459634 
separation = 0.458631 
separation = 0.370208 
separation = 0.458631 
separation = 0.350501 
separation = 0.494399 
separation = 0.489940 
separation = 0.453100 
separation = 0.458997 
separation = 0.340705 
separation = 0.485843 
separation = 0.477901 
separation = 0.483262 
separation = 0.442937 
separation = 0.325380 
separation = 0.476588 
separation = 0.319192 
separation = 0.480256 
separation = 0.443042 
separation = 0.484132 
separation = 0.307705 
separation = 0.452073 
separation = 0.307318 
separation = 0.485301 
separation = 0.473259 
separation = 0.300167 
separation = 0.487397 
separation = 0.499100 
separation = 0.304606 
separation = 0.488435 
separation = 0.306078 
separation = 0.487860 
separation = 0.319073 
separation = 0.490291 
separation = 0.488135 
separation = 0.330313 
separation = 0.351094 
separation = 0.478460 
separation = 0.493769 
separation = 0.478460 
separation = 0.499503 
separation = 0.460662 
separation = 0.368564 
separation = 0.499503 
separation = 0.460662 
separation = 0.495717 
separation = 0.392399 
separation = 0.460488 
separation = 0.435934 
separation = 0.495717 
separation = 0.460488 
separation = 0.498812 
separation = 0.404413 
separation = 0.455082 
separation = 0.498812 
separation = 0.474093 
separation = 0.452376 
separation = 0.415815 
separation = 0.460505 
separation = 0.474093 
separation = 0.452376 
separation = 0.431818 
separation = 0.396495 
separation = 0.414009 
separation = 0.491174 
separation = 0.491174 
separation = 0.458821 
separation = 0.431818 
separation = 0.396495 
separation = 0.491174 
separation = 0.493067 
separation = 0.416033 
separation = 0.493528 
separation = 0.493175 
separation = 0.368126 
separation = 0.409978 
separation = 0.493528 
separation = 0.461552 
separation = 0.493067 
separation = 0.493175 
separation = 0.416033 
separation = 0.493528 
separation = 0.493067 
separation = 0.416033 
separation = 0.368126 
separation = 0.493528 
separation = 0.493175 
separation = 0.497649 
separation = 0.431598 
separation = 0.482488 
separation = 0.392157 
separation = 0.330602 
separation = 0.485819 
separation = 0.482488 
separation = 0.321535 
separation = 0.458898 
separation = 0.485819 
separation = 0.497649 
separation = 0.431598 
separation = 0.451074 
separation = 0.330602 
separation = 0.482488 
separation = 0.485819 
separation = 0.486162 
separation = 0.424513 
separation = 0.378252 
separation = 0.322338 
separation = 0.461970 
separation = 0.489483 
separation = 0.461970 
separation = 0.489483 
separation = 0.461612 
separation = 0.486162 
separation = 0.424513 
separation = 0.322338 
separation = 0.420357 
separation = 0.489483 
separation = 0.478963 
separation = 0.388757 
separation = 0.449809 
separation = 0.449809 
separation = 0.362075 
separation = 0.494097 
separation = 0.309085 
separation = 0.337580 
separation = 0.494097 
separation = 0.459470 
separation = 0.337580 
separation = 0.478963 
separation = 0.388757 
separation = 0.309085 
separation = 0.410690 
separation = 0.494097 
separation = 0.366178 
separation = 0.449906 
separation = 0.354493 
separation = 0.316664 
separation = 0.433109 
separation = 0.433109 
separation = 0.348128 
separation = 0.348128 
separation = 0.366178 
separation = 0.402409 
separation = 0.316664 
separation = 0.449906 
separation = 0.408421 
separation = 0.352387 
separation = 0.444977 
separation = 0.368184 
separation = 0.408421 
separation = 0.336257 
separation = 0.349422 
separation = 0.439438 
separation = 0.444977 
separation = 0.368184 
separation = 0.352387 
separation = 0.336257 
separation = 0.337523 
separation = 0.418595 
separation = 0.352341 
separation = 0.418595 
separation = 0.391643 
separation = 0.446562 
separation = 0.372460 
separation = 0.428953 
separation = 0.446562 
separation = 0.372460 
separation = 0.337523 
separation = 0.391643 
separation = 0.321565 
separation = 0.439664 
separation = 0.478274 
separation = 0.381634 
separation = 0.443240 
separation = 0.360883 
separation = 0.478274 
separation = 0.360883 
separation = 0.439664 
separation = 0.381634 
separation = 0.422226 
separation = 0.321565 
separation = 0.443240 
separation = 0.422226 
separation = 0.454448 
separation = 0.313112 
separation = 0.378142 
separation = 0.467988 
separation = 0.454448 
separation = 0.368308 
separation = 0.497023 
separation = 0.378142 
separation = 0.497023 
separation = 0.368308 
separation = 0.425649 
separation = 0.313112 
separation = 0.467988 
separation = 0.425649 
separation = 0.312002 
separation = 0.489977 
separation = 0.477286 
separation = 0.369569 
separation = 0.401163 
separation = 0.477286 
separation = 0.401163 
separation = 0.369569 
separation = 0.436939 
separation = 0.312002 
separation = 0.489977 
separation = 0.319181 
separation = 0.492915 
separation = 0.427162 
separation = 0.357021 
separation = 0.357021 
separation = 0.427162 
separation = 0.427296 
separation = 0.492915 
separation = 0.359546 
separation = 0.327434 
separation = 0.455165 
separation = 0.359546 
separation = 0.392202 
separation = 0.340448 
separation = 0.491396 
separation = 0.484435 
separation = 0.349020 
separation = 0.349020 
separation = 0.356559 
separation = 0.491396 
separation = 0.352525 
separation = 0.331005 
separation = 0.351311 
separation = 0.351311 
separation = 0.342252 
separation = 0.314059 
separation = 0.342252 
separation = 0.368731 
separation = 0.368731 
separation = 0.368731 
separation = 0.343653 
separation = 0.343653 
separation = 0.309617 
separation = 0.376906 
separation = 0.376906 
separation = 0.311714 
separation = 0.331011 
separation = 0.490737 
separation = 0.331011 
separation = 0.394389 
separation = 0.335194 
separation = 0.335194 
separation = 0.320134 
separation = 0.409136 
separation = 0.409136 
separation = 0.326461 
separation = 0.331942 
separation = 0.326461 
separation = 0.420726 
separation = 0.420726 
separation = 0.336052 
separation = 0.336052 
separation = 0.349028 
separation = 0.429506 
separation = 0.429506 
separation = 0.340166 
separation = 0.367824 
separation = 0.340166 
separation = 0.441013 
separation = 0.441013 
separation = 0.441013 
separation = 0.361643 
separation = 0.388861 
separation = 0.361643 
separation = 0.448938 
separation = 0.448938 
separation = 0.448938 
separation = 0.463984 
separation = 0.463984 
separation = 0.412135 
separation = 0.375292 
separation = 0.492399 
separation = 0.492399 
separation = 0.375292 
separation = 0.460266 
separation = 0.460266 
separation = 0.460266 
separation = 0.410867 
separation = 0.410867 
separation = 0.403428 
separation = 0.431555 
separation = 0.474084 
separation = 0.403428 
separation = 0.474084 
separation = 0.473126 
separation = 0.473126 
separation = 0.473126 
separation = 0.394210 
separation = 0.431779 
separation = 0.394210 
separation = 0.450267 
separation = 0.431779 
separation = 0.452555 
separation = 0.452555 
separation = 0.487674 
separation = 0.487674 
separation = 0.487674 
separation = 0.496144 
separation = 0.385587 
separation = 0.462244 
separation = 0.385587 
separation = 0.424644 
separation = 0.467776 
separation = 0.462244 
separation = 0.424644 
separation = 0.496144 
separation = 0.396137 
separation = 0.478041 
separation = 0.396137 
separation = 0.484258 
separation = 0.478041 
separation = 0.400059 
separation = 0.400059 
separation = 0.491517 
separation = 0.408379 
separation = 0.499682 
separation = 0.408379 
separation = 0.499682 
separation = 0.371745 
separation = 0.474735 
separation = 0.418618 
separation = 0.418618 
separation = 0.353745 
separation = 0.471015 
separation = 0.496780 
separation = 0.449663 
separation = 0.341185 
separation = 0.435987 
separation = 0.471923 
separation = 0.435987 
separation = 0.407627 
separation = 0.449954 
separation = 0.346001 
separation = 0.484572 
separation = 0.449954 
separation = 0.350211 
separation = 0.485130 
separation = 0.355059 
separation = 0.499048 
separation = 0.485130 
separation = 0.313792 
separation = 0.493741 
separation = 0.376231 
separation = 0.369140 
separation = 0.493741 
separation = 0.443105 
separation = 0.400836 
separation = 0.443105 
separation = 0.360475 
separation = 0.277060 
separation = 0.443105 
separation = 0.280654 
separation = 0.410431 
separation = 0.410431 
separation = 0.433560 
separation = 0.433560 
separation = 0.362755 
separation = 0.280654 
separation = 0.266024 
separation = 0.387734 
separation = 0.387734 
separation = 0.460517 
separation = 0.491961 
separation = 0.266024 
separation = 0.274038 
separation = 0.388668 
separation = 0.388668 
separation = 0.481614 
separation = 0.493954 
separation = 0.364386 
separation = 0.481614 
separation = 0.471616 
separation = 0.274038 
separation = 0.270741 
separation = 0.428432 
separation = 0.433515 
separation = 0.428432 
separation = 0.433515 
separation = 0.445930 
separation = 0.357007 
separation = 0.484267 
separation = 0.270741 
separation = 0.280428 
separation = 0.465338 
separation = 0.465338 
separation = 0.372814 
separation = 0.372814 
separation = 0.368110 
separation = 0.431046 
separation = 0.465202 
separation = 0.280428 
separation = 0.478077 
separation = 0.274888 
separation = 0.360574 
separation = 0.360574 
separation = 0.417499 
separation = 0.483359 
separation = 0.274888 
separation = 0.494678 
separation = 0.282035 
separation = 0.355313 
separation = 0.355313 
separation = 0.416999 
separation = 0.394368 
separation = 0.282035 
separation = 0.280129 
separation = 0.376729 
separation = 0.415715 
separation = 0.376729 
separation = 0.489646 
separation = 0.280129 
separation = 0.291499 
separation = 0.417098 
separation = 0.401340 
separation = 0.401340 
separation = 0.433318 
separation = 0.459687 
separation = 0.395009 
separation = 0.291499 
separation = 0.290048 
separation = 0.437292 
separation = 0.437292 
separation = 0.421589 
separation = 0.290048 
separation = 0.308917 
separation = 0.467552 
separation = 0.498138 
separation = 0.467552 
separation = 0.462157 
separation = 0.496988 
separation = 0.432971 
separation = 0.462157 
separation = 0.308917 
separation = 0.498138 
separation = 0.467552 
separation = 0.466459 
separation = 0.480801 
separation = 0.459780 
separation = 0.466937 
separation = 0.407484 
separation = 0.486017 
separation = 0.308618 
separation = 0.480801 
separation = 0.499107 
separation = 0.364942 
separation = 0.407484 
separation = 0.483607 
separation = 0.482620 
separation = 0.424849 
separation = 0.480801 
separation = 0.466937 
separation = 0.466459 
separation = 0.407484 
separation = 0.459780 
separation = 0.343098 
separation = 0.457071 
separation = 0.420528 
separation = 0.457609 
separation = 0.377524 
separation = 0.496412 
separation = 0.377524 
separation = 0.428459 
separation = 0.485888 
separation = 0.478872 
separation = 0.457071 
separation = 0.457609 
separation = 0.420528 
separation = 0.355740 
separation = 0.434818 
separation = 0.375402 
separation = 0.423040 
separation = 0.475444 
separation = 0.434942 
separation = 0.354334 
separation = 0.397701 
separation = 0.383121 
separation = 0.423040 
separation = 0.375402 
separation = 0.383121 
separation = 0.383121 
separation = 0.430649 
separation = 0.430649 
separation = 0.411262 
separation = 0.356525 
separation = 0.400648 
separation = 0.409048 
separation = 0.471416 
separation = 0.435196 
separation = 0.379581 
separation = 0.491466 
separation = 0.414411 
separation = 0.327181 
separation = 0.400648 
separation = 0.414411 
separation = 0.356525 
separation = 0.379581 
separation = 0.430668 
separation = 0.405046 
separation = 0.337527 
separation = 0.402285 
separation = 0.490645 
separation = 0.261974 
separation = 0.465930 
separation = 0.322375 
separation = 0.474064 
separation = 0.402285 
separation = 0.430668 
separation = 0.474064 
separation = 0.337527 
separation = 0.261974 
separation = 0.322375 
separation = 0.486112 
separation = 0.339625 
separation = 0.400134 
separation = 0.417987 
separation = 0.476960 
separation = 0.474223 
separation = 0.486219 
separation = 0.218006 
separation = 0.303538 
separation = 0.465821 
separation = 0.417987 
separation = 0.339625 
separation = 0.486112 
separation = 0.218006 
separation = 0.303538 
separation = 0.465821 
separation = 0.493945 
separation = 0.412795 
separation = 0.492109 
separation = 0.176045 
separation = 0.339284 
separation = 0.442564 
separation = 0.432155 
separation = 0.272193 
separation = 0.482078 
separation = 0.427758 
separation = 0.442564 
separation = 0.176045 
separation = 0.339284 
separation = 0.272193 
separation = 0.493945 
separation = 0.463866 
separation = 0.444580 
separation = 0.487824 
separation = 0.160796 
separation = 0.486509 
separation = 0.473208 
separation = 0.483759 
separation = 0.487824 
separation = 0.393701 
separation = 0.358032 
separation = 0.270805 
separation = 0.498931 
separation = 0.483759 
separation = 0.400217 
separation = 0.486509 
separation = 0.160796 
separation = 0.270805 
separation = 0.463866 
separation = 0.358032 
separation = 0.468818 
separation = 0.457165 
separation = 0.449109 
separation = 0.439552 
separation = 0.459700 
separation = 0.152323 
separation = 0.449109 
separation = 0.489740 
separation = 0.319229 
separation = 0.276996 
separation = 0.459700 
separation = 0.439552 
separation = 0.387377 
separation = 0.375780 
separation = 0.375780 
separation = 0.468818 
separation = 0.152323 
separation = 0.276996 
separation = 0.401095 
separation = 0.474319 
separation = 0.446241 
separation = 0.431775 
separation = 0.412921 
separation = 0.165526 
separation = 0.432977 
separation = 0.431775 
separation = 0.420155 
separation = 0.296880 
separation = 0.432977 
separation = 0.370989 
separation = 0.474319 
separation = 0.401095 
separation = 0.389722 
separation = 0.474690 
separation = 0.187194 
separation = 0.415902 
separation = 0.423838 
separation = 0.476867 
separation = 0.413334 
separation = 0.474690 
separation = 0.340101 
separation = 0.381592 
separation = 0.268137 
separation = 0.222883 
separation = 0.394837 
separation = 0.402869 
separation = 0.440380 
separation = 0.418759 
separation = 0.418759 
separation = 0.393205 
separation = 0.440380 
separation = 0.388394 
separation = 0.402869 
separation = 0.254155 
separation = 0.222883 
separation = 0.393205 
separation = 0.388394 
separation = 0.281679 
separation = 0.373188 
separation = 0.424857 
separation = 0.387353 
separation = 0.424857 
separation = 0.437312 
separation = 0.459221 
separation = 0.459221 
separation = 0.281679 
separation = 0.387353 
separation = 0.437312 
separation = 0.218461 
separation = 0.339255 
separation = 0.382948 
separation = 0.369714 
separation = 0.440664 
separation = 0.440664 
separation = 0.475603 
separation = 0.339255 
separation = 0.369714 
separation = 0.475603 
separation = 0.202909 
separation = 0.421800 
separation = 0.378651 
separation = 0.343485 
separation = 0.456689 
separation = 0.456689 
separation = 0.421800 
separation = 0.343485 
separation = 0.499355 
separation = 0.400614 
separation = 0.495493 
separation = 0.338022 
separation = 0.474219 
separation = 0.499355 
separation = 0.461949 
separation = 0.495493 
separation = 0.338022 
separation = 0.441266 
separation = 0.300695 
separation = 0.487144 
separation = 0.487144 
separation = 0.300695 
separation = 0.457487 
separation = 0.293905 
separation = 0.480803 
separation = 0.480803 
separation = 0.492317 
separation = 0.269694 
separation = 0.492317 
separation = 0.497008 
separation = 0.489435 
separation = 0.280413 
separation = 0.497008 
separation = 0.445441 
separation = 0.281465 
separation = 0.450569 
separation = 0.403880 
separation = 0.315194 
separation = 0.435465 
separation = 0.409189 
separation = 0.423393 
separation = 0.340394 
separation = 0.372413 
separation = 0.442279 
separation = 0.437451 
separation = 0.370022 
separation = 0.348763 
separation = 0.439998 
separation = 0.404097 
separation = 0.334577 
separation = 0.450634 
separation = 0.450634 
separation = 0.479983 
separation = 0.479983 
separation = 0.413580 
separation = 0.434608 
separation = 0.413580 
separation = 0.453465 
separation = 0.491255 
separation = 0.434608 
separation = 0.491255 
separation = 0.460612 
separation = 0.380248 
separation = 0.416891 
separation = 0.375632 
separation = 0.414232 
separation = 0.375632 
separation = 0.471155 
separation = 0.471155 
separation = 0.414232 
separation = 0.460612 
separation = 0.430153 
separation = 0.354643 
separation = 0.423428 
separation = 0.497416 
separation = 0.332139 
separation = 0.354643 
separation = 0.469663 
separation = 0.425994 
separation = 0.469663 
separation = 0.451409 
separation = 0.451409 
separation = 0.430153 
separation = 0.423428 
separation = 0.497416 
separation = 0.451409 
separation = 0.469663 
separation = 0.462189 
separation = 0.321137 
separation = 0.436580 
separation = 0.303549 
separation = 0.471160 
separation = 0.321137 
separation = 0.498468 
separation = 0.481313 
separation = 0.486531 
separation = 0.491915 
separation = 0.491915 
separation = 0.407454 
separation = 0.400604 
separation = 0.407454 
separation = 0.407454 
separation = 0.436580 
separation = 0.471160 
separation = 0.400604 
separation = 0.400604 
separation = 0.491915 
separation = 0.442636 
separation = 0.394188 
separation = 0.357434 
separation = 0.491422 
separation = 0.317640 
separation = 0.458793 
separation = 0.405928 
separation = 0.357434 
separation = 0.317640 
separation = 0.459705 
separation = 0.493606 
separation = 0.499144 
separation = 0.482540 
separation = 0.442636 
separation = 0.289724 
separation = 0.493606 
separation = 0.394188 
separation = 0.491422 
separation = 0.493606 
separation = 0.499144 
separation = 0.482540 
separation = 0.389591 
separation = 0.398755 
separation = 0.484523 
separation = 0.481616 
separation = 0.291648 
separation = 0.390311 
separation = 0.444714 
separation = 0.285756 
separation = 0.484523 
separation = 0.291648 
separation = 0.398755 
separation = 0.498426 
separation = 0.478341 
separation = 0.479193 
separation = 0.390311 
separation = 0.481616 
separation = 0.484523 
separation = 0.449501 
separation = 0.390421 
separation = 0.453115 
separation = 0.443459 
separation = 0.294920 
separation = 0.443459 
separation = 0.295603 
separation = 0.466489 
separation = 0.295603 
separation = 0.476653 
separation = 0.432045 
separation = 0.466489 
separation = 0.449501 
separation = 0.443135 
separation = 0.448782 
separation = 0.440304 
separation = 0.499793 
separation = 0.464924 
separation = 0.286062 
separation = 0.488032 
separation = 0.464924 
separation = 0.286062 
separation = 0.390095 
separation = 0.309111 
separation = 0.409052 
separation = 0.409052 
separation = 0.409052 
separation = 0.499793 
separation = 0.443135 
separation = 0.390095 
separation = 0.448782 
separation = 0.498190 
separation = 0.303994 
separation = 0.442147 
separation = 0.458360 
separation = 0.489546 
separation = 0.337821 
separation = 0.480829 
separation = 0.303994 
separation = 0.449253 
separation = 0.442147 
separation = 0.339815 
separation = 0.480950 
separation = 0.458360 
separation = 0.476840 
separation = 0.318064 
separation = 0.359839 
separation = 0.493322 
separation = 0.479950 
separation = 0.494285 
separation = 0.318064 
separation = 0.488632 
separation = 0.490611 
separation = 0.488632 
separation = 0.493927 
separation = 0.494285 
separation = 0.307311 
separation = 0.476840 
separation = 0.485839 
separation = 0.493927 
separation = 0.479950 
separation = 0.488632 
separation = 0.459808 
separation = 0.338467 
separation = 0.401652 
separation = 0.446965 
separation = 0.474836 
separation = 0.484291 
separation = 0.271947 
separation = 0.484291 
separation = 0.271947 
separation = 0.372630 
separation = 0.372630 
separation = 0.271947 
separation = 0.465939 
separation = 0.338467 
separation = 0.484291 
separation = 0.446965 
separation = 0.370362 
separation = 0.449099 
separation = 0.494552 
separation = 0.484390 
separation = 0.409894 
separation = 0.409894 
separation = 0.470395 
separation = 0.253995 
separation = 0.484390 
separation = 0.484390 
separation = 0.365510 
separation = 0.435667 
separation = 0.430410 
separation = 0.430410 
separation = 0.241639 
separation = 0.241639 
separation = 0.470673 
separation = 0.241639 
separation = 0.435667 
separation = 0.430410 
separation = 0.352148 
separation = 0.379486 
separation = 0.490390 
separation = 0.423528 
separation = 0.379486 
separation = 0.490390 
separation = 0.423528 
separation = 0.458140 
separation = 0.353266 
separation = 0.407540 
separation = 0.493553 
separation = 0.353266 
separation = 0.484151 
separation = 0.474958 
separation = 0.462882 
separation = 0.484151 
separation = 0.493329 
separation = 0.475775 
separation = 0.493553 
separation = 0.353266 
separation = 0.462021 
separation = 0.433187 
separation = 0.355494 
separation = 0.419739 
separation = 0.301770 
separation = 0.487161 
separation = 0.458653 
separation = 0.487161 
separation = 0.492154 
separation = 0.433187 
separation = 0.448617 
separation = 0.492154 
separation = 0.488174 
separation = 0.175864 
separation = 0.487888 
separation = 0.465043 
separation = 0.175864 
separation = 0.355494 
separation = 0.424132 
separation = 0.493937 
separation = 0.495172 
separation = 0.447687 
separation = 0.492324 
separation = 0.493937 
separation = 0.400515 
separation = 0.447687 
separation = 0.498179 
separation = 0.477367 
separation = 0.494121 
separation = 0.355585 
separation = 0.480818 
separation = 0.480818 
separation = 0.334529 
separation = 0.245344 
separation = 0.275118 
separation = 0.488726 
separation = 0.498290 
separation = 0.495172 
separation = 0.496221 
separation = 0.232302 
separation = 0.457545 
separation = 0.361542 
separation = 0.447934 
separation = 0.457545 
separation = 0.484254 
separation = 0.232302 
separation = 0.428902 
separation = 0.496221 
separation = 0.414222 
separation = 0.484254 
separation = 0.352354 
separation = 0.439587 
separation = 0.439587 
separation = 0.299487 
separation = 0.347941 
separation = 0.270833 
separation = 0.490585 
separation = 0.433888 
separation = 0.439865 
separation = 0.224204 
separation = 0.358369 
separation = 0.383880 
separation = 0.450881 
separation = 0.349553 
separation = 0.490165 
separation = 0.436254 
separation = 0.496223 
separation = 0.454823 
separation = 0.487161 
separation = 0.224204 
separation = 0.450881 
separation = 0.487161 
separation = 0.490165 
separation = 0.492169 
separation = 0.492169 
separation = 0.173227 
separation = 0.330084 
separation = 0.263313 
separation = 0.340693 
separation = 0.363416 
separation = 0.173227 
separation = 0.358369 
separation = 0.349553 
separation = 0.435635 
separation = 0.333150 
separation = 0.443693 
separation = 0.475339 
separation = 0.207835 
separation = 0.479206 
separation = 0.405292 
separation = 0.357863 
separation = 0.398123 
separation = 0.479206 
separation = 0.384276 
separation = 0.443693 
separation = 0.207835 
separation = 0.447593 
separation = 0.447593 
separation = 0.448838 
separation = 0.356342 
separation = 0.344582 
separation = 0.333150 
separation = 0.402332 
separation = 0.383723 
separation = 0.373317 
separation = 0.443693 
separation = 0.333150 
separation = 0.402332 
separation = 0.383723 
separation = 0.478869 
separation = 0.402332 
separation = 0.383723 
separation = 0.467148 
separation = 0.436473 
separation = 0.461553 
separation = 0.382666 
separation = 0.205479 
separation = 0.262512 
separation = 0.436473 
separation = 0.464943 
separation = 0.438099 
separation = 0.422531 
separation = 0.496464 
separation = 0.380428 
separation = 0.461553 
separation = 0.205479 
separation = 0.496464 
separation = 0.491338 
separation = 0.450010 
separation = 0.448169 
separation = 0.380679 
separation = 0.371622 
separation = 0.474762 
separation = 0.283434 
separation = 0.325590 
separation = 0.372662 
separation = 0.337641 
separation = 0.145484 
separation = 0.313376 
separation = 0.313376 
separation = 0.436473 
separation = 0.372662 
separation = 0.388127 
separation = 0.372662 
separation = 0.382666 
separation = 0.448169 
separation = 0.228232 
separation = 0.436041 
separation = 0.423697 
separation = 0.463270 
separation = 0.457205 
separation = 0.261335 
separation = 0.422931 
separation = 0.205639 
separation = 0.228232 
separation = 0.105024 
separation = 0.423697 
separation = 0.402995 
separation = 0.460553 
separation = 0.408642 
separation = 0.408642 
separation = 0.463270 
separation = 0.429732 
separation = 0.280661 
separation = 0.465644 
separation = 0.391669 
separation = 0.373584 
separation = 0.392460 
separation = 0.261335 
separation = 0.304027 
separation = 0.323200 
separation = 0.323200 
separation = 0.323200 
separation = 0.422931 
separation = 0.380354 
separation = 0.459272 
separation = 0.304027 
separation = 0.457205 
separation = 0.304027 
separation = 0.373584 
separation = 0.309449 
separation = 0.410411 
separation = 0.333687 
separation = 0.418892 
separation = 0.308362 
separation = 0.460533 
separation = 0.177963 
separation = 0.488421 
separation = 0.418892 
separation = 0.252626 
separation = 0.364319 
separation = 0.352919 
separation = 0.388084 
separation = 0.470906 
separation = 0.308362 
separation = 0.460533 
separation = 0.309449 
separation = 0.329352 
separation = 0.374018 
separation = 0.374018 
separation = 0.094213 
separation = 0.452576 
separation = 0.345007 
separation = 0.382004 
separation = 0.305678 
separation = 0.252626 
separation = 0.448261 
separation = 0.345007 
separation = 0.322611 
separation = 0.322611 
separation = 0.309449 
separation = 0.485443 
separation = 0.485443 
separation = 0.322611 
separation = 0.418892 
separation = 0.470906 
separation = 0.322611 
separation = 0.309449 
separation = 0.333687 
separation = 0.303406 
separation = 0.379475 
separation = 0.384689 
separation = 0.398738 
separation = 0.458670 
separation = 0.474852 
separation = 0.462579 
separation = 0.384689 
separation = 0.346244 
separation = 0.381837 
separation = 0.492134 
separation = 0.163648 
separation = 0.381837 
separation = 0.226701 
separation = 0.462579 
separation = 0.411172 
separation = 0.371200 
separation = 0.098518 
separation = 0.303406 
separation = 0.302204 
separation = 0.371200 
separation = 0.471611 
separation = 0.302204 
separation = 0.439081 
separation = 0.458670 
separation = 0.365871 
separation = 0.332956 
separation = 0.445298 
separation = 0.376018 
separation = 0.278649 
separation = 0.419919 
separation = 0.239976 
separation = 0.226701 
separation = 0.438044 
separation = 0.419919 
separation = 0.303406 
separation = 0.302204 
separation = 0.458670 
separation = 0.454655 
separation = 0.454655 
separation = 0.384689 
separation = 0.303406 
separation = 0.302204 
separation = 0.278649 
separation = 0.492134 
separation = 0.346244 
separation = 0.458670 
separation = 0.332956 
separation = 0.308268 
separation = 0.361733 
separation = 0.379785 
separation = 0.499882 
separation = 0.429121 
separation = 0.465233 
separation = 0.334339 
separation = 0.455710 
separation = 0.151870 
separation = 0.492443 
separation = 0.334339 
separation = 0.245791 
separation = 0.379785 
separation = 0.465233 
separation = 0.391434 
separation = 0.365691 
separation = 0.376998 
separation = 0.360237 
separation = 0.360237 
separation = 0.110771 
separation = 0.217541 
separation = 0.423086 
separation = 0.327834 
separation = 0.217541 
separation = 0.245791 
separation = 0.268497 
separation = 0.365691 
separation = 0.357173 
separation = 0.429121 
separation = 0.429121 
separation = 0.412336 
separation = 0.385203 
separation = 0.412336 
separation = 0.379785 
separation = 0.308268 
separation = 0.492443 
separation = 0.327834 
separation = 0.429121 
separation = 0.455710 
separation = 0.385203 
separation = 0.487303 
separation = 0.470132 
separation = 0.285821 
separation = 0.498757 
separation = 0.440452 
separation = 0.379998 
separation = 0.368383 
separation = 0.470132 
separation = 0.392450 
separation = 0.285129 
separation = 0.276496 
separation = 0.457109 
separation = 0.165881 
separation = 0.445835 
separation = 0.285129 
separation = 0.331958 
separation = 0.330599 
separation = 0.132035 
separation = 0.235727 
separation = 0.374086 
separation = 0.330599 
separation = 0.309622 
separation = 0.379998 
separation = 0.362584 
separation = 0.426476 
separation = 0.487303 
separation = 0.457109 
separation = 0.235727 
separation = 0.467306 
separation = 0.341684 
separation = 0.498757 
separation = 0.392450 
separation = 0.374086 
separation = 0.276496 
separation = 0.392450 
separation = 0.470132 
separation = 0.421660 
separation = 0.421660 
separation = 0.352102 
separation = 0.285821 
separation = 0.379998 
separation = 0.470132 
separation = 0.362584 
separation = 0.467306 
separation = 0.498757 
separation = 0.352102 
separation = 0.392450 
separation = 0.425198 
separation = 0.309091 
separation = 0.499186 
separation = 0.349428 
separation = 0.202559 
separation = 0.490783 
separation = 0.412702 
separation = 0.425198 
separation = 0.346723 
separation = 0.479669 
separation = 0.372573 
separation = 0.156865 
separation = 0.478552 
separation = 0.385941 
separation = 0.457129 
separation = 0.286343 
separation = 0.202559 
separation = 0.160108 
separation = 0.461213 
separation = 0.372573 
separation = 0.479669 
separation = 0.258344 
separation = 0.461213 
separation = 0.412702 
separation = 0.499186 
separation = 0.465000 
separation = 0.449613 
separation = 0.431841 
separation = 0.431263 
separation = 0.305019 
separation = 0.286343 
separation = 0.465000 
separation = 0.262335 
separation = 0.403981 
separation = 0.258344 
separation = 0.403981 
separation = 0.443197 
separation = 0.425198 
separation = 0.384872 
separation = 0.384872 
separation = 0.388294 
separation = 0.412702 
separation = 0.309091 
separation = 0.403981 
separation = 0.425198 
separation = 0.431841 
separation = 0.431263 
separation = 0.388294 
separation = 0.443197 
separation = 0.457129 
separation = 0.499385 
separation = 0.302387 
separation = 0.447743 
separation = 0.392502 
separation = 0.406089 
separation = 0.438488 
separation = 0.169484 
separation = 0.438488 
separation = 0.334348 
separation = 0.445881 
separation = 0.480744 
separation = 0.437856 
separation = 0.161383 
separation = 0.366237 
separation = 0.492162 
separation = 0.169484 
separation = 0.462229 
separation = 0.437856 
separation = 0.447743 
separation = 0.461710 
separation = 0.192941 
separation = 0.260035 
separation = 0.491608 
separation = 0.392502 
separation = 0.437061 
separation = 0.462229 
separation = 0.499385 
separation = 0.445881 
separation = 0.356509 
separation = 0.337873 
separation = 0.279571 
separation = 0.271219 
separation = 0.417761 
separation = 0.367152 
separation = 0.484978 
separation = 0.429512 
separation = 0.497580 
separation = 0.367152 
separation = 0.415652 
separation = 0.403489 
separation = 0.403489 
separation = 0.392502 
separation = 0.413587 
separation = 0.302387 
separation = 0.438488 
separation = 0.367152 
separation = 0.437061 
separation = 0.415652 
separation = 0.491608 
separation = 0.462479 
separation = 0.347854 
separation = 0.437978 
separation = 0.415152 
separation = 0.422284 
separation = 0.462479 
separation = 0.439293 
separation = 0.111154 
separation = 0.170566 
separation = 0.439293 
separation = 0.355279 
separation = 0.377321 
separation = 0.409926 
separation = 0.170566 
separation = 0.307794 
separation = 0.409926 
separation = 0.319463 
separation = 0.469847 
separation = 0.356593 
separation = 0.446849 
separation = 0.424532 
separation = 0.447933 
separation = 0.297254 
separation = 0.111154 
separation = 0.382509 
separation = 0.439553 
separation = 0.380514 
separation = 0.382509 
separation = 0.415152 
separation = 0.488476 
separation = 0.394944 
separation = 0.355279 
separation = 0.452724 
separation = 0.380514 
separation = 0.317920 
separation = 0.377321 
separation = 0.437978 
separation = 0.287828 
separation = 0.445269 
separation = 0.446442 
separation = 0.468276 
separation = 0.409146 
separation = 0.462479 
separation = 0.425050 
separation = 0.462479 
separation = 0.415152 
separation = 0.437978 
separation = 0.347854 
separation = 0.380514 
separation = 0.468276 
separation = 0.439553 
separation = 0.409146 
separation = 0.499858 
separation = 0.439293 
separation = 0.377321 
separation = 0.445269 
separation = 0.446442 
separation = 0.212206 
separation = 0.288259 
separation = 0.363820 
separation = 0.457301 
separation = 0.327613 
separation = 0.421787 
separation = 0.298873 
separation = 0.339697 
separation = 0.353882 
separation = 0.094008 
separation = 0.203460 
separation = 0.429642 
separation = 0.432047 
separation = 0.203460 
separation = 0.432047 
separation = 0.393693 
separation = 0.364239 
separation = 0.327613 
separation = 0.325693 
separation = 0.094008 
separation = 0.323173 
separation = 0.402114 
separation = 0.363820 
separation = 0.325693 
separation = 0.427728 
separation = 0.444301 
separation = 0.393693 
separation = 0.421684 
separation = 0.467973 
separation = 0.383430 
separation = 0.353882 
separation = 0.324220 
separation = 0.359827 
separation = 0.427019 
separation = 0.457301 
separation = 0.286633 
separation = 0.298873 
separation = 0.279207 
separation = 0.488232 
separation = 0.308008 
separation = 0.427019 
separation = 0.383430 
separation = 0.367187 
separation = 0.454056 
separation = 0.341490 
separation = 0.442549 
separation = 0.270304 
separation = 0.298548 
separation = 0.284063 
separation = 0.476923 
separation = 0.491840 
separation = 0.363820 
separation = 0.476923 
separation = 0.350800 
separation = 0.350800 
separation = 0.427019 
separation = 0.457301 
separation = 0.429642 
separation = 0.339697 
separation = 0.363820 
separation = 0.288259 
separation = 0.491840 
separation = 0.212206 
separation = 0.284063 
separation = 0.327613 
separation = 0.427019 
separation = 0.341490 
separation = 0.367187 
separation = 0.442549 
separation = 0.270304 
separation = 0.421684 
separation = 0.454056 
separation = 0.344272 
separation = 0.398874 
separation = 0.489894 
separation = 0.307650 
separation = 0.077015 
separation = 0.491869 
separation = 0.382108 
separation = 0.470415 
separation = 0.489894 
separation = 0.077015 
separation = 0.413290 
separation = 0.491869 
separation = 0.348484 
separation = 0.226066 
separation = 0.454296 
separation = 0.365786 
separation = 0.398874 
separation = 0.330826 
separation = 0.395469 
separation = 0.333843 
separation = 0.361415 
separation = 0.366354 
separation = 0.295351 
separation = 0.333843 
separation = 0.307650 
separation = 0.377262 
separation = 0.395469 
separation = 0.443454 
separation = 0.361829 
separation = 0.413290 
separation = 0.339384 
separation = 0.496081 
separation = 0.295351 
separation = 0.292016 
separation = 0.439369 
separation = 0.472287 
separation = 0.328457 
separation = 0.313611 
separation = 0.462136 
separation = 0.339384 
separation = 0.398874 
separation = 0.462136 
separation = 0.355545 
separation = 0.395469 
separation = 0.214688 
separation = 0.214688 
separation = 0.355545 
separation = 0.311917 
separation = 0.311917 
separation = 0.398874 
separation = 0.395469 
separation = 0.366354 
separation = 0.339384 
separation = 0.328457 
separation = 0.348484 
separation = 0.496081 
separation = 0.439369 
separation = 0.457350 
separation = 0.318069 
separation = 0.454062 
separation = 0.484158 
separation = 0.285417 
separation = 0.484220 
separation = 0.236110 
separation = 0.303282 
separation = 0.454062 
separation = 0.291212 
separation = 0.305317 
separation = 0.263583 
separation = 0.208184 
separation = 0.326822 
separation = 0.483025 
separation = 0.331200 
separation = 0.457350 
separation = 0.484158 
separation = 0.285417 
separation = 0.324322 
separation = 0.414284 
separation = 0.214111 
separation = 0.499211 
separation = 0.097705 
separation = 0.318069 
separation = 0.414284 
separation = 0.364958 
separation = 0.372384 
separation = 0.097705 
separation = 0.263583 
separation = 0.406730 
separation = 0.481937 
separation = 0.406730 
separation = 0.291212 
separation = 0.176040 
separation = 0.390321 
separation = 0.408384 
separation = 0.415742 
separation = 0.305317 
separation = 0.398753 
separation = 0.495060 
separation = 0.415742 
separation = 0.331200 
separation = 0.438914 
separation = 0.394952 
separation = 0.496345 
separation = 0.457350 
separation = 0.229098 
separation = 0.406730 
separation = 0.483025 
separation = 0.398753 
separation = 0.457350 
separation = 0.406730 
separation = 0.263583 
separation = 0.236110 
separation = 0.496345 
separation = 0.229098 
separation = 0.303282 
separation = 0.181722 
separation = 0.364958 
separation = 0.408384 
separation = 0.351729 
separation = 0.149948 
separation = 0.309898 
separation = 0.449599 
separation = 0.383678 
separation = 0.309088 
separation = 0.447978 
separation = 0.439875 
separation = 0.467868 
separation = 0.310826 
separation = 0.439391 
separation = 0.229403 
separation = 0.439391 
separation = 0.364765 
separation = 0.369046 
separation = 0.483286 
separation = 0.319421 
separation = 0.149948 
separation = 0.256281 
separation = 0.364765 
separation = 0.439875 
separation = 0.220745 
separation = 0.399874 
separation = 0.313942 
separation = 0.174655 
separation = 0.256281 
separation = 0.399490 
separation = 0.229403 
separation = 0.390535 
separation = 0.431986 
separation = 0.449599 
separation = 0.350919 
separation = 0.399490 
separation = 0.483286 
separation = 0.422662 
separation = 0.186882 
separation = 0.455196 
separation = 0.442289 
separation = 0.354822 
separation = 0.310826 
separation = 0.437702 
separation = 0.186882 
separation = 0.189842 
separation = 0.467139 
separation = 0.354660 
separation = 0.354822 
separation = 0.437702 
separation = 0.319200 
separation = 0.481768 
separation = 0.319421 
separation = 0.432345 
separation = 0.482005 
separation = 0.467868 
separation = 0.399874 
separation = 0.442289 
separation = 0.313951 
separation = 0.442289 
separation = 0.323847 
separation = 0.332139 
separation = 0.383678 
separation = 0.309088 
separation = 0.354660 
separation = 0.482005 
separation = 0.350919 
separation = 0.324608 
separation = 0.455196 
separation = 0.319200 
separation = 0.313021 
separation = 0.241139 
separation = 0.388227 
separation = 0.435222 
separation = 0.386417 
separation = 0.471348 
separation = 0.493096 
separation = 0.480488 
separation = 0.267205 
separation = 0.267205 
separation = 0.471348 
separation = 0.494475 
separation = 0.240540 
separation = 0.405732 
separation = 0.405732 
separation = 0.443177 
separation = 0.366173 
separation = 0.435222 
separation = 0.494475 
separation = 0.241139 
separation = 0.358944 
separation = 0.261497 
separation = 0.442463 
separation = 0.442523 
separation = 0.386417 
separation = 0.416129 
separation = 0.362351 
separation = 0.366173 
separation = 0.486294 
separation = 0.384627 
separation = 0.342806 
separation = 0.216091 
separation = 0.466027 
separation = 0.291444 
separation = 0.252816 
separation = 0.252816 
separation = 0.142958 
separation = 0.230304 
separation = 0.480488 
separation = 0.416129 
separation = 0.495624 
separation = 0.454585 
separation = 0.454585 
separation = 0.230304 
separation = 0.458622 
separation = 0.356587 
separation = 0.459641 
separation = 0.472715 
separation = 0.142958 
separation = 0.313021 
separation = 0.493096 
separation = 0.220104 
separation = 0.406949 
separation = 0.290576 
separation = 0.386803 
separation = 0.353111 
separation = 0.351902 
separation = 0.342806 
separation = 0.358944 
separation = 0.220104 
separation = 0.420916 
separation = 0.324802 
separation = 0.216091 
separation = 0.466027 
separation = 0.478388 
separation = 0.428120 
separation = 0.406949 
separation = 0.428120 
separation = 0.301606 
separation = 0.482333 
separation = 0.486294 
separation = 0.320197 
separation = 0.481362 
separation = 0.471348 
separation = 0.196656 
separation = 0.470746 
separation = 0.480488 
separation = 0.306973 
separation = 0.260623 
separation = 0.348253 
separation = 0.306973 
separation = 0.310893 
separation = 0.290022 
separation = 0.196656 
separation = 0.348253 
separation = 0.471348 
separation = 0.480488 
separation = 0.240540 
separation = 0.470746 
separation = 0.260623 
separation = 0.495624 
separation = 0.420916 
separation = 0.290022 
separation = 0.310893 
separation = 0.388227 
separation = 0.482211 
separation = 0.386803 
separation = 0.444373 
separation = 0.471483 
separation = 0.245232 
separation = 0.333332 
separation = 0.478388 
separation = 0.174408 
separation = 0.471483 
separation = 0.339240 
separation = 0.482333 
separation = 0.326841 
separation = 0.363154 
separation = 0.333372 
separation = 0.283261 
separation = 0.274215 
separation = 0.246091 
separation = 0.185406 
separation = 0.224183 
separation = 0.459542 
separation = 0.475783 
separation = 0.410039 
separation = 0.430557 
separation = 0.259763 
separation = 0.478784 
separation = 0.271490 
separation = 0.395080 
separation = 0.394896 
separation = 0.260077 
separation = 0.230455 
separation = 0.394896 
separation = 0.260077 
separation = 0.499436 
separation = 0.185406 
separation = 0.204230 
separation = 0.211510 
separation = 0.274215 
separation = 0.259763 
separation = 0.242224 
separation = 0.471752 
separation = 0.459542 
separation = 0.417249 
separation = 0.425505 
separation = 0.406925 
separation = 0.264033 
separation = 0.430557 
separation = 0.361791 
separation = 0.195280 
separation = 0.195280 
separation = 0.250604 
separation = 0.246091 
separation = 0.446986 
separation = 0.378845 
separation = 0.472599 
separation = 0.293346 
separation = 0.321405 
separation = 0.475783 
separation = 0.410039 
separation = 0.182425 
separation = 0.397534 
separation = 0.485140 
separation = 0.477982 
separation = 0.414380 
separation = 0.204230 
separation = 0.417249 
separation = 0.395080 
separation = 0.494213 
separation = 0.471752 
separation = 0.477982 
separation = 0.433759 
separation = 0.478784 
separation = 0.443175 
separation = 0.454961 
separation = 0.208580 
separation = 0.454829 
separation = 0.383445 
separation = 0.232770 
separation = 0.264033 
separation = 0.230681 
separation = 0.153453 
separation = 0.227282 
separation = 0.182425 
separation = 0.412745 
separation = 0.370155 
separation = 0.139516 
separation = 0.473663 
separation = 0.495622 
separation = 0.242224 
separation = 0.227282 
separation = 0.495622 
separation = 0.435759 
separation = 0.451635 
separation = 0.309342 
separation = 0.455336 
separation = 0.443175 
separation = 0.370155 
separation = 0.308975 
separation = 0.451635 
separation = 0.340414 
separation = 0.329618 
separation = 0.232770 
separation = 0.132153 
separation = 0.254625 
separation = 0.466824 
separation = 0.293346 
separation = 0.208580 
separation = 0.425505 
separation = 0.256228 
separation = 0.361791 
separation = 0.377254 
separation = 0.139516 
separation = 0.377254 
separation = 0.445609 
separation = 0.164575 
separation = 0.445609 
separation = 0.494213 
separation = 0.462718 
separation = 0.215977 
separation = 0.132153 
separation = 0.309342 
separation = 0.466824 
separation = 0.296044 
separation = 0.340414 
separation = 0.360255 
separation = 0.446986 
separation = 0.254625 
separation = 0.329618 
separation = 0.374093 
separation = 0.372227 
separation = 0.378845 
separation = 0.211510 
separation = 0.394896 
separation = 0.189768 
separation = 0.274215 
separation = 0.242224 
separation = 0.378469 
separation = 0.481710 
separation = 0.204230 
separation = 0.385394 
separation = 0.379610 
separation = 0.428708 
separation = 0.395080 
separation = 0.457433 
separation = 0.394896 
separation = 0.230681 
separation = 0.185406 
separation = 0.204230 
separation = 0.428708 
separation = 0.406925 
separation = 0.321405 
separation = 0.256228 
separation = 0.495716 
separation = 0.471752 
separation = 0.242224 
separation = 0.495716 
separation = 0.495716 
separation = 0.481710 
separation = 0.457433 
separation = 0.385394 
separation = 0.379610 
separation = 0.378469 
separation = 0.306869 
separation = 0.435759 
separation = 0.185406 
separation = 0.315583 
separation = 0.462718 
separation = 0.395080 
separation = 0.250604 
separation = 0.211510 
separation = 0.296044 
separation = 0.477914 
separation = 0.435243 
separation = 0.493119 
separation = 0.346391 
separation = 0.211014 
separation = 0.287332 
separation = 0.383239 
separation = 0.470275 
separation = 0.465323 
separation = 0.390488 
separation = 0.436015 
separation = 0.211014 
separation = 0.493119 
separation = 0.453488 
separation = 0.442096 
separation = 0.226274 
separation = 0.346391 
separation = 0.245541 
separation = 0.390488 
separation = 0.410722 
separation = 0.397338 
separation = 0.465852 
separation = 0.442588 
separation = 0.345317 
separation = 0.436015 
separation = 0.383239 
separation = 0.376637 
separation = 0.339040 
separation = 0.245541 
separation = 0.435638 
separation = 0.226274 
separation = 0.266730 
separation = 0.346286 
separation = 0.361615 
separation = 0.369029 
separation = 0.392088 
separation = 0.288689 
separation = 0.137228 
separation = 0.397338 
separation = 0.288689 
separation = 0.453488 
separation = 0.198247 
separation = 0.438273 
separation = 0.376637 
separation = 0.293228 
separation = 0.426576 
separation = 0.457431 
separation = 0.493395 
separation = 0.244227 
separation = 0.209587 
separation = 0.165030 
separation = 0.244227 
separation = 0.165030 
separation = 0.470275 
separation = 0.397338 
separation = 0.361615 
separation = 0.209587 
separation = 0.392088 
separation = 0.293228 
equilibration step 110000
equilibration step 120000
equilibration step 130000
equilibration step 140000
equilibration step 150000
equilibration step 160000
equilibration step 170000
equilibration step 180000
equilibration step 190000
equilibration step 200000
equilibration step 210000
equilibration step 220000
equilibration step 230000
equilibration step 240000
equilibration step 250000
equilibration step 260000
equilibration step 270000
equilibration step 280000
equilibration step 290000
equilibration step 300000
equilibration step 310000
equilibration step 320000
equilibration step 330000
equilibration step 340000
equilibration step 350000
equilibration step 360000
equilibration step 370000
equilibration step 380000
equilibration step 390000
equilibration step 400000
equilibration step 410000
equilibration step 420000
equilibration step 430000
equilibration step 440000
equilibration step 450000
equilibration step 460000
equilibration step 470000
equilibration step 480000
equilibration step 490000
equilibration step 500000
equilibration step 510000
equilibration step 520000
equilibration step 530000
equilibration step 540000
equilibration step 550000
equilibration step 560000
equilibration step 570000
equilibration step 580000
equilibration step 590000
 
... done equilibrating!
-----------------------------------------------
 
1500
3000
4500
6000
7500
9000
10500
12000
13500
15000
16500
18000
19500
21000
22500
24000
25500
27000
28500
30000
31500
33000
34500
36000
37500
39000
40500
42000
43500
45000
46500
48000
49500
51000
52500
54000
55500
57000
58500
60000
61500
63000
64500
66000
67500
69000
70500
72000
73500
75000
76500
78000
79500
81000
82500
84000
85500
87000
88500
90000
91500
93000
94500
96000
97500
99000
100500
102000
103500
105000
106500
108000
109500
111000
112500
114000
115500
117000
118500
120000
121500
123000
124500
126000
127500
129000
130500
132000
133500
135000
136500
138000
139500
141000
142500
144000
145500
147000
148500
150000
151500
153000
154500
156000
157500
159000
160500
162000
163500
165000
166500
168000
169500
171000
172500
174000
175500
177000
178500
180000
181500
183000
184500
186000
187500
189000
190500
192000
193500
195000
196500
198000
199500
201000
202500
204000
205500
207000
208500
210000
211500
213000
214500
216000
217500
219000
220500
222000
223500
225000
226500
228000
229500
231000
232500
234000
235500
237000
238500
240000
241500
243000
244500
246000
247500
249000
250500
252000
253500
255000
256500
258000
259500
261000
262500
264000
265500
267000
268500
270000
271500
273000
274500
276000
277500
279000
280500
282000
283500
285000
286500
288000
289500
291000
292500
294000
295500
297000
298500
300000
