scsp_3D_sheets_slit_trains
  
H = 12.5
umax = 0.0133333
ks = 0.106667
kb = 0.0190886
  
Ca = 0.01
  
reference flux = 22.2222
  
 
-----------------------------------------------
Relaxing capsules...
... done relaxing
-----------------------------------------------
 
 
-----------------------------------------------
Equilibrating for 0 steps...
 
... done equilibrating!
-----------------------------------------------
 
10000
20000
30000
40000
50000
60000
70000
80000
90000
100000
110000
120000
130000
140000
150000
160000
170000
180000
190000
200000
