scsp_3D_capsules_channel
  
hydraulic diameter = 49.0392
umax = 0.03
ks = 0.00107647
nu = 0.0367794
fx = 6.54347e-06
  
Re = 20
Ca = 0.3
  
reference flux = 36.3761
  
nnbins = 26
 
-----------------------------------------------
Relaxing capsules...
relax step 0
separation = 0.378005 
separation = 0.498236 
separation = 0.114241 
separation = 0.327533 
separation = 0.259446 
separation = 0.418188 
separation = 0.469459 
separation = 0.244425 
separation = 0.244425 
separation = 0.332761 
separation = 0.369486 
separation = 0.490123 
separation = 0.340893 
separation = 0.413770 
separation = 0.362406 
separation = 0.313761 
separation = 0.489109 
separation = 0.313761 
separation = 0.362873 
separation = 0.332761 
separation = 0.280818 
separation = 0.386426 
separation = 0.451902 
separation = 0.466593 
separation = 0.351480 
separation = 0.436734 
separation = 0.325957 
separation = 0.369845 
separation = 0.431995 
separation = 0.262306 
separation = 0.265279 
separation = 0.326247 
separation = 0.284076 
separation = 0.385424 
separation = 0.280818 
separation = 0.436734 
separation = 0.440759 
separation = 0.498236 
separation = 0.432842 
separation = 0.377830 
separation = 0.357781 
separation = 0.433039 
separation = 0.342743 
separation = 0.480691 
separation = 0.440759 
separation = 0.378005 
separation = 0.337561 
separation = 0.480691 
separation = 0.457905 
separation = 0.325957 
separation = 0.462859 
separation = 0.238183 
separation = 0.438706 
separation = 0.345792 
separation = 0.457905 
separation = 0.272529 
separation = 0.480962 
separation = 0.369845 
separation = 0.432319 
separation = 0.236930 
separation = 0.429578 
separation = 0.477681 
separation = 0.433039 
separation = 0.308079 
separation = 0.477681 
separation = 0.394338 
separation = 0.469459 
separation = 0.490123 
separation = 0.459460 
separation = 0.244425 
separation = 0.332761 
separation = 0.499862 
separation = 0.462461 
separation = 0.332761 
separation = 0.313761 
separation = 0.462461 
separation = 0.386426 
separation = 0.418188 
separation = 0.327533 
separation = 0.244425 
separation = 0.413770 
separation = 0.340893 
separation = 0.275623 
separation = 0.262306 
separation = 0.114241 
separation = 0.378005 
separation = 0.477681 
separation = 0.498236 
separation = 0.433039 
separation = 0.280818 
separation = 0.436734 
separation = 0.440759 
separation = 0.480691 
separation = 0.457905 
separation = 0.325957 
separation = 0.459460 
separation = 0.459460 
separation = 0.425481 
separation = 0.336527 
separation = 0.346450 
separation = 0.270022 
separation = 0.285446 
separation = 0.439747 
separation = 0.445523 
separation = 0.321937 
separation = 0.370152 
separation = 0.464004 
separation = 0.488297 
separation = 0.264619 
separation = 0.358718 
separation = 0.482485 
separation = 0.463585 
separation = 0.321937 
separation = 0.269701 
separation = 0.345546 
separation = 0.270041 
separation = 0.489593 
separation = 0.393378 
separation = 0.256552 
separation = 0.367971 
separation = 0.256552 
separation = 0.285446 
separation = 0.453604 
separation = 0.342247 
separation = 0.348931 
separation = 0.441754 
separation = 0.439747 
separation = 0.330517 
separation = 0.368206 
separation = 0.330517 
separation = 0.116554 
separation = 0.429027 
separation = 0.287953 
separation = 0.387284 
separation = 0.487986 
separation = 0.382054 
separation = 0.359320 
separation = 0.438890 
separation = 0.465756 
separation = 0.437561 
separation = 0.328751 
separation = 0.445523 
separation = 0.368206 
separation = 0.389988 
separation = 0.467009 
separation = 0.340672 
separation = 0.446196 
separation = 0.420042 
separation = 0.343966 
separation = 0.431934 
separation = 0.482485 
separation = 0.277377 
separation = 0.480728 
separation = 0.244010 
separation = 0.235652 
separation = 0.429141 
separation = 0.324272 
separation = 0.463585 
separation = 0.310452 
separation = 0.488297 
separation = 0.488769 
separation = 0.321937 
separation = 0.283255 
separation = 0.394624 
separation = 0.283255 
separation = 0.463226 
separation = 0.466613 
separation = 0.321937 
separation = 0.489593 
separation = 0.488297 
separation = 0.466613 
separation = 0.464004 
separation = 0.393378 
separation = 0.425481 
separation = 0.336527 
separation = 0.367971 
separation = 0.256552 
separation = 0.283255 
separation = 0.346450 
separation = 0.488769 
separation = 0.269701 
separation = 0.285446 
separation = 0.439747 
separation = 0.445523 
separation = 0.270041 
separation = 0.482485 
separation = 0.463585 
separation = 0.487986 
separation = 0.330517 
separation = 0.441754 
separation = 0.368206 
separation = 0.270022 
separation = 0.463226 
separation = 0.438890 
separation = 0.463226 
separation = 0.433425 
separation = 0.346573 
separation = 0.425008 
separation = 0.290659 
separation = 0.443089 
separation = 0.451675 
separation = 0.350999 
separation = 0.347710 
separation = 0.333090 
separation = 0.496917 
separation = 0.492601 
separation = 0.492601 
separation = 0.347710 
separation = 0.378834 
separation = 0.265271 
separation = 0.274628 
separation = 0.399236 
separation = 0.436293 
separation = 0.485137 
separation = 0.446542 
separation = 0.469900 
separation = 0.348618 
separation = 0.333090 
separation = 0.265271 
separation = 0.463800 
separation = 0.370845 
separation = 0.354419 
separation = 0.249557 
separation = 0.455132 
separation = 0.270717 
separation = 0.489123 
separation = 0.114066 
separation = 0.333528 
separation = 0.460906 
separation = 0.397120 
separation = 0.426010 
separation = 0.485137 
separation = 0.331499 
separation = 0.496917 
separation = 0.292059 
separation = 0.386174 
separation = 0.402518 
separation = 0.290659 
separation = 0.369969 
separation = 0.342153 
separation = 0.330601 
separation = 0.469900 
separation = 0.236182 
separation = 0.428179 
separation = 0.343488 
separation = 0.443089 
separation = 0.333528 
separation = 0.369969 
separation = 0.499161 
separation = 0.499161 
separation = 0.395463 
separation = 0.468074 
separation = 0.496917 
separation = 0.470729 
separation = 0.347710 
separation = 0.378834 
separation = 0.333090 
separation = 0.470729 
separation = 0.492601 
separation = 0.399236 
separation = 0.347710 
separation = 0.433425 
separation = 0.346573 
separation = 0.265271 
separation = 0.350999 
separation = 0.425008 
separation = 0.485137 
separation = 0.446542 
separation = 0.469900 
separation = 0.297700 
separation = 0.290659 
separation = 0.443089 
separation = 0.451675 
separation = 0.274628 
separation = 0.333528 
separation = 0.468074 
separation = 0.369969 
separation = 0.499161 
separation = 0.468074 
separation = 0.114676 
separation = 0.273917 
separation = 0.439903 
separation = 0.402986 
separation = 0.355935 
separation = 0.349319 
separation = 0.465650 
separation = 0.459379 
separation = 0.223190 
separation = 0.355830 
separation = 0.342233 
separation = 0.342233 
separation = 0.461829 
separation = 0.498802 
separation = 0.371692 
separation = 0.296477 
separation = 0.446353 
separation = 0.455820 
separation = 0.351346 
separation = 0.273917 
separation = 0.406202 
separation = 0.357762 
separation = 0.276767 
separation = 0.431213 
separation = 0.285157 
separation = 0.296477 
separation = 0.422959 
separation = 0.336934 
separation = 0.296646 
separation = 0.387089 
separation = 0.440840 
separation = 0.278482 
separation = 0.446353 
separation = 0.336934 
separation = 0.370946 
separation = 0.487837 
separation = 0.476260 
separation = 0.350649 
separation = 0.281248 
separation = 0.456827 
separation = 0.456159 
separation = 0.342785 
separation = 0.333158 
separation = 0.451244 
separation = 0.370946 
separation = 0.487837 
separation = 0.455820 
separation = 0.388505 
separation = 0.362249 
separation = 0.346347 
separation = 0.340359 
separation = 0.444078 
separation = 0.476260 
separation = 0.468511 
separation = 0.253958 
separation = 0.456642 
separation = 0.236713 
separation = 0.427875 
separation = 0.282389 
separation = 0.480516 
separation = 0.313986 
separation = 0.342233 
separation = 0.306934 
separation = 0.473004 
separation = 0.395241 
separation = 0.475568 
separation = 0.342233 
separation = 0.357762 
separation = 0.461829 
separation = 0.475568 
separation = 0.406202 
separation = 0.439903 
separation = 0.355935 
separation = 0.273917 
separation = 0.355830 
separation = 0.296477 
separation = 0.446353 
separation = 0.455820 
separation = 0.402986 
separation = 0.114676 
separation = 0.431213 
separation = 0.336934 
separation = 0.487837 
separation = 0.476260 
separation = 0.473004 
separation = 0.114835 
separation = 0.283377 
separation = 0.365764 
separation = 0.449542 
separation = 0.411352 
separation = 0.283377 
separation = 0.450781 
separation = 0.388318 
separation = 0.366166 
separation = 0.361225 
separation = 0.353546 
separation = 0.302836 
separation = 0.448842 
separation = 0.459673 
separation = 0.498713 
separation = 0.412641 
separation = 0.353546 
separation = 0.498713 
separation = 0.372455 
separation = 0.259814 
separation = 0.345553 
separation = 0.444132 
separation = 0.461894 
separation = 0.343398 
separation = 0.281802 
separation = 0.340882 
separation = 0.340499 
separation = 0.282530 
separation = 0.490005 
separation = 0.490005 
separation = 0.455458 
separation = 0.482699 
separation = 0.421948 
separation = 0.354326 
separation = 0.459795 
separation = 0.334185 
separation = 0.300296 
separation = 0.385367 
separation = 0.392960 
separation = 0.365003 
separation = 0.482699 
separation = 0.370070 
separation = 0.349299 
separation = 0.339379 
separation = 0.302836 
separation = 0.237225 
separation = 0.427002 
separation = 0.448842 
separation = 0.340499 
separation = 0.370070 
separation = 0.395973 
separation = 0.283377 
separation = 0.450781 
separation = 0.475983 
separation = 0.366166 
separation = 0.388318 
separation = 0.480396 
separation = 0.353546 
separation = 0.498713 
separation = 0.480396 
separation = 0.412641 
separation = 0.449542 
separation = 0.283377 
separation = 0.365764 
separation = 0.361225 
separation = 0.411352 
separation = 0.302836 
separation = 0.448842 
separation = 0.459673 
separation = 0.114835 
separation = 0.490005 
separation = 0.455458 
separation = 0.482699 
separation = 0.340499 
separation = 0.282530 
separation = 0.370070 
separation = 0.475983 
separation = 0.475983 
separation = 0.456614 
separation = 0.119340 
separation = 0.294454 
separation = 0.393775 
separation = 0.456614 
separation = 0.419179 
separation = 0.374246 
separation = 0.362917 
separation = 0.491354 
separation = 0.374246 
separation = 0.479327 
separation = 0.288071 
separation = 0.367046 
separation = 0.308500 
separation = 0.452686 
separation = 0.463267 
separation = 0.361901 
separation = 0.460060 
separation = 0.225493 
separation = 0.294479 
separation = 0.418489 
separation = 0.424083 
separation = 0.119340 
separation = 0.460321 
separation = 0.370166 
separation = 0.393775 
separation = 0.373365 
separation = 0.370166 
separation = 0.459737 
separation = 0.343242 
separation = 0.361901 
separation = 0.425194 
separation = 0.461337 
separation = 0.367046 
separation = 0.294454 
separation = 0.286276 
separation = 0.391505 
separation = 0.418919 
separation = 0.496112 
separation = 0.440148 
separation = 0.356977 
separation = 0.371538 
separation = 0.286276 
separation = 0.492714 
separation = 0.489292 
separation = 0.350374 
separation = 0.448716 
separation = 0.441416 
separation = 0.400234 
separation = 0.447551 
separation = 0.287759 
separation = 0.418489 
separation = 0.305132 
separation = 0.386445 
separation = 0.491354 
separation = 0.320376 
separation = 0.485378 
separation = 0.320376 
separation = 0.393775 
separation = 0.456614 
separation = 0.485378 
separation = 0.479327 
separation = 0.361901 
separation = 0.370166 
separation = 0.485378 
separation = 0.418489 
separation = 0.456614 
separation = 0.374246 
separation = 0.294454 
separation = 0.367046 
separation = 0.441748 
separation = 0.294479 
separation = 0.320376 
separation = 0.308500 
separation = 0.452686 
separation = 0.463267 
separation = 0.419179 
separation = 0.119340 
separation = 0.343242 
separation = 0.461337 
separation = 0.286276 
separation = 0.371538 
separation = 0.492714 
separation = 0.489292 
separation = 0.288071 
separation = 0.440148 
separation = 0.481074 
separation = 0.481074 
separation = 0.470650 
separation = 0.383551 
separation = 0.470650 
separation = 0.314817 
separation = 0.454523 
separation = 0.467242 
separation = 0.383551 
separation = 0.496513 
separation = 0.372382 
separation = 0.468508 
separation = 0.370228 
separation = 0.298177 
separation = 0.374137 
separation = 0.485282 
separation = 0.426735 
separation = 0.295135 
separation = 0.406247 
separation = 0.305850 
separation = 0.124849 
separation = 0.462954 
separation = 0.230954 
separation = 0.380629 
separation = 0.302499 
separation = 0.420176 
separation = 0.459709 
separation = 0.406247 
separation = 0.375006 
separation = 0.374137 
separation = 0.341826 
separation = 0.493888 
separation = 0.492986 
separation = 0.124849 
separation = 0.370228 
separation = 0.458800 
separation = 0.302499 
separation = 0.393854 
separation = 0.416531 
separation = 0.433543 
separation = 0.362475 
separation = 0.444183 
separation = 0.295135 
separation = 0.427451 
separation = 0.368438 
separation = 0.293748 
separation = 0.349852 
separation = 0.443998 
separation = 0.406832 
separation = 0.426735 
separation = 0.308738 
separation = 0.387567 
separation = 0.334318 
separation = 0.496513 
separation = 0.383551 
separation = 0.334318 
separation = 0.491122 
separation = 0.491122 
separation = 0.380629 
separation = 0.406247 
separation = 0.485282 
separation = 0.370228 
separation = 0.305850 
separation = 0.491122 
separation = 0.426735 
separation = 0.470650 
separation = 0.383551 
separation = 0.302499 
separation = 0.445783 
separation = 0.374137 
separation = 0.314817 
separation = 0.454523 
separation = 0.467242 
separation = 0.334318 
separation = 0.468508 
separation = 0.295135 
separation = 0.341826 
separation = 0.493888 
separation = 0.492986 
separation = 0.298177 
separation = 0.124849 
separation = 0.368438 
separation = 0.427451 
separation = 0.484073 
separation = 0.484073 
separation = 0.130561 
separation = 0.310402 
separation = 0.394181 
separation = 0.482497 
separation = 0.435609 
separation = 0.299691 
separation = 0.310402 
separation = 0.376696 
separation = 0.381440 
separation = 0.440808 
separation = 0.378249 
separation = 0.321105 
separation = 0.456404 
separation = 0.471324 
separation = 0.418659 
separation = 0.321924 
separation = 0.434929 
separation = 0.387048 
separation = 0.459359 
separation = 0.453130 
separation = 0.387048 
separation = 0.321105 
separation = 0.378249 
separation = 0.464147 
separation = 0.460252 
separation = 0.335169 
separation = 0.456404 
separation = 0.340394 
separation = 0.365422 
separation = 0.303924 
separation = 0.312484 
separation = 0.388880 
separation = 0.475732 
separation = 0.340394 
separation = 0.414209 
separation = 0.397132 
separation = 0.370857 
separation = 0.435609 
separation = 0.496934 
separation = 0.342648 
separation = 0.458327 
separation = 0.368343 
separation = 0.471324 
separation = 0.495097 
separation = 0.496723 
separation = 0.365422 
separation = 0.354051 
separation = 0.473376 
separation = 0.477630 
separation = 0.330273 
separation = 0.495097 
separation = 0.272993 
separation = 0.296211 
separation = 0.477771 
separation = 0.228075 
separation = 0.422000 
separation = 0.496723 
separation = 0.475732 
separation = 0.454832 
separation = 0.320903 
separation = 0.389784 
separation = 0.487099 
separation = 0.387048 
separation = 0.497187 
separation = 0.418659 
separation = 0.387048 
separation = 0.459359 
separation = 0.378249 
separation = 0.497187 
separation = 0.434929 
separation = 0.482497 
separation = 0.394181 
separation = 0.310402 
separation = 0.453130 
separation = 0.381440 
separation = 0.348806 
separation = 0.321105 
separation = 0.456404 
separation = 0.471324 
separation = 0.435609 
separation = 0.130561 
separation = 0.340394 
separation = 0.475732 
separation = 0.303924 
separation = 0.365422 
separation = 0.495097 
separation = 0.496723 
separation = 0.487099 
separation = 0.487099 
separation = 0.132916 
separation = 0.319242 
separation = 0.403148 
separation = 0.488978 
separation = 0.440466 
separation = 0.447353 
separation = 0.403148 
separation = 0.494042 
separation = 0.419361 
separation = 0.389042 
separation = 0.326068 
separation = 0.459905 
separation = 0.477172 
separation = 0.386854 
separation = 0.424742 
separation = 0.387249 
separation = 0.440466 
separation = 0.396732 
separation = 0.310594 
separation = 0.132916 
separation = 0.459052 
separation = 0.319956 
separation = 0.370888 
separation = 0.411698 
separation = 0.377620 
separation = 0.389042 
separation = 0.386854 
separation = 0.347775 
separation = 0.342240 
separation = 0.309991 
separation = 0.497391 
separation = 0.484789 
separation = 0.319242 
separation = 0.394644 
separation = 0.463204 
separation = 0.235806 
separation = 0.411302 
separation = 0.436222 
separation = 0.488978 
separation = 0.452271 
separation = 0.366215 
separation = 0.446605 
separation = 0.305504 
separation = 0.309991 
separation = 0.317377 
separation = 0.390787 
separation = 0.357405 
separation = 0.403148 
separation = 0.396732 
separation = 0.424742 
separation = 0.494042 
separation = 0.386854 
separation = 0.440466 
separation = 0.488978 
separation = 0.132916 
separation = 0.403148 
separation = 0.319242 
separation = 0.452227 
separation = 0.389042 
separation = 0.310594 
separation = 0.447353 
separation = 0.309991 
separation = 0.326068 
separation = 0.459905 
separation = 0.477172 
separation = 0.357405 
separation = 0.497391 
separation = 0.484789 
separation = 0.342240 
separation = 0.366215 
separation = 0.491487 
separation = 0.491487 
separation = 0.139224 
separation = 0.469294 
separation = 0.326938 
separation = 0.455299 
separation = 0.413589 
separation = 0.396305 
separation = 0.401855 
separation = 0.396858 
separation = 0.463934 
separation = 0.332252 
separation = 0.461307 
separation = 0.481421 
separation = 0.395001 
separation = 0.433884 
separation = 0.395001 
separation = 0.459867 
separation = 0.379397 
separation = 0.376632 
separation = 0.449460 
separation = 0.326938 
separation = 0.311397 
separation = 0.401855 
separation = 0.309113 
separation = 0.332252 
separation = 0.331812 
separation = 0.318600 
separation = 0.492139 
separation = 0.341448 
separation = 0.427314 
separation = 0.461307 
separation = 0.341448 
separation = 0.362769 
separation = 0.409278 
separation = 0.321312 
separation = 0.392273 
separation = 0.491695 
separation = 0.468132 
separation = 0.433542 
separation = 0.402992 
separation = 0.375367 
separation = 0.348536 
separation = 0.498664 
separation = 0.498664 
separation = 0.362769 
separation = 0.478464 
separation = 0.357331 
separation = 0.325206 
separation = 0.284981 
separation = 0.469236 
separation = 0.481421 
separation = 0.304593 
separation = 0.473670 
separation = 0.490995 
separation = 0.225054 
separation = 0.418806 
separation = 0.327922 
separation = 0.395001 
separation = 0.387442 
separation = 0.494572 
separation = 0.433884 
separation = 0.401855 
separation = 0.469294 
separation = 0.395001 
separation = 0.459867 
separation = 0.449460 
separation = 0.139224 
separation = 0.413589 
separation = 0.326938 
separation = 0.396858 
separation = 0.318600 
separation = 0.463934 
separation = 0.332252 
separation = 0.461307 
separation = 0.481421 
separation = 0.367626 
separation = 0.455299 
separation = 0.427314 
separation = 0.341448 
separation = 0.492139 
separation = 0.362769 
separation = 0.498664 
separation = 0.494572 
separation = 0.494572 
separation = 0.422810 
separation = 0.404513 
separation = 0.337990 
separation = 0.464150 
separation = 0.486550 
separation = 0.323712 
separation = 0.446509 
separation = 0.404350 
separation = 0.406649 
separation = 0.465138 
separation = 0.240410 
separation = 0.457155 
separation = 0.498628 
separation = 0.323448 
separation = 0.406649 
separation = 0.380407 
separation = 0.461165 
separation = 0.330054 
separation = 0.335545 
separation = 0.379333 
separation = 0.335545 
separation = 0.409917 
separation = 0.439982 
separation = 0.317082 
separation = 0.439982 
separation = 0.337990 
separation = 0.141784 
separation = 0.343790 
separation = 0.464064 
separation = 0.406677 
separation = 0.326365 
separation = 0.391597 
separation = 0.464150 
separation = 0.343790 
separation = 0.363858 
separation = 0.429274 
separation = 0.305566 
separation = 0.470956 
separation = 0.450540 
separation = 0.331817 
separation = 0.350178 
separation = 0.363858 
separation = 0.486550 
separation = 0.406171 
separation = 0.377759 
separation = 0.475180 
separation = 0.490649 
separation = 0.360310 
separation = 0.323521 
separation = 0.481680 
separation = 0.291396 
separation = 0.497082 
separation = 0.225817 
separation = 0.418267 
separation = 0.309804 
separation = 0.474256 
separation = 0.329848 
separation = 0.376561 
separation = 0.406649 
separation = 0.499663 
separation = 0.376561 
separation = 0.388595 
separation = 0.409917 
separation = 0.406649 
separation = 0.461165 
separation = 0.330054 
separation = 0.457155 
separation = 0.422810 
separation = 0.323448 
separation = 0.335545 
separation = 0.404350 
separation = 0.141784 
separation = 0.498628 
separation = 0.376561 
separation = 0.337990 
separation = 0.464150 
separation = 0.486550 
separation = 0.464064 
separation = 0.343790 
separation = 0.323712 
separation = 0.363858 
separation = 0.499663 
separation = 0.499663 
separation = 0.431991 
separation = 0.344560 
separation = 0.466150 
separation = 0.491699 
separation = 0.476766 
separation = 0.479054 
separation = 0.412194 
separation = 0.328631 
separation = 0.417081 
separation = 0.418358 
separation = 0.144938 
separation = 0.462636 
separation = 0.399113 
separation = 0.464107 
separation = 0.328631 
separation = 0.418358 
separation = 0.381994 
separation = 0.344062 
separation = 0.472789 
separation = 0.443737 
separation = 0.413188 
separation = 0.467120 
separation = 0.242345 
separation = 0.381455 
separation = 0.346034 
separation = 0.144938 
separation = 0.431991 
separation = 0.412194 
separation = 0.398238 
separation = 0.344062 
separation = 0.458120 
separation = 0.438962 
separation = 0.404217 
separation = 0.343262 
separation = 0.425118 
separation = 0.364599 
separation = 0.464107 
separation = 0.437862 
separation = 0.331867 
separation = 0.322728 
separation = 0.331457 
separation = 0.390893 
separation = 0.418358 
separation = 0.417081 
separation = 0.479054 
separation = 0.464107 
separation = 0.431991 
separation = 0.344062 
separation = 0.328631 
separation = 0.463281 
separation = 0.472789 
separation = 0.412194 
separation = 0.144938 
separation = 0.388499 
separation = 0.344560 
separation = 0.466150 
separation = 0.491699 
separation = 0.346034 
separation = 0.476766 
separation = 0.364599 
separation = 0.438962 
separation = 0.152282 
separation = 0.351246 
separation = 0.440911 
separation = 0.480500 
separation = 0.422227 
separation = 0.486085 
separation = 0.442780 
separation = 0.484065 
separation = 0.423333 
separation = 0.469563 
separation = 0.247188 
separation = 0.420743 
separation = 0.427427 
separation = 0.350547 
separation = 0.467625 
separation = 0.496164 
separation = 0.427427 
separation = 0.462846 
separation = 0.351246 
separation = 0.386623 
separation = 0.383364 
separation = 0.472931 
separation = 0.472931 
separation = 0.328557 
separation = 0.402726 
separation = 0.464148 
separation = 0.345237 
separation = 0.336961 
separation = 0.448236 
separation = 0.335623 
separation = 0.392514 
separation = 0.350547 
separation = 0.422869 
separation = 0.343268 
separation = 0.480500 
separation = 0.476819 
separation = 0.329485 
separation = 0.354225 
separation = 0.361295 
separation = 0.467625 
separation = 0.345237 
separation = 0.361295 
separation = 0.337454 
separation = 0.291516 
separation = 0.318938 
separation = 0.303041 
separation = 0.483056 
separation = 0.365109 
separation = 0.496164 
separation = 0.485563 
separation = 0.411568 
separation = 0.382585 
separation = 0.224016 
separation = 0.415866 
separation = 0.486294 
separation = 0.481111 
separation = 0.318250 
separation = 0.474394 
separation = 0.427427 
separation = 0.334648 
separation = 0.386980 
separation = 0.396913 
separation = 0.427427 
separation = 0.423333 
separation = 0.462846 
separation = 0.472931 
separation = 0.440911 
separation = 0.351246 
separation = 0.484065 
separation = 0.152282 
separation = 0.480500 
separation = 0.420743 
separation = 0.396913 
separation = 0.336961 
separation = 0.350547 
separation = 0.467625 
separation = 0.496164 
separation = 0.345237 
separation = 0.486085 
separation = 0.361295 
separation = 0.448236 
separation = 0.156416 
separation = 0.359590 
separation = 0.491906 
separation = 0.449987 
separation = 0.449987 
separation = 0.431635 
separation = 0.431054 
separation = 0.429713 
separation = 0.357239 
separation = 0.470292 
separation = 0.439972 
separation = 0.458307 
separation = 0.496266 
separation = 0.439282 
separation = 0.471624 
separation = 0.249403 
separation = 0.431054 
separation = 0.481760 
separation = 0.359590 
separation = 0.489784 
separation = 0.429713 
separation = 0.393202 
separation = 0.418968 
separation = 0.355716 
separation = 0.342621 
separation = 0.156416 
separation = 0.346726 
separation = 0.342621 
separation = 0.468688 
separation = 0.400226 
separation = 0.368271 
separation = 0.439282 
separation = 0.317295 
separation = 0.341871 
separation = 0.310647 
separation = 0.457738 
separation = 0.361634 
separation = 0.481760 
separation = 0.224861 
separation = 0.415490 
separation = 0.464548 
separation = 0.451245 
separation = 0.334070 
separation = 0.389216 
separation = 0.449987 
separation = 0.388749 
separation = 0.431054 
separation = 0.458307 
separation = 0.431054 
separation = 0.439282 
separation = 0.481760 
separation = 0.449987 
separation = 0.156416 
separation = 0.359590 
separation = 0.491906 
separation = 0.472021 
separation = 0.429713 
separation = 0.496266 
separation = 0.342621 
separation = 0.357239 
separation = 0.470292 
separation = 0.406509 
separation = 0.346726 
separation = 0.361634 
separation = 0.164340 
separation = 0.367488 
separation = 0.461023 
separation = 0.439005 
separation = 0.440983 
separation = 0.440494 
separation = 0.448923 
separation = 0.362982 
separation = 0.472340 
separation = 0.464943 
separation = 0.349280 
separation = 0.448923 
separation = 0.392121 
separation = 0.475247 
separation = 0.255219 
separation = 0.355247 
separation = 0.489620 
separation = 0.367488 
separation = 0.464067 
separation = 0.440839 
separation = 0.385272 
separation = 0.338829 
separation = 0.464067 
separation = 0.362982 
separation = 0.345272 
separation = 0.350541 
separation = 0.475695 
separation = 0.398166 
separation = 0.342943 
separation = 0.390358 
separation = 0.472340 
separation = 0.345272 
separation = 0.359272 
separation = 0.415003 
separation = 0.482729 
separation = 0.456886 
separation = 0.360328 
separation = 0.327025 
separation = 0.359272 
separation = 0.316560 
separation = 0.276537 
separation = 0.369150 
separation = 0.317676 
separation = 0.475784 
separation = 0.498269 
separation = 0.225527 
separation = 0.413383 
separation = 0.416832 
separation = 0.388238 
separation = 0.493082 
separation = 0.327094 
separation = 0.474601 
separation = 0.417004 
separation = 0.339872 
separation = 0.417004 
separation = 0.390348 
separation = 0.448923 
separation = 0.355247 
separation = 0.489620 
separation = 0.367488 
separation = 0.461023 
separation = 0.164340 
separation = 0.440494 
separation = 0.350541 
separation = 0.362982 
separation = 0.472340 
separation = 0.345272 
separation = 0.359272 
separation = 0.349280 
separation = 0.169445 
separation = 0.375719 
separation = 0.449827 
separation = 0.469253 
separation = 0.436920 
separation = 0.478558 
separation = 0.258507 
separation = 0.369204 
separation = 0.474434 
separation = 0.458917 
separation = 0.449602 
separation = 0.465060 
separation = 0.458917 
separation = 0.357276 
separation = 0.386942 
separation = 0.473402 
separation = 0.394791 
separation = 0.375719 
separation = 0.364375 
separation = 0.446084 
separation = 0.496292 
separation = 0.344498 
separation = 0.369204 
separation = 0.347410 
separation = 0.355454 
separation = 0.481270 
separation = 0.395730 
separation = 0.474434 
separation = 0.347410 
separation = 0.360125 
separation = 0.348110 
separation = 0.391638 
separation = 0.411297 
separation = 0.486996 
separation = 0.327755 
separation = 0.362529 
separation = 0.360125 
separation = 0.270014 
separation = 0.472445 
separation = 0.372123 
separation = 0.314644 
separation = 0.324683 
separation = 0.420381 
separation = 0.391978 
separation = 0.226413 
separation = 0.413406 
separation = 0.497012 
separation = 0.429031 
separation = 0.332346 
separation = 0.475460 
separation = 0.458917 
separation = 0.429031 
separation = 0.342059 
separation = 0.390605 
separation = 0.446084 
separation = 0.473402 
separation = 0.458917 
separation = 0.364375 
separation = 0.465060 
separation = 0.496292 
separation = 0.375719 
separation = 0.169445 
separation = 0.469253 
separation = 0.449602 
separation = 0.355454 
separation = 0.369204 
separation = 0.474434 
separation = 0.429031 
separation = 0.357276 
separation = 0.347410 
separation = 0.360125 
separation = 0.175111 
separation = 0.383914 
separation = 0.478187 
separation = 0.478187 
separation = 0.359940 
separation = 0.384986 
separation = 0.470938 
separation = 0.459009 
separation = 0.375319 
separation = 0.477077 
separation = 0.175111 
separation = 0.483003 
separation = 0.453310 
separation = 0.434859 
separation = 0.458176 
separation = 0.407664 
separation = 0.481272 
separation = 0.260838 
separation = 0.453310 
separation = 0.467312 
separation = 0.459009 
separation = 0.402453 
separation = 0.359940 
separation = 0.349043 
separation = 0.383914 
separation = 0.470938 
separation = 0.486955 
separation = 0.338034 
separation = 0.397269 
separation = 0.364047 
separation = 0.331809 
separation = 0.361801 
separation = 0.470365 
separation = 0.375151 
separation = 0.313022 
separation = 0.349840 
separation = 0.478187 
separation = 0.391921 
separation = 0.453310 
separation = 0.470938 
separation = 0.478187 
separation = 0.175111 
separation = 0.383914 
separation = 0.482624 
separation = 0.459009 
separation = 0.359940 
separation = 0.375319 
separation = 0.477077 
separation = 0.441257 
separation = 0.349043 
separation = 0.361801 
separation = 0.184040 
separation = 0.391436 
separation = 0.489124 
separation = 0.466717 
separation = 0.489124 
separation = 0.433820 
separation = 0.470566 
separation = 0.369944 
separation = 0.480696 
separation = 0.486442 
separation = 0.380733 
separation = 0.479272 
separation = 0.483949 
separation = 0.265683 
separation = 0.376305 
separation = 0.460649 
separation = 0.391436 
separation = 0.470566 
separation = 0.384370 
separation = 0.406005 
separation = 0.486442 
separation = 0.468267 
separation = 0.367638 
separation = 0.480696 
separation = 0.347596 
separation = 0.494582 
separation = 0.404026 
separation = 0.184040 
separation = 0.367638 
separation = 0.338534 
separation = 0.400817 
separation = 0.467771 
separation = 0.359603 
separation = 0.476267 
separation = 0.447805 
separation = 0.489124 
separation = 0.447805 
separation = 0.460649 
separation = 0.486442 
separation = 0.486239 
separation = 0.480696 
separation = 0.376305 
separation = 0.184040 
separation = 0.489124 
separation = 0.391436 
separation = 0.470566 
separation = 0.367638 
separation = 0.380733 
separation = 0.479272 
separation = 0.447805 
separation = 0.347596 
separation = 0.359603 
separation = 0.369944 
separation = 0.193200 
separation = 0.398491 
separation = 0.499655 
separation = 0.499655 
separation = 0.475136 
separation = 0.432771 
separation = 0.469121 
separation = 0.480373 
separation = 0.487223 
separation = 0.270552 
separation = 0.489342 
separation = 0.386068 
separation = 0.481535 
separation = 0.480373 
separation = 0.469916 
separation = 0.384065 
separation = 0.193200 
separation = 0.405259 
separation = 0.479793 
separation = 0.385704 
separation = 0.389814 
separation = 0.374348 
separation = 0.489342 
separation = 0.346416 
separation = 0.339100 
separation = 0.374348 
separation = 0.398491 
separation = 0.482116 
separation = 0.406503 
separation = 0.389984 
separation = 0.404651 
separation = 0.380248 
separation = 0.358592 
separation = 0.357171 
separation = 0.357306 
separation = 0.388016 
separation = 0.499655 
separation = 0.460842 
separation = 0.489342 
separation = 0.469121 
separation = 0.398491 
separation = 0.193200 
separation = 0.499655 
separation = 0.489757 
separation = 0.480373 
separation = 0.374348 
separation = 0.460842 
separation = 0.386068 
separation = 0.481535 
separation = 0.346416 
separation = 0.479793 
separation = 0.358592 
separation = 0.202562 
separation = 0.405521 
separation = 0.483431 
separation = 0.476889 
separation = 0.431713 
separation = 0.490279 
separation = 0.490598 
separation = 0.275448 
separation = 0.498028 
separation = 0.391326 
separation = 0.483876 
separation = 0.498028 
separation = 0.471668 
separation = 0.391955 
separation = 0.409651 
separation = 0.405521 
separation = 0.476889 
separation = 0.362782 
separation = 0.489059 
separation = 0.391326 
separation = 0.392153 
separation = 0.382170 
separation = 0.345025 
separation = 0.389440 
separation = 0.361868 
separation = 0.390021 
separation = 0.483876 
separation = 0.345025 
separation = 0.356321 
separation = 0.241866 
separation = 0.403488 
separation = 0.497466 
separation = 0.386820 
separation = 0.321464 
separation = 0.374731 
separation = 0.356321 
separation = 0.433269 
separation = 0.403314 
separation = 0.377728 
separation = 0.455895 
separation = 0.308409 
separation = 0.350618 
separation = 0.347674 
separation = 0.475056 
separation = 0.221484 
separation = 0.404175 
separation = 0.356300 
separation = 0.498028 
separation = 0.471060 
separation = 0.390883 
separation = 0.476889 
separation = 0.498028 
separation = 0.471668 
separation = 0.202562 
separation = 0.405521 
separation = 0.490279 
separation = 0.382170 
separation = 0.471060 
separation = 0.391326 
separation = 0.483876 
separation = 0.345025 
separation = 0.489059 
separation = 0.356321 
separation = 0.209690 
separation = 0.413458 
separation = 0.486461 
separation = 0.413458 
separation = 0.400320 
separation = 0.397160 
separation = 0.486753 
separation = 0.486461 
separation = 0.393349 
separation = 0.237077 
separation = 0.474488 
separation = 0.425827 
separation = 0.367860 
separation = 0.357991 
separation = 0.322152 
separation = 0.397160 
separation = 0.386710 
separation = 0.346459 
separation = 0.387997 
separation = 0.412012 
separation = 0.367094 
separation = 0.389342 
separation = 0.486753 
separation = 0.346459 
separation = 0.357929 
separation = 0.437909 
separation = 0.407491 
separation = 0.376168 
separation = 0.357929 
separation = 0.380768 
separation = 0.306814 
separation = 0.222639 
separation = 0.404238 
separation = 0.392319 
separation = 0.413458 
separation = 0.400320 
separation = 0.486461 
separation = 0.486461 
separation = 0.413458 
separation = 0.209690 
separation = 0.386710 
separation = 0.397160 
separation = 0.486753 
separation = 0.482374 
separation = 0.346459 
separation = 0.357929 
separation = 0.217708 
separation = 0.423493 
separation = 0.495652 
separation = 0.423493 
separation = 0.399229 
separation = 0.401641 
separation = 0.491129 
separation = 0.495652 
separation = 0.233465 
separation = 0.394832 
separation = 0.475424 
separation = 0.433242 
separation = 0.372894 
separation = 0.401641 
separation = 0.321728 
separation = 0.389729 
separation = 0.349075 
separation = 0.386656 
separation = 0.414159 
separation = 0.440645 
separation = 0.410980 
separation = 0.372505 
separation = 0.390612 
separation = 0.491129 
separation = 0.349075 
separation = 0.360168 
separation = 0.378201 
separation = 0.360168 
separation = 0.383759 
separation = 0.305142 
separation = 0.222036 
separation = 0.404770 
separation = 0.364068 
separation = 0.392781 
separation = 0.423493 
separation = 0.399229 
separation = 0.495652 
separation = 0.495652 
separation = 0.423493 
separation = 0.217708 
separation = 0.389729 
separation = 0.401641 
separation = 0.491129 
separation = 0.492318 
separation = 0.349075 
separation = 0.360168 
separation = 0.406028 
separation = 0.495064 
separation = 0.425582 
separation = 0.392765 
separation = 0.496604 
separation = 0.281249 
separation = 0.433473 
separation = 0.433473 
separation = 0.398240 
separation = 0.375781 
separation = 0.392765 
separation = 0.396353 
separation = 0.476425 
separation = 0.403155 
separation = 0.352410 
separation = 0.225765 
separation = 0.335779 
separation = 0.225765 
separation = 0.385423 
separation = 0.410434 
separation = 0.416280 
separation = 0.380220 
separation = 0.361911 
separation = 0.377884 
separation = 0.386763 
separation = 0.303462 
separation = 0.377923 
separation = 0.391853 
separation = 0.370251 
separation = 0.393289 
separation = 0.433473 
separation = 0.392765 
separation = 0.225765 
separation = 0.406028 
separation = 0.495064 
separation = 0.352410 
separation = 0.361911 
separation = 0.235553 
separation = 0.440731 
separation = 0.424467 
separation = 0.286311 
separation = 0.410895 
separation = 0.497171 
separation = 0.477798 
separation = 0.235553 
separation = 0.375358 
separation = 0.419631 
separation = 0.400461 
separation = 0.398670 
separation = 0.485140 
separation = 0.411927 
separation = 0.400461 
separation = 0.351873 
separation = 0.336638 
separation = 0.440731 
separation = 0.412301 
separation = 0.385470 
separation = 0.397520 
separation = 0.408920 
separation = 0.359397 
separation = 0.383302 
separation = 0.383195 
separation = 0.392935 
separation = 0.440731 
separation = 0.235553 
separation = 0.400461 
separation = 0.410895 
separation = 0.497171 
separation = 0.351873 
separation = 0.359397 
separation = 0.415699 
separation = 0.499347 
separation = 0.423336 
separation = 0.408109 
separation = 0.291391 
separation = 0.447743 
separation = 0.447743 
separation = 0.397577 
separation = 0.375647 
separation = 0.408109 
separation = 0.415567 
separation = 0.479786 
separation = 0.351389 
separation = 0.245331 
separation = 0.337550 
separation = 0.245331 
separation = 0.415150 
separation = 0.387361 
separation = 0.424589 
separation = 0.356977 
separation = 0.388668 
separation = 0.389221 
separation = 0.300318 
separation = 0.383670 
separation = 0.390373 
separation = 0.447743 
separation = 0.408109 
separation = 0.245331 
separation = 0.415699 
separation = 0.499347 
separation = 0.351389 
separation = 0.356977 
separation = 0.255103 
separation = 0.454912 
separation = 0.422189 
separation = 0.296489 
separation = 0.420439 
separation = 0.454912 
separation = 0.397245 
separation = 0.376277 
separation = 0.415530 
separation = 0.481237 
separation = 0.415530 
separation = 0.350268 
separation = 0.338512 
separation = 0.416671 
separation = 0.255103 
separation = 0.427900 
separation = 0.355469 
separation = 0.393042 
separation = 0.454912 
separation = 0.255103 
separation = 0.415530 
separation = 0.420439 
separation = 0.350268 
separation = 0.355469 
separation = 0.264855 
separation = 0.461850 
separation = 0.421025 
separation = 0.425118 
separation = 0.301607 
separation = 0.483290 
separation = 0.432768 
separation = 0.403137 
separation = 0.461850 
separation = 0.397377 
separation = 0.425118 
separation = 0.422914 
separation = 0.349201 
separation = 0.383559 
separation = 0.339521 
separation = 0.393291 
separation = 0.392998 
separation = 0.397762 
separation = 0.349201 
separation = 0.354063 
separation = 0.394418 
separation = 0.201985 
separation = 0.354063 
separation = 0.391867 
separation = 0.455705 
separation = 0.425345 
separation = 0.297469 
separation = 0.314237 
separation = 0.216474 
separation = 0.397166 
separation = 0.396948 
separation = 0.392240 
separation = 0.483290 
separation = 0.461850 
separation = 0.264855 
separation = 0.422914 
separation = 0.425118 
separation = 0.349201 
separation = 0.354063 
separation = 0.272595 
separation = 0.469332 
separation = 0.421672 
separation = 0.305631 
separation = 0.431243 
separation = 0.486656 
separation = 0.434976 
separation = 0.404842 
separation = 0.469332 
separation = 0.401936 
separation = 0.430142 
separation = 0.429614 
separation = 0.431243 
separation = 0.426704 
separation = 0.350283 
separation = 0.382834 
separation = 0.398683 
separation = 0.392309 
separation = 0.350283 
separation = 0.356331 
separation = 0.395449 
separation = 0.196777 
separation = 0.395818 
separation = 0.314039 
separation = 0.356331 
separation = 0.295864 
separation = 0.394900 
separation = 0.460706 
separation = 0.430610 
separation = 0.424675 
separation = 0.377551 
separation = 0.483142 
separation = 0.218120 
separation = 0.397816 
separation = 0.403817 
separation = 0.393878 
separation = 0.486656 
separation = 0.469332 
separation = 0.272595 
separation = 0.426704 
separation = 0.431243 
separation = 0.350283 
separation = 0.356331 
separation = 0.280284 
separation = 0.476755 
separation = 0.476755 
separation = 0.393238 
separation = 0.436676 
separation = 0.406784 
separation = 0.407050 
separation = 0.490063 
separation = 0.192677 
separation = 0.436676 
separation = 0.430888 
separation = 0.352121 
separation = 0.403850 
separation = 0.391609 
separation = 0.382208 
separation = 0.397214 
separation = 0.437163 
separation = 0.352121 
separation = 0.357882 
separation = 0.357882 
separation = 0.397929 
separation = 0.294274 
separation = 0.469148 
separation = 0.219803 
separation = 0.398543 
separation = 0.411373 
separation = 0.476755 
separation = 0.395534 
separation = 0.393238 
separation = 0.476755 
separation = 0.280284 
separation = 0.430888 
separation = 0.436676 
separation = 0.352121 
separation = 0.357882 
separation = 0.288219 
separation = 0.486310 
separation = 0.418241 
separation = 0.393128 
separation = 0.486310 
separation = 0.309534 
separation = 0.440652 
separation = 0.408861 
separation = 0.411378 
separation = 0.491513 
separation = 0.440652 
separation = 0.433887 
separation = 0.354976 
separation = 0.381687 
separation = 0.409190 
separation = 0.392847 
separation = 0.439195 
separation = 0.399152 
separation = 0.190141 
separation = 0.360953 
separation = 0.400946 
separation = 0.292573 
separation = 0.476530 
separation = 0.219806 
separation = 0.399689 
separation = 0.417733 
separation = 0.486310 
separation = 0.396281 
separation = 0.393128 
separation = 0.486310 
separation = 0.288219 
separation = 0.433887 
separation = 0.440652 
separation = 0.354976 
separation = 0.360953 
separation = 0.446761 
separation = 0.418321 
separation = 0.438540 
separation = 0.311361 
separation = 0.492982 
separation = 0.441207 
separation = 0.495803 
separation = 0.296120 
separation = 0.373858 
separation = 0.438540 
separation = 0.410711 
separation = 0.355810 
separation = 0.296120 
separation = 0.495803 
separation = 0.340872 
separation = 0.422296 
separation = 0.381258 
separation = 0.393132 
separation = 0.362169 
separation = 0.416560 
separation = 0.414516 
separation = 0.394068 
separation = 0.492982 
separation = 0.495803 
separation = 0.438540 
separation = 0.296120 
separation = 0.446761 
separation = 0.355810 
separation = 0.362169 
separation = 0.305851 
separation = 0.417076 
separation = 0.316575 
separation = 0.451059 
separation = 0.496425 
separation = 0.375604 
separation = 0.305851 
separation = 0.444496 
separation = 0.445980 
separation = 0.448124 
separation = 0.413428 
separation = 0.448543 
separation = 0.445980 
separation = 0.355090 
separation = 0.342095 
separation = 0.426089 
separation = 0.382316 
separation = 0.393805 
separation = 0.361191 
separation = 0.421613 
separation = 0.419519 
separation = 0.394589 
separation = 0.305851 
separation = 0.445980 
separation = 0.451059 
separation = 0.355090 
separation = 0.361191 
separation = 0.455310 
separation = 0.426618 
separation = 0.394642 
separation = 0.453369 
separation = 0.416221 
separation = 0.173965 
separation = 0.498599 
separation = 0.309223 
separation = 0.455310 
separation = 0.354453 
separation = 0.315442 
separation = 0.383523 
separation = 0.424550 
separation = 0.397124 
separation = 0.448617 
separation = 0.475210 
separation = 0.445430 
separation = 0.354453 
separation = 0.360353 
separation = 0.492801 
separation = 0.360353 
separation = 0.405577 
separation = 0.287498 
separation = 0.407001 
separation = 0.219068 
separation = 0.399126 
separation = 0.434683 
separation = 0.393319 
separation = 0.394642 
separation = 0.453369 
separation = 0.315442 
separation = 0.455310 
separation = 0.354453 
separation = 0.360353 
separation = 0.323022 
separation = 0.418230 
separation = 0.430976 
separation = 0.459144 
separation = 0.171170 
separation = 0.450625 
separation = 0.459144 
separation = 0.309455 
separation = 0.407506 
separation = 0.456362 
separation = 0.357521 
separation = 0.364030 
separation = 0.357521 
separation = 0.383408 
separation = 0.429791 
separation = 0.398328 
separation = 0.477825 
separation = 0.448927 
separation = 0.402383 
separation = 0.395039 
separation = 0.410063 
separation = 0.364030 
separation = 0.397187 
separation = 0.492449 
separation = 0.285769 
separation = 0.400017 
separation = 0.219451 
separation = 0.400571 
separation = 0.441021 
separation = 0.394187 
separation = 0.323022 
separation = 0.456362 
separation = 0.459144 
separation = 0.357521 
separation = 0.364030 
separation = 0.331227 
separation = 0.410115 
separation = 0.325640 
separation = 0.463064 
separation = 0.420284 
separation = 0.452716 
separation = 0.435081 
separation = 0.463064 
separation = 0.461757 
separation = 0.408895 
separation = 0.463396 
separation = 0.460888 
separation = 0.360306 
separation = 0.383381 
separation = 0.434879 
separation = 0.398026 
separation = 0.360306 
separation = 0.365688 
separation = 0.413198 
separation = 0.168979 
separation = 0.393556 
separation = 0.308907 
separation = 0.365688 
separation = 0.481121 
separation = 0.452842 
separation = 0.402329 
separation = 0.284174 
separation = 0.403608 
separation = 0.494804 
separation = 0.221507 
separation = 0.401773 
separation = 0.403922 
separation = 0.449053 
separation = 0.396381 
separation = 0.331227 
separation = 0.460888 
separation = 0.463064 
separation = 0.360306 
separation = 0.365688 
separation = 0.339142 
separation = 0.392185 
separation = 0.409206 
separation = 0.328867 
separation = 0.467971 
separation = 0.379505 
separation = 0.339142 
separation = 0.464842 
separation = 0.410336 
separation = 0.464842 
separation = 0.363087 
separation = 0.431562 
separation = 0.343989 
separation = 0.416292 
separation = 0.454787 
separation = 0.367879 
separation = 0.282591 
separation = 0.456434 
separation = 0.392185 
separation = 0.398114 
separation = 0.339142 
separation = 0.464842 
separation = 0.467971 
separation = 0.363087 
separation = 0.367879 
separation = 0.348314 
separation = 0.441439 
separation = 0.394713 
separation = 0.423239 
separation = 0.471962 
separation = 0.159105 
separation = 0.471962 
separation = 0.309578 
separation = 0.414158 
separation = 0.470868 
separation = 0.364613 
separation = 0.364613 
separation = 0.368073 
separation = 0.442272 
separation = 0.395860 
separation = 0.383276 
separation = 0.489935 
separation = 0.460669 
separation = 0.396380 
separation = 0.418480 
separation = 0.457169 
separation = 0.368073 
separation = 0.413144 
separation = 0.499423 
separation = 0.283302 
separation = 0.412139 
separation = 0.222673 
separation = 0.400853 
separation = 0.462894 
separation = 0.400249 
separation = 0.348314 
separation = 0.470868 
separation = 0.471962 
separation = 0.364613 
separation = 0.368073 
separation = 0.475797 
separation = 0.404704 
separation = 0.475216 
separation = 0.335952 
separation = 0.383144 
separation = 0.393590 
separation = 0.475216 
separation = 0.356336 
separation = 0.367443 
separation = 0.356336 
separation = 0.346810 
separation = 0.432764 
separation = 0.459084 
separation = 0.370838 
separation = 0.475216 
separation = 0.356336 
separation = 0.475797 
separation = 0.367443 
separation = 0.370838 
separation = 0.365237 
separation = 0.396035 
separation = 0.479689 
separation = 0.426277 
separation = 0.447023 
separation = 0.151170 
separation = 0.418755 
separation = 0.308415 
separation = 0.479689 
separation = 0.481772 
separation = 0.368733 
separation = 0.383453 
separation = 0.463563 
separation = 0.422807 
separation = 0.449235 
separation = 0.397197 
separation = 0.496939 
separation = 0.467669 
separation = 0.368733 
separation = 0.370566 
separation = 0.370566 
separation = 0.279692 
separation = 0.225490 
separation = 0.402362 
separation = 0.475437 
separation = 0.401749 
separation = 0.396035 
separation = 0.365237 
separation = 0.481772 
separation = 0.479689 
separation = 0.368733 
separation = 0.370566 
separation = 0.372080 
separation = 0.403024 
separation = 0.343100 
separation = 0.483209 
separation = 0.465519 
separation = 0.428511 
separation = 0.451195 
separation = 0.420688 
separation = 0.483209 
separation = 0.484722 
separation = 0.372946 
separation = 0.348148 
separation = 0.383834 
separation = 0.454294 
separation = 0.398478 
separation = 0.397201 
separation = 0.425943 
separation = 0.372946 
separation = 0.374232 
separation = 0.148824 
separation = 0.374232 
separation = 0.308898 
separation = 0.499566 
separation = 0.470994 
separation = 0.277971 
separation = 0.226459 
separation = 0.404232 
separation = 0.481578 
separation = 0.402688 
separation = 0.372080 
separation = 0.484722 
separation = 0.483209 
separation = 0.372946 
separation = 0.374232 
separation = 0.378750 
separation = 0.350061 
separation = 0.396500 
separation = 0.488247 
separation = 0.347486 
separation = 0.387854 
separation = 0.378750 
separation = 0.484353 
separation = 0.488256 
separation = 0.422199 
separation = 0.489240 
separation = 0.488256 
separation = 0.375193 
separation = 0.404873 
separation = 0.437376 
separation = 0.429064 
separation = 0.467526 
separation = 0.378034 
separation = 0.276377 
separation = 0.488118 
separation = 0.404378 
separation = 0.396500 
separation = 0.378750 
separation = 0.488256 
separation = 0.488247 
separation = 0.375193 
separation = 0.378034 
separation = 0.387258 
separation = 0.404300 
separation = 0.352540 
separation = 0.491995 
separation = 0.399653 
separation = 0.390194 
separation = 0.494793 
separation = 0.387258 
separation = 0.432044 
separation = 0.494793 
separation = 0.376893 
separation = 0.351583 
separation = 0.438741 
separation = 0.384495 
separation = 0.468970 
separation = 0.378120 
separation = 0.457414 
separation = 0.461763 
separation = 0.396774 
separation = 0.387258 
separation = 0.491995 
separation = 0.376893 
separation = 0.495718 
separation = 0.498294 
separation = 0.499864 
separation = 0.403807 
separation = 0.357555 
separation = 0.491542 
separation = 0.395629 
separation = 0.393839 
separation = 0.473346 
separation = 0.499864 
separation = 0.435289 
separation = 0.379685 
separation = 0.395629 
separation = 0.353121 
separation = 0.441973 
separation = 0.386914 
separation = 0.402771 
separation = 0.375847 
separation = 0.461641 
separation = 0.466883 
separation = 0.399813 
separation = 0.491542 
separation = 0.499864 
separation = 0.498294 
separation = 0.395629 
separation = 0.495718 
separation = 0.379685 
separation = 0.375847 
separation = 0.403873 
separation = 0.406092 
separation = 0.499404 
separation = 0.498978 
separation = 0.403384 
separation = 0.362532 
separation = 0.430482 
separation = 0.397646 
separation = 0.403873 
separation = 0.438625 
separation = 0.381088 
separation = 0.434630 
separation = 0.354676 
separation = 0.272929 
separation = 0.445253 
separation = 0.389421 
separation = 0.375717 
separation = 0.466311 
separation = 0.231600 
separation = 0.406116 
separation = 0.472101 
separation = 0.402830 
separation = 0.477681 
separation = 0.406092 
separation = 0.401998 
separation = 0.498978 
separation = 0.403873 
separation = 0.499404 
separation = 0.381088 
separation = 0.411950 
separation = 0.403029 
separation = 0.367473 
separation = 0.408457 
separation = 0.383344 
separation = 0.401354 
separation = 0.411950 
separation = 0.374562 
separation = 0.356246 
separation = 0.447511 
separation = 0.480643 
separation = 0.411950 
separation = 0.383344 
separation = 0.412161 
separation = 0.385704 
separation = 0.419938 
separation = 0.443005 
separation = 0.471926 
separation = 0.116446 
separation = 0.436964 
separation = 0.385704 
separation = 0.373931 
separation = 0.373931 
separation = 0.392608 
separation = 0.484889 
separation = 0.479608 
separation = 0.404965 
separation = 0.438331 
separation = 0.270801 
separation = 0.235932 
separation = 0.407055 
separation = 0.401929 
separation = 0.412161 
separation = 0.419938 
separation = 0.385704 
separation = 0.373931 
separation = 0.401797 
separation = 0.372716 
separation = 0.389886 
separation = 0.425764 
separation = 0.425764 
separation = 0.406210 
separation = 0.486854 
separation = 0.445567 
separation = 0.439096 
separation = 0.379563 
separation = 0.358563 
separation = 0.450712 
separation = 0.393576 
separation = 0.414465 
separation = 0.475802 
separation = 0.269018 
separation = 0.484438 
separation = 0.406340 
separation = 0.425764 
separation = 0.389886 
separation = 0.379563 
separation = 0.433537 
separation = 0.401604 
separation = 0.377571 
separation = 0.449161 
separation = 0.489820 
separation = 0.480362 
separation = 0.391148 
separation = 0.443691 
separation = 0.391148 
separation = 0.380924 
separation = 0.396538 
separation = 0.380924 
separation = 0.489675 
separation = 0.409494 
separation = 0.442149 
separation = 0.417898 
separation = 0.110301 
separation = 0.306291 
separation = 0.496410 
separation = 0.269448 
separation = 0.495695 
separation = 0.369248 
separation = 0.240864 
separation = 0.408323 
separation = 0.455821 
separation = 0.457304 
separation = 0.400955 
separation = 0.489820 
separation = 0.433537 
separation = 0.391148 
separation = 0.440251 
separation = 0.418362 
separation = 0.451831 
separation = 0.483404 
separation = 0.396715 
separation = 0.107221 
separation = 0.445565 
separation = 0.397696 
separation = 0.382839 
separation = 0.494319 
separation = 0.409227 
separation = 0.445326 
separation = 0.493779 
separation = 0.266619 
separation = 0.245390 
separation = 0.410940 
separation = 0.402755 
separation = 0.418362 
separation = 0.440251 
separation = 0.396715 
separation = 0.445783 
separation = 0.401637 
separation = 0.381109 
separation = 0.401234 
separation = 0.421146 
separation = 0.415155 
separation = 0.445783 
separation = 0.361986 
separation = 0.384173 
separation = 0.456305 
separation = 0.495738 
separation = 0.445783 
separation = 0.401234 
separation = 0.453265 
separation = 0.401589 
separation = 0.385865 
separation = 0.404703 
separation = 0.425638 
separation = 0.418033 
separation = 0.453265 
separation = 0.455541 
separation = 0.450392 
separation = 0.384301 
separation = 0.363619 
separation = 0.399683 
separation = 0.458620 
separation = 0.450036 
separation = 0.499791 
separation = 0.489311 
separation = 0.263442 
separation = 0.410801 
separation = 0.250128 
separation = 0.413758 
separation = 0.404178 
separation = 0.453265 
separation = 0.404703 
separation = 0.460600 
separation = 0.428432 
separation = 0.459322 
separation = 0.407736 
separation = 0.493393 
separation = 0.096366 
separation = 0.454288 
separation = 0.407736 
separation = 0.384326 
separation = 0.403044 
separation = 0.384326 
separation = 0.413170 
separation = 0.452759 
separation = 0.262687 
separation = 0.489180 
separation = 0.254883 
separation = 0.414948 
separation = 0.428432 
separation = 0.404185 
separation = 0.460600 
separation = 0.407736 
separation = 0.465837 
separation = 0.401014 
separation = 0.390895 
separation = 0.414502 
separation = 0.465837 
separation = 0.424843 
separation = 0.462157 
separation = 0.431681 
separation = 0.456623 
separation = 0.366155 
separation = 0.388233 
separation = 0.461739 
separation = 0.404501 
separation = 0.260951 
separation = 0.496702 
separation = 0.414594 
separation = 0.465837 
separation = 0.414502 
separation = 0.473032 
separation = 0.401090 
separation = 0.395596 
separation = 0.466046 
separation = 0.417766 
separation = 0.436120 
separation = 0.417903 
separation = 0.461198 
separation = 0.417766 
separation = 0.388620 
separation = 0.388620 
separation = 0.408038 
separation = 0.456944 
separation = 0.261743 
separation = 0.090977 
separation = 0.306599 
separation = 0.487263 
separation = 0.260899 
separation = 0.416383 
separation = 0.403684 
separation = 0.473032 
separation = 0.417766 
separation = 0.437703 
separation = 0.403865 
separation = 0.398775 
separation = 0.423068 
separation = 0.478163 
separation = 0.431962 
separation = 0.478163 
separation = 0.392608 
separation = 0.368494 
separation = 0.466499 
separation = 0.437703 
separation = 0.478163 
separation = 0.423068 
separation = 0.392608 
separation = 0.485185 
separation = 0.404026 
separation = 0.403436 
separation = 0.470284 
separation = 0.426844 
separation = 0.444904 
separation = 0.465408 
separation = 0.418038 
separation = 0.426844 
separation = 0.394717 
separation = 0.394717 
separation = 0.410563 
separation = 0.083215 
separation = 0.462245 
separation = 0.484131 
separation = 0.257150 
separation = 0.309257 
separation = 0.352536 
separation = 0.267976 
separation = 0.421101 
separation = 0.485590 
separation = 0.490684 
separation = 0.405871 
separation = 0.485185 
separation = 0.426844 
separation = 0.491184 
separation = 0.405607 
separation = 0.406868 
separation = 0.432379 
separation = 0.491184 
separation = 0.438086 
separation = 0.473284 
separation = 0.446831 
separation = 0.467650 
separation = 0.371765 
separation = 0.398731 
separation = 0.470165 
separation = 0.412290 
separation = 0.254595 
separation = 0.417980 
separation = 0.491184 
separation = 0.432379 
separation = 0.498040 
separation = 0.451872 
separation = 0.477615 
separation = 0.436815 
separation = 0.421415 
separation = 0.076516 
separation = 0.471713 
separation = 0.436815 
separation = 0.399000 
separation = 0.416134 
separation = 0.399000 
separation = 0.466989 
separation = 0.254808 
separation = 0.276348 
separation = 0.424230 
separation = 0.481117 
separation = 0.406072 
separation = 0.451872 
separation = 0.498040 
separation = 0.436815 
separation = 0.405572 
separation = 0.411895 
separation = 0.444027 
separation = 0.445572 
separation = 0.480996 
separation = 0.455954 
separation = 0.474253 
separation = 0.374430 
separation = 0.404056 
separation = 0.474389 
separation = 0.418020 
separation = 0.253171 
separation = 0.422861 
separation = 0.444027 
separation = 0.448668 
separation = 0.450351 
separation = 0.405880 
separation = 0.416476 
separation = 0.485132 
separation = 0.461248 
separation = 0.478804 
separation = 0.404711 
separation = 0.477768 
separation = 0.376133 
separation = 0.422026 
separation = 0.254222 
separation = 0.426299 
separation = 0.448668 
separation = 0.404711 
separation = 0.406222 
separation = 0.421041 
separation = 0.451997 
separation = 0.489322 
separation = 0.465316 
separation = 0.428274 
separation = 0.482727 
separation = 0.451997 
separation = 0.408317 
separation = 0.408317 
separation = 0.426104 
separation = 0.472871 
separation = 0.068639 
separation = 0.254963 
separation = 0.312212 
separation = 0.477644 
separation = 0.286269 
separation = 0.425657 
separation = 0.347170 
separation = 0.404830 
separation = 0.451997 
separation = 0.408317 
separation = 0.408246 
separation = 0.424767 
separation = 0.492573 
separation = 0.457424 
separation = 0.467894 
separation = 0.428253 
separation = 0.485260 
separation = 0.457424 
separation = 0.415140 
separation = 0.415140 
separation = 0.428220 
separation = 0.476226 
separation = 0.252591 
separation = 0.067279 
separation = 0.315245 
separation = 0.476467 
separation = 0.290350 
separation = 0.428575 
separation = 0.406957 
separation = 0.457424 
separation = 0.411486 
separation = 0.428299 
separation = 0.495864 
separation = 0.463607 
separation = 0.470533 
separation = 0.428274 
separation = 0.475883 
separation = 0.463607 
separation = 0.420393 
separation = 0.430405 
separation = 0.420393 
separation = 0.065610 
separation = 0.487844 
separation = 0.250289 
separation = 0.318157 
separation = 0.479615 
separation = 0.343954 
separation = 0.294377 
separation = 0.431507 
separation = 0.409104 
separation = 0.463607 
separation = 0.413890 
separation = 0.432220 
separation = 0.469876 
separation = 0.465128 
separation = 0.499192 
separation = 0.473225 
separation = 0.425510 
separation = 0.383433 
separation = 0.485902 
separation = 0.432657 
separation = 0.428334 
separation = 0.469876 
separation = 0.477772 
separation = 0.475034 
separation = 0.437025 
separation = 0.062397 
separation = 0.430520 
separation = 0.492960 
separation = 0.475034 
separation = 0.427033 
separation = 0.427033 
separation = 0.484729 
separation = 0.247696 
separation = 0.473849 
separation = 0.300924 
separation = 0.435123 
separation = 0.410178 
separation = 0.477772 
separation = 0.475034 
separation = 0.482068 
separation = 0.473076 
separation = 0.414336 
separation = 0.437662 
separation = 0.439417 
separation = 0.482302 
separation = 0.495759 
separation = 0.433989 
separation = 0.490668 
separation = 0.386196 
separation = 0.246286 
separation = 0.431989 
separation = 0.482068 
separation = 0.433989 
separation = 0.488007 
separation = 0.443905 
separation = 0.435568 
separation = 0.486318 
separation = 0.061314 
separation = 0.489502 
separation = 0.438592 
separation = 0.247576 
separation = 0.308059 
separation = 0.437010 
separation = 0.410636 
separation = 0.488007 
separation = 0.486318 
separation = 0.414520 
separation = 0.443264 
separation = 0.492217 
separation = 0.492590 
separation = 0.482928 
separation = 0.492939 
separation = 0.442763 
separation = 0.389931 
separation = 0.494205 
separation = 0.246231 
separation = 0.310845 
separation = 0.439161 
separation = 0.412929 
separation = 0.492217 
separation = 0.415086 
separation = 0.447667 
separation = 0.497779 
separation = 0.486120 
separation = 0.495962 
separation = 0.447649 
separation = 0.445059 
separation = 0.391671 
separation = 0.495352 
separation = 0.437150 
separation = 0.497779 
separation = 0.415673 
separation = 0.452058 
separation = 0.491122 
separation = 0.447455 
separation = 0.452295 
separation = 0.393412 
separation = 0.498727 
separation = 0.440736 
separation = 0.496137 
separation = 0.416284 
separation = 0.449941 
separation = 0.456433 
separation = 0.244479 
separation = 0.395152 
separation = 0.416914 
separation = 0.460798 
separation = 0.458209 
separation = 0.444960 
separation = 0.452519 
separation = 0.470282 
separation = 0.245875 
separation = 0.452519 
separation = 0.060539 
separation = 0.322970 
separation = 0.327247 
separation = 0.443380 
separation = 0.343424 
separation = 0.412859 
separation = 0.419775 
separation = 0.465816 
separation = 0.458607 
separation = 0.460982 
separation = 0.244181 
separation = 0.445077 
separation = 0.330767 
separation = 0.446440 
separation = 0.415092 
separation = 0.420839 
separation = 0.468572 
separation = 0.463596 
separation = 0.463811 
separation = 0.446521 
separation = 0.243077 
separation = 0.399983 
separation = 0.421530 
separation = 0.472897 
separation = 0.466277 
separation = 0.401727 
separation = 0.422239 
separation = 0.477209 
separation = 0.469579 
separation = 0.469890 
separation = 0.450848 
separation = 0.244028 
separation = 0.403470 
separation = 0.405211 
separation = 0.474785 
separation = 0.472891 
separation = 0.453207 
separation = 0.244592 
separation = 0.346359 
separation = 0.450822 
separation = 0.415067 
separation = 0.422516 
separation = 0.483925 
separation = 0.478506 
separation = 0.477799 
separation = 0.454631 
separation = 0.243677 
separation = 0.407232 
separation = 0.478506 
separation = 0.482758 
separation = 0.074584 
separation = 0.458261 
separation = 0.483345 
separation = 0.330292 
separation = 0.483345 
separation = 0.473738 
separation = 0.245255 
separation = 0.346445 
separation = 0.353966 
separation = 0.452958 
separation = 0.415947 
separation = 0.424052 
separation = 0.492221 
separation = 0.488707 
separation = 0.485877 
separation = 0.459936 
separation = 0.244454 
separation = 0.412099 
separation = 0.488707 
separation = 0.424836 
separation = 0.496469 
separation = 0.494060 
separation = 0.490915 
separation = 0.463541 
separation = 0.246083 
separation = 0.413773 
separation = 0.425633 
separation = 0.495982 
separation = 0.496950 
separation = 0.467137 
separation = 0.247730 
separation = 0.415509 
separation = 0.366017 
separation = 0.455169 
separation = 0.416290 
separation = 0.427517 
separation = 0.499250 
separation = 0.468500 
separation = 0.089620 
separation = 0.247089 
separation = 0.369071 
separation = 0.457301 
separation = 0.418439 
separation = 0.430097 
separation = 0.469872 
separation = 0.419801 
separation = 0.421515 
separation = 0.245487 
separation = 0.430928 
separation = 0.431773 
separation = 0.473087 
separation = 0.101458 
separation = 0.246720 
separation = 0.487031 
separation = 0.423225 
separation = 0.378375 
separation = 0.461666 
separation = 0.419971 
separation = 0.107561 
separation = 0.473272 
separation = 0.340512 
separation = 0.490576 
separation = 0.246092 
separation = 0.354843 
separation = 0.381369 
separation = 0.464888 
separation = 0.422289 
separation = 0.436422 
separation = 0.474927 
separation = 0.247060 
separation = 0.430312 
separation = 0.437289 
separation = 0.478562 
separation = 0.248857 
separation = 0.432004 
separation = 0.438168 
separation = 0.250667 
separation = 0.482186 
separation = 0.392759 
separation = 0.466916 
separation = 0.423151 
separation = 0.483541 
separation = 0.123679 
separation = 0.250492 
separation = 0.395923 
separation = 0.469084 
separation = 0.425405 
separation = 0.439926 
separation = 0.127216 
separation = 0.484901 
separation = 0.250374 
separation = 0.399101 
separation = 0.471267 
separation = 0.427670 
separation = 0.442408 
separation = 0.250316 
separation = 0.437154 
separation = 0.443330 
separation = 0.438804 
separation = 0.444261 
separation = 0.488178 
separation = 0.440449 
separation = 0.145434 
separation = 0.491817 
separation = 0.251261 
separation = 0.413026 
separation = 0.475794 
separation = 0.429623 
separation = 0.445722 
separation = 0.443090 
separation = 0.446685 
separation = 0.153619 
separation = 0.251241 
separation = 0.494194 
separation = 0.419571 
separation = 0.479305 
separation = 0.432152 
separation = 0.158422 
separation = 0.494466 
separation = 0.251532 
separation = 0.422236 
separation = 0.482793 
separation = 0.434562 
separation = 0.449942 
separation = 0.495859 
separation = 0.161979 
separation = 0.251804 
separation = 0.425491 
separation = 0.485111 
separation = 0.436920 
separation = 0.452662 
separation = 0.497257 
separation = 0.449206 
separation = 0.453659 
separation = 0.499845 
separation = 0.251828 
separation = 0.450741 
separation = 0.431231 
separation = 0.489731 
separation = 0.438842 
separation = 0.455928 
separation = 0.252530 
separation = 0.453509 
separation = 0.433815 
separation = 0.493362 
separation = 0.441290 
separation = 0.456923 
separation = 0.253486 
separation = 0.455023 
separation = 0.457920 
separation = 0.456575 
separation = 0.190506 
separation = 0.255534 
separation = 0.442318 
separation = 0.495457 
separation = 0.442749 
separation = 0.459517 
separation = 0.459037 
separation = 0.460536 
separation = 0.256191 
separation = 0.460567 
separation = 0.461556 
separation = 0.203771 
separation = 0.258112 
separation = 0.363746 
separation = 0.451127 
separation = 0.378372 
separation = 0.445264 
separation = 0.210007 
separation = 0.259341 
separation = 0.453576 
separation = 0.447802 
separation = 0.213600 
separation = 0.368506 
separation = 0.260272 
separation = 0.456908 
separation = 0.450325 
separation = 0.468720 
separation = 0.217816 
separation = 0.261275 
separation = 0.460251 
separation = 0.370743 
separation = 0.383427 
separation = 0.452861 
separation = 0.472504 
separation = 0.473301 
separation = 0.474311 
separation = 0.473951 
separation = 0.233497 
separation = 0.377608 
separation = 0.262915 
separation = 0.389547 
separation = 0.466557 
separation = 0.456085 
separation = 0.477892 
separation = 0.478502 
separation = 0.478901 
separation = 0.264168 
separation = 0.242724 
separation = 0.472572 
separation = 0.459011 
separation = 0.481599 
separation = 0.481780 
separation = 0.482604 
separation = 0.252359 
separation = 0.265168 
separation = 0.384795 
separation = 0.479603 
separation = 0.396655 
separation = 0.461981 
separation = 0.487326 
separation = 0.266580 
separation = 0.487283 
separation = 0.488635 
separation = 0.268609 
separation = 0.488266 
separation = 0.464687 
separation = 0.267306 
separation = 0.391685 
separation = 0.270752 
separation = 0.402959 
separation = 0.487093 
separation = 0.467091 
separation = 0.491951 
separation = 0.272303 
separation = 0.493739 
separation = 0.490257 
separation = 0.469764 
separation = 0.492917 
separation = 0.273737 
separation = 0.495036 
separation = 0.493050 
separation = 0.472194 
separation = 0.495401 
separation = 0.497881 
separation = 0.496346 
separation = 0.275748 
separation = 0.499116 
separation = 0.497287 
separation = 0.277805 
separation = 0.475619 
separation = 0.498227 
separation = 0.279738 
separation = 0.478097 
separation = 0.499162 
separation = 0.281712 
separation = 0.480589 
separation = 0.300470 
separation = 0.403160 
separation = 0.283623 
separation = 0.416681 
separation = 0.483351 
separation = 0.285587 
separation = 0.486124 
separation = 0.308630 
separation = 0.407492 
separation = 0.287631 
separation = 0.421316 
separation = 0.488580 
separation = 0.289685 
separation = 0.491377 
separation = 0.291806 
separation = 0.293913 
separation = 0.332946 
separation = 0.416876 
separation = 0.295763 
separation = 0.432394 
separation = 0.496547 
separation = 0.336612 
separation = 0.298787 
separation = 0.499410 
separation = 0.301033 
separation = 0.345358 
separation = 0.423210 
separation = 0.302981 
separation = 0.438809 
separation = 0.306111 
separation = 0.354412 
separation = 0.429365 
separation = 0.308022 
separation = 0.444232 
separation = 0.311017 
separation = 0.312897 
separation = 0.315324 
separation = 0.372205 
separation = 0.317511 
separation = 0.319999 
separation = 0.321833 
separation = 0.385229 
separation = 0.441567 
separation = 0.324264 
separation = 0.458337 
separation = 0.389924 
separation = 0.446766 
separation = 0.326816 
separation = 0.462665 
separation = 0.329215 
separation = 0.331042 
separation = 0.402437 
separation = 0.454657 
separation = 0.333661 
separation = 0.471248 
separation = 0.337070 
separation = 0.409848 
separation = 0.338990 
separation = 0.460988 
separation = 0.476742 
separation = 0.414157 
separation = 0.342417 
separation = 0.345115 
separation = 0.419580 
separation = 0.346962 
separation = 0.349685 
separation = 0.351543 
separation = 0.430317 
separation = 0.470981 
separation = 0.354002 
separation = 0.487155 
separation = 0.434354 
separation = 0.476220 
separation = 0.357472 
separation = 0.491628 
separation = 0.360945 
separation = 0.437054 
separation = 0.364163 
separation = 0.366056 
separation = 0.448483 
separation = 0.368878 
separation = 0.450869 
separation = 0.371711 
separation = 0.484416 
separation = 0.374283 
separation = 0.376776 
separation = 0.379342 
separation = 0.469055 
separation = 0.381298 
separation = 0.471328 
separation = 0.384178 
separation = 0.387003 
separation = 0.388984 
separation = 0.479834 
separation = 0.392475 
separation = 0.487782 
separation = 0.395439 
separation = 0.493023 
separation = 0.398919 
separation = 0.401848 
separation = 0.495181 
separation = 0.401848 
separation = 0.406780 
separation = 0.408794 
separation = 0.411950 
separation = 0.415400 
separation = 0.418534 
separation = 0.420585 
separation = 0.422645 
separation = 0.424794 
separation = 0.427741 
separation = 0.430956 
separation = 0.434188 
separation = 0.436720 
separation = 0.438821 
separation = 0.441766 
separation = 0.445105 
separation = 0.447204 
separation = 0.450695 
separation = 0.453940 
separation = 0.457141 
separation = 0.459240 
separation = 0.462385 
separation = 0.465487 
separation = 0.469065 
separation = 0.472087 
separation = 0.475072 
separation = 0.478679 
separation = 0.480773 
separation = 0.483664 
separation = 0.486854 
separation = 0.489661 
separation = 0.492260 
separation = 0.494345 
separation = 0.496435 
separation = 0.499137 
relax step 10000
relax step 20000
relax step 30000
relax step 40000
relax step 50000
relax step 60000
relax step 70000
relax step 80000
relax step 0
relax step 10000
relax step 20000
relax step 30000
relax step 40000
relax step 50000
relax step 60000
relax step 70000
relax step 80000
... done relaxing
-----------------------------------------------
 
 
-----------------------------------------------
Equilibrating for 300000 steps...
equilibration step 0
separation = 0.490899 
separation = 0.491247 
separation = 0.487817 
separation = 0.491158 
separation = 0.420139 
separation = 0.438172 
separation = 0.443644 
separation = 0.478287 
separation = 0.481246 
separation = 0.483109 
separation = 0.482606 
separation = 0.345267 
separation = 0.323951 
separation = 0.332449 
separation = 0.333013 
separation = 0.429764 
separation = 0.428200 
separation = 0.443196 
separation = 0.452106 
separation = 0.450839 
separation = 0.448469 
separation = 0.461005 
separation = 0.458703 
separation = 0.471468 
separation = 0.468691 
separation = 0.490937 
separation = 0.467700 
separation = 0.466773 
separation = 0.480880 
separation = 0.490151 
separation = 0.379374 
separation = 0.394650 
separation = 0.394650 
separation = 0.415075 
separation = 0.419068 
separation = 0.435156 
separation = 0.435156 
separation = 0.435156 
separation = 0.435035 
separation = 0.435035 
separation = 0.435035 
separation = 0.444972 
separation = 0.444972 
separation = 0.444972 
separation = 0.443297 
separation = 0.443297 
separation = 0.443297 
separation = 0.446476 
separation = 0.446476 
separation = 0.446476 
separation = 0.447887 
separation = 0.447887 
separation = 0.452225 
separation = 0.452225 
separation = 0.464488 
separation = 0.464488 
separation = 0.474145 
separation = 0.474145 
separation = 0.483450 
separation = 0.483450 
separation = 0.494205 
separation = 0.494205 
separation = 0.457449 
equilibration step 10000
equilibration step 20000
equilibration step 30000
equilibration step 40000
equilibration step 50000
equilibration step 60000
equilibration step 70000
equilibration step 80000
equilibration step 90000
equilibration step 100000
equilibration step 110000
equilibration step 120000
equilibration step 130000
equilibration step 140000
equilibration step 150000
equilibration step 160000
equilibration step 170000
equilibration step 180000
equilibration step 190000
equilibration step 200000
equilibration step 210000
equilibration step 220000
equilibration step 230000
equilibration step 240000
equilibration step 250000
equilibration step 260000
equilibration step 270000
equilibration step 280000
equilibration step 290000
 
... done equilibrating!
-----------------------------------------------
 
1500
3000
4500
6000
7500
9000
10500
12000
13500
15000
16500
18000
19500
21000
22500
24000
25500
27000
28500
30000
31500
33000
34500
36000
37500
39000
40500
42000
43500
45000
46500
48000
49500
51000
52500
54000
55500
57000
58500
60000
61500
63000
64500
66000
67500
69000
70500
72000
73500
75000
76500
78000
79500
81000
82500
84000
85500
87000
88500
90000
91500
93000
94500
96000
97500
99000
100500
102000
103500
105000
106500
108000
109500
111000
112500
114000
115500
117000
118500
120000
121500
123000
124500
126000
127500
129000
130500
132000
133500
135000
136500
138000
139500
141000
142500
144000
145500
147000
148500
150000
151500
153000
154500
156000
157500
159000
160500
162000
163500
165000
166500
168000
169500
171000
172500
174000
175500
177000
178500
180000
181500
183000
184500
186000
187500
189000
190500
192000
193500
195000
196500
198000
199500
201000
202500
204000
205500
207000
208500
210000
211500
213000
214500
216000
217500
219000
220500
222000
223500
225000
226500
228000
229500
231000
232500
234000
235500
237000
238500
240000
241500
243000
244500
246000
247500
249000
250500
252000
253500
255000
256500
258000
259500
261000
262500
264000
265500
267000
268500
270000
271500
273000
274500
276000
277500
279000
280500
282000
283500
285000
286500
288000
289500
291000
292500
294000
295500
297000
298500
300000
