scsp_3D_capsules_slit_trains
  
H = 10
umax = 0.0166667
  
Ca = 0.3
Ca std dev = 0.0001
  
reference flux = 88.8889
  
nnbins = 26
 
-----------------------------------------------
Relaxing capsules...
relax step 0
relax step 10000
relax step 20000
relax step 30000
relax step 40000
relax step 50000
relax step 60000
relax step 70000
relax step 80000
relax step 0
relax step 10000
relax step 20000
relax step 30000
relax step 40000
relax step 50000
relax step 60000
relax step 70000
relax step 80000
... done relaxing
-----------------------------------------------
 
 
-----------------------------------------------
Equilibrating for 0 steps...
 
... done equilibrating!
-----------------------------------------------
 
10000
20000
30000
40000
50000
60000
70000
80000
90000
100000
110000
120000
130000
140000
150000
160000
170000
180000
190000
separation = 0.289677 
separation = 0.289677 
separation = 0.289677 
separation = 0.457882 
separation = 0.457882 
separation = 0.355902 
separation = 0.438194 
separation = 0.115398 
separation = 0.438194 
separation = 0.446969 
separation = 0.451821 
separation = 0.457780 
separation = 0.499091 
separation = 0.485054 
separation = 0.485054 
separation = 0.453885 
separation = 0.441310 
separation = 0.493843 
separation = 0.483867 
200000
210000
separation = 0.463308 
separation = 0.494011 
separation = 0.423311 
separation = 0.460228 
separation = 0.455792 
separation = 0.409165 
separation = 0.409165 
separation = 0.189293 
separation = 0.285951 
separation = 0.382632 
separation = 0.363042 
220000
separation = 0.417564 
separation = 0.275746 
separation = 0.345552 
230000
separation = 0.474580 
separation = 0.492293 
separation = 0.425990 
separation = 0.425990 
separation = 0.492293 
240000
250000
260000
270000
separation = 0.409762 
separation = 0.461976 
separation = 0.436582 
separation = 0.476680 
280000
290000
separation = 0.486624 
separation = 0.473788 
separation = 0.495438 
separation = 0.404021 
separation = 0.340891 
separation = 0.450731 
separation = 0.448136 
separation = 0.460062 
separation = 0.360854 
separation = 0.395204 
separation = 0.446546 
separation = 0.468702 
separation = 0.384559 
separation = 0.326536 
separation = 0.172525 
separation = 0.496486 
separation = 0.403038 
separation = 0.488187 
separation = 0.440184 
separation = 0.459069 
separation = 0.442594 
separation = 0.478225 
separation = 0.475118 
separation = 0.485643 
separation = 0.420792 
separation = 0.410688 
separation = 0.485043 
separation = 0.348373 
separation = 0.302293 
separation = 0.387164 
separation = 0.373258 
separation = 0.489328 
separation = 0.480933 
separation = 0.482175 
separation = 0.489302 
separation = 0.486471 
separation = 0.373557 
separation = 0.332290 
separation = 0.446239 
separation = 0.394404 
separation = 0.449318 
separation = 0.484036 
separation = 0.445346 
300000
separation = 0.429077 
separation = 0.493775 
separation = 0.459573 
separation = 0.412680 
separation = 0.435700 
separation = 0.449912 
separation = 0.416921 
separation = 0.316549 
separation = 0.392181 
separation = 0.419186 
separation = 0.354782 
separation = 0.492431 
separation = 0.479083 
separation = 0.354782 
separation = 0.479083 
separation = 0.376627 
separation = 0.376627 
separation = 0.348844 
separation = 0.348844 
separation = 0.470792 
separation = 0.470792 
separation = 0.431721 
separation = 0.431721 
separation = 0.451099 
separation = 0.451099 
separation = 0.475978 
separation = 0.413618 
separation = 0.441390 
separation = 0.480491 
separation = 0.428453 
separation = 0.428453 
separation = 0.347990 
separation = 0.311705 
separation = 0.311705 
separation = 0.436361 
separation = 0.276979 
separation = 0.276979 
separation = 0.370314 
separation = 0.370314 
310000
separation = 0.452492 
separation = 0.477458 
separation = 0.492227 
separation = 0.436610 
separation = 0.415227 
separation = 0.462560 
separation = 0.380078 
separation = 0.494095 
separation = 0.494330 
separation = 0.478892 
separation = 0.464805 
320000
330000
340000
350000
360000
370000
380000
390000
400000
410000
420000
430000
440000
450000
460000
470000
separation = 0.464635 
separation = 0.464635 
separation = 0.495561 
separation = 0.495561 
separation = 0.449415 
separation = 0.449415 
separation = 0.232731 
480000
490000
500000
510000
520000
530000
540000
550000
560000
570000
580000
590000
600000
610000
620000
630000
640000
650000
660000
670000
680000
690000
700000
710000
720000
730000
740000
750000
760000
770000
780000
790000
800000
810000
820000
830000
840000
850000
860000
870000
880000
890000
900000
910000
920000
930000
940000
950000
960000
970000
980000
990000
1000000
1010000
1020000
separation = 0.483339 
separation = 0.483339 
1030000
1040000
1050000
1060000
1070000
1080000
1090000
1100000
1110000
1120000
1130000
1140000
1150000
1160000
1170000
1180000
1190000
1200000
1210000
1220000
1230000
1240000
1250000
1260000
1270000
1280000
1290000
1300000
1310000
1320000
1330000
1340000
1350000
1360000
1370000
1380000
1390000
1400000
1410000
1420000
1430000
1440000
1450000
1460000
1470000
1480000
1490000
1500000
1510000
1520000
1530000
1540000
1550000
1560000
1570000
1580000
1590000
1600000
1610000
1620000
1630000
1640000
1650000
1660000
1670000
1680000
1690000
1700000
1710000
1720000
1730000
1740000
1750000
1760000
1770000
1780000
1790000
1800000
1810000
1820000
1830000
1840000
1850000
1860000
1870000
1880000
1890000
1900000
1910000
1920000
1930000
1940000
1950000
1960000
1970000
1980000
1990000
2000000
