scsp_3D_capsules_channel
  
hydraulic diameter = 73.0395
umax = 0.03
ks = 0.000108355
nu = 0.00273898
fx = 2.19808e-07
  
Re = 400
Ca = 0.1
  
reference flux = 80.801
  
nnbins = 26
 
-----------------------------------------------
Relaxing capsules...
relax step 0
relax step 10000
relax step 20000
relax step 30000
relax step 40000
relax step 50000
relax step 60000
relax step 70000
relax step 80000
relax step 0
relax step 10000
relax step 20000
relax step 30000
relax step 40000
relax step 50000
relax step 60000
relax step 70000
relax step 80000
... done relaxing
-----------------------------------------------
 
 
-----------------------------------------------
Equilibrating for 500000 steps...
equilibration step 0
equilibration step 10000
equilibration step 20000
equilibration step 30000
equilibration step 40000
equilibration step 50000
equilibration step 60000
separation = 0.497625 
separation = 0.481688 
separation = 0.468745 
separation = 0.468794 
separation = 0.468794 
separation = 0.472029 
separation = 0.491566 
separation = 0.491566 
separation = 0.494598 
separation = 0.494598 
separation = 0.484755 
separation = 0.484755 
separation = 0.475598 
separation = 0.475598 
separation = 0.474805 
separation = 0.474805 
separation = 0.480541 
separation = 0.480541 
separation = 0.487660 
separation = 0.487660 
separation = 0.490989 
separation = 0.490989 
separation = 0.492413 
separation = 0.492413 
separation = 0.496066 
separation = 0.496066 
separation = 0.492779 
separation = 0.479248 
separation = 0.473984 
separation = 0.482518 
separation = 0.491096 
separation = 0.499298 
separation = 0.496674 
separation = 0.479766 
separation = 0.479766 
separation = 0.472268 
separation = 0.472268 
separation = 0.472344 
separation = 0.472344 
separation = 0.491137 
separation = 0.468801 
separation = 0.468801 
separation = 0.491019 
separation = 0.463912 
separation = 0.463912 
separation = 0.481514 
separation = 0.458716 
separation = 0.458716 
separation = 0.485924 
separation = 0.485924 
separation = 0.455779 
separation = 0.455779 
separation = 0.495355 
separation = 0.452603 
separation = 0.452603 
separation = 0.449831 
separation = 0.449831 
separation = 0.447850 
separation = 0.447850 
separation = 0.447376 
separation = 0.447376 
separation = 0.449219 
separation = 0.449219 
separation = 0.449260 
separation = 0.449260 
separation = 0.451527 
separation = 0.451527 
separation = 0.449925 
separation = 0.449925 
separation = 0.451600 
separation = 0.451600 
separation = 0.447586 
separation = 0.447586 
separation = 0.496258 
separation = 0.446022 
separation = 0.446022 
separation = 0.468513 
separation = 0.439108 
separation = 0.439108 
separation = 0.474422 
separation = 0.436754 
separation = 0.436754 
separation = 0.470555 
separation = 0.470555 
separation = 0.429187 
separation = 0.429187 
separation = 0.426129 
separation = 0.493639 
separation = 0.493639 
separation = 0.426129 
separation = 0.415589 
separation = 0.499605 
separation = 0.407601 
separation = 0.400185 
separation = 0.493648 
separation = 0.493648 
separation = 0.397093 
separation = 0.472982 
separation = 0.472982 
separation = 0.396817 
separation = 0.460290 
separation = 0.460290 
separation = 0.460290 
separation = 0.400367 
separation = 0.433979 
separation = 0.400367 
separation = 0.437742 
separation = 0.409354 
separation = 0.424982 
separation = 0.418455 
separation = 0.435453 
separation = 0.433366 
separation = 0.433366 
separation = 0.451097 
separation = 0.432652 
separation = 0.451285 
separation = 0.451285 
separation = 0.473502 
separation = 0.455919 
separation = 0.471338 
separation = 0.471338 
separation = 0.461896 
separation = 0.461896 
separation = 0.495868 
separation = 0.495868 
separation = 0.453652 
separation = 0.461771 
separation = 0.461771 
separation = 0.480846 
separation = 0.480846 
separation = 0.442159 
separation = 0.454800 
separation = 0.495770 
separation = 0.495770 
separation = 0.475335 
separation = 0.439876 
separation = 0.475335 
separation = 0.460885 
separation = 0.460885 
separation = 0.483146 
separation = 0.483146 
separation = 0.475713 
separation = 0.441316 
separation = 0.475713 
separation = 0.454961 
separation = 0.454961 
separation = 0.477644 
separation = 0.491539 
separation = 0.477644 
separation = 0.451071 
separation = 0.491539 
separation = 0.464178 
separation = 0.464178 
separation = 0.485294 
separation = 0.485294 
separation = 0.461237 
separation = 0.469215 
separation = 0.495570 
separation = 0.473220 
separation = 0.495570 
separation = 0.473220 
separation = 0.477156 
separation = 0.477156 
separation = 0.475732 
separation = 0.483123 
separation = 0.475732 
separation = 0.482661 
separation = 0.435734 
separation = 0.493091 
separation = 0.493091 
separation = 0.435734 
separation = 0.486287 
separation = 0.481319 
separation = 0.414825 
separation = 0.486287 
separation = 0.485713 
separation = 0.414825 
separation = 0.466683 
separation = 0.487081 
separation = 0.487081 
separation = 0.398926 
separation = 0.434444 
separation = 0.398926 
separation = 0.398926 
separation = 0.484711 
separation = 0.458846 
separation = 0.484711 
separation = 0.397542 
separation = 0.395712 
separation = 0.395712 
separation = 0.487528 
separation = 0.391167 
separation = 0.359516 
separation = 0.487528 
separation = 0.391167 
separation = 0.391167 
separation = 0.465649 
separation = 0.490160 
separation = 0.490160 
separation = 0.388905 
separation = 0.339256 
separation = 0.388905 
separation = 0.388905 
separation = 0.476673 
separation = 0.393342 
separation = 0.327873 
separation = 0.393342 
separation = 0.393342 
separation = 0.492078 
separation = 0.394996 
separation = 0.325161 
separation = 0.394996 
separation = 0.394996 
separation = 0.408311 
separation = 0.408311 
separation = 0.329277 
separation = 0.408311 
separation = 0.408311 
separation = 0.417280 
separation = 0.417280 
separation = 0.331696 
separation = 0.417280 
separation = 0.440885 
separation = 0.440885 
separation = 0.476968 
separation = 0.328527 
separation = 0.440885 
separation = 0.440885 
separation = 0.453967 
separation = 0.453967 
separation = 0.440957 
separation = 0.322613 
separation = 0.453967 
separation = 0.487717 
separation = 0.487717 
separation = 0.408722 
separation = 0.315715 
separation = 0.487717 
separation = 0.380201 
separation = 0.310379 
separation = 0.361059 
separation = 0.303726 
separation = 0.298367 
separation = 0.493897 
separation = 0.493897 
separation = 0.339494 
separation = 0.339494 
separation = 0.298367 
separation = 0.479732 
separation = 0.326425 
separation = 0.292739 
separation = 0.475091 
separation = 0.289355 
separation = 0.315279 
separation = 0.315279 
separation = 0.289355 
separation = 0.466502 
separation = 0.312203 
separation = 0.283549 
separation = 0.477028 
separation = 0.311112 
separation = 0.280843 
separation = 0.485550 
separation = 0.485550 
separation = 0.275459 
separation = 0.315605 
separation = 0.320326 
separation = 0.274746 
separation = 0.336925 
separation = 0.271623 
separation = 0.352683 
separation = 0.273368 
separation = 0.373487 
separation = 0.272372 
separation = 0.276282 
separation = 0.385478 
separation = 0.276282 
separation = 0.277793 
separation = 0.397697 
separation = 0.411319 
separation = 0.282839 
separation = 0.278145 
separation = 0.420161 
separation = 0.276394 
separation = 0.276394 
separation = 0.434089 
separation = 0.449443 
separation = 0.263522 
separation = 0.467683 
separation = 0.269123 
separation = 0.258677 
separation = 0.470188 
separation = 0.258677 
separation = 0.462529 
separation = 0.267028 
separation = 0.265052 
separation = 0.447609 
separation = 0.438095 
separation = 0.273899 
separation = 0.437520 
separation = 0.270789 
separation = 0.485201 
separation = 0.448765 
separation = 0.484959 
separation = 0.277576 
separation = 0.484959 
separation = 0.484959 
separation = 0.273524 
separation = 0.483045 
separation = 0.487860 
separation = 0.273691 
separation = 0.478987 
separation = 0.264604 
separation = 0.468233 
separation = 0.468233 
separation = 0.468233 
separation = 0.497753 
separation = 0.465326 
separation = 0.262046 
separation = 0.465326 
separation = 0.465326 
separation = 0.483993 
separation = 0.457665 
separation = 0.245328 
separation = 0.457665 
separation = 0.457665 
separation = 0.469330 
separation = 0.452723 
separation = 0.235593 
separation = 0.452723 
separation = 0.452723 
separation = 0.445092 
separation = 0.449343 
separation = 0.449343 
separation = 0.214256 
separation = 0.445092 
separation = 0.445092 
separation = 0.421307 
separation = 0.421307 
separation = 0.207085 
separation = 0.441613 
separation = 0.441613 
separation = 0.441613 
separation = 0.422012 
separation = 0.434937 
separation = 0.192252 
separation = 0.192252 
separation = 0.434937 
separation = 0.434937 
separation = 0.415461 
separation = 0.435100 
separation = 0.190768 
separation = 0.435100 
separation = 0.435100 
separation = 0.419600 
separation = 0.443353 
separation = 0.429972 
separation = 0.186321 
separation = 0.429972 
separation = 0.429972 
separation = 0.403208 
separation = 0.403208 
separation = 0.190192 
separation = 0.427262 
separation = 0.190192 
separation = 0.434236 
separation = 0.434236 
separation = 0.434236 
separation = 0.403208 
separation = 0.357300 
separation = 0.357300 
separation = 0.198206 
separation = 0.442387 
separation = 0.439561 
separation = 0.439561 
separation = 0.439561 
separation = 0.357300 
separation = 0.343830 
separation = 0.343830 
separation = 0.452955 
separation = 0.210915 
separation = 0.210915 
separation = 0.446927 
separation = 0.446927 
separation = 0.446927 
separation = 0.343830 
separation = 0.328705 
separation = 0.221621 
separation = 0.466526 
separation = 0.457408 
separation = 0.457408 
separation = 0.457408 
separation = 0.221621 
separation = 0.328705 
separation = 0.336650 
separation = 0.235982 
separation = 0.468681 
separation = 0.466948 
separation = 0.466948 
separation = 0.466948 
separation = 0.336650 
separation = 0.347178 
separation = 0.480118 
separation = 0.245041 
separation = 0.480118 
separation = 0.481109 
separation = 0.481109 
separation = 0.481109 
separation = 0.347178 
separation = 0.376142 
separation = 0.261980 
separation = 0.473397 
separation = 0.499161 
separation = 0.499161 
separation = 0.499161 
separation = 0.261980 
separation = 0.376142 
separation = 0.491039 
separation = 0.404991 
separation = 0.491039 
separation = 0.269239 
separation = 0.404991 
separation = 0.490082 
separation = 0.491039 
separation = 0.491039 
separation = 0.404991 
separation = 0.469791 
separation = 0.469791 
separation = 0.445379 
separation = 0.483877 
separation = 0.283982 
separation = 0.445379 
separation = 0.283982 
separation = 0.481712 
separation = 0.483877 
separation = 0.469791 
separation = 0.469791 
separation = 0.283982 
separation = 0.483877 
separation = 0.445379 
separation = 0.458083 
separation = 0.470496 
separation = 0.482820 
separation = 0.291623 
separation = 0.458083 
separation = 0.470496 
separation = 0.470496 
separation = 0.291623 
separation = 0.458083 
separation = 0.470496 
separation = 0.440565 
separation = 0.459262 
separation = 0.440565 
separation = 0.313871 
separation = 0.313871 
separation = 0.459262 
separation = 0.459262 
separation = 0.440565 
separation = 0.459262 
separation = 0.438825 
separation = 0.466601 
separation = 0.438825 
separation = 0.327190 
separation = 0.466601 
separation = 0.466601 
separation = 0.438825 
separation = 0.466601 
separation = 0.464314 
separation = 0.464314 
separation = 0.359552 
separation = 0.442807 
separation = 0.442807 
separation = 0.464314 
separation = 0.464314 
separation = 0.442807 
separation = 0.442807 
separation = 0.478035 
separation = 0.478035 
separation = 0.377823 
separation = 0.377823 
separation = 0.451519 
separation = 0.451519 
separation = 0.478035 
separation = 0.478035 
separation = 0.451519 
separation = 0.451519 
separation = 0.487490 
separation = 0.487490 
separation = 0.415132 
separation = 0.449947 
separation = 0.449947 
separation = 0.487490 
separation = 0.487490 
separation = 0.449947 
separation = 0.449947 
separation = 0.446385 
separation = 0.446385 
separation = 0.442343 
separation = 0.442343 
separation = 0.446385 
separation = 0.446385 
separation = 0.449893 
separation = 0.492022 
separation = 0.449893 
separation = 0.487859 
separation = 0.493407 
separation = 0.487859 
separation = 0.449893 
separation = 0.449893 
separation = 0.456433 
separation = 0.456433 
separation = 0.488902 
separation = 0.487735 
separation = 0.456433 
separation = 0.456433 
separation = 0.468237 
separation = 0.468237 
separation = 0.486920 
separation = 0.449194 
separation = 0.449194 
separation = 0.486920 
separation = 0.468237 
separation = 0.468237 
separation = 0.485544 
separation = 0.485544 
separation = 0.449517 
separation = 0.485544 
separation = 0.485544 
separation = 0.423923 
separation = 0.423923 
separation = 0.441304 
separation = 0.441304 
separation = 0.442201 
separation = 0.468816 
separation = 0.475373 
separation = 0.475373 
separation = 0.496231 
separation = 0.494298 
separation = 0.494298 
separation = 0.446304 
separation = 0.446304 
separation = 0.446304 
separation = 0.418598 
separation = 0.418598 
separation = 0.405367 
separation = 0.405367 
separation = 0.405367 
separation = 0.403261 
separation = 0.403261 
separation = 0.426461 
separation = 0.426461 
separation = 0.451245 
separation = 0.451245 
separation = 0.485305 
separation = 0.485305 
separation = 0.499872 
separation = 0.496930 
separation = 0.497614 
separation = 0.497614 
separation = 0.496053 
separation = 0.496053 
separation = 0.459643 
separation = 0.459643 
separation = 0.417171 
separation = 0.417171 
separation = 0.388310 
separation = 0.351999 
separation = 0.351999 
separation = 0.338870 
separation = 0.331347 
separation = 0.325075 
separation = 0.325075 
separation = 0.326036 
separation = 0.335556 
separation = 0.335556 
separation = 0.345123 
separation = 0.345123 
separation = 0.360316 
separation = 0.360316 
separation = 0.377735 
separation = 0.393332 
separation = 0.393332 
separation = 0.402486 
separation = 0.402486 
separation = 0.482381 
separation = 0.417025 
separation = 0.417025 
separation = 0.482381 
separation = 0.460680 
separation = 0.425379 
separation = 0.425379 
separation = 0.425379 
separation = 0.460680 
separation = 0.437919 
separation = 0.443212 
separation = 0.443212 
separation = 0.437919 
separation = 0.422775 
separation = 0.457466 
separation = 0.457466 
separation = 0.457466 
separation = 0.422775 
separation = 0.411249 
separation = 0.485497 
separation = 0.485497 
separation = 0.411249 
separation = 0.407068 
separation = 0.407068 
separation = 0.407068 
separation = 0.413288 
separation = 0.413288 
separation = 0.434342 
separation = 0.434342 
separation = 0.434342 
separation = 0.459746 
separation = 0.459746 
separation = 0.459746 
separation = 0.490048 
separation = 0.490048 
separation = 0.463930 
separation = 0.420024 
separation = 0.399762 
separation = 0.399762 
separation = 0.389482 
separation = 0.456344 
separation = 0.425127 
separation = 0.397449 
separation = 0.425127 
separation = 0.386688 
separation = 0.403669 
separation = 0.386688 
separation = 0.386688 
separation = 0.403732 
separation = 0.393941 
separation = 0.355773 
separation = 0.393941 
separation = 0.360043 
separation = 0.339474 
separation = 0.360043 
separation = 0.327578 
separation = 0.334294 
separation = 0.334294 
separation = 0.334294 
separation = 0.327578 
separation = 0.340968 
separation = 0.304546 
separation = 0.340968 
separation = 0.340968 
separation = 0.340968 
separation = 0.304546 
separation = 0.298356 
separation = 0.368214 
separation = 0.298356 
separation = 0.298356 
separation = 0.368214 
separation = 0.298356 
separation = 0.410764 
separation = 0.304206 
separation = 0.410764 
separation = 0.410764 
separation = 0.410764 
separation = 0.304206 
separation = 0.464608 
separation = 0.334605 
separation = 0.334605 
separation = 0.334605 
separation = 0.464608 
separation = 0.334605 
separation = 0.346145 
separation = 0.346145 
separation = 0.356610 
separation = 0.356610 
separation = 0.377818 
separation = 0.377818 
separation = 0.377818 
separation = 0.389068 
separation = 0.389068 
separation = 0.389068 
separation = 0.389068 
separation = 0.417796 
separation = 0.417796 
separation = 0.417796 
separation = 0.451926 
separation = 0.451926 
separation = 0.477531 
separation = 0.477531 
separation = 0.457945 
separation = 0.428056 
separation = 0.497680 
separation = 0.428056 
separation = 0.493249 
separation = 0.412464 
separation = 0.412464 
separation = 0.445407 
separation = 0.421032 
separation = 0.421032 
separation = 0.402574 
separation = 0.437451 
separation = 0.437451 
separation = 0.364129 
separation = 0.471161 
separation = 0.471161 
separation = 0.493731 
separation = 0.335502 
separation = 0.478204 
separation = 0.327977 
separation = 0.443947 
separation = 0.306760 
separation = 0.293206 
separation = 0.293206 
separation = 0.421990 
separation = 0.280197 
separation = 0.280197 
separation = 0.410272 
separation = 0.274113 
separation = 0.274113 
separation = 0.406622 
separation = 0.264683 
separation = 0.264683 
separation = 0.402943 
separation = 0.244781 
separation = 0.244781 
separation = 0.380634 
separation = 0.361154 
separation = 0.230959 
separation = 0.483309 
separation = 0.361154 
separation = 0.230959 
separation = 0.355416 
separation = 0.224057 
separation = 0.467846 
separation = 0.355416 
separation = 0.224057 
separation = 0.350163 
separation = 0.218600 
separation = 0.438083 
separation = 0.350163 
separation = 0.218600 
separation = 0.360421 
separation = 0.493234 
separation = 0.493234 
separation = 0.212591 
separation = 0.438178 
separation = 0.438178 
separation = 0.360421 
separation = 0.212591 
separation = 0.361640 
separation = 0.457848 
separation = 0.457848 
separation = 0.205481 
separation = 0.431013 
separation = 0.361640 
separation = 0.205481 
separation = 0.376324 
separation = 0.433077 
separation = 0.200135 
separation = 0.449930 
separation = 0.376324 
separation = 0.200135 
separation = 0.386384 
separation = 0.430124 
separation = 0.430124 
separation = 0.194245 
separation = 0.457328 
separation = 0.386384 
separation = 0.194245 
separation = 0.434021 
separation = 0.433227 
separation = 0.197843 
separation = 0.482444 
separation = 0.434021 
separation = 0.197843 
separation = 0.455788 
separation = 0.455788 
separation = 0.185425 
separation = 0.496730 
separation = 0.480284 
separation = 0.114824 
separation = 0.485076 
separation = 0.090842 
separation = 0.485076 
separation = 0.450210 
separation = 0.076586 
separation = 0.450210 
separation = 0.395321 
separation = 0.070445 
separation = 0.395321 
separation = 0.070445 
separation = 0.372523 
separation = 0.063700 
separation = 0.372523 
separation = 0.339703 
separation = 0.064454 
separation = 0.325671 
separation = 0.495456 
separation = 0.061855 
separation = 0.495456 
separation = 0.482910 
separation = 0.492011 
separation = 0.307047 
separation = 0.068566 
separation = 0.474723 
separation = 0.302607 
separation = 0.499390 
separation = 0.071752 
separation = 0.460631 
separation = 0.293987 
separation = 0.490792 
separation = 0.082613 
separation = 0.491797 
separation = 0.467260 
separation = 0.081880 
separation = 0.294346 
separation = 0.462520 
separation = 0.295138 
separation = 0.077013 
separation = 0.489518 
separation = 0.307535 
separation = 0.471271 
separation = 0.471271 
separation = 0.080275 
separation = 0.492353 
separation = 0.492353 
separation = 0.437021 
separation = 0.437021 
separation = 0.081315 
separation = 0.304215 
separation = 0.475393 
separation = 0.432365 
separation = 0.293603 
separation = 0.475393 
separation = 0.432365 
separation = 0.452223 
separation = 0.089683 
separation = 0.479071 
separation = 0.277895 
separation = 0.479071 
separation = 0.432740 
separation = 0.432740 
separation = 0.486883 
separation = 0.099929 
separation = 0.426720 
separation = 0.253694 
separation = 0.480023 
separation = 0.123736 
separation = 0.436561 
separation = 0.460950 
separation = 0.460950 
separation = 0.241446 
separation = 0.473954 
separation = 0.477186 
separation = 0.142953 
separation = 0.483628 
separation = 0.406920 
separation = 0.432735 
separation = 0.224403 
separation = 0.466996 
separation = 0.154216 
separation = 0.216393 
separation = 0.416262 
separation = 0.142993 
separation = 0.207779 
separation = 0.396706 
separation = 0.140696 
separation = 0.492879 
separation = 0.363934 
separation = 0.473375 
separation = 0.146645 
separation = 0.473831 
separation = 0.211729 
separation = 0.402866 
separation = 0.402866 
separation = 0.211729 
separation = 0.461577 
separation = 0.150561 
separation = 0.454203 
separation = 0.215026 
separation = 0.402169 
separation = 0.402169 
separation = 0.215026 
separation = 0.369518 
separation = 0.443993 
separation = 0.222937 
separation = 0.402823 
separation = 0.402823 
separation = 0.161438 
separation = 0.222937 
separation = 0.446216 
separation = 0.458197 
separation = 0.409099 
separation = 0.235587 
separation = 0.159409 
separation = 0.409099 
separation = 0.235587 
separation = 0.424833 
separation = 0.470756 
separation = 0.162832 
separation = 0.417500 
separation = 0.417500 
separation = 0.252404 
separation = 0.252404 
separation = 0.415508 
separation = 0.447734 
separation = 0.421011 
separation = 0.270568 
separation = 0.270568 
separation = 0.421011 
separation = 0.161040 
separation = 0.395748 
separation = 0.468011 
separation = 0.478484 
separation = 0.425226 
separation = 0.425226 
separation = 0.468011 
separation = 0.287464 
separation = 0.287464 
separation = 0.161199 
separation = 0.390471 
separation = 0.479867 
separation = 0.429279 
separation = 0.171961 
separation = 0.313072 
separation = 0.479867 
separation = 0.313072 
separation = 0.429279 
separation = 0.389843 
separation = 0.498506 
separation = 0.347404 
separation = 0.452391 
separation = 0.186800 
separation = 0.347404 
separation = 0.452391 
separation = 0.401389 
separation = 0.482474 
separation = 0.482474 
separation = 0.463658 
separation = 0.396289 
separation = 0.220212 
separation = 0.396289 
separation = 0.472085 
separation = 0.472085 
separation = 0.413733 
separation = 0.435484 
separation = 0.220122 
separation = 0.447333 
separation = 0.470052 
separation = 0.470052 
separation = 0.410156 
separation = 0.202989 
separation = 0.484130 
separation = 0.391622 
separation = 0.495216 
separation = 0.417786 
separation = 0.196103 
separation = 0.462631 
separation = 0.440060 
separation = 0.492593 
separation = 0.189553 
separation = 0.434486 
separation = 0.499115 
separation = 0.477465 
separation = 0.191383 
separation = 0.196674 
separation = 0.456430 
separation = 0.416734 
separation = 0.363235 
separation = 0.207104 
separation = 0.363235 
separation = 0.363235 
separation = 0.394402 
separation = 0.212300 
separation = 0.346476 
separation = 0.453184 
separation = 0.455826 
separation = 0.221513 
separation = 0.455826 
separation = 0.352059 
separation = 0.435769 
separation = 0.492320 
separation = 0.435769 
separation = 0.220266 
separation = 0.319201 
separation = 0.341244 
separation = 0.492320 
separation = 0.319201 
separation = 0.497023 
separation = 0.499337 
separation = 0.398857 
separation = 0.234486 
separation = 0.313853 
separation = 0.313261 
separation = 0.477780 
separation = 0.313853 
separation = 0.499337 
separation = 0.396947 
separation = 0.237363 
separation = 0.495629 
separation = 0.307749 
separation = 0.456447 
separation = 0.373505 
separation = 0.253927 
separation = 0.373505 
separation = 0.456447 
separation = 0.319449 
separation = 0.478172 
separation = 0.289318 
separation = 0.456892 
separation = 0.456892 
separation = 0.379914 
separation = 0.445012 
separation = 0.379914 
separation = 0.260110 
separation = 0.310357 
separation = 0.459603 
separation = 0.293780 
separation = 0.449604 
separation = 0.370007 
separation = 0.427086 
separation = 0.370007 
separation = 0.275913 
separation = 0.439372 
separation = 0.286385 
separation = 0.428903 
separation = 0.387001 
separation = 0.291688 
separation = 0.428903 
separation = 0.329275 
separation = 0.428470 
separation = 0.265370 
separation = 0.446264 
separation = 0.480576 
separation = 0.329275 
separation = 0.383114 
separation = 0.441699 
separation = 0.415447 
separation = 0.307505 
separation = 0.341724 
separation = 0.254446 
separation = 0.466450 
separation = 0.341724 
separation = 0.443927 
separation = 0.443927 
separation = 0.395479 
separation = 0.478474 
separation = 0.490739 
separation = 0.395479 
separation = 0.478474 
separation = 0.317531 
separation = 0.414595 
separation = 0.239860 
separation = 0.455534 
separation = 0.414595 
separation = 0.485230 
separation = 0.395492 
separation = 0.395492 
separation = 0.309072 
separation = 0.354656 
separation = 0.409328 
separation = 0.233044 
separation = 0.451941 
separation = 0.461819 
separation = 0.409328 
separation = 0.466437 
separation = 0.421914 
separation = 0.481148 
separation = 0.421914 
separation = 0.318019 
separation = 0.425216 
separation = 0.220822 
separation = 0.441615 
separation = 0.425216 
separation = 0.484321 
separation = 0.427810 
separation = 0.219032 
separation = 0.427810 
separation = 0.308991 
separation = 0.429063 
separation = 0.429063 
separation = 0.490807 
separation = 0.429063 
separation = 0.427810 
separation = 0.456686 
separation = 0.456686 
separation = 0.484219 
separation = 0.466443 
separation = 0.317049 
separation = 0.215148 
separation = 0.438649 
separation = 0.456686 
separation = 0.386130 
separation = 0.456686 
separation = 0.459623 
separation = 0.477126 
separation = 0.492891 
separation = 0.477126 
separation = 0.303636 
separation = 0.217749 
separation = 0.430369 
separation = 0.476345 
separation = 0.477126 
separation = 0.430369 
separation = 0.477126 
separation = 0.490424 
separation = 0.399125 
separation = 0.217248 
separation = 0.299637 
separation = 0.477688 
separation = 0.484718 
separation = 0.371279 
separation = 0.222250 
separation = 0.469605 
separation = 0.487808 
separation = 0.281811 
separation = 0.476873 
separation = 0.476873 
separation = 0.485918 
separation = 0.467009 
separation = 0.450636 
separation = 0.224406 
separation = 0.453585 
separation = 0.280553 
separation = 0.338010 
separation = 0.467009 
separation = 0.462182 
separation = 0.235216 
separation = 0.437208 
separation = 0.251389 
separation = 0.308883 
separation = 0.418104 
separation = 0.430434 
separation = 0.444364 
separation = 0.242705 
separation = 0.478245 
separation = 0.444364 
separation = 0.249093 
separation = 0.483739 
separation = 0.283993 
separation = 0.483739 
separation = 0.476142 
separation = 0.418159 
separation = 0.259503 
separation = 0.218619 
separation = 0.476142 
separation = 0.458976 
separation = 0.261864 
separation = 0.495987 
separation = 0.270616 
separation = 0.417290 
separation = 0.218817 
separation = 0.451095 
separation = 0.238788 
separation = 0.417184 
separation = 0.417184 
separation = 0.454432 
separation = 0.417842 
separation = 0.286862 
separation = 0.454432 
separation = 0.225681 
separation = 0.454432 
separation = 0.216923 
separation = 0.426294 
separation = 0.454432 
separation = 0.490451 
separation = 0.461383 
separation = 0.494335 
separation = 0.442476 
separation = 0.413807 
separation = 0.461383 
separation = 0.494335 
separation = 0.298399 
separation = 0.230485 
separation = 0.442476 
separation = 0.461383 
separation = 0.210143 
separation = 0.442476 
separation = 0.431952 
separation = 0.461383 
separation = 0.494335 
separation = 0.431952 
separation = 0.434741 
separation = 0.491731 
separation = 0.198602 
separation = 0.320096 
separation = 0.236956 
separation = 0.429442 
separation = 0.491731 
separation = 0.490194 
separation = 0.490194 
separation = 0.490194 
separation = 0.451804 
separation = 0.400416 
separation = 0.431872 
separation = 0.201561 
separation = 0.338715 
separation = 0.338715 
separation = 0.465871 
separation = 0.338715 
separation = 0.400416 
separation = 0.465871 
separation = 0.465871 
separation = 0.243161 
separation = 0.453028 
separation = 0.205105 
separation = 0.385098 
separation = 0.371678 
separation = 0.470823 
separation = 0.246574 
separation = 0.365473 
separation = 0.381881 
separation = 0.223700 
separation = 0.463510 
separation = 0.463510 
separation = 0.485407 
separation = 0.463510 
separation = 0.381881 
separation = 0.365473 
separation = 0.485407 
separation = 0.254079 
separation = 0.254079 
separation = 0.393705 
separation = 0.233939 
separation = 0.393705 
separation = 0.350105 
separation = 0.488447 
separation = 0.475037 
separation = 0.273348 
separation = 0.488447 
separation = 0.393705 
separation = 0.488447 
separation = 0.488447 
separation = 0.314494 
separation = 0.427246 
separation = 0.257297 
separation = 0.427246 
separation = 0.298168 
separation = 0.427246 
separation = 0.483343 
separation = 0.427246 
separation = 0.314494 
separation = 0.316101 
separation = 0.449851 
separation = 0.449851 
separation = 0.299875 
separation = 0.299875 
separation = 0.316101 
separation = 0.271227 
separation = 0.462924 
separation = 0.449851 
separation = 0.492535 
separation = 0.449851 
separation = 0.316101 
separation = 0.299875 
separation = 0.462924 
separation = 0.483909 
separation = 0.434976 
separation = 0.434976 
separation = 0.305964 
separation = 0.293052 
separation = 0.305369 
separation = 0.477934 
separation = 0.483909 
separation = 0.434976 
separation = 0.477934 
separation = 0.495205 
separation = 0.495205 
separation = 0.496863 
separation = 0.430790 
separation = 0.330049 
separation = 0.308129 
separation = 0.326200 
separation = 0.460911 
separation = 0.495205 
separation = 0.495205 
separation = 0.330049 
separation = 0.430790 
separation = 0.494031 
separation = 0.494031 
separation = 0.411812 
separation = 0.489206 
separation = 0.329044 
separation = 0.337529 
separation = 0.325074 
separation = 0.445831 
separation = 0.494031 
separation = 0.494031 
separation = 0.337529 
separation = 0.411812 
separation = 0.422992 
separation = 0.365249 
separation = 0.343189 
separation = 0.422992 
separation = 0.355164 
separation = 0.424882 
separation = 0.365249 
separation = 0.422992 
separation = 0.424882 
separation = 0.361926 
separation = 0.492039 
separation = 0.419445 
separation = 0.381371 
separation = 0.492039 
separation = 0.361968 
separation = 0.224774 
separation = 0.492039 
separation = 0.407483 
separation = 0.492039 
separation = 0.361926 
separation = 0.419445 
separation = 0.381371 
separation = 0.224774 
separation = 0.392454 
separation = 0.486041 
separation = 0.414199 
separation = 0.409308 
separation = 0.376789 
separation = 0.486041 
separation = 0.478030 
separation = 0.223460 
separation = 0.392136 
separation = 0.486041 
separation = 0.486041 
separation = 0.392454 
separation = 0.414199 
separation = 0.409308 
separation = 0.223460 
separation = 0.488155 
separation = 0.411376 
separation = 0.395238 
separation = 0.483341 
separation = 0.440504 
separation = 0.488155 
separation = 0.398673 
separation = 0.411376 
separation = 0.379019 
separation = 0.488155 
separation = 0.440504 
separation = 0.411376 
separation = 0.379019 
separation = 0.438989 
separation = 0.426945 
separation = 0.438989 
separation = 0.480484 
separation = 0.470869 
separation = 0.404754 
separation = 0.235694 
separation = 0.235694 
separation = 0.369538 
separation = 0.438989 
separation = 0.426945 
separation = 0.470869 
separation = 0.452182 
separation = 0.485975 
separation = 0.231549 
separation = 0.231549 
separation = 0.485975 
separation = 0.362821 
separation = 0.415655 
separation = 0.452182 
separation = 0.470785 
separation = 0.470785 
separation = 0.237123 
separation = 0.494229 
separation = 0.494229 
separation = 0.362067 
separation = 0.370829 
separation = 0.362067 
separation = 0.470785 
separation = 0.476085 
separation = 0.370390 
separation = 0.457273 
separation = 0.370390 
separation = 0.476085 
separation = 0.492688 
separation = 0.492688 
separation = 0.237489 
separation = 0.365183 
separation = 0.457273 
separation = 0.365183 
separation = 0.492688 
separation = 0.476085 
separation = 0.431078 
separation = 0.361086 
separation = 0.441439 
separation = 0.247286 
separation = 0.247286 
separation = 0.370232 
separation = 0.441439 
separation = 0.431078 
separation = 0.399752 
separation = 0.429720 
separation = 0.378370 
separation = 0.487233 
separation = 0.493655 
separation = 0.250796 
separation = 0.380431 
separation = 0.429720 
separation = 0.493655 
separation = 0.399752 
separation = 0.378271 
separation = 0.420090 
separation = 0.401905 
separation = 0.479950 
separation = 0.401905 
separation = 0.488169 
separation = 0.378271 
separation = 0.479950 
separation = 0.396495 
separation = 0.420090 
separation = 0.378271 
separation = 0.488169 
separation = 0.396495 
separation = 0.371798 
separation = 0.477484 
separation = 0.416412 
separation = 0.499613 
separation = 0.494592 
separation = 0.316235 
separation = 0.445825 
separation = 0.415905 
separation = 0.416412 
separation = 0.371798 
separation = 0.494592 
separation = 0.380157 
separation = 0.439512 
separation = 0.437544 
separation = 0.437544 
separation = 0.380157 
separation = 0.480396 
separation = 0.438109 
separation = 0.439512 
separation = 0.380157 
separation = 0.438109 
separation = 0.480396 
separation = 0.377650 
separation = 0.451996 
separation = 0.394150 
separation = 0.377650 
separation = 0.394150 
separation = 0.467436 
separation = 0.478801 
separation = 0.478801 
separation = 0.451996 
separation = 0.377650 
separation = 0.467436 
separation = 0.383219 
separation = 0.482454 
separation = 0.401370 
separation = 0.494365 
separation = 0.496860 
separation = 0.482454 
separation = 0.383219 
separation = 0.380522 
separation = 0.380522 
separation = 0.416575 
separation = 0.416575 
separation = 0.380522 
separation = 0.378713 
separation = 0.457895 
separation = 0.378713 
separation = 0.378713 
separation = 0.388710 
separation = 0.489874 
separation = 0.489874 
separation = 0.489874 
separation = 0.388710 
separation = 0.398371 
separation = 0.398371 
separation = 0.437187 
separation = 0.437187 
separation = 0.398371 
separation = 0.416490 
separation = 0.400764 
separation = 0.400764 
separation = 0.496087 
separation = 0.400764 
separation = 0.416490 
separation = 0.437445 
separation = 0.437445 
separation = 0.392297 
separation = 0.499316 
separation = 0.464978 
separation = 0.465784 
separation = 0.437445 
separation = 0.437445 
separation = 0.392297 
separation = 0.436681 
separation = 0.461763 
separation = 0.399563 
separation = 0.399563 
separation = 0.476703 
separation = 0.413532 
separation = 0.436681 
separation = 0.461763 
separation = 0.399563 
separation = 0.476703 
separation = 0.452369 
separation = 0.418873 
separation = 0.418873 
separation = 0.418948 
separation = 0.389364 
separation = 0.418873 
separation = 0.418948 
separation = 0.462111 
separation = 0.366672 
separation = 0.407294 
separation = 0.494976 
separation = 0.429179 
separation = 0.429179 
separation = 0.462111 
separation = 0.494976 
separation = 0.407294 
separation = 0.475772 
separation = 0.420030 
separation = 0.435523 
separation = 0.420030 
separation = 0.495933 
separation = 0.367091 
separation = 0.475772 
separation = 0.496356 
separation = 0.420400 
separation = 0.474891 
separation = 0.471967 
separation = 0.392749 
separation = 0.372868 
separation = 0.372868 
separation = 0.420400 
separation = 0.496356 
separation = 0.474891 
separation = 0.380241 
separation = 0.462833 
separation = 0.371105 
separation = 0.451243 
separation = 0.380241 
separation = 0.404854 
separation = 0.424020 
separation = 0.371105 
separation = 0.380241 
separation = 0.451243 
separation = 0.462833 
separation = 0.404854 
separation = 0.399740 
separation = 0.458193 
separation = 0.318242 
separation = 0.458193 
separation = 0.442308 
separation = 0.383542 
separation = 0.418064 
separation = 0.383542 
separation = 0.399740 
separation = 0.407165 
separation = 0.318242 
separation = 0.442308 
separation = 0.418064 
separation = 0.399740 
separation = 0.383542 
separation = 0.497827 
separation = 0.420443 
separation = 0.408948 
separation = 0.420443 
separation = 0.497827 
separation = 0.277578 
separation = 0.435896 
separation = 0.383100 
separation = 0.366875 
separation = 0.408948 
separation = 0.374366 
separation = 0.374366 
separation = 0.374366 
separation = 0.408948 
separation = 0.277578 
separation = 0.408948 
separation = 0.439313 
separation = 0.439313 
separation = 0.401197 
separation = 0.443227 
separation = 0.340100 
separation = 0.401197 
separation = 0.247903 
separation = 0.480701 
separation = 0.340100 
separation = 0.443227 
separation = 0.370125 
separation = 0.370125 
separation = 0.247903 
separation = 0.340100 
separation = 0.443227 
separation = 0.472079 
separation = 0.393070 
separation = 0.393070 
separation = 0.488862 
separation = 0.224170 
separation = 0.343362 
separation = 0.405516 
separation = 0.405516 
separation = 0.405516 
separation = 0.224170 
separation = 0.472079 
separation = 0.488862 
separation = 0.376344 
separation = 0.420574 
separation = 0.419062 
separation = 0.419062 
separation = 0.218971 
separation = 0.335051 
separation = 0.376344 
separation = 0.218971 
separation = 0.420574 
separation = 0.335051 
separation = 0.479886 
separation = 0.479886 
separation = 0.398426 
separation = 0.435426 
separation = 0.364700 
separation = 0.435426 
separation = 0.228997 
separation = 0.359812 
separation = 0.479886 
separation = 0.479886 
separation = 0.364700 
separation = 0.228997 
separation = 0.398426 
separation = 0.359812 
separation = 0.473174 
separation = 0.399469 
separation = 0.473174 
separation = 0.456002 
separation = 0.456002 
separation = 0.251701 
separation = 0.362682 
separation = 0.408927 
separation = 0.492177 
separation = 0.473690 
separation = 0.473690 
separation = 0.473174 
separation = 0.473174 
separation = 0.362682 
separation = 0.251701 
separation = 0.399469 
separation = 0.408927 
separation = 0.450302 
separation = 0.451866 
separation = 0.393733 
separation = 0.474342 
separation = 0.384062 
separation = 0.451866 
separation = 0.274047 
separation = 0.480828 
separation = 0.474342 
separation = 0.446992 
separation = 0.450302 
separation = 0.384062 
separation = 0.274047 
separation = 0.393733 
separation = 0.474342 
separation = 0.425840 
separation = 0.423681 
separation = 0.386163 
separation = 0.450407 
separation = 0.450407 
separation = 0.288509 
separation = 0.400143 
separation = 0.458843 
separation = 0.425840 
separation = 0.420637 
separation = 0.400143 
separation = 0.288509 
separation = 0.420637 
separation = 0.386163 
separation = 0.423681 
separation = 0.382834 
separation = 0.449163 
separation = 0.450561 
separation = 0.382834 
separation = 0.377272 
separation = 0.371890 
separation = 0.314743 
separation = 0.449163 
separation = 0.422619 
separation = 0.382834 
separation = 0.449163 
separation = 0.420178 
separation = 0.382834 
separation = 0.450561 
separation = 0.422619 
separation = 0.377272 
separation = 0.360386 
separation = 0.465696 
separation = 0.465696 
separation = 0.360386 
separation = 0.467832 
separation = 0.420960 
separation = 0.392933 
separation = 0.476769 
separation = 0.459341 
separation = 0.432084 
separation = 0.476727 
separation = 0.362688 
separation = 0.420960 
separation = 0.321496 
separation = 0.451347 
separation = 0.451347 
separation = 0.360386 
separation = 0.459341 
separation = 0.392933 
separation = 0.467832 
separation = 0.356993 
separation = 0.441093 
separation = 0.441093 
separation = 0.423620 
separation = 0.426057 
separation = 0.356993 
separation = 0.414205 
separation = 0.429556 
separation = 0.487343 
separation = 0.431448 
separation = 0.459332 
separation = 0.436792 
separation = 0.423620 
separation = 0.495375 
separation = 0.297151 
separation = 0.485853 
separation = 0.485853 
separation = 0.356993 
separation = 0.487343 
separation = 0.414205 
separation = 0.426057 
separation = 0.425341 
separation = 0.425341 
separation = 0.390775 
separation = 0.421247 
separation = 0.372300 
separation = 0.431372 
separation = 0.372300 
separation = 0.398027 
separation = 0.499211 
separation = 0.390775 
separation = 0.412869 
separation = 0.422558 
separation = 0.412869 
separation = 0.439873 
separation = 0.422558 
separation = 0.421247 
separation = 0.290186 
separation = 0.474430 
separation = 0.456592 
separation = 0.474430 
separation = 0.390775 
separation = 0.456592 
separation = 0.499211 
separation = 0.474430 
separation = 0.431372 
separation = 0.290186 
separation = 0.392509 
separation = 0.424836 
separation = 0.432933 
separation = 0.432933 
separation = 0.424836 
separation = 0.429624 
separation = 0.356609 
separation = 0.436765 
separation = 0.356609 
separation = 0.392509 
separation = 0.421967 
separation = 0.407890 
separation = 0.429624 
separation = 0.460019 
separation = 0.292977 
separation = 0.459660 
separation = 0.392509 
separation = 0.432933 
separation = 0.432933 
separation = 0.459660 
separation = 0.460019 
separation = 0.436765 
separation = 0.292977 
separation = 0.347924 
separation = 0.428794 
separation = 0.417479 
separation = 0.358645 
separation = 0.486476 
separation = 0.358645 
separation = 0.395077 
separation = 0.428794 
separation = 0.476374 
separation = 0.486476 
separation = 0.438317 
separation = 0.298301 
separation = 0.347924 
separation = 0.462630 
separation = 0.395077 
separation = 0.321601 
separation = 0.416459 
separation = 0.416459 
separation = 0.416240 
separation = 0.378306 
separation = 0.450618 
separation = 0.416240 
separation = 0.378306 
separation = 0.321601 
separation = 0.415034 
separation = 0.484261 
separation = 0.377408 
separation = 0.442339 
separation = 0.450618 
separation = 0.310324 
separation = 0.321601 
separation = 0.489814 
separation = 0.474848 
separation = 0.298281 
separation = 0.389144 
separation = 0.406340 
separation = 0.433119 
separation = 0.407578 
separation = 0.433119 
separation = 0.347420 
separation = 0.389144 
separation = 0.465390 
separation = 0.319008 
separation = 0.416559 
separation = 0.298281 
separation = 0.407578 
separation = 0.323845 
separation = 0.366542 
separation = 0.423442 
separation = 0.472209 
separation = 0.366542 
separation = 0.326754 
separation = 0.323845 
separation = 0.408612 
separation = 0.484706 
separation = 0.356063 
separation = 0.497900 
separation = 0.423442 
separation = 0.472209 
separation = 0.392888 
separation = 0.323845 
separation = 0.326754 
separation = 0.408612 
separation = 0.392888 
separation = 0.392888 
separation = 0.363022 
separation = 0.363022 
separation = 0.407920 
separation = 0.342104 
separation = 0.342104 
separation = 0.467460 
separation = 0.467460 
separation = 0.451500 
separation = 0.347680 
separation = 0.407920 
separation = 0.313995 
separation = 0.447567 
separation = 0.366572 
separation = 0.363022 
separation = 0.363022 
separation = 0.451500 
separation = 0.313995 
separation = 0.366572 
separation = 0.430386 
separation = 0.430386 
separation = 0.335982 
separation = 0.335982 
separation = 0.409691 
separation = 0.472285 
separation = 0.472285 
separation = 0.434851 
separation = 0.411909 
separation = 0.380110 
separation = 0.465274 
separation = 0.409691 
separation = 0.293041 
separation = 0.353817 
separation = 0.430386 
separation = 0.434851 
separation = 0.465274 
separation = 0.411909 
separation = 0.353817 
separation = 0.484639 
separation = 0.420994 
separation = 0.334631 
separation = 0.484639 
separation = 0.334631 
separation = 0.462450 
separation = 0.316784 
separation = 0.424004 
separation = 0.420994 
separation = 0.368073 
separation = 0.284493 
separation = 0.484639 
separation = 0.462450 
separation = 0.368073 
separation = 0.342793 
separation = 0.463884 
separation = 0.342793 
separation = 0.453970 
separation = 0.478338 
separation = 0.309049 
separation = 0.445077 
separation = 0.373275 
separation = 0.453970 
separation = 0.307335 
separation = 0.478338 
separation = 0.373275 
separation = 0.463884 
separation = 0.307335 
separation = 0.345151 
separation = 0.491833 
separation = 0.391689 
separation = 0.345151 
separation = 0.282372 
separation = 0.484599 
separation = 0.456880 
separation = 0.345074 
separation = 0.345074 
separation = 0.468306 
separation = 0.433651 
separation = 0.351355 
separation = 0.351355 
separation = 0.448056 
separation = 0.383122 
separation = 0.442091 
separation = 0.286355 
separation = 0.396800 
separation = 0.383122 
separation = 0.468306 
separation = 0.286355 
separation = 0.396800 
separation = 0.426815 
separation = 0.420138 
separation = 0.343358 
separation = 0.349631 
separation = 0.426815 
separation = 0.426550 
separation = 0.273557 
separation = 0.448803 
separation = 0.343358 
separation = 0.420138 
separation = 0.413555 
separation = 0.398196 
separation = 0.359424 
separation = 0.335815 
separation = 0.459725 
separation = 0.475710 
separation = 0.475710 
separation = 0.359424 
separation = 0.398196 
separation = 0.465009 
separation = 0.450752 
separation = 0.288723 
separation = 0.488589 
separation = 0.496699 
separation = 0.482599 
separation = 0.482599 
separation = 0.475710 
separation = 0.475710 
separation = 0.482599 
separation = 0.335815 
separation = 0.459725 
separation = 0.465009 
separation = 0.398196 
separation = 0.443588 
separation = 0.379457 
separation = 0.315016 
separation = 0.477537 
separation = 0.379457 
separation = 0.364055 
separation = 0.408377 
separation = 0.364055 
separation = 0.441313 
separation = 0.298715 
separation = 0.467597 
separation = 0.467597 
separation = 0.441313 
separation = 0.467597 
separation = 0.315016 
separation = 0.477537 
separation = 0.408377 
separation = 0.379457 
separation = 0.396039 
separation = 0.390863 
separation = 0.461704 
separation = 0.443035 
separation = 0.372446 
separation = 0.372446 
separation = 0.408206 
separation = 0.443035 
separation = 0.308917 
separation = 0.342610 
separation = 0.396039 
separation = 0.308917 
separation = 0.408206 
separation = 0.390863 
separation = 0.342610 
separation = 0.382838 
separation = 0.488606 
separation = 0.464540 
separation = 0.464540 
separation = 0.487675 
separation = 0.387249 
separation = 0.382838 
separation = 0.360651 
separation = 0.266986 
separation = 0.360651 
separation = 0.388099 
separation = 0.487675 
separation = 0.387249 
separation = 0.266986 
separation = 0.382838 
separation = 0.488606 
separation = 0.386441 
separation = 0.388099 
separation = 0.386441 
separation = 0.394659 
separation = 0.353073 
separation = 0.368920 
separation = 0.485631 
separation = 0.485631 
separation = 0.470233 
separation = 0.468196 
separation = 0.346325 
separation = 0.248754 
separation = 0.396558 
separation = 0.396558 
separation = 0.470233 
separation = 0.353073 
separation = 0.368920 
separation = 0.396558 
separation = 0.248754 
separation = 0.394659 
separation = 0.437507 
separation = 0.379608 
separation = 0.428599 
separation = 0.379405 
separation = 0.352301 
separation = 0.437507 
separation = 0.379405 
separation = 0.428599 
separation = 0.366876 
separation = 0.499190 
separation = 0.265079 
separation = 0.352301 
separation = 0.492293 
separation = 0.478736 
separation = 0.379405 
separation = 0.428599 
separation = 0.379405 
separation = 0.478736 
separation = 0.499190 
separation = 0.366876 
separation = 0.490299 
separation = 0.379608 
separation = 0.490299 
separation = 0.437507 
separation = 0.464199 
separation = 0.377157 
separation = 0.437917 
separation = 0.437917 
separation = 0.270470 
separation = 0.403311 
separation = 0.360632 
separation = 0.360632 
separation = 0.495974 
separation = 0.464199 
separation = 0.403311 
separation = 0.270470 
separation = 0.377157 
separation = 0.437917 
separation = 0.494384 
separation = 0.495754 
separation = 0.346647 
separation = 0.416710 
separation = 0.346647 
separation = 0.416710 
separation = 0.267005 
separation = 0.487317 
separation = 0.322483 
separation = 0.494384 
separation = 0.400325 
separation = 0.495754 
separation = 0.346647 
separation = 0.494384 
separation = 0.416710 
separation = 0.495754 
separation = 0.260626 
separation = 0.408432 
separation = 0.494226 
separation = 0.396850 
separation = 0.468750 
separation = 0.319445 
separation = 0.408432 
separation = 0.396850 
separation = 0.498867 
separation = 0.260626 
separation = 0.319445 
separation = 0.468750 
separation = 0.494226 
separation = 0.396850 
separation = 0.389413 
separation = 0.250536 
separation = 0.422488 
separation = 0.362811 
separation = 0.281817 
separation = 0.389413 
separation = 0.362811 
separation = 0.471501 
separation = 0.448011 
separation = 0.472681 
separation = 0.470445 
separation = 0.393917 
separation = 0.331380 
separation = 0.281817 
separation = 0.250536 
separation = 0.422488 
separation = 0.389413 
separation = 0.410326 
separation = 0.273513 
separation = 0.380976 
separation = 0.380976 
separation = 0.309043 
separation = 0.309043 
separation = 0.442706 
separation = 0.374823 
separation = 0.442419 
separation = 0.459076 
separation = 0.475762 
separation = 0.475762 
separation = 0.442706 
separation = 0.360784 
separation = 0.252465 
separation = 0.273513 
separation = 0.410326 
separation = 0.380976 
separation = 0.461014 
separation = 0.392821 
separation = 0.259000 
separation = 0.265633 
separation = 0.461654 
separation = 0.479970 
separation = 0.468961 
separation = 0.322458 
separation = 0.386986 
separation = 0.461014 
separation = 0.386986 
separation = 0.383648 
separation = 0.441628 
separation = 0.398730 
separation = 0.265633 
separation = 0.259000 
separation = 0.392821 
separation = 0.461014 
separation = 0.386986 
separation = 0.256215 
separation = 0.454815 
separation = 0.397309 
separation = 0.277820 
separation = 0.446684 
separation = 0.383693 
separation = 0.432428 
separation = 0.454815 
separation = 0.383693 
separation = 0.450515 
separation = 0.455654 
separation = 0.432428 
separation = 0.408384 
separation = 0.455654 
separation = 0.277820 
separation = 0.256215 
separation = 0.446684 
separation = 0.397309 
separation = 0.408384 
separation = 0.455654 
separation = 0.454815 
separation = 0.432428 
separation = 0.381336 
separation = 0.249793 
separation = 0.442038 
separation = 0.285726 
separation = 0.454053 
separation = 0.479380 
separation = 0.398766 
separation = 0.491546 
separation = 0.491546 
separation = 0.445611 
separation = 0.285726 
separation = 0.445611 
separation = 0.442038 
separation = 0.381336 
separation = 0.445611 
separation = 0.249793 
separation = 0.378177 
separation = 0.298839 
separation = 0.459669 
separation = 0.243499 
separation = 0.498653 
separation = 0.427111 
separation = 0.474028 
separation = 0.427111 
separation = 0.474028 
separation = 0.298839 
separation = 0.459669 
separation = 0.378177 
separation = 0.243499 
separation = 0.358574 
separation = 0.470440 
separation = 0.311292 
separation = 0.436888 
separation = 0.470440 
separation = 0.454725 
separation = 0.439724 
separation = 0.436888 
separation = 0.439724 
separation = 0.469122 
separation = 0.242193 
separation = 0.476172 
separation = 0.387408 
separation = 0.467164 
separation = 0.470700 
separation = 0.497473 
separation = 0.384847 
separation = 0.485740 
separation = 0.436888 
separation = 0.485740 
separation = 0.470440 
separation = 0.384847 
separation = 0.470700 
separation = 0.311292 
separation = 0.358574 
separation = 0.470440 
separation = 0.467164 
separation = 0.361089 
separation = 0.386943 
separation = 0.325439 
separation = 0.386943 
separation = 0.405550 
separation = 0.473642 
separation = 0.397276 
separation = 0.450695 
separation = 0.405550 
separation = 0.383367 
separation = 0.333170 
separation = 0.430828 
separation = 0.460705 
separation = 0.379699 
separation = 0.449292 
separation = 0.467415 
separation = 0.383367 
separation = 0.460705 
separation = 0.467415 
separation = 0.379699 
separation = 0.460705 
separation = 0.325439 
separation = 0.361089 
separation = 0.449292 
separation = 0.430828 
separation = 0.495724 
separation = 0.495724 
separation = 0.232454 
separation = 0.474610 
separation = 0.399912 
separation = 0.363055 
separation = 0.427153 
separation = 0.451714 
separation = 0.403215 
separation = 0.389656 
separation = 0.469650 
separation = 0.356235 
separation = 0.354710 
separation = 0.354710 
separation = 0.356235 
separation = 0.392367 
separation = 0.294604 
separation = 0.448323 
separation = 0.394193 
separation = 0.478504 
separation = 0.481043 
separation = 0.396259 
separation = 0.324107 
separation = 0.414595 
separation = 0.448323 
separation = 0.481043 
separation = 0.469650 
separation = 0.396259 
separation = 0.363055 
separation = 0.451714 
separation = 0.232454 
separation = 0.474610 
separation = 0.399912 
separation = 0.394193 
separation = 0.478504 
separation = 0.403414 
separation = 0.420478 
separation = 0.426868 
separation = 0.420478 
separation = 0.426868 
separation = 0.396886 
separation = 0.402426 
separation = 0.430272 
separation = 0.356524 
separation = 0.460139 
separation = 0.228699 
separation = 0.289115 
separation = 0.477984 
separation = 0.373577 
separation = 0.309741 
separation = 0.334146 
separation = 0.390506 
separation = 0.334146 
separation = 0.395184 
separation = 0.390506 
separation = 0.443026 
separation = 0.373577 
separation = 0.395184 
separation = 0.443026 
separation = 0.477984 
separation = 0.420478 
separation = 0.456312 
separation = 0.309741 
separation = 0.430272 
separation = 0.403414 
separation = 0.413300 
separation = 0.478224 
separation = 0.442485 
separation = 0.384262 
separation = 0.413300 
separation = 0.477941 
separation = 0.404718 
separation = 0.322704 
separation = 0.478224 
separation = 0.411102 
separation = 0.400989 
separation = 0.472715 
separation = 0.359964 
separation = 0.420624 
separation = 0.442485 
separation = 0.394718 
separation = 0.392461 
separation = 0.227187 
separation = 0.322704 
separation = 0.359964 
separation = 0.329151 
separation = 0.436605 
separation = 0.276991 
separation = 0.359708 
separation = 0.451538 
separation = 0.451538 
separation = 0.359708 
separation = 0.404718 
separation = 0.436605 
separation = 0.276991 
separation = 0.384262 
separation = 0.329151 
separation = 0.442485 
separation = 0.391524 
separation = 0.448513 
separation = 0.330260 
separation = 0.480803 
separation = 0.357156 
separation = 0.264090 
separation = 0.448513 
separation = 0.284952 
separation = 0.330260 
separation = 0.352095 
separation = 0.437931 
separation = 0.380681 
separation = 0.499445 
separation = 0.435590 
separation = 0.397402 
separation = 0.480803 
separation = 0.380681 
separation = 0.497756 
separation = 0.450777 
separation = 0.321492 
separation = 0.458256 
separation = 0.284952 
separation = 0.445480 
separation = 0.491445 
separation = 0.375585 
separation = 0.402724 
separation = 0.264090 
separation = 0.357156 
separation = 0.437931 
separation = 0.352095 
separation = 0.391524 
separation = 0.284952 
separation = 0.380681 
separation = 0.448513 
separation = 0.458256 
separation = 0.234500 
separation = 0.234500 
separation = 0.402724 
separation = 0.402724 
separation = 0.375585 
separation = 0.237720 
separation = 0.497831 
separation = 0.328129 
separation = 0.497259 
separation = 0.328937 
separation = 0.328937 
separation = 0.481946 
separation = 0.480604 
separation = 0.480604 
separation = 0.319908 
separation = 0.386130 
separation = 0.393892 
separation = 0.405924 
separation = 0.393892 
separation = 0.405924 
separation = 0.446261 
separation = 0.383404 
separation = 0.487600 
separation = 0.497259 
separation = 0.387269 
separation = 0.497831 
separation = 0.471373 
separation = 0.457826 
separation = 0.468355 
separation = 0.471373 
separation = 0.292948 
separation = 0.481991 
separation = 0.346394 
separation = 0.441061 
separation = 0.479176 
separation = 0.435929 
separation = 0.237720 
separation = 0.328129 
separation = 0.446261 
separation = 0.383404 
separation = 0.386130 
separation = 0.319908 
separation = 0.481946 
separation = 0.292948 
separation = 0.405924 
separation = 0.480604 
separation = 0.479176 
separation = 0.479176 
separation = 0.224458 
separation = 0.349293 
separation = 0.393455 
separation = 0.311901 
separation = 0.444725 
separation = 0.453682 
separation = 0.498387 
separation = 0.444725 
separation = 0.489971 
separation = 0.224458 
separation = 0.389087 
separation = 0.411258 
separation = 0.482257 
separation = 0.477998 
separation = 0.440008 
separation = 0.389082 
separation = 0.310707 
separation = 0.354714 
separation = 0.389087 
separation = 0.349293 
separation = 0.427965 
separation = 0.294170 
separation = 0.393455 
separation = 0.366649 
separation = 0.406599 
separation = 0.482257 
separation = 0.310707 
separation = 0.294170 
separation = 0.440008 
separation = 0.389082 
separation = 0.311901 
separation = 0.453682 
separation = 0.477998 
separation = 0.224458 
separation = 0.489971 
separation = 0.212969 
separation = 0.352354 
separation = 0.330636 
separation = 0.307232 
separation = 0.444316 
separation = 0.451153 
separation = 0.369157 
separation = 0.367854 
separation = 0.361444 
separation = 0.316255 
separation = 0.444316 
separation = 0.434171 
separation = 0.352354 
separation = 0.316255 
separation = 0.393119 
separation = 0.382944 
separation = 0.330636 
separation = 0.371393 
separation = 0.369157 
separation = 0.461055 
separation = 0.361444 
separation = 0.371393 
separation = 0.428664 
separation = 0.395766 
separation = 0.396892 
separation = 0.279382 
separation = 0.365540 
separation = 0.279382 
separation = 0.212969 
separation = 0.307232 
separation = 0.369157 
separation = 0.382944 
separation = 0.434171 
separation = 0.396892 
separation = 0.451153 
separation = 0.364956 
separation = 0.378746 
separation = 0.395369 
separation = 0.434987 
separation = 0.364956 
separation = 0.363429 
separation = 0.444841 
separation = 0.434987 
separation = 0.380933 
separation = 0.388180 
separation = 0.329517 
separation = 0.296240 
separation = 0.356317 
separation = 0.303989 
separation = 0.400023 
separation = 0.400023 
separation = 0.380933 
separation = 0.467715 
separation = 0.409452 
separation = 0.485431 
separation = 0.223768 
separation = 0.467715 
separation = 0.368968 
separation = 0.388180 
separation = 0.446211 
separation = 0.316967 
separation = 0.282067 
separation = 0.417273 
separation = 0.485431 
separation = 0.417273 
separation = 0.485431 
separation = 0.303989 
separation = 0.378746 
separation = 0.363429 
separation = 0.395369 
separation = 0.223768 
separation = 0.368968 
separation = 0.444841 
separation = 0.375823 
separation = 0.368580 
separation = 0.388342 
separation = 0.375823 
separation = 0.455203 
separation = 0.417946 
separation = 0.391116 
separation = 0.440661 
separation = 0.417946 
separation = 0.351959 
separation = 0.383164 
separation = 0.377501 
separation = 0.404682 
separation = 0.468906 
separation = 0.495740 
separation = 0.438852 
separation = 0.404682 
separation = 0.453173 
separation = 0.311591 
separation = 0.278511 
separation = 0.210116 
separation = 0.453173 
separation = 0.383164 
separation = 0.495740 
separation = 0.339973 
separation = 0.430835 
separation = 0.477175 
separation = 0.459922 
separation = 0.300382 
separation = 0.295883 
separation = 0.388342 
separation = 0.311591 
separation = 0.368580 
separation = 0.210116 
separation = 0.391116 
separation = 0.339973 
separation = 0.440661 
separation = 0.495398 
separation = 0.221414 
separation = 0.397475 
separation = 0.410942 
separation = 0.445274 
separation = 0.420657 
separation = 0.380149 
separation = 0.467755 
separation = 0.420657 
separation = 0.410942 
separation = 0.395761 
separation = 0.260133 
separation = 0.427286 
separation = 0.415254 
separation = 0.427286 
separation = 0.377718 
separation = 0.313668 
separation = 0.368555 
separation = 0.409117 
separation = 0.445274 
separation = 0.368555 
separation = 0.367059 
separation = 0.435689 
separation = 0.465125 
separation = 0.333966 
separation = 0.261070 
separation = 0.445274 
separation = 0.221414 
separation = 0.313668 
separation = 0.397475 
separation = 0.380149 
separation = 0.495398 
separation = 0.367059 
separation = 0.428142 
separation = 0.428142 
separation = 0.441333 
separation = 0.201053 
separation = 0.474454 
separation = 0.468630 
separation = 0.389264 
separation = 0.438648 
separation = 0.438648 
separation = 0.316717 
separation = 0.455421 
separation = 0.455421 
separation = 0.350726 
separation = 0.419237 
separation = 0.347896 
separation = 0.372902 
separation = 0.258120 
separation = 0.419237 
separation = 0.398007 
separation = 0.350726 
separation = 0.496042 
separation = 0.486321 
separation = 0.250936 
separation = 0.480651 
separation = 0.201053 
separation = 0.474454 
separation = 0.441333 
separation = 0.389264 
separation = 0.468630 
separation = 0.395262 
separation = 0.398007 
separation = 0.440037 
separation = 0.480651 
separation = 0.205940 
separation = 0.448664 
separation = 0.342207 
separation = 0.410990 
separation = 0.491564 
separation = 0.260014 
separation = 0.383966 
separation = 0.438813 
separation = 0.487320 
separation = 0.385400 
separation = 0.491564 
separation = 0.459118 
separation = 0.457931 
separation = 0.349913 
separation = 0.438813 
separation = 0.487320 
separation = 0.461729 
separation = 0.349015 
separation = 0.385400 
separation = 0.303250 
separation = 0.459118 
separation = 0.191868 
separation = 0.349015 
separation = 0.465301 
separation = 0.438813 
separation = 0.465301 
separation = 0.205940 
separation = 0.491564 
separation = 0.461729 
separation = 0.457931 
separation = 0.475091 
separation = 0.303250 
separation = 0.383966 
separation = 0.410990 
separation = 0.484604 
separation = 0.403274 
separation = 0.468272 
separation = 0.492300 
separation = 0.492604 
separation = 0.207751 
separation = 0.492604 
separation = 0.377811 
separation = 0.306360 
separation = 0.435312 
separation = 0.403274 
separation = 0.278598 
separation = 0.348246 
separation = 0.343579 
separation = 0.492300 
separation = 0.448836 
separation = 0.343579 
separation = 0.347842 
separation = 0.336244 
separation = 0.468272 
separation = 0.428774 
separation = 0.400738 
separation = 0.347842 
separation = 0.497577 
separation = 0.434519 
separation = 0.162930 
separation = 0.475573 
separation = 0.468272 
separation = 0.207751 
separation = 0.435312 
separation = 0.475573 
separation = 0.377811 
separation = 0.475573 
separation = 0.466882 
separation = 0.229216 
separation = 0.406851 
separation = 0.498653 
separation = 0.313628 
separation = 0.420549 
separation = 0.466882 
separation = 0.446434 
separation = 0.311323 
separation = 0.386261 
separation = 0.359171 
separation = 0.406851 
separation = 0.498653 
separation = 0.453308 
separation = 0.346186 
separation = 0.425677 
separation = 0.463934 
separation = 0.326670 
separation = 0.420294 
separation = 0.326670 
separation = 0.311323 
separation = 0.325446 
separation = 0.325446 
separation = 0.339120 
separation = 0.453594 
separation = 0.398031 
separation = 0.229216 
separation = 0.420294 
separation = 0.158057 
separation = 0.498653 
separation = 0.484695 
separation = 0.229216 
separation = 0.313628 
separation = 0.446434 
separation = 0.386261 
separation = 0.498653 
separation = 0.287946 
separation = 0.408501 
separation = 0.360391 
separation = 0.368719 
separation = 0.495865 
separation = 0.465292 
separation = 0.465292 
separation = 0.310683 
separation = 0.490374 
separation = 0.368719 
separation = 0.282899 
separation = 0.349878 
separation = 0.344817 
separation = 0.452543 
separation = 0.489906 
separation = 0.392971 
separation = 0.349878 
separation = 0.427935 
separation = 0.356469 
separation = 0.392847 
separation = 0.298942 
separation = 0.333090 
separation = 0.417673 
separation = 0.169994 
separation = 0.465292 
separation = 0.478735 
separation = 0.469346 
separation = 0.478735 
separation = 0.469346 
separation = 0.478735 
separation = 0.360391 
separation = 0.465292 
separation = 0.287946 
separation = 0.427935 
separation = 0.425607 
separation = 0.229670 
separation = 0.463488 
separation = 0.497579 
separation = 0.496080 
separation = 0.380330 
separation = 0.496080 
separation = 0.389247 
separation = 0.415748 
separation = 0.330985 
separation = 0.349102 
separation = 0.271464 
separation = 0.439266 
separation = 0.380330 
separation = 0.415748 
separation = 0.292211 
separation = 0.341381 
separation = 0.341381 
separation = 0.445138 
separation = 0.385463 
separation = 0.497579 
separation = 0.484908 
separation = 0.385463 
separation = 0.439266 
separation = 0.390060 
separation = 0.282573 
separation = 0.428715 
separation = 0.415748 
separation = 0.229670 
separation = 0.497579 
separation = 0.415748 
separation = 0.496080 
separation = 0.424871 
separation = 0.424871 
separation = 0.218813 
separation = 0.227406 
separation = 0.393580 
separation = 0.484188 
separation = 0.392901 
separation = 0.445053 
separation = 0.420478 
separation = 0.392901 
separation = 0.278506 
separation = 0.223209 
separation = 0.393580 
separation = 0.227406 
separation = 0.420478 
separation = 0.253273 
separation = 0.233550 
separation = 0.483765 
separation = 0.304025 
separation = 0.422246 
separation = 0.315630 
separation = 0.474933 
separation = 0.378593 
separation = 0.340639 
separation = 0.449577 
separation = 0.340639 
separation = 0.499355 
separation = 0.456366 
separation = 0.253999 
separation = 0.445053 
separation = 0.223209 
separation = 0.323140 
separation = 0.429748 
separation = 0.378593 
separation = 0.420478 
separation = 0.445053 
separation = 0.304025 
separation = 0.227406 
separation = 0.393580 
separation = 0.484188 
separation = 0.278506 
separation = 0.420478 
separation = 0.244134 
separation = 0.345087 
separation = 0.345087 
separation = 0.435641 
separation = 0.310735 
separation = 0.272438 
separation = 0.412328 
separation = 0.335935 
separation = 0.453829 
separation = 0.240478 
separation = 0.412328 
separation = 0.467681 
separation = 0.427694 
separation = 0.432099 
separation = 0.358187 
separation = 0.432099 
separation = 0.467681 
separation = 0.254678 
separation = 0.480571 
separation = 0.353903 
separation = 0.243765 
separation = 0.430951 
separation = 0.411517 
separation = 0.453829 
separation = 0.476761 
separation = 0.476119 
separation = 0.214092 
separation = 0.412328 
separation = 0.335935 
separation = 0.244134 
separation = 0.480571 
separation = 0.310735 
separation = 0.412328 
separation = 0.352918 
separation = 0.391568 
separation = 0.380466 
separation = 0.268663 
separation = 0.381607 
separation = 0.440190 
separation = 0.434200 
separation = 0.360796 
separation = 0.434200 
separation = 0.451600 
separation = 0.304189 
separation = 0.380466 
separation = 0.376130 
separation = 0.429604 
separation = 0.198826 
separation = 0.436877 
separation = 0.440115 
separation = 0.234219 
separation = 0.440115 
separation = 0.357907 
separation = 0.429793 
separation = 0.429604 
separation = 0.381607 
separation = 0.499537 
separation = 0.380612 
separation = 0.354464 
separation = 0.442497 
separation = 0.442497 
separation = 0.345379 
separation = 0.222115 
separation = 0.423007 
separation = 0.213839 
separation = 0.474342 
separation = 0.440115 
separation = 0.380466 
separation = 0.436877 
separation = 0.304189 
separation = 0.440190 
separation = 0.268663 
separation = 0.499537 
separation = 0.376130 
separation = 0.440115 
separation = 0.213839 
separation = 0.321253 
separation = 0.354058 
separation = 0.482253 
separation = 0.352471 
separation = 0.274896 
separation = 0.419448 
separation = 0.382916 
separation = 0.429980 
separation = 0.436782 
separation = 0.382916 
separation = 0.255226 
separation = 0.465173 
separation = 0.352471 
separation = 0.385392 
separation = 0.194689 
separation = 0.254754 
separation = 0.328261 
separation = 0.395843 
separation = 0.447325 
separation = 0.343947 
separation = 0.319875 
separation = 0.447325 
separation = 0.328261 
separation = 0.343947 
separation = 0.419448 
separation = 0.429296 
separation = 0.389235 
separation = 0.429296 
separation = 0.488151 
separation = 0.209082 
separation = 0.319063 
separation = 0.472709 
separation = 0.447325 
separation = 0.418672 
separation = 0.323268 
separation = 0.274896 
separation = 0.385392 
separation = 0.465173 
separation = 0.429980 
separation = 0.447325 
separation = 0.323268 
separation = 0.418672 
separation = 0.252882 
separation = 0.252882 
separation = 0.423867 
separation = 0.284423 
separation = 0.484345 
separation = 0.217922 
separation = 0.323150 
separation = 0.493818 
separation = 0.403619 
separation = 0.343682 
separation = 0.379476 
separation = 0.284423 
separation = 0.493818 
separation = 0.343682 
separation = 0.486470 
separation = 0.291878 
separation = 0.410948 
separation = 0.184947 
separation = 0.486470 
separation = 0.438059 
separation = 0.295833 
separation = 0.277176 
separation = 0.490395 
separation = 0.295833 
separation = 0.438059 
separation = 0.484345 
separation = 0.299477 
separation = 0.290189 
separation = 0.442172 
separation = 0.277176 
separation = 0.196131 
separation = 0.332396 
separation = 0.282468 
separation = 0.382553 
separation = 0.495506 
separation = 0.293573 
separation = 0.405953 
separation = 0.486470 
separation = 0.284423 
separation = 0.217922 
separation = 0.403619 
separation = 0.484345 
separation = 0.323150 
separation = 0.454111 
separation = 0.486470 
separation = 0.490395 
separation = 0.438059 
separation = 0.286297 
separation = 0.425180 
separation = 0.181788 
separation = 0.194865 
separation = 0.334892 
separation = 0.348365 
separation = 0.293854 
separation = 0.474673 
separation = 0.348365 
separation = 0.435072 
separation = 0.286297 
separation = 0.410794 
separation = 0.265685 
separation = 0.197555 
separation = 0.482874 
separation = 0.435072 
separation = 0.386520 
separation = 0.302890 
separation = 0.410794 
separation = 0.415233 
separation = 0.299864 
separation = 0.412294 
separation = 0.329603 
separation = 0.286297 
separation = 0.194865 
separation = 0.275051 
separation = 0.348365 
separation = 0.474673 
separation = 0.459151 
separation = 0.275051 
separation = 0.293854 
separation = 0.181788 
separation = 0.334892 
separation = 0.425180 
separation = 0.386520 
separation = 0.330043 
separation = 0.451793 
separation = 0.266766 
separation = 0.256587 
separation = 0.256587 
separation = 0.330043 
separation = 0.403469 
separation = 0.472818 
separation = 0.316474 
separation = 0.403469 
separation = 0.166171 
separation = 0.369355 
separation = 0.283162 
separation = 0.196526 
separation = 0.468880 
separation = 0.451793 
separation = 0.379283 
separation = 0.488856 
separation = 0.381221 
separation = 0.301252 
separation = 0.174883 
separation = 0.379283 
separation = 0.400503 
separation = 0.458527 
separation = 0.369355 
separation = 0.392048 
separation = 0.486400 
separation = 0.419747 
separation = 0.323439 
separation = 0.451793 
separation = 0.403469 
separation = 0.284180 
separation = 0.451566 
separation = 0.355451 
separation = 0.355451 
separation = 0.249652 
separation = 0.126261 
separation = 0.464994 
separation = 0.453552 
separation = 0.284180 
separation = 0.175561 
separation = 0.453552 
separation = 0.357766 
separation = 0.364819 
separation = 0.376197 
separation = 0.357766 
separation = 0.205503 
separation = 0.436862 
separation = 0.466606 
separation = 0.425711 
separation = 0.375919 
separation = 0.461404 
separation = 0.404467 
separation = 0.375919 
separation = 0.425711 
separation = 0.469001 
separation = 0.362987 
separation = 0.464994 
separation = 0.376197 
separation = 0.284180 
separation = 0.440423 
separation = 0.175561 
separation = 0.461404 
separation = 0.436120 
separation = 0.451566 
separation = 0.466606 
separation = 0.453552 
separation = 0.288511 
separation = 0.166617 
separation = 0.458281 
separation = 0.454220 
separation = 0.262179 
separation = 0.288511 
separation = 0.126103 
separation = 0.414119 
separation = 0.414119 
separation = 0.459655 
separation = 0.293145 
separation = 0.454220 
separation = 0.381035 
separation = 0.462827 
separation = 0.207628 
separation = 0.433075 
separation = 0.490388 
separation = 0.438717 
separation = 0.495558 
separation = 0.364252 
separation = 0.364252 
separation = 0.433075 
separation = 0.381035 
separation = 0.391759 
separation = 0.435157 
separation = 0.349408 
separation = 0.415130 
separation = 0.373494 
separation = 0.288511 
separation = 0.462899 
separation = 0.415130 
separation = 0.458281 
separation = 0.166617 
separation = 0.438717 
separation = 0.495558 
separation = 0.414119 
separation = 0.373494 
separation = 0.297999 
separation = 0.442794 
separation = 0.137160 
separation = 0.288063 
separation = 0.181677 
separation = 0.406944 
separation = 0.478745 
separation = 0.385773 
separation = 0.297999 
separation = 0.385773 
separation = 0.447291 
separation = 0.441872 
separation = 0.330521 
separation = 0.349844 
separation = 0.391652 
separation = 0.222427 
separation = 0.441610 
separation = 0.278565 
separation = 0.422656 
separation = 0.391652 
separation = 0.330521 
separation = 0.422656 
separation = 0.421237 
separation = 0.458805 
separation = 0.471486 
separation = 0.297999 
separation = 0.477158 
separation = 0.406944 
separation = 0.471486 
separation = 0.181677 
separation = 0.442794 
separation = 0.441610 
separation = 0.422656 
separation = 0.370907 
separation = 0.169547 
separation = 0.181822 
separation = 0.294136 
separation = 0.425447 
separation = 0.292615 
separation = 0.469991 
separation = 0.370907 
separation = 0.491545 
separation = 0.304737 
separation = 0.448163 
separation = 0.232313 
separation = 0.494231 
separation = 0.469991 
separation = 0.416189 
separation = 0.304737 
separation = 0.494231 
separation = 0.301743 
separation = 0.405754 
separation = 0.444707 
separation = 0.404130 
separation = 0.465772 
separation = 0.385120 
separation = 0.448163 
separation = 0.402929 
separation = 0.405754 
separation = 0.496739 
separation = 0.372159 
separation = 0.498934 
separation = 0.370907 
separation = 0.469991 
separation = 0.292615 
separation = 0.181822 
separation = 0.361002 
separation = 0.169547 
separation = 0.425447 
separation = 0.294136 
separation = 0.377928 
separation = 0.377928 
separation = 0.444707 
separation = 0.402929 
separation = 0.423321 
separation = 0.213020 
separation = 0.315640 
separation = 0.392080 
separation = 0.359393 
separation = 0.492727 
separation = 0.444145 
separation = 0.424604 
separation = 0.477912 
separation = 0.180072 
separation = 0.424604 
separation = 0.394756 
separation = 0.463979 
separation = 0.423321 
separation = 0.471647 
separation = 0.327852 
separation = 0.413087 
separation = 0.471647 
separation = 0.444145 
separation = 0.267952 
separation = 0.298318 
separation = 0.436552 
separation = 0.436552 
separation = 0.361082 
separation = 0.394756 
separation = 0.327852 
separation = 0.492727 
separation = 0.413123 
separation = 0.498917 
separation = 0.463979 
separation = 0.298318 
separation = 0.424509 
separation = 0.382755 
separation = 0.477912 
separation = 0.353175 
separation = 0.423321 
separation = 0.477761 
separation = 0.180072 
separation = 0.392080 
separation = 0.359393 
separation = 0.361082 
separation = 0.444145 
separation = 0.477761 
separation = 0.353175 
separation = 0.457221 
separation = 0.406821 
separation = 0.442289 
separation = 0.325502 
separation = 0.324403 
separation = 0.195753 
separation = 0.355360 
separation = 0.361545 
separation = 0.457221 
separation = 0.305061 
separation = 0.324403 
separation = 0.411400 
separation = 0.361131 
separation = 0.427977 
separation = 0.299321 
separation = 0.310387 
separation = 0.412949 
separation = 0.355360 
separation = 0.361545 
separation = 0.233299 
separation = 0.480144 
separation = 0.497806 
separation = 0.412949 
separation = 0.305061 
separation = 0.359467 
separation = 0.415963 
separation = 0.415963 
separation = 0.486010 
separation = 0.486010 
separation = 0.457221 
separation = 0.361545 
separation = 0.430136 
separation = 0.485503 
separation = 0.205661 
separation = 0.202594 
separation = 0.420195 
separation = 0.379908 
separation = 0.248534 
separation = 0.248534 
separation = 0.430136 
separation = 0.458196 
separation = 0.472478 
separation = 0.472478 
separation = 0.345590 
separation = 0.423839 
separation = 0.361078 
separation = 0.336483 
separation = 0.332925 
separation = 0.345590 
separation = 0.392855 
separation = 0.384021 
separation = 0.476075 
separation = 0.336737 
separation = 0.447619 
separation = 0.346749 
separation = 0.375620 
separation = 0.459840 
separation = 0.361095 
separation = 0.458594 
separation = 0.422352 
separation = 0.481053 
separation = 0.422352 
separation = 0.361095 
separation = 0.379908 
separation = 0.485503 
separation = 0.202594 
separation = 0.481053 
separation = 0.384021 
separation = 0.474483 
separation = 0.348784 
separation = 0.474483 
separation = 0.402137 
separation = 0.463617 
separation = 0.192308 
separation = 0.192308 
separation = 0.419110 
separation = 0.424758 
separation = 0.212401 
separation = 0.430144 
separation = 0.483096 
separation = 0.424762 
separation = 0.375664 
separation = 0.419110 
separation = 0.483814 
separation = 0.457828 
separation = 0.352972 
separation = 0.321079 
separation = 0.315949 
separation = 0.483814 
separation = 0.426626 
separation = 0.430144 
separation = 0.465437 
separation = 0.268115 
separation = 0.348448 
separation = 0.463617 
separation = 0.375664 
separation = 0.438116 
separation = 0.465437 
separation = 0.421160 
separation = 0.454456 
separation = 0.236877 
separation = 0.348448 
separation = 0.348784 
separation = 0.456064 
separation = 0.268115 
separation = 0.385998 
separation = 0.460111 
separation = 0.419086 
separation = 0.350514 
separation = 0.460111 
separation = 0.373211 
separation = 0.373211 
separation = 0.350514 
separation = 0.419086 
separation = 0.424762 
separation = 0.424758 
separation = 0.402137 
separation = 0.236877 
separation = 0.456170 
separation = 0.456170 
separation = 0.407123 
separation = 0.182818 
separation = 0.459531 
separation = 0.155754 
separation = 0.067560 
separation = 0.345699 
separation = 0.390623 
separation = 0.228216 
separation = 0.143451 
separation = 0.391175 
separation = 0.485340 
separation = 0.396902 
separation = 0.297054 
separation = 0.155754 
separation = 0.329770 
separation = 0.493299 
separation = 0.385254 
separation = 0.297054 
separation = 0.316076 
separation = 0.143451 
separation = 0.224759 
separation = 0.359856 
separation = 0.222910 
separation = 0.334878 
separation = 0.390623 
separation = 0.463085 
separation = 0.456835 
separation = 0.227030 
separation = 0.459531 
separation = 0.345899 
separation = 0.229840 
separation = 0.390257 
separation = 0.391175 
separation = 0.334878 
separation = 0.406766 
separation = 0.223874 
separation = 0.306831 
separation = 0.385167 
separation = 0.463085 
separation = 0.359856 
separation = 0.291749 
separation = 0.468964 
separation = 0.234131 
separation = 0.466007 
separation = 0.465065 
separation = 0.406766 
separation = 0.456835 
separation = 0.387366 
separation = 0.420409 
separation = 0.479893 
separation = 0.363616 
separation = 0.339250 
separation = 0.229840 
separation = 0.234131 
separation = 0.372410 
separation = 0.428017 
separation = 0.227486 
separation = 0.486150 
separation = 0.444031 
separation = 0.265176 
separation = 0.459264 
separation = 0.306884 
separation = 0.367679 
separation = 0.331400 
separation = 0.459264 
separation = 0.421483 
separation = 0.331400 
separation = 0.457485 
separation = 0.339250 
separation = 0.265176 
separation = 0.390257 
separation = 0.214238 
separation = 0.411250 
separation = 0.182818 
separation = 0.451538 
separation = 0.415355 
separation = 0.451538 
separation = 0.415355 
separation = 0.457485 
separation = 0.415355 
separation = 0.411250 
separation = 0.485340 
separation = 0.329770 
separation = 0.493299 
separation = 0.385254 
separation = 0.345699 
separation = 0.228216 
separation = 0.316076 
separation = 0.411250 
separation = 0.385167 
separation = 0.479893 
separation = 0.306884 
separation = 0.306884 
separation = 0.423467 
separation = 0.273567 
separation = 0.489166 
separation = 0.464766 
separation = 0.414800 
separation = 0.489166 
separation = 0.339188 
separation = 0.045855 
separation = 0.332954 
separation = 0.446599 
separation = 0.270170 
separation = 0.235666 
separation = 0.470510 
separation = 0.451580 
separation = 0.403443 
separation = 0.456531 
separation = 0.085737 
separation = 0.426340 
separation = 0.368260 
separation = 0.471020 
separation = 0.471020 
separation = 0.235666 
separation = 0.313367 
separation = 0.368681 
separation = 0.404212 
separation = 0.431738 
separation = 0.465069 
separation = 0.450095 
separation = 0.465069 
separation = 0.398329 
separation = 0.472809 
separation = 0.027238 
separation = 0.352034 
separation = 0.227417 
separation = 0.423467 
separation = 0.470510 
separation = 0.404175 
separation = 0.252603 
separation = 0.371568 
separation = 0.368260 
separation = 0.380378 
separation = 0.371568 
separation = 0.303439 
separation = 0.144445 
separation = 0.221410 
separation = 0.303439 
separation = 0.271956 
separation = 0.103678 
separation = 0.197665 
separation = 0.196011 
separation = 0.418005 
separation = 0.235392 
separation = 0.364792 
separation = 0.410406 
separation = 0.430970 
separation = 0.414800 
separation = 0.382237 
separation = 0.385441 
separation = 0.386577 
separation = 0.209383 
separation = 0.464766 
separation = 0.254981 
separation = 0.205340 
separation = 0.374311 
separation = 0.241586 
separation = 0.430970 
separation = 0.254981 
separation = 0.264625 
separation = 0.351873 
separation = 0.456531 
separation = 0.459725 
separation = 0.385441 
separation = 0.362281 
separation = 0.382237 
separation = 0.273567 
separation = 0.354669 
separation = 0.339188 
separation = 0.345350 
separation = 0.454450 
separation = 0.431738 
separation = 0.263098 
separation = 0.498364 
separation = 0.399103 
separation = 0.347795 
separation = 0.027238 
separation = 0.293310 
separation = 0.100399 
separation = 0.478400 
separation = 0.345065 
separation = 0.386577 
separation = 0.353438 
separation = 0.480333 
separation = 0.434967 
separation = 0.235392 
separation = 0.205340 
separation = 0.426821 
separation = 0.407289 
separation = 0.223568 
separation = 0.144445 
separation = 0.213364 
separation = 0.369724 
separation = 0.396316 
separation = 0.492087 
separation = 0.434611 
separation = 0.454450 
separation = 0.369724 
separation = 0.153826 
separation = 0.447276 
separation = 0.426821 
separation = 0.496727 
separation = 0.450943 
separation = 0.277360 
separation = 0.152703 
separation = 0.474494 
separation = 0.426744 
separation = 0.410406 
separation = 0.345350 
separation = 0.364792 
separation = 0.213364 
separation = 0.341358 
separation = 0.480333 
separation = 0.252603 
separation = 0.341358 
separation = 0.440568 
separation = 0.469384 
separation = 0.199894 
separation = 0.351873 
separation = 0.431579 
separation = 0.416763 
separation = 0.434967 
separation = 0.407289 
separation = 0.426011 
separation = 0.242498 
separation = 0.398329 
separation = 0.145998 
separation = 0.472809 
separation = 0.103678 
separation = 0.368681 
separation = 0.293310 
separation = 0.347795 
separation = 0.426744 
separation = 0.474494 
separation = 0.431738 
separation = 0.403225 
separation = 0.463392 
separation = 0.498364 
separation = 0.391132 
separation = 0.453116 
separation = 0.277360 
separation = 0.145998 
separation = 0.152703 
separation = 0.100399 
separation = 0.404212 
separation = 0.426011 
separation = 0.235122 
separation = 0.362281 
separation = 0.451411 
separation = 0.209383 
separation = 0.478400 
separation = 0.473585 
separation = 0.427044 
separation = 0.489166 
separation = 0.345065 
separation = 0.197533 
separation = 0.492887 
separation = 0.368260 
separation = 0.391559 
separation = 0.450095 
separation = 0.348945 
separation = 0.192288 
separation = 0.473585 
separation = 0.469384 
separation = 0.411201 
separation = 0.323069 
separation = 0.419475 
separation = 0.192076 
separation = 0.163741 
separation = 0.273567 
separation = 0.451580 
separation = 0.403443 
separation = 0.464766 
separation = 0.391559 
separation = 0.489166 
separation = 0.410406 
separation = 0.430970 
separation = 0.144445 
separation = 0.472809 
separation = 0.470510 
separation = 0.469384 
separation = 0.221410 
separation = 0.153826 
separation = 0.498364 
separation = 0.368260 
separation = 0.197533 
separation = 0.313367 
separation = 0.354669 
separation = 0.323069 
separation = 0.492887 
separation = 0.332954 
separation = 0.446599 
separation = 0.196011 
separation = 0.418005 
separation = 0.426744 
separation = 0.416763 
separation = 0.403225 
separation = 0.411075 
separation = 0.412674 
separation = 0.274222 
separation = 0.381226 
separation = 0.495559 
separation = 0.345648 
separation = 0.075059 
separation = 0.346854 
separation = 0.274222 
separation = 0.467576 
separation = 0.463002 
separation = 0.408396 
separation = 0.405274 
separation = 0.194974 
separation = 0.069662 
separation = 0.483388 
separation = 0.480767 
separation = 0.069662 
separation = 0.258416 
separation = 0.258416 
separation = 0.223565 
separation = 0.371347 
separation = 0.412674 
separation = 0.466487 
separation = 0.441979 
separation = 0.476395 
separation = 0.483388 
separation = 0.474594 
separation = 0.210391 
separation = 0.432205 
separation = 0.295745 
separation = 0.245019 
separation = 0.462648 
separation = 0.232468 
separation = 0.474594 
separation = 0.391118 
separation = 0.487959 
separation = 0.479783 
separation = 0.346854 
separation = 0.391118 
separation = 0.290899 
separation = 0.462648 
separation = 0.405274 
separation = 0.177901 
separation = 0.194974 
separation = 0.371347 
separation = 0.381999 
separation = 0.463944 
separation = 0.231916 
separation = 0.381226 
separation = 0.340026 
separation = 0.301384 
separation = 0.210391 
separation = 0.398660 
separation = 0.463002 
separation = 0.476395 
separation = 0.456259 
separation = 0.199844 
separation = 0.487959 
separation = 0.075059 
separation = 0.398660 
separation = 0.295745 
separation = 0.456259 
separation = 0.087872 
separation = 0.340026 
separation = 0.199844 
separation = 0.223565 
separation = 0.479783 
separation = 0.480767 
separation = 0.441979 
separation = 0.232468 
separation = 0.345648 
separation = 0.363837 
separation = 0.432205 
separation = 0.194974 
separation = 0.340864 
separation = 0.290889 
separation = 0.301384 
separation = 0.446750 
separation = 0.345555 
separation = 0.340864 
separation = 0.412142 
separation = 0.450142 
separation = 0.345555 
separation = 0.450142 
separation = 0.462184 
separation = 0.290889 
separation = 0.490583 
separation = 0.462184 
separation = 0.466487 
separation = 0.497338 
separation = 0.463944 
separation = 0.371347 
separation = 0.495559 
separation = 0.467576 
separation = 0.346854 
separation = 0.177901 
separation = 0.290899 
separation = 0.258416 
separation = 0.463002 
separation = 0.408396 
separation = 0.431738 
separation = 0.490583 
separation = 0.381999 
separation = 0.446750 
separation = 0.346854 
separation = 0.412142 
separation = 0.194974 
separation = 0.371347 
separation = 0.363837 
equilibration step 70000
equilibration step 80000
equilibration step 90000
equilibration step 100000
equilibration step 110000
equilibration step 120000
equilibration step 130000
equilibration step 140000
equilibration step 150000
equilibration step 160000
equilibration step 170000
equilibration step 180000
equilibration step 190000
equilibration step 200000
equilibration step 210000
equilibration step 220000
equilibration step 230000
equilibration step 240000
equilibration step 250000
equilibration step 260000
equilibration step 270000
equilibration step 280000
equilibration step 290000
equilibration step 300000
equilibration step 310000
equilibration step 320000
equilibration step 330000
equilibration step 340000
equilibration step 350000
equilibration step 360000
equilibration step 370000
equilibration step 380000
equilibration step 390000
equilibration step 400000
equilibration step 410000
equilibration step 420000
equilibration step 430000
equilibration step 440000
equilibration step 450000
equilibration step 460000
equilibration step 470000
equilibration step 480000
equilibration step 490000
 
... done equilibrating!
-----------------------------------------------
 
1500
3000
4500
6000
7500
9000
10500
12000
13500
15000
16500
18000
19500
21000
22500
24000
25500
27000
28500
30000
31500
33000
34500
36000
37500
39000
40500
42000
43500
45000
46500
48000
49500
51000
52500
54000
55500
57000
58500
60000
61500
63000
64500
66000
67500
69000
70500
72000
73500
75000
76500
78000
79500
81000
82500
84000
85500
87000
88500
90000
91500
93000
94500
96000
97500
99000
100500
102000
103500
105000
106500
108000
109500
111000
112500
114000
115500
117000
118500
120000
121500
123000
124500
126000
127500
129000
130500
132000
133500
135000
136500
138000
139500
141000
142500
144000
145500
147000
148500
150000
151500
153000
154500
156000
157500
159000
160500
162000
163500
165000
166500
168000
169500
171000
172500
174000
175500
177000
178500
180000
181500
183000
184500
186000
187500
189000
190500
192000
193500
195000
196500
198000
199500
201000
202500
204000
205500
207000
208500
210000
211500
213000
214500
216000
217500
219000
220500
222000
223500
225000
226500
228000
229500
231000
232500
234000
235500
237000
238500
240000
241500
243000
244500
246000
247500
249000
250500
252000
253500
255000
256500
258000
259500
261000
262500
264000
265500
267000
268500
270000
271500
273000
274500
276000
277500
279000
280500
282000
283500
285000
286500
288000
289500
291000
292500
294000
295500
297000
298500
300000
