scsp_3D_capsules_slit_trains
  
H = 10
umax = 0.0166667
ks = 0.0333333
kb = 0.00596518
  
Ca = 0.05
  
reference flux = 26.6667
  
nnbins = 26
Initial cell spacing = 48
0 59.5
1 59.5
 
-----------------------------------------------
Equilibrating for 0 steps...
 
... done equilibrating!
-----------------------------------------------
 
8600
17200
25800
34400
43000
51600
60200
68800
77400
86000
94600
103200
111800
120400
129000
137600
146200
154800
163400
172000
180600
189200
197800
206400
215000
223600
232200
240800
249400
258000
266600
275200
283800
292400
301000
309600
318200
326800
335400
344000
352600
361200
369800
378400
387000
395600
404200
412800
421400
430000
438600
447200
455800
464400
473000
481600
490200
498800
507400
516000
524600
533200
541800
550400
559000
567600
576200
584800
593400
602000
610600
619200
627800
636400
645000
653600
662200
670800
679400
688000
696600
705200
713800
722400
731000
739600
748200
756800
765400
774000
782600
791200
799800
808400
817000
825600
834200
842800
851400
860000
868600
877200
885800
894400
903000
911600
920200
928800
937400
946000
954600
963200
971800
980400
989000
997600
1006200
1014800
1023400
1032000
1040600
1049200
1057800
1066400
1075000
1083600
1092200
1100800
1109400
1118000
1126600
1135200
1143800
1152400
1161000
1169600
1178200
1186800
1195400
1204000
1212600
1221200
1229800
1238400
1247000
1255600
1264200
1272800
1281400
1290000
1298600
1307200
1315800
1324400
1333000
1341600
1350200
1358800
1367400
1376000
1384600
1393200
1401800
1410400
1419000
1427600
1436200
1444800
1453400
1462000
1470600
1479200
1487800
1496400
1505000
1513600
1522200
1530800
1539400
1548000
1556600
1565200
1573800
1582400
1591000
1599600
1608200
1616800
1625400
1634000
1642600
1651200
1659800
1668400
1677000
1685600
1694200
1702800
1711400
1720000
1728600
1737200
1745800
1754400
1763000
1771600
1780200
1788800
1797400
1806000
1814600
1823200
1831800
1840400
1849000
1857600
1866200
1874800
1883400
1892000
1900600
1909200
1917800
1926400
1935000
1943600
1952200
1960800
1969400
1978000
1986600
1995200
2003800
2012400
2021000
2029600
2038200
2046800
2055400
2064000
2072600
2081200
2089800
2098400
2107000
2115600
2124200
2132800
2141400
2150000
2158600
2167200
2175800
2184400
2193000
2201600
2210200
2218800
2227400
2236000
2244600
2253200
2261800
2270400
2279000
2287600
2296200
2304800
2313400
2322000
2330600
2339200
2347800
2356400
2365000
2373600
2382200
2390800
2399400
2408000
2416600
2425200
2433800
2442400
2451000
2459600
2468200
2476800
2485400
2494000
2502600
2511200
2519800
2528400
2537000
2545600
2554200
2562800
2571400
2580000
2588600
2597200
2605800
2614400
2623000
2631600
2640200
2648800
2657400
2666000
2674600
2683200
2691800
2700400
2709000
2717600
2726200
2734800
2743400
2752000
2760600
2769200
2777800
2786400
2795000
2803600
2812200
2820800
2829400
2838000
2846600
2855200
2863800
2872400
2881000
2889600
2898200
2906800
2915400
2924000
2932600
2941200
2949800
2958400
2967000
2975600
2984200
2992800
3001400
3010000
3018600
3027200
3035800
3044400
3053000
3061600
3070200
3078800
3087400
3096000
3104600
3113200
3121800
3130400
3139000
3147600
3156200
3164800
3173400
3182000
3190600
3199200
3207800
3216400
3225000
3233600
3242200
3250800
3259400
3268000
3276600
3285200
3293800
3302400
3311000
3319600
3328200
3336800
3345400
3354000
3362600
3371200
3379800
3388400
3397000
3405600
3414200
3422800
3431400
3440000
3448600
3457200
3465800
3474400
3483000
3491600
3500200
3508800
3517400
3526000
3534600
3543200
3551800
3560400
3569000
3577600
3586200
3594800
3603400
3612000
3620600
3629200
3637800
3646400
3655000
3663600
3672200
3680800
3689400
3698000
3706600
3715200
3723800
3732400
3741000
3749600
3758200
3766800
3775400
3784000
3792600
3801200
3809800
3818400
3827000
3835600
3844200
3852800
3861400
3870000
3878600
3887200
3895800
3904400
3913000
3921600
3930200
3938800
3947400
3956000
3964600
3973200
3981800
3990400
3999000
4007600
4016200
4024800
4033400
4042000
4050600
4059200
4067800
4076400
4085000
4093600
4102200
4110800
4119400
4128000
4136600
4145200
4153800
4162400
4171000
4179600
4188200
4196800
4205400
4214000
4222600
4231200
4239800
4248400
4257000
4265600
4274200
4282800
4291400
4300000
