scsp_3D_capsules_slit_trains
  
H = 10
umax = 0.0166667
ks = 0.0333333
kb = 0.00596518
  
Ca = 0.05
  
reference flux = 26.6667
  
nnbins = 26
Initial cell spacing = 48
0 59.5
1 59.5
 
-----------------------------------------------
Equilibrating for 0 steps...
 
... done equilibrating!
-----------------------------------------------
 
8000
16000
24000
32000
40000
48000
56000
64000
72000
80000
88000
96000
104000
112000
120000
128000
136000
144000
152000
160000
168000
176000
184000
192000
200000
208000
216000
224000
232000
240000
248000
256000
264000
272000
280000
288000
296000
304000
312000
320000
328000
336000
344000
352000
360000
368000
376000
384000
392000
400000
408000
416000
424000
432000
440000
448000
456000
464000
472000
480000
488000
496000
504000
512000
520000
528000
536000
544000
552000
560000
568000
576000
584000
592000
600000
608000
616000
624000
632000
640000
648000
656000
664000
672000
680000
688000
696000
704000
712000
720000
728000
736000
744000
752000
760000
768000
776000
784000
792000
800000
808000
816000
824000
832000
840000
848000
856000
864000
872000
880000
888000
896000
904000
912000
920000
928000
936000
944000
952000
960000
968000
976000
984000
992000
1000000
1008000
1016000
1024000
1032000
1040000
1048000
1056000
1064000
1072000
1080000
1088000
1096000
1104000
1112000
1120000
1128000
1136000
1144000
1152000
1160000
1168000
1176000
1184000
1192000
1200000
1208000
1216000
1224000
1232000
1240000
1248000
1256000
1264000
1272000
1280000
1288000
1296000
1304000
1312000
1320000
1328000
1336000
1344000
1352000
1360000
1368000
1376000
1384000
1392000
1400000
1408000
1416000
1424000
1432000
1440000
1448000
1456000
1464000
1472000
1480000
1488000
1496000
1504000
1512000
1520000
1528000
1536000
1544000
1552000
1560000
1568000
1576000
1584000
1592000
1600000
1608000
1616000
1624000
1632000
1640000
1648000
1656000
1664000
1672000
1680000
1688000
1696000
1704000
1712000
1720000
1728000
1736000
1744000
1752000
1760000
1768000
1776000
1784000
1792000
1800000
1808000
1816000
1824000
1832000
1840000
1848000
1856000
1864000
1872000
1880000
1888000
1896000
1904000
1912000
1920000
1928000
1936000
1944000
1952000
1960000
1968000
1976000
1984000
1992000
2000000
2008000
2016000
2024000
2032000
2040000
2048000
2056000
2064000
2072000
2080000
2088000
2096000
2104000
2112000
2120000
2128000
2136000
2144000
2152000
2160000
2168000
2176000
2184000
2192000
2200000
2208000
2216000
2224000
2232000
2240000
2248000
2256000
2264000
2272000
2280000
2288000
2296000
2304000
2312000
2320000
2328000
2336000
2344000
2352000
2360000
2368000
2376000
2384000
2392000
2400000
2408000
2416000
2424000
2432000
2440000
2448000
2456000
2464000
2472000
2480000
2488000
2496000
2504000
2512000
2520000
2528000
2536000
2544000
2552000
2560000
2568000
2576000
2584000
2592000
2600000
2608000
2616000
2624000
2632000
2640000
2648000
2656000
2664000
2672000
2680000
2688000
2696000
2704000
2712000
2720000
2728000
2736000
2744000
2752000
2760000
2768000
2776000
2784000
2792000
2800000
2808000
2816000
2824000
2832000
2840000
2848000
2856000
2864000
2872000
2880000
2888000
2896000
2904000
2912000
2920000
2928000
2936000
2944000
2952000
2960000
2968000
2976000
2984000
2992000
3000000
3008000
3016000
3024000
3032000
3040000
3048000
3056000
3064000
3072000
3080000
3088000
3096000
3104000
3112000
3120000
3128000
3136000
3144000
3152000
3160000
3168000
3176000
3184000
3192000
3200000
3208000
3216000
3224000
3232000
3240000
3248000
3256000
3264000
3272000
3280000
3288000
3296000
3304000
3312000
3320000
3328000
3336000
3344000
3352000
3360000
3368000
3376000
3384000
3392000
3400000
3408000
3416000
3424000
3432000
3440000
3448000
3456000
3464000
3472000
3480000
3488000
3496000
3504000
3512000
3520000
3528000
3536000
3544000
3552000
3560000
3568000
3576000
3584000
3592000
3600000
3608000
3616000
3624000
3632000
3640000
3648000
3656000
3664000
3672000
3680000
3688000
3696000
3704000
3712000
3720000
3728000
3736000
3744000
3752000
3760000
3768000
3776000
3784000
3792000
3800000
3808000
3816000
3824000
3832000
3840000
3848000
3856000
3864000
3872000
3880000
3888000
3896000
3904000
3912000
3920000
3928000
3936000
3944000
3952000
3960000
3968000
3976000
3984000
3992000
4000000
