scsp_3D_capsules_slit_trains
  
H = 10
umax = 0.0833333
ks = 0.0277778
kb = 0.00497099
  
Ca = 0.3
  
reference flux = 133.333
  
Initial cell spacing = 48
0 59.5
1 59.5
 
-----------------------------------------------
Equilibrating for 0 steps...
 
... done equilibrating!
-----------------------------------------------
 
4000
8000
12000
16000
20000
24000
28000
32000
36000
40000
44000
48000
52000
56000
60000
64000
68000
72000
76000
80000
84000
88000
92000
96000
100000
104000
108000
112000
116000
120000
124000
128000
132000
136000
140000
144000
148000
152000
156000
160000
164000
168000
172000
176000
180000
184000
188000
192000
196000
200000
204000
208000
212000
216000
220000
224000
228000
232000
236000
240000
244000
248000
252000
256000
260000
264000
268000
272000
276000
280000
284000
288000
292000
296000
300000
304000
308000
312000
316000
320000
324000
328000
332000
336000
340000
344000
348000
352000
356000
360000
364000
368000
372000
376000
380000
384000
388000
392000
396000
400000
404000
408000
412000
416000
420000
424000
428000
432000
436000
440000
444000
448000
452000
456000
460000
464000
468000
472000
476000
480000
484000
488000
492000
496000
500000
504000
508000
512000
516000
520000
524000
528000
532000
536000
540000
544000
548000
552000
556000
560000
564000
568000
572000
576000
580000
584000
588000
592000
596000
600000
604000
608000
612000
616000
620000
624000
628000
632000
636000
640000
644000
648000
652000
656000
660000
664000
668000
672000
676000
680000
684000
688000
692000
696000
700000
704000
708000
712000
716000
720000
724000
728000
732000
736000
740000
744000
748000
752000
756000
760000
764000
768000
772000
776000
780000
784000
788000
792000
796000
800000
804000
808000
812000
816000
820000
824000
828000
832000
836000
840000
844000
848000
852000
856000
860000
864000
868000
872000
876000
880000
884000
888000
892000
896000
900000
904000
908000
912000
916000
920000
924000
928000
932000
936000
940000
944000
948000
952000
956000
960000
964000
968000
972000
976000
980000
984000
988000
992000
996000
1000000
1004000
1008000
1012000
1016000
1020000
1024000
1028000
1032000
1036000
1040000
1044000
1048000
1052000
1056000
1060000
1064000
1068000
1072000
1076000
1080000
1084000
1088000
1092000
1096000
1100000
1104000
1108000
1112000
1116000
1120000
1124000
1128000
1132000
1136000
1140000
1144000
1148000
1152000
1156000
1160000
1164000
1168000
1172000
1176000
1180000
1184000
1188000
1192000
1196000
1200000
1204000
1208000
1212000
1216000
1220000
1224000
1228000
1232000
1236000
1240000
1244000
1248000
1252000
1256000
1260000
1264000
1268000
1272000
1276000
1280000
1284000
1288000
1292000
1296000
1300000
1304000
1308000
1312000
1316000
1320000
1324000
1328000
1332000
1336000
1340000
1344000
1348000
1352000
1356000
1360000
1364000
1368000
1372000
1376000
1380000
1384000
1388000
1392000
1396000
1400000
1404000
1408000
1412000
1416000
1420000
1424000
1428000
1432000
1436000
1440000
1444000
1448000
1452000
1456000
1460000
1464000
1468000
1472000
1476000
1480000
1484000
1488000
1492000
1496000
1500000
1504000
1508000
1512000
1516000
1520000
1524000
1528000
1532000
1536000
1540000
1544000
1548000
1552000
1556000
1560000
1564000
1568000
1572000
1576000
1580000
1584000
1588000
1592000
1596000
1600000
1604000
1608000
1612000
1616000
1620000
1624000
1628000
1632000
1636000
1640000
1644000
1648000
1652000
1656000
1660000
1664000
1668000
1672000
1676000
1680000
1684000
1688000
1692000
1696000
1700000
1704000
1708000
1712000
1716000
1720000
1724000
1728000
1732000
1736000
1740000
1744000
1748000
1752000
1756000
1760000
1764000
1768000
1772000
1776000
1780000
1784000
1788000
1792000
1796000
1800000
1804000
1808000
1812000
1816000
1820000
1824000
1828000
1832000
1836000
1840000
1844000
1848000
1852000
1856000
1860000
1864000
1868000
1872000
1876000
1880000
1884000
1888000
1892000
1896000
1900000
1904000
1908000
1912000
1916000
1920000
1924000
1928000
1932000
1936000
1940000
1944000
1948000
1952000
1956000
1960000
1964000
1968000
1972000
1976000
1980000
1984000
1988000
1992000
1996000
2000000
