scsp_3D_capsules_channel
  
hydraulic diameter = 49.0392
umax = 0.03
ks = 0.00430588
nu = 0.147118
fx = 2.61739e-05
  
Re = 5
Ca = 0.3
  
reference flux = 36.3761
  
nnbins = 26
 
-----------------------------------------------
Relaxing capsules...
relax step 0
separation = 0.465964 
separation = 0.403245 
separation = 0.250659 
separation = 0.489172 
separation = 0.414247 
separation = 0.488472 
separation = 0.455290 
separation = 0.331381 
separation = 0.406339 
separation = 0.241111 
separation = 0.371407 
separation = 0.459218 
separation = 0.405521 
separation = 0.401586 
separation = 0.477688 
separation = 0.445877 
separation = 0.488472 
separation = 0.464152 
separation = 0.396377 
separation = 0.411150 
separation = 0.313866 
separation = 0.435414 
separation = 0.425813 
separation = 0.360040 
separation = 0.414247 
separation = 0.489172 
separation = 0.335214 
separation = 0.242631 
separation = 0.371407 
separation = 0.340551 
separation = 0.494555 
separation = 0.291955 
separation = 0.411490 
separation = 0.432152 
separation = 0.368456 
separation = 0.482988 
separation = 0.480791 
separation = 0.394309 
separation = 0.312955 
separation = 0.497922 
separation = 0.241451 
separation = 0.355605 
separation = 0.453621 
separation = 0.369012 
separation = 0.340551 
separation = 0.458623 
separation = 0.318352 
separation = 0.432152 
separation = 0.241451 
separation = 0.293921 
separation = 0.496678 
separation = 0.394309 
separation = 0.330618 
separation = 0.344283 
separation = 0.426281 
separation = 0.250659 
separation = 0.443883 
separation = 0.360040 
separation = 0.364214 
separation = 0.435414 
separation = 0.497922 
separation = 0.455290 
separation = 0.388325 
separation = 0.396377 
separation = 0.411150 
separation = 0.251912 
separation = 0.408325 
separation = 0.360040 
separation = 0.494555 
separation = 0.477688 
separation = 0.340551 
separation = 0.489172 
separation = 0.425813 
separation = 0.435414 
separation = 0.251912 
separation = 0.331381 
separation = 0.406339 
separation = 0.401586 
separation = 0.445877 
separation = 0.369012 
separation = 0.497922 
separation = 0.488472 
separation = 0.368456 
separation = 0.291955 
separation = 0.312955 
separation = 0.453621 
separation = 0.458623 
separation = 0.432152 
separation = 0.293921 
separation = 0.369012 
separation = 0.318352 
separation = 0.465964 
separation = 0.453166 
separation = 0.250659 
separation = 0.411490 
separation = 0.426281 
separation = 0.388325 
separation = 0.408325 
separation = 0.250659 
separation = 0.293921 
separation = 0.364214 
separation = 0.408325 
separation = 0.489172 
separation = 0.388325 
separation = 0.443883 
separation = 0.432152 
separation = 0.364214 
separation = 0.340551 
separation = 0.360040 
separation = 0.435414 
separation = 0.497922 
separation = 0.251912 
separation = 0.466221 
separation = 0.260639 
separation = 0.474103 
separation = 0.432822 
separation = 0.260639 
separation = 0.250429 
separation = 0.243583 
separation = 0.358147 
separation = 0.408738 
separation = 0.464138 
separation = 0.393687 
separation = 0.377611 
separation = 0.496712 
separation = 0.458848 
separation = 0.411933 
separation = 0.423884 
separation = 0.410302 
separation = 0.316655 
separation = 0.316037 
separation = 0.430899 
separation = 0.458848 
separation = 0.377611 
separation = 0.381530 
separation = 0.334927 
separation = 0.408738 
separation = 0.483741 
separation = 0.298553 
separation = 0.243583 
separation = 0.369381 
separation = 0.300960 
separation = 0.487165 
separation = 0.436752 
separation = 0.456706 
separation = 0.237988 
separation = 0.475219 
separation = 0.429136 
separation = 0.406875 
separation = 0.298553 
separation = 0.474103 
separation = 0.345033 
separation = 0.454331 
separation = 0.229755 
separation = 0.498252 
separation = 0.417724 
separation = 0.440543 
separation = 0.393687 
separation = 0.466221 
separation = 0.410666 
separation = 0.370149 
separation = 0.496712 
separation = 0.393687 
separation = 0.358147 
separation = 0.458848 
separation = 0.381530 
separation = 0.393248 
separation = 0.250429 
separation = 0.334927 
separation = 0.432822 
separation = 0.316655 
separation = 0.415630 
separation = 0.430899 
separation = 0.406875 
separation = 0.243583 
separation = 0.370149 
separation = 0.260639 
separation = 0.474103 
separation = 0.466221 
separation = 0.300960 
separation = 0.408738 
separation = 0.436752 
separation = 0.393248 
separation = 0.237988 
separation = 0.475219 
separation = 0.429136 
separation = 0.257504 
separation = 0.298553 
separation = 0.345033 
separation = 0.454331 
separation = 0.229755 
separation = 0.260639 
separation = 0.417724 
separation = 0.440543 
separation = 0.458174 
separation = 0.466221 
separation = 0.410666 
separation = 0.470933 
separation = 0.272605 
separation = 0.250900 
separation = 0.341308 
separation = 0.487972 
separation = 0.430856 
separation = 0.394045 
separation = 0.469065 
separation = 0.383796 
separation = 0.415150 
separation = 0.488428 
separation = 0.450094 
separation = 0.419033 
separation = 0.446728 
separation = 0.337800 
separation = 0.407317 
separation = 0.397021 
separation = 0.423016 
separation = 0.394045 
separation = 0.318236 
separation = 0.460157 
separation = 0.418127 
separation = 0.499365 
separation = 0.467567 
separation = 0.439455 
separation = 0.380706 
separation = 0.418127 
separation = 0.340297 
separation = 0.383796 
separation = 0.415707 
separation = 0.428571 
separation = 0.486697 
separation = 0.306101 
separation = 0.460157 
separation = 0.310508 
separation = 0.430856 
separation = 0.493005 
separation = 0.260237 
separation = 0.260237 
separation = 0.306101 
separation = 0.298472 
separation = 0.370673 
separation = 0.380706 
separation = 0.467567 
separation = 0.317555 
separation = 0.364236 
separation = 0.340297 
separation = 0.467376 
separation = 0.450094 
separation = 0.254422 
separation = 0.374936 
separation = 0.397021 
separation = 0.423016 
separation = 0.380706 
separation = 0.340297 
separation = 0.254422 
separation = 0.488428 
separation = 0.450094 
separation = 0.396588 
separation = 0.430856 
separation = 0.418127 
separation = 0.446728 
separation = 0.298472 
separation = 0.337800 
separation = 0.407317 
separation = 0.306101 
separation = 0.310508 
separation = 0.370673 
separation = 0.250900 
separation = 0.467567 
separation = 0.317555 
separation = 0.487972 
separation = 0.417266 
separation = 0.298472 
separation = 0.470933 
separation = 0.396588 
separation = 0.463199 
separation = 0.390969 
separation = 0.430856 
separation = 0.394045 
separation = 0.417266 
separation = 0.415707 
separation = 0.374936 
separation = 0.272605 
separation = 0.380706 
separation = 0.396588 
separation = 0.340297 
separation = 0.374936 
separation = 0.450094 
separation = 0.254422 
separation = 0.474474 
separation = 0.277718 
separation = 0.497628 
separation = 0.351376 
separation = 0.442010 
separation = 0.474006 
separation = 0.475046 
separation = 0.389955 
separation = 0.434079 
separation = 0.427227 
separation = 0.461902 
separation = 0.419313 
separation = 0.417351 
separation = 0.396010 
separation = 0.499391 
separation = 0.320508 
separation = 0.475046 
separation = 0.448964 
separation = 0.461331 
separation = 0.434595 
separation = 0.254188 
separation = 0.402144 
separation = 0.428638 
separation = 0.392036 
separation = 0.389955 
separation = 0.345724 
separation = 0.428638 
separation = 0.489663 
separation = 0.374311 
separation = 0.351376 
separation = 0.437751 
separation = 0.497261 
separation = 0.431034 
separation = 0.402144 
separation = 0.431034 
separation = 0.494454 
separation = 0.309357 
separation = 0.297888 
separation = 0.315146 
separation = 0.437867 
separation = 0.315146 
separation = 0.303165 
separation = 0.325001 
separation = 0.348987 
separation = 0.318294 
separation = 0.499391 
separation = 0.498888 
separation = 0.380269 
separation = 0.392036 
separation = 0.345724 
separation = 0.256675 
separation = 0.351376 
separation = 0.442010 
separation = 0.402615 
separation = 0.461331 
separation = 0.437867 
separation = 0.402144 
separation = 0.431034 
separation = 0.402144 
separation = 0.254188 
separation = 0.494454 
separation = 0.448964 
separation = 0.434595 
separation = 0.431034 
separation = 0.475046 
separation = 0.303165 
separation = 0.417351 
separation = 0.374311 
separation = 0.309357 
separation = 0.277718 
separation = 0.428638 
separation = 0.428638 
separation = 0.351376 
separation = 0.437751 
separation = 0.497628 
separation = 0.325001 
separation = 0.348987 
separation = 0.318294 
separation = 0.315146 
separation = 0.474474 
separation = 0.498888 
separation = 0.499391 
separation = 0.468870 
separation = 0.297888 
separation = 0.421139 
separation = 0.380269 
separation = 0.402615 
separation = 0.421139 
separation = 0.380269 
separation = 0.402615 
separation = 0.478666 
separation = 0.283299 
separation = 0.252033 
separation = 0.444063 
separation = 0.394605 
separation = 0.364828 
separation = 0.449489 
separation = 0.424491 
separation = 0.396095 
separation = 0.394605 
separation = 0.423546 
separation = 0.228329 
separation = 0.478957 
separation = 0.465101 
separation = 0.452685 
separation = 0.333831 
separation = 0.407306 
separation = 0.468679 
separation = 0.436051 
separation = 0.440056 
separation = 0.482952 
separation = 0.322804 
separation = 0.441068 
separation = 0.402542 
separation = 0.453178 
separation = 0.350955 
separation = 0.396095 
separation = 0.403296 
separation = 0.492636 
separation = 0.402542 
separation = 0.409866 
separation = 0.442762 
separation = 0.346260 
separation = 0.444063 
separation = 0.322811 
separation = 0.308348 
separation = 0.363168 
separation = 0.275319 
separation = 0.308447 
separation = 0.350955 
separation = 0.473336 
separation = 0.275319 
separation = 0.319059 
separation = 0.465101 
separation = 0.468679 
separation = 0.260113 
separation = 0.386580 
separation = 0.402542 
separation = 0.260113 
separation = 0.350955 
separation = 0.364828 
separation = 0.424491 
separation = 0.449489 
separation = 0.482952 
separation = 0.228329 
separation = 0.468679 
separation = 0.408196 
separation = 0.409866 
separation = 0.442762 
separation = 0.444063 
separation = 0.333831 
separation = 0.407306 
separation = 0.452685 
separation = 0.308447 
separation = 0.441068 
separation = 0.308348 
separation = 0.252033 
separation = 0.322811 
separation = 0.319059 
separation = 0.400270 
separation = 0.308447 
separation = 0.478666 
separation = 0.473909 
separation = 0.403296 
separation = 0.444063 
separation = 0.394605 
separation = 0.283299 
separation = 0.402542 
separation = 0.350955 
separation = 0.468679 
separation = 0.260113 
separation = 0.482257 
separation = 0.288794 
separation = 0.402206 
separation = 0.255920 
separation = 0.427832 
separation = 0.451241 
separation = 0.397144 
separation = 0.435645 
separation = 0.457144 
separation = 0.235349 
separation = 0.483929 
separation = 0.373265 
separation = 0.337757 
separation = 0.408207 
separation = 0.337757 
separation = 0.286892 
separation = 0.364934 
separation = 0.492712 
separation = 0.230786 
separation = 0.351333 
separation = 0.451987 
separation = 0.443642 
separation = 0.325124 
separation = 0.288794 
separation = 0.402206 
separation = 0.407001 
separation = 0.400742 
separation = 0.414286 
separation = 0.408207 
separation = 0.455714 
separation = 0.495616 
separation = 0.445248 
separation = 0.417846 
separation = 0.431977 
separation = 0.328968 
separation = 0.255920 
separation = 0.437970 
separation = 0.286892 
separation = 0.355759 
separation = 0.472021 
separation = 0.416730 
separation = 0.482257 
separation = 0.400742 
separation = 0.364934 
separation = 0.292230 
separation = 0.258772 
separation = 0.461495 
separation = 0.430911 
separation = 0.480402 
separation = 0.467562 
separation = 0.262607 
separation = 0.392696 
separation = 0.435645 
separation = 0.337757 
separation = 0.407001 
separation = 0.492712 
separation = 0.235349 
separation = 0.288794 
separation = 0.457144 
separation = 0.412594 
separation = 0.408207 
separation = 0.373265 
separation = 0.482257 
separation = 0.400742 
separation = 0.230786 
separation = 0.455714 
separation = 0.417846 
separation = 0.431977 
separation = 0.337757 
separation = 0.408207 
separation = 0.255920 
separation = 0.437970 
separation = 0.451987 
separation = 0.292230 
separation = 0.328968 
separation = 0.258772 
separation = 0.461495 
separation = 0.430911 
separation = 0.482257 
separation = 0.313629 
separation = 0.407001 
separation = 0.478958 
separation = 0.400742 
separation = 0.451241 
separation = 0.397144 
separation = 0.288794 
separation = 0.414286 
separation = 0.355759 
separation = 0.480402 
separation = 0.262607 
separation = 0.265625 
separation = 0.452935 
separation = 0.484009 
separation = 0.394639 
separation = 0.449387 
separation = 0.299662 
separation = 0.488913 
separation = 0.408296 
separation = 0.344603 
separation = 0.409683 
separation = 0.462667 
separation = 0.291845 
separation = 0.371613 
separation = 0.434020 
separation = 0.464705 
separation = 0.265397 
separation = 0.465196 
separation = 0.431285 
separation = 0.300655 
separation = 0.327426 
separation = 0.484009 
separation = 0.411101 
separation = 0.408296 
separation = 0.264510 
separation = 0.332155 
separation = 0.419508 
separation = 0.336090 
separation = 0.411101 
separation = 0.450305 
separation = 0.374999 
separation = 0.442858 
separation = 0.498605 
separation = 0.300655 
separation = 0.440659 
separation = 0.371613 
separation = 0.481748 
separation = 0.422251 
separation = 0.265625 
separation = 0.299662 
separation = 0.355772 
separation = 0.325741 
separation = 0.358365 
separation = 0.488025 
separation = 0.497238 
separation = 0.398932 
separation = 0.469769 
separation = 0.258963 
separation = 0.417100 
separation = 0.291845 
separation = 0.332155 
separation = 0.419508 
separation = 0.265397 
separation = 0.465196 
separation = 0.431285 
separation = 0.484009 
separation = 0.411101 
separation = 0.440659 
separation = 0.462667 
separation = 0.442858 
separation = 0.300655 
separation = 0.464705 
separation = 0.336090 
separation = 0.344603 
separation = 0.409683 
separation = 0.265625 
separation = 0.374999 
separation = 0.417100 
separation = 0.419508 
separation = 0.481748 
separation = 0.484009 
separation = 0.417100 
separation = 0.484010 
separation = 0.315478 
separation = 0.411101 
separation = 0.300655 
separation = 0.398932 
separation = 0.394639 
separation = 0.425629 
separation = 0.450305 
separation = 0.425629 
separation = 0.422251 
separation = 0.472371 
separation = 0.355772 
separation = 0.488025 
separation = 0.258963 
separation = 0.358577 
separation = 0.275461 
separation = 0.392282 
separation = 0.472632 
separation = 0.469817 
separation = 0.414358 
separation = 0.440097 
separation = 0.460913 
separation = 0.392282 
separation = 0.493913 
separation = 0.457435 
separation = 0.378421 
separation = 0.493902 
separation = 0.351226 
separation = 0.411622 
separation = 0.412954 
separation = 0.461300 
separation = 0.329754 
separation = 0.473014 
separation = 0.469817 
separation = 0.486581 
separation = 0.432316 
separation = 0.311861 
separation = 0.355484 
separation = 0.414358 
separation = 0.376267 
separation = 0.447472 
separation = 0.312242 
separation = 0.342643 
separation = 0.419402 
separation = 0.342643 
separation = 0.296735 
separation = 0.447472 
separation = 0.378421 
separation = 0.317453 
separation = 0.432316 
separation = 0.455053 
separation = 0.318211 
separation = 0.355484 
separation = 0.487137 
separation = 0.493902 
separation = 0.404191 
separation = 0.258863 
separation = 0.412954 
separation = 0.461300 
separation = 0.432316 
separation = 0.355484 
separation = 0.258863 
separation = 0.472632 
separation = 0.493902 
separation = 0.422699 
separation = 0.469817 
separation = 0.392282 
separation = 0.342643 
separation = 0.457435 
separation = 0.351226 
separation = 0.411622 
separation = 0.447472 
separation = 0.317453 
separation = 0.376267 
separation = 0.296735 
separation = 0.275461 
separation = 0.469817 
separation = 0.422699 
separation = 0.318211 
separation = 0.342643 
separation = 0.431829 
separation = 0.430958 
separation = 0.422699 
separation = 0.317453 
separation = 0.486581 
separation = 0.489066 
separation = 0.430958 
separation = 0.311861 
separation = 0.392282 
separation = 0.419402 
separation = 0.447472 
separation = 0.432316 
separation = 0.355484 
separation = 0.493902 
separation = 0.258863 
separation = 0.489883 
separation = 0.318248 
separation = 0.278691 
separation = 0.469902 
separation = 0.454930 
separation = 0.395023 
separation = 0.420400 
separation = 0.322600 
separation = 0.379275 
separation = 0.482178 
separation = 0.382389 
separation = 0.444996 
separation = 0.498920 
separation = 0.464991 
separation = 0.383410 
separation = 0.482516 
separation = 0.332109 
separation = 0.452517 
separation = 0.318248 
separation = 0.482178 
separation = 0.354486 
separation = 0.420400 
separation = 0.439150 
separation = 0.416443 
separation = 0.354692 
separation = 0.474331 
separation = 0.459525 
separation = 0.414051 
separation = 0.420343 
separation = 0.458323 
separation = 0.412698 
separation = 0.278691 
separation = 0.354692 
separation = 0.322600 
separation = 0.230926 
separation = 0.474331 
separation = 0.494361 
separation = 0.363072 
separation = 0.263139 
separation = 0.290379 
separation = 0.336887 
separation = 0.276652 
separation = 0.461338 
separation = 0.439189 
separation = 0.395023 
separation = 0.489883 
separation = 0.416443 
separation = 0.443076 
separation = 0.407317 
separation = 0.439150 
separation = 0.354486 
separation = 0.322600 
separation = 0.482178 
separation = 0.429555 
separation = 0.263139 
separation = 0.482516 
separation = 0.412698 
separation = 0.354692 
separation = 0.379275 
separation = 0.383410 
separation = 0.452517 
separation = 0.464991 
separation = 0.454930 
separation = 0.395023 
separation = 0.318248 
separation = 0.278691 
separation = 0.494361 
separation = 0.414051 
separation = 0.420343 
separation = 0.482178 
separation = 0.458323 
separation = 0.263139 
separation = 0.230926 
separation = 0.489883 
separation = 0.416443 
separation = 0.429555 
separation = 0.318248 
separation = 0.290379 
separation = 0.489883 
separation = 0.354692 
separation = 0.336887 
separation = 0.276652 
separation = 0.461338 
separation = 0.439189 
separation = 0.434483 
separation = 0.429555 
separation = 0.416443 
separation = 0.443076 
separation = 0.494128 
separation = 0.434483 
separation = 0.495387 
separation = 0.330485 
separation = 0.426413 
separation = 0.287696 
separation = 0.449873 
separation = 0.395174 
separation = 0.479178 
separation = 0.464460 
separation = 0.395174 
separation = 0.459785 
separation = 0.478258 
separation = 0.415845 
separation = 0.474246 
separation = 0.358740 
separation = 0.413223 
separation = 0.334488 
separation = 0.276805 
separation = 0.450229 
separation = 0.495187 
separation = 0.494059 
separation = 0.354039 
separation = 0.426413 
separation = 0.468036 
separation = 0.322347 
separation = 0.454576 
separation = 0.367657 
separation = 0.338682 
separation = 0.425840 
separation = 0.294450 
separation = 0.367733 
separation = 0.454576 
separation = 0.386598 
separation = 0.450229 
separation = 0.321420 
separation = 0.364765 
separation = 0.318772 
separation = 0.338682 
separation = 0.354039 
separation = 0.499529 
separation = 0.479178 
separation = 0.410725 
separation = 0.261110 
separation = 0.415845 
separation = 0.474246 
separation = 0.450229 
separation = 0.261110 
separation = 0.354039 
separation = 0.468036 
separation = 0.410725 
separation = 0.322347 
separation = 0.479178 
separation = 0.395174 
separation = 0.436419 
separation = 0.459785 
separation = 0.454576 
separation = 0.358740 
separation = 0.413223 
separation = 0.294450 
separation = 0.495187 
separation = 0.287696 
separation = 0.318772 
separation = 0.483741 
separation = 0.322347 
separation = 0.447244 
separation = 0.495387 
separation = 0.499194 
separation = 0.395174 
separation = 0.330485 
separation = 0.425840 
separation = 0.454576 
separation = 0.450229 
separation = 0.354039 
separation = 0.261110 
separation = 0.291720 
separation = 0.470701 
separation = 0.484454 
separation = 0.283912 
separation = 0.351879 
separation = 0.388766 
separation = 0.432403 
separation = 0.455115 
separation = 0.287809 
separation = 0.460590 
separation = 0.438839 
separation = 0.336920 
separation = 0.499245 
separation = 0.423617 
separation = 0.372765 
separation = 0.280593 
separation = 0.346265 
separation = 0.432403 
separation = 0.453633 
separation = 0.361814 
separation = 0.381104 
separation = 0.336936 
separation = 0.475846 
separation = 0.458423 
separation = 0.448043 
separation = 0.414696 
separation = 0.322964 
separation = 0.367598 
separation = 0.291720 
separation = 0.391313 
separation = 0.462581 
separation = 0.237054 
separation = 0.415963 
separation = 0.416718 
separation = 0.416223 
separation = 0.399705 
separation = 0.439582 
separation = 0.351879 
separation = 0.453633 
separation = 0.361814 
separation = 0.372765 
separation = 0.499245 
separation = 0.423617 
separation = 0.414696 
separation = 0.283912 
separation = 0.280593 
separation = 0.346265 
separation = 0.291720 
separation = 0.336936 
separation = 0.287809 
separation = 0.460590 
separation = 0.438839 
separation = 0.381104 
separation = 0.416223 
separation = 0.448043 
separation = 0.475846 
separation = 0.458423 
separation = 0.322964 
separation = 0.367598 
separation = 0.439582 
separation = 0.391313 
separation = 0.462581 
separation = 0.237054 
separation = 0.416223 
separation = 0.415963 
separation = 0.416718 
separation = 0.439582 
separation = 0.439172 
separation = 0.489150 
separation = 0.439172 
separation = 0.489150 
separation = 0.343801 
separation = 0.461551 
separation = 0.343801 
separation = 0.364763 
separation = 0.300059 
separation = 0.438366 
separation = 0.394077 
separation = 0.458833 
separation = 0.257741 
separation = 0.430491 
separation = 0.364822 
separation = 0.415516 
separation = 0.454875 
separation = 0.492378 
separation = 0.355441 
separation = 0.460870 
separation = 0.339341 
separation = 0.288710 
separation = 0.325520 
separation = 0.374420 
separation = 0.379336 
separation = 0.462876 
separation = 0.364822 
separation = 0.438366 
separation = 0.467320 
separation = 0.479400 
separation = 0.395929 
separation = 0.415516 
separation = 0.394077 
separation = 0.300059 
separation = 0.477535 
separation = 0.243505 
separation = 0.353463 
separation = 0.418959 
separation = 0.420088 
separation = 0.465459 
separation = 0.364763 
separation = 0.423438 
separation = 0.364763 
separation = 0.394077 
separation = 0.343801 
separation = 0.462876 
separation = 0.445797 
separation = 0.423438 
separation = 0.364822 
separation = 0.461551 
separation = 0.454875 
separation = 0.401155 
separation = 0.477535 
separation = 0.415516 
separation = 0.355441 
separation = 0.395929 
separation = 0.330127 
separation = 0.243505 
separation = 0.364822 
separation = 0.415516 
separation = 0.379336 
separation = 0.479400 
separation = 0.418959 
separation = 0.420088 
separation = 0.484985 
separation = 0.300059 
separation = 0.497005 
separation = 0.465459 
separation = 0.458833 
separation = 0.257741 
separation = 0.430491 
separation = 0.467320 
separation = 0.462876 
separation = 0.353463 
separation = 0.343801 
separation = 0.499393 
separation = 0.356770 
separation = 0.311143 
separation = 0.459454 
separation = 0.259426 
separation = 0.444166 
separation = 0.498513 
separation = 0.465638 
separation = 0.422219 
separation = 0.491664 
separation = 0.422595 
separation = 0.467029 
separation = 0.341785 
separation = 0.378102 
separation = 0.462807 
separation = 0.475774 
separation = 0.459454 
separation = 0.386518 
separation = 0.386518 
separation = 0.444166 
separation = 0.347049 
separation = 0.485609 
separation = 0.330190 
separation = 0.436927 
separation = 0.422219 
separation = 0.381366 
separation = 0.401650 
separation = 0.418519 
separation = 0.290394 
separation = 0.259426 
separation = 0.491664 
separation = 0.281742 
separation = 0.315331 
separation = 0.484887 
separation = 0.396864 
separation = 0.429446 
separation = 0.422219 
separation = 0.491664 
separation = 0.475774 
separation = 0.347049 
separation = 0.485609 
separation = 0.448205 
separation = 0.330190 
separation = 0.396864 
separation = 0.459454 
separation = 0.448205 
separation = 0.467029 
separation = 0.259426 
separation = 0.429446 
separation = 0.459454 
separation = 0.259426 
separation = 0.484887 
separation = 0.386518 
separation = 0.462807 
separation = 0.290394 
separation = 0.422595 
separation = 0.311143 
separation = 0.422219 
separation = 0.396864 
separation = 0.356770 
separation = 0.315331 
separation = 0.401650 
separation = 0.418519 
separation = 0.446851 
separation = 0.491664 
separation = 0.499393 
separation = 0.436927 
separation = 0.281742 
separation = 0.364878 
separation = 0.313082 
separation = 0.478272 
separation = 0.409957 
separation = 0.487144 
separation = 0.469303 
separation = 0.266706 
separation = 0.430395 
separation = 0.367017 
separation = 0.420199 
separation = 0.450081 
separation = 0.367017 
separation = 0.249005 
separation = 0.344250 
separation = 0.470380 
separation = 0.383495 
separation = 0.396841 
separation = 0.390001 
separation = 0.450081 
separation = 0.396841 
separation = 0.486612 
separation = 0.425677 
separation = 0.420690 
separation = 0.420199 
separation = 0.383384 
separation = 0.471437 
separation = 0.390001 
separation = 0.468672 
separation = 0.350998 
separation = 0.325798 
separation = 0.379008 
separation = 0.429506 
separation = 0.403514 
separation = 0.491525 
separation = 0.435615 
separation = 0.453096 
separation = 0.478272 
separation = 0.367017 
separation = 0.249005 
separation = 0.409957 
separation = 0.397627 
separation = 0.487144 
separation = 0.420199 
separation = 0.435615 
separation = 0.488754 
separation = 0.425677 
separation = 0.420690 
separation = 0.468672 
separation = 0.471437 
separation = 0.367017 
separation = 0.420199 
separation = 0.396841 
separation = 0.435615 
separation = 0.334152 
separation = 0.313082 
separation = 0.491525 
separation = 0.429506 
separation = 0.453096 
separation = 0.469303 
separation = 0.266706 
separation = 0.430395 
separation = 0.486612 
separation = 0.476165 
separation = 0.448772 
separation = 0.350998 
separation = 0.364878 
separation = 0.371402 
separation = 0.321170 
separation = 0.435813 
separation = 0.473619 
separation = 0.266886 
separation = 0.417860 
separation = 0.495027 
separation = 0.455967 
separation = 0.403124 
separation = 0.475918 
separation = 0.408361 
separation = 0.374949 
separation = 0.253616 
separation = 0.346734 
separation = 0.326034 
separation = 0.382361 
separation = 0.321170 
separation = 0.299531 
separation = 0.406260 
separation = 0.455967 
separation = 0.480631 
separation = 0.430733 
separation = 0.420572 
separation = 0.494735 
separation = 0.423825 
separation = 0.476686 
separation = 0.469322 
separation = 0.408361 
separation = 0.371402 
separation = 0.498058 
separation = 0.403124 
separation = 0.273194 
separation = 0.435813 
separation = 0.304801 
separation = 0.464490 
separation = 0.433126 
separation = 0.369846 
separation = 0.467221 
separation = 0.445066 
separation = 0.395271 
separation = 0.403124 
separation = 0.457987 
separation = 0.445066 
separation = 0.480631 
separation = 0.374949 
separation = 0.334748 
separation = 0.445066 
separation = 0.371402 
separation = 0.423825 
separation = 0.498058 
separation = 0.417860 
separation = 0.495027 
separation = 0.489037 
separation = 0.253616 
separation = 0.406260 
separation = 0.435813 
separation = 0.321170 
separation = 0.430733 
separation = 0.420572 
separation = 0.473619 
separation = 0.266886 
separation = 0.469322 
separation = 0.476686 
separation = 0.494735 
separation = 0.435813 
separation = 0.273194 
separation = 0.304801 
separation = 0.464490 
separation = 0.433126 
separation = 0.369846 
separation = 0.480631 
separation = 0.467221 
separation = 0.371402 
separation = 0.383926 
separation = 0.331881 
separation = 0.444726 
separation = 0.474587 
separation = 0.264738 
separation = 0.423290 
separation = 0.461828 
separation = 0.499728 
separation = 0.379616 
separation = 0.379616 
separation = 0.424913 
separation = 0.327936 
separation = 0.385852 
separation = 0.480098 
separation = 0.259757 
separation = 0.303741 
separation = 0.349261 
separation = 0.414319 
separation = 0.461828 
separation = 0.474587 
separation = 0.419716 
separation = 0.338886 
separation = 0.424913 
separation = 0.435002 
separation = 0.422201 
separation = 0.340418 
separation = 0.480609 
separation = 0.419716 
separation = 0.476030 
separation = 0.264738 
separation = 0.491772 
separation = 0.436848 
separation = 0.415891 
separation = 0.290683 
separation = 0.340418 
separation = 0.392693 
separation = 0.311599 
separation = 0.453403 
separation = 0.392693 
separation = 0.460618 
separation = 0.453403 
separation = 0.327936 
separation = 0.385852 
separation = 0.491772 
separation = 0.338886 
separation = 0.423290 
separation = 0.499728 
separation = 0.303741 
separation = 0.474587 
separation = 0.491772 
separation = 0.453403 
separation = 0.379616 
separation = 0.379616 
separation = 0.424913 
separation = 0.338886 
separation = 0.435002 
separation = 0.422201 
separation = 0.414319 
separation = 0.424913 
separation = 0.264738 
separation = 0.480609 
separation = 0.474587 
separation = 0.264738 
separation = 0.331881 
separation = 0.259757 
separation = 0.436848 
separation = 0.340418 
separation = 0.392693 
separation = 0.340418 
separation = 0.476030 
separation = 0.444726 
separation = 0.491122 
separation = 0.290683 
separation = 0.383926 
separation = 0.311599 
separation = 0.443618 
separation = 0.482932 
separation = 0.268629 
separation = 0.474876 
separation = 0.432346 
separation = 0.336408 
separation = 0.418109 
separation = 0.477560 
separation = 0.384807 
separation = 0.467663 
separation = 0.484268 
separation = 0.383511 
separation = 0.336408 
separation = 0.351807 
separation = 0.422568 
separation = 0.310864 
separation = 0.467663 
separation = 0.496105 
separation = 0.418109 
separation = 0.383982 
separation = 0.332264 
separation = 0.392462 
separation = 0.266776 
separation = 0.443618 
separation = 0.316859 
separation = 0.471968 
separation = 0.430682 
separation = 0.429087 
separation = 0.486807 
separation = 0.430387 
separation = 0.391658 
separation = 0.263331 
separation = 0.438304 
separation = 0.422824 
separation = 0.461780 
separation = 0.463488 
separation = 0.395627 
separation = 0.432346 
separation = 0.345194 
separation = 0.418109 
separation = 0.496105 
separation = 0.422568 
separation = 0.383982 
separation = 0.482932 
separation = 0.268629 
separation = 0.384807 
separation = 0.383511 
separation = 0.443618 
separation = 0.429087 
separation = 0.310864 
separation = 0.477560 
separation = 0.474876 
separation = 0.461780 
separation = 0.391658 
separation = 0.332264 
separation = 0.392462 
separation = 0.336408 
separation = 0.391658 
separation = 0.486807 
separation = 0.266776 
separation = 0.463488 
separation = 0.316859 
separation = 0.471968 
separation = 0.430682 
separation = 0.443618 
separation = 0.496105 
separation = 0.430387 
separation = 0.263331 
separation = 0.461780 
separation = 0.455308 
separation = 0.438304 
separation = 0.422824 
separation = 0.463488 
separation = 0.455308 
separation = 0.453995 
separation = 0.484066 
separation = 0.346607 
separation = 0.266058 
separation = 0.427836 
separation = 0.444947 
separation = 0.473473 
separation = 0.488908 
separation = 0.323260 
separation = 0.479580 
separation = 0.429000 
separation = 0.453995 
separation = 0.354351 
separation = 0.385815 
separation = 0.394410 
separation = 0.473473 
separation = 0.429888 
separation = 0.388795 
separation = 0.393308 
separation = 0.346607 
separation = 0.479675 
separation = 0.485047 
separation = 0.491271 
separation = 0.496238 
separation = 0.430199 
separation = 0.267039 
separation = 0.436231 
separation = 0.393308 
separation = 0.269297 
separation = 0.442622 
separation = 0.425123 
separation = 0.402023 
separation = 0.469334 
separation = 0.470502 
separation = 0.388795 
separation = 0.402023 
separation = 0.469334 
separation = 0.394410 
separation = 0.430199 
separation = 0.267039 
separation = 0.266058 
separation = 0.484066 
separation = 0.462246 
separation = 0.346607 
separation = 0.323260 
separation = 0.479580 
separation = 0.429000 
separation = 0.469334 
separation = 0.491271 
separation = 0.393308 
separation = 0.453995 
separation = 0.453995 
separation = 0.485047 
separation = 0.479675 
separation = 0.470502 
separation = 0.267039 
separation = 0.436231 
separation = 0.402023 
separation = 0.269297 
separation = 0.442622 
separation = 0.425123 
separation = 0.462817 
separation = 0.484445 
separation = 0.479266 
separation = 0.354868 
separation = 0.403782 
separation = 0.493756 
separation = 0.393543 
separation = 0.431086 
separation = 0.499882 
separation = 0.481789 
separation = 0.393665 
separation = 0.441714 
separation = 0.356929 
separation = 0.435046 
separation = 0.322554 
separation = 0.328703 
separation = 0.492648 
separation = 0.479266 
separation = 0.434556 
separation = 0.351502 
separation = 0.393665 
separation = 0.387610 
separation = 0.293592 
separation = 0.484445 
separation = 0.446933 
separation = 0.457266 
separation = 0.265821 
separation = 0.328703 
separation = 0.334736 
separation = 0.400243 
separation = 0.307700 
separation = 0.442279 
separation = 0.427829 
separation = 0.499882 
separation = 0.441714 
separation = 0.476960 
separation = 0.266332 
separation = 0.475271 
separation = 0.441714 
separation = 0.328703 
separation = 0.266332 
separation = 0.351502 
separation = 0.435046 
separation = 0.484445 
separation = 0.322554 
separation = 0.481789 
separation = 0.387610 
separation = 0.476960 
separation = 0.293592 
separation = 0.492648 
separation = 0.475271 
separation = 0.334736 
separation = 0.400243 
separation = 0.354868 
separation = 0.307700 
separation = 0.412397 
separation = 0.476960 
separation = 0.393543 
separation = 0.431086 
separation = 0.475271 
separation = 0.464931 
separation = 0.351502 
separation = 0.462817 
separation = 0.446933 
separation = 0.484445 
separation = 0.464931 
separation = 0.442279 
separation = 0.427829 
separation = 0.265821 
separation = 0.393665 
separation = 0.328703 
separation = 0.441714 
separation = 0.266332 
separation = 0.336204 
separation = 0.390720 
separation = 0.433489 
separation = 0.485035 
separation = 0.337594 
separation = 0.407522 
separation = 0.497886 
separation = 0.359524 
separation = 0.332358 
separation = 0.451812 
separation = 0.485056 
separation = 0.493930 
separation = 0.336204 
separation = 0.485035 
separation = 0.441238 
separation = 0.357342 
separation = 0.290287 
separation = 0.268820 
separation = 0.390969 
separation = 0.308172 
separation = 0.395547 
separation = 0.484602 
separation = 0.483102 
separation = 0.336204 
separation = 0.451812 
separation = 0.336204 
separation = 0.357342 
separation = 0.493930 
separation = 0.337594 
separation = 0.407522 
separation = 0.390720 
separation = 0.433489 
separation = 0.485056 
separation = 0.332358 
separation = 0.268820 
separation = 0.484602 
separation = 0.290287 
separation = 0.483102 
separation = 0.395547 
separation = 0.308172 
separation = 0.472153 
separation = 0.453978 
separation = 0.358512 
separation = 0.497070 
separation = 0.273122 
separation = 0.414403 
separation = 0.490728 
separation = 0.487085 
separation = 0.456373 
separation = 0.391331 
separation = 0.436348 
separation = 0.497070 
separation = 0.362136 
separation = 0.446434 
separation = 0.345319 
separation = 0.446434 
separation = 0.467616 
separation = 0.490728 
separation = 0.435906 
separation = 0.362008 
separation = 0.345319 
separation = 0.287304 
separation = 0.391718 
separation = 0.273122 
separation = 0.467616 
separation = 0.308807 
separation = 0.399831 
separation = 0.420438 
separation = 0.490128 
separation = 0.456373 
separation = 0.345319 
separation = 0.488003 
separation = 0.399831 
separation = 0.362008 
separation = 0.490128 
separation = 0.362008 
separation = 0.487085 
separation = 0.488003 
separation = 0.391331 
separation = 0.436348 
separation = 0.497070 
separation = 0.446434 
separation = 0.497070 
separation = 0.273122 
separation = 0.477147 
separation = 0.287304 
separation = 0.273122 
separation = 0.345319 
separation = 0.358512 
separation = 0.308807 
separation = 0.420438 
separation = 0.399831 
separation = 0.453978 
separation = 0.420438 
separation = 0.452899 
separation = 0.279776 
separation = 0.364539 
separation = 0.347106 
separation = 0.496455 
separation = 0.481138 
separation = 0.438948 
separation = 0.460098 
separation = 0.494735 
separation = 0.420257 
separation = 0.364762 
separation = 0.457001 
separation = 0.393382 
separation = 0.364539 
separation = 0.496455 
separation = 0.457001 
separation = 0.405691 
separation = 0.481138 
separation = 0.394052 
separation = 0.444513 
separation = 0.426354 
separation = 0.438071 
separation = 0.452899 
separation = 0.271975 
separation = 0.268402 
separation = 0.345337 
separation = 0.474179 
separation = 0.444828 
separation = 0.430628 
separation = 0.495015 
separation = 0.497165 
separation = 0.403723 
separation = 0.493411 
separation = 0.279776 
separation = 0.393382 
separation = 0.347106 
separation = 0.405691 
separation = 0.452899 
separation = 0.438071 
separation = 0.493411 
separation = 0.460098 
separation = 0.494735 
separation = 0.457001 
separation = 0.479953 
separation = 0.497165 
separation = 0.430628 
separation = 0.430628 
separation = 0.364539 
separation = 0.444513 
separation = 0.426354 
separation = 0.271975 
separation = 0.452899 
separation = 0.268402 
separation = 0.345337 
separation = 0.474179 
separation = 0.444828 
separation = 0.495015 
separation = 0.374602 
separation = 0.268699 
separation = 0.494715 
separation = 0.277233 
separation = 0.462021 
separation = 0.445086 
separation = 0.351578 
separation = 0.481212 
separation = 0.444877 
separation = 0.367388 
separation = 0.467479 
separation = 0.426192 
separation = 0.462021 
separation = 0.398135 
separation = 0.467479 
separation = 0.445086 
separation = 0.415478 
separation = 0.374602 
separation = 0.499931 
separation = 0.397431 
separation = 0.466653 
separation = 0.439393 
separation = 0.494715 
separation = 0.341733 
separation = 0.417370 
separation = 0.448803 
separation = 0.429559 
separation = 0.278051 
separation = 0.441286 
separation = 0.401418 
separation = 0.371722 
separation = 0.398135 
separation = 0.415478 
separation = 0.462021 
separation = 0.268699 
separation = 0.467479 
separation = 0.277233 
separation = 0.439393 
separation = 0.466653 
separation = 0.351578 
separation = 0.481212 
separation = 0.444877 
separation = 0.441286 
separation = 0.374602 
separation = 0.482819 
separation = 0.448803 
separation = 0.429559 
separation = 0.499931 
separation = 0.441286 
separation = 0.462021 
separation = 0.278051 
separation = 0.338049 
separation = 0.402973 
separation = 0.440800 
separation = 0.453640 
separation = 0.425289 
separation = 0.432010 
separation = 0.453640 
separation = 0.385272 
separation = 0.385272 
separation = 0.370031 
separation = 0.432010 
separation = 0.473386 
separation = 0.349487 
separation = 0.476969 
separation = 0.402973 
separation = 0.284092 
separation = 0.399421 
separation = 0.453148 
separation = 0.433136 
separation = 0.440800 
separation = 0.472497 
separation = 0.343239 
separation = 0.420841 
separation = 0.268278 
separation = 0.451823 
separation = 0.486157 
separation = 0.377058 
separation = 0.399838 
separation = 0.453640 
separation = 0.425289 
separation = 0.402973 
separation = 0.284092 
separation = 0.476969 
separation = 0.338049 
separation = 0.385272 
separation = 0.473386 
separation = 0.440800 
separation = 0.402973 
separation = 0.440800 
separation = 0.453148 
separation = 0.433136 
separation = 0.472497 
separation = 0.399421 
separation = 0.451823 
separation = 0.268278 
separation = 0.451823 
separation = 0.343239 
separation = 0.420841 
separation = 0.486157 
separation = 0.486157 
separation = 0.480612 
separation = 0.395869 
separation = 0.268894 
separation = 0.374037 
separation = 0.413239 
separation = 0.444528 
separation = 0.271381 
separation = 0.480612 
separation = 0.359307 
separation = 0.493911 
separation = 0.441913 
separation = 0.483678 
separation = 0.372703 
separation = 0.439666 
separation = 0.435911 
separation = 0.358137 
separation = 0.464929 
separation = 0.464929 
separation = 0.333519 
separation = 0.347241 
separation = 0.426861 
separation = 0.395869 
separation = 0.461519 
separation = 0.271381 
separation = 0.435911 
separation = 0.400135 
separation = 0.359307 
separation = 0.493911 
separation = 0.441913 
separation = 0.480612 
separation = 0.374037 
separation = 0.483678 
separation = 0.381160 
separation = 0.413239 
separation = 0.444528 
separation = 0.461519 
separation = 0.268894 
separation = 0.461519 
separation = 0.395869 
separation = 0.333519 
separation = 0.480612 
separation = 0.489784 
separation = 0.269721 
separation = 0.473213 
separation = 0.442771 
separation = 0.385025 
separation = 0.406651 
separation = 0.445486 
separation = 0.492087 
separation = 0.375375 
separation = 0.274728 
separation = 0.419880 
separation = 0.365143 
separation = 0.498344 
separation = 0.445979 
separation = 0.485279 
separation = 0.447402 
separation = 0.489784 
separation = 0.289777 
separation = 0.453018 
separation = 0.434341 
separation = 0.471926 
separation = 0.269721 
separation = 0.473213 
separation = 0.442771 
separation = 0.419880 
separation = 0.385025 
separation = 0.492087 
separation = 0.274728 
separation = 0.489784 
separation = 0.447402 
separation = 0.365143 
separation = 0.498344 
separation = 0.445979 
separation = 0.485279 
separation = 0.471926 
separation = 0.289777 
separation = 0.453018 
separation = 0.434341 
separation = 0.489784 
separation = 0.499889 
separation = 0.270311 
separation = 0.411220 
separation = 0.492509 
separation = 0.479415 
separation = 0.450844 
separation = 0.424760 
separation = 0.378073 
separation = 0.364435 
separation = 0.411220 
separation = 0.295598 
separation = 0.452523 
separation = 0.457398 
separation = 0.438714 
separation = 0.449238 
separation = 0.351501 
separation = 0.432486 
separation = 0.371286 
separation = 0.447196 
separation = 0.499889 
separation = 0.275265 
separation = 0.480590 
separation = 0.394902 
separation = 0.270311 
separation = 0.424760 
separation = 0.452523 
separation = 0.492509 
separation = 0.499889 
separation = 0.449238 
separation = 0.295598 
separation = 0.480590 
separation = 0.457398 
separation = 0.438714 
separation = 0.411220 
separation = 0.371286 
separation = 0.447196 
separation = 0.480590 
separation = 0.275265 
separation = 0.499889 
separation = 0.269639 
separation = 0.420900 
separation = 0.499884 
separation = 0.354543 
separation = 0.436595 
separation = 0.380783 
separation = 0.369276 
separation = 0.269639 
separation = 0.283756 
separation = 0.320571 
separation = 0.456570 
separation = 0.461979 
separation = 0.393085 
separation = 0.406482 
separation = 0.393085 
separation = 0.320571 
separation = 0.269639 
separation = 0.499884 
separation = 0.269639 
separation = 0.283756 
separation = 0.461979 
separation = 0.393085 
separation = 0.490477 
separation = 0.354543 
separation = 0.436595 
separation = 0.420900 
separation = 0.272993 
separation = 0.462762 
separation = 0.425913 
separation = 0.383500 
separation = 0.427984 
separation = 0.450131 
separation = 0.467741 
separation = 0.272993 
separation = 0.288803 
separation = 0.323251 
separation = 0.488371 
separation = 0.393432 
separation = 0.323251 
separation = 0.408172 
separation = 0.315022 
separation = 0.397319 
separation = 0.467741 
separation = 0.323251 
separation = 0.397319 
separation = 0.272993 
separation = 0.393432 
separation = 0.288803 
separation = 0.393432 
separation = 0.397319 
separation = 0.427984 
separation = 0.450131 
separation = 0.315022 
separation = 0.272993 
separation = 0.497489 
separation = 0.425913 
separation = 0.323251 
separation = 0.278585 
separation = 0.468000 
separation = 0.432890 
separation = 0.429119 
separation = 0.452232 
separation = 0.473849 
separation = 0.386236 
separation = 0.286873 
separation = 0.278585 
separation = 0.330887 
separation = 0.491599 
separation = 0.400307 
separation = 0.330887 
separation = 0.315869 
separation = 0.402119 
separation = 0.473849 
separation = 0.330887 
separation = 0.402119 
separation = 0.278585 
separation = 0.400307 
separation = 0.286873 
separation = 0.400307 
separation = 0.402119 
separation = 0.429119 
separation = 0.452232 
separation = 0.315869 
separation = 0.278585 
separation = 0.432890 
separation = 0.330887 
separation = 0.479952 
separation = 0.462368 
separation = 0.472625 
separation = 0.479952 
separation = 0.388986 
separation = 0.378415 
separation = 0.273485 
separation = 0.284244 
separation = 0.284845 
separation = 0.338539 
separation = 0.407187 
separation = 0.284845 
separation = 0.316548 
separation = 0.359798 
separation = 0.445248 
separation = 0.442619 
separation = 0.395190 
separation = 0.316548 
separation = 0.406854 
separation = 0.411544 
separation = 0.479952 
separation = 0.338539 
separation = 0.284244 
separation = 0.407187 
separation = 0.479952 
separation = 0.284845 
separation = 0.284845 
separation = 0.316548 
separation = 0.406854 
separation = 0.359798 
separation = 0.445248 
separation = 0.316548 
separation = 0.462368 
separation = 0.442619 
separation = 0.273485 
separation = 0.395190 
separation = 0.499137 
separation = 0.290002 
separation = 0.440854 
separation = 0.422396 
separation = 0.455646 
separation = 0.422396 
separation = 0.465255 
separation = 0.448561 
separation = 0.478797 
separation = 0.391739 
separation = 0.310331 
separation = 0.498841 
separation = 0.426334 
separation = 0.440854 
separation = 0.468376 
separation = 0.498841 
separation = 0.339434 
separation = 0.455646 
separation = 0.472351 
separation = 0.499137 
separation = 0.279838 
separation = 0.405452 
separation = 0.465650 
separation = 0.412065 
separation = 0.499137 
separation = 0.422396 
separation = 0.465255 
separation = 0.448561 
separation = 0.468376 
separation = 0.310331 
separation = 0.455646 
separation = 0.412130 
separation = 0.279838 
separation = 0.422396 
separation = 0.455646 
separation = 0.290002 
separation = 0.405452 
separation = 0.465650 
separation = 0.440854 
separation = 0.339434 
separation = 0.499137 
separation = 0.288595 
separation = 0.451693 
separation = 0.431328 
separation = 0.460723 
separation = 0.282526 
separation = 0.414391 
separation = 0.412714 
separation = 0.469818 
separation = 0.394511 
separation = 0.479610 
separation = 0.451693 
separation = 0.336524 
separation = 0.482877 
separation = 0.282526 
separation = 0.479610 
separation = 0.412714 
separation = 0.469818 
separation = 0.411181 
separation = 0.414391 
separation = 0.418108 
separation = 0.431328 
separation = 0.460723 
separation = 0.288595 
separation = 0.451693 
separation = 0.336524 
separation = 0.289281 
separation = 0.462468 
separation = 0.489076 
separation = 0.437894 
separation = 0.464065 
separation = 0.492479 
separation = 0.388747 
separation = 0.397291 
separation = 0.289281 
separation = 0.283263 
separation = 0.337358 
separation = 0.424086 
separation = 0.337358 
separation = 0.368263 
separation = 0.456254 
separation = 0.327800 
separation = 0.410481 
separation = 0.418573 
separation = 0.492479 
separation = 0.337358 
separation = 0.410481 
separation = 0.289281 
separation = 0.424086 
separation = 0.283263 
separation = 0.424086 
separation = 0.388747 
separation = 0.410481 
separation = 0.437894 
separation = 0.464065 
separation = 0.368263 
separation = 0.456254 
separation = 0.327800 
separation = 0.289281 
separation = 0.462468 
separation = 0.337358 
separation = 0.288541 
separation = 0.400087 
separation = 0.495906 
separation = 0.470319 
separation = 0.397568 
separation = 0.425895 
separation = 0.480639 
separation = 0.488392 
separation = 0.438994 
separation = 0.374838 
separation = 0.463960 
separation = 0.466605 
separation = 0.467660 
separation = 0.449376 
separation = 0.318636 
separation = 0.422146 
separation = 0.288541 
separation = 0.488392 
separation = 0.438994 
separation = 0.425895 
separation = 0.480639 
separation = 0.466605 
separation = 0.467660 
separation = 0.449376 
separation = 0.318636 
separation = 0.339330 
separation = 0.442809 
separation = 0.468788 
separation = 0.498209 
separation = 0.474441 
separation = 0.402894 
separation = 0.425167 
separation = 0.471215 
separation = 0.456439 
separation = 0.442809 
separation = 0.324745 
separation = 0.468788 
separation = 0.291725 
separation = 0.339330 
separation = 0.474441 
separation = 0.498209 
separation = 0.442809 
separation = 0.471215 
separation = 0.456439 
separation = 0.324745 
separation = 0.468788 
separation = 0.291725 
separation = 0.442809 
separation = 0.468788 
separation = 0.288956 
separation = 0.480785 
separation = 0.453264 
separation = 0.473358 
separation = 0.405708 
separation = 0.453264 
separation = 0.329355 
separation = 0.473970 
separation = 0.461748 
separation = 0.427438 
separation = 0.405071 
separation = 0.335519 
separation = 0.473358 
separation = 0.379988 
separation = 0.470061 
separation = 0.279537 
separation = 0.335519 
separation = 0.473970 
separation = 0.461748 
separation = 0.415106 
separation = 0.329355 
separation = 0.453264 
separation = 0.438082 
separation = 0.427438 
separation = 0.473358 
separation = 0.405071 
separation = 0.453264 
separation = 0.473358 
separation = 0.279537 
separation = 0.288956 
separation = 0.379988 
separation = 0.470061 
separation = 0.480785 
separation = 0.335519 
separation = 0.335519 
separation = 0.288169 
separation = 0.488437 
separation = 0.457670 
separation = 0.478601 
separation = 0.408534 
separation = 0.284409 
separation = 0.338290 
separation = 0.288169 
separation = 0.440692 
separation = 0.338290 
separation = 0.328433 
separation = 0.416308 
separation = 0.338290 
separation = 0.416308 
separation = 0.288169 
separation = 0.440692 
separation = 0.284409 
separation = 0.440692 
separation = 0.416308 
separation = 0.457670 
separation = 0.478601 
separation = 0.328433 
separation = 0.288169 
separation = 0.488437 
separation = 0.338290 
separation = 0.293894 
separation = 0.496333 
separation = 0.458388 
separation = 0.481243 
separation = 0.411370 
separation = 0.496333 
separation = 0.434518 
separation = 0.346350 
separation = 0.385603 
separation = 0.477735 
separation = 0.421754 
separation = 0.447977 
separation = 0.458388 
separation = 0.481243 
separation = 0.293894 
separation = 0.496333 
separation = 0.346350 
separation = 0.297437 
separation = 0.465392 
separation = 0.486170 
separation = 0.279845 
separation = 0.297437 
separation = 0.414217 
separation = 0.346399 
separation = 0.477885 
separation = 0.494689 
separation = 0.453040 
separation = 0.346399 
separation = 0.333189 
separation = 0.397531 
separation = 0.421803 
separation = 0.346399 
separation = 0.421803 
separation = 0.297437 
separation = 0.453040 
separation = 0.279845 
separation = 0.453040 
separation = 0.421803 
separation = 0.465392 
separation = 0.486170 
separation = 0.333189 
separation = 0.297437 
separation = 0.346399 
separation = 0.303778 
separation = 0.391918 
separation = 0.483928 
separation = 0.419413 
separation = 0.418541 
separation = 0.466073 
separation = 0.482661 
separation = 0.465216 
separation = 0.342439 
separation = 0.488962 
separation = 0.438379 
separation = 0.301953 
separation = 0.453676 
separation = 0.427393 
separation = 0.303778 
separation = 0.466073 
separation = 0.482661 
separation = 0.465216 
separation = 0.488962 
separation = 0.342439 
separation = 0.391918 
separation = 0.483928 
separation = 0.301953 
separation = 0.419413 
separation = 0.453676 
separation = 0.438379 
separation = 0.348863 
separation = 0.470909 
separation = 0.491280 
separation = 0.421406 
separation = 0.470909 
separation = 0.444714 
separation = 0.487234 
separation = 0.471655 
separation = 0.429614 
separation = 0.348449 
separation = 0.491280 
separation = 0.399063 
separation = 0.491089 
separation = 0.304341 
separation = 0.460470 
separation = 0.348863 
separation = 0.470909 
separation = 0.487234 
separation = 0.471655 
separation = 0.491280 
separation = 0.348449 
separation = 0.470909 
separation = 0.491280 
separation = 0.304341 
separation = 0.460470 
separation = 0.424279 
separation = 0.347432 
separation = 0.478718 
separation = 0.497678 
separation = 0.347432 
separation = 0.279719 
separation = 0.301065 
separation = 0.469210 
separation = 0.301065 
separation = 0.342634 
separation = 0.427351 
separation = 0.347432 
separation = 0.301065 
separation = 0.427351 
separation = 0.469210 
separation = 0.279719 
separation = 0.427351 
separation = 0.469210 
separation = 0.342634 
separation = 0.478718 
separation = 0.497678 
separation = 0.347432 
separation = 0.301065 
separation = 0.306662 
separation = 0.449899 
separation = 0.312910 
separation = 0.427163 
separation = 0.472855 
separation = 0.479167 
separation = 0.491935 
separation = 0.477458 
separation = 0.356210 
separation = 0.432830 
separation = 0.479167 
separation = 0.476718 
separation = 0.312910 
separation = 0.472855 
separation = 0.306662 
separation = 0.491935 
separation = 0.477458 
separation = 0.356210 
separation = 0.305680 
separation = 0.315843 
separation = 0.483880 
separation = 0.480126 
separation = 0.430057 
separation = 0.454314 
separation = 0.483880 
separation = 0.350210 
separation = 0.496555 
separation = 0.484298 
separation = 0.362235 
separation = 0.483880 
separation = 0.434185 
separation = 0.315843 
separation = 0.480126 
separation = 0.484108 
separation = 0.496555 
separation = 0.484298 
separation = 0.483880 
separation = 0.362235 
separation = 0.305680 
separation = 0.350210 
separation = 0.305733 
separation = 0.492542 
separation = 0.492542 
separation = 0.489672 
separation = 0.432959 
separation = 0.367082 
separation = 0.438437 
separation = 0.410073 
separation = 0.348809 
separation = 0.320689 
separation = 0.456857 
separation = 0.486787 
separation = 0.492542 
separation = 0.435550 
separation = 0.489672 
separation = 0.367082 
separation = 0.490423 
separation = 0.320689 
separation = 0.492542 
separation = 0.486787 
separation = 0.305733 
separation = 0.348809 
separation = 0.349985 
separation = 0.499296 
separation = 0.460890 
separation = 0.435866 
separation = 0.499296 
separation = 0.493568 
separation = 0.372555 
separation = 0.436708 
separation = 0.499296 
separation = 0.493568 
separation = 0.349985 
separation = 0.372555 
separation = 0.460890 
separation = 0.499296 
separation = 0.305726 
separation = 0.438772 
separation = 0.465643 
separation = 0.284297 
separation = 0.305726 
separation = 0.347886 
separation = 0.415926 
separation = 0.360904 
separation = 0.439039 
separation = 0.439039 
separation = 0.347886 
separation = 0.305726 
separation = 0.305726 
separation = 0.284297 
separation = 0.439039 
separation = 0.360904 
separation = 0.329884 
separation = 0.441676 
separation = 0.353135 
separation = 0.286304 
separation = 0.311344 
separation = 0.444317 
separation = 0.444317 
separation = 0.329884 
separation = 0.353135 
separation = 0.311344 
separation = 0.286304 
separation = 0.444317 
separation = 0.310879 
separation = 0.444580 
separation = 0.338065 
separation = 0.289297 
separation = 0.310879 
separation = 0.357543 
separation = 0.362904 
separation = 0.451353 
separation = 0.451353 
separation = 0.357543 
separation = 0.310879 
separation = 0.310879 
separation = 0.289297 
separation = 0.451353 
separation = 0.362904 
separation = 0.338065 
separation = 0.362952 
separation = 0.492833 
separation = 0.470994 
separation = 0.447480 
separation = 0.450544 
separation = 0.345864 
separation = 0.424682 
separation = 0.362952 
separation = 0.345864 
separation = 0.492833 
separation = 0.470994 
separation = 0.450544 
separation = 0.424682 
separation = 0.315821 
separation = 0.498275 
separation = 0.480639 
separation = 0.450379 
separation = 0.364953 
separation = 0.289122 
separation = 0.315821 
separation = 0.364953 
separation = 0.370168 
separation = 0.457133 
separation = 0.364953 
separation = 0.480639 
separation = 0.457133 
separation = 0.315821 
separation = 0.289122 
separation = 0.315821 
separation = 0.457133 
separation = 0.498275 
separation = 0.370168 
separation = 0.364953 
separation = 0.321778 
separation = 0.498449 
separation = 0.394518 
separation = 0.498449 
separation = 0.462398 
separation = 0.453274 
separation = 0.436352 
separation = 0.321778 
separation = 0.373706 
separation = 0.288397 
separation = 0.373706 
separation = 0.463732 
separation = 0.373167 
separation = 0.463732 
separation = 0.321778 
separation = 0.498449 
separation = 0.321778 
separation = 0.373706 
separation = 0.394518 
separation = 0.463732 
separation = 0.498449 
separation = 0.373706 
separation = 0.288397 
separation = 0.373167 
separation = 0.326992 
separation = 0.289943 
separation = 0.456165 
separation = 0.326992 
separation = 0.379127 
separation = 0.441168 
separation = 0.379127 
separation = 0.375452 
separation = 0.470472 
separation = 0.379127 
separation = 0.470472 
separation = 0.326992 
separation = 0.289943 
separation = 0.326992 
separation = 0.470472 
separation = 0.375452 
separation = 0.379127 
separation = 0.333298 
separation = 0.368903 
separation = 0.459056 
separation = 0.387938 
separation = 0.368903 
separation = 0.477238 
separation = 0.333298 
separation = 0.387938 
separation = 0.461941 
separation = 0.375368 
separation = 0.410423 
separation = 0.375368 
separation = 0.375368 
separation = 0.410423 
separation = 0.375368 
separation = 0.332776 
separation = 0.464821 
separation = 0.492255 
separation = 0.416521 
separation = 0.387998 
separation = 0.479026 
separation = 0.416521 
separation = 0.332776 
separation = 0.387998 
separation = 0.335993 
separation = 0.467699 
separation = 0.494856 
separation = 0.386674 
separation = 0.424049 
separation = 0.481005 
separation = 0.386674 
separation = 0.424049 
separation = 0.335993 
separation = 0.336935 
separation = 0.470571 
separation = 0.302528 
separation = 0.336935 
separation = 0.385417 
separation = 0.385417 
separation = 0.394703 
separation = 0.482827 
separation = 0.385417 
separation = 0.482827 
separation = 0.336935 
separation = 0.302528 
separation = 0.336935 
separation = 0.482827 
separation = 0.394703 
separation = 0.385417 
separation = 0.343349 
separation = 0.398887 
separation = 0.473437 
separation = 0.474476 
separation = 0.457765 
separation = 0.434049 
separation = 0.394513 
separation = 0.398887 
separation = 0.434049 
separation = 0.489993 
separation = 0.343349 
separation = 0.394513 
separation = 0.344768 
separation = 0.476301 
separation = 0.307864 
separation = 0.344768 
separation = 0.394708 
separation = 0.394708 
separation = 0.403988 
separation = 0.492781 
separation = 0.394708 
separation = 0.492781 
separation = 0.344768 
separation = 0.307864 
separation = 0.344768 
separation = 0.492781 
separation = 0.403988 
separation = 0.394708 
separation = 0.351326 
separation = 0.479158 
separation = 0.309316 
separation = 0.351326 
separation = 0.403888 
separation = 0.403888 
separation = 0.407695 
separation = 0.351326 
separation = 0.403888 
separation = 0.351326 
separation = 0.309316 
separation = 0.403888 
separation = 0.407695 
separation = 0.357976 
separation = 0.310886 
separation = 0.482009 
separation = 0.482486 
separation = 0.357976 
separation = 0.413030 
separation = 0.468588 
separation = 0.420371 
separation = 0.413030 
separation = 0.411372 
separation = 0.357976 
separation = 0.413030 
separation = 0.310886 
separation = 0.357976 
separation = 0.411372 
separation = 0.413030 
separation = 0.420371 
separation = 0.364601 
separation = 0.484852 
separation = 0.431536 
separation = 0.312589 
separation = 0.422137 
separation = 0.364601 
separation = 0.415032 
separation = 0.364601 
separation = 0.364601 
separation = 0.422137 
separation = 0.312589 
separation = 0.415032 
separation = 0.431536 
separation = 0.371384 
separation = 0.487688 
separation = 0.440376 
separation = 0.476744 
separation = 0.457834 
separation = 0.440376 
separation = 0.371384 
separation = 0.457834 
separation = 0.372566 
separation = 0.490524 
separation = 0.321600 
separation = 0.424157 
separation = 0.372566 
separation = 0.424157 
separation = 0.422921 
separation = 0.372566 
separation = 0.424157 
separation = 0.372566 
separation = 0.321600 
separation = 0.424157 
separation = 0.422921 
separation = 0.379453 
separation = 0.493353 
separation = 0.433360 
separation = 0.323705 
separation = 0.482952 
separation = 0.379453 
separation = 0.433360 
separation = 0.426779 
separation = 0.379453 
separation = 0.433360 
separation = 0.482952 
separation = 0.379453 
separation = 0.323705 
separation = 0.433360 
separation = 0.426779 
separation = 0.386427 
separation = 0.496175 
separation = 0.497272 
separation = 0.488641 
separation = 0.461756 
separation = 0.473214 
separation = 0.386427 
separation = 0.461756 
separation = 0.473214 
separation = 0.387907 
separation = 0.498991 
separation = 0.437874 
separation = 0.387907 
separation = 0.329812 
separation = 0.494325 
separation = 0.437874 
separation = 0.387907 
separation = 0.437874 
separation = 0.329812 
separation = 0.387907 
separation = 0.437874 
separation = 0.394644 
separation = 0.446604 
separation = 0.332464 
separation = 0.394644 
separation = 0.446604 
separation = 0.394644 
separation = 0.446604 
separation = 0.332464 
separation = 0.394644 
separation = 0.446604 
separation = 0.401387 
separation = 0.483801 
separation = 0.487679 
separation = 0.401387 
separation = 0.483801 
separation = 0.487679 
separation = 0.403018 
separation = 0.491077 
separation = 0.452683 
separation = 0.491077 
separation = 0.403018 
separation = 0.452683 
separation = 0.405335 
separation = 0.346575 
separation = 0.452299 
separation = 0.405335 
separation = 0.452299 
separation = 0.443410 
separation = 0.405335 
separation = 0.452299 
separation = 0.405335 
separation = 0.346575 
separation = 0.452299 
separation = 0.443410 
separation = 0.412571 
separation = 0.349769 
separation = 0.461694 
separation = 0.412571 
separation = 0.461694 
separation = 0.447910 
separation = 0.412571 
separation = 0.461694 
separation = 0.349769 
separation = 0.412571 
separation = 0.447910 
separation = 0.461694 
separation = 0.419855 
separation = 0.353115 
separation = 0.419855 
separation = 0.471044 
separation = 0.353115 
separation = 0.452433 
separation = 0.452433 
separation = 0.419855 
separation = 0.471044 
separation = 0.419855 
separation = 0.353115 
separation = 0.452433 
separation = 0.353115 
separation = 0.452433 
separation = 0.429007 
separation = 0.355983 
separation = 0.473284 
separation = 0.429007 
separation = 0.460248 
separation = 0.429007 
separation = 0.473284 
separation = 0.429007 
separation = 0.355983 
separation = 0.460248 
separation = 0.472281 
separation = 0.472281 
separation = 0.434103 
separation = 0.434103 
separation = 0.436618 
separation = 0.367506 
separation = 0.471895 
separation = 0.436618 
separation = 0.471895 
separation = 0.473571 
separation = 0.436618 
separation = 0.471895 
separation = 0.367506 
separation = 0.436618 
separation = 0.473571 
separation = 0.471895 
separation = 0.444157 
separation = 0.481177 
separation = 0.444157 
separation = 0.481177 
separation = 0.447121 
separation = 0.482955 
separation = 0.447121 
separation = 0.482955 
separation = 0.450480 
separation = 0.487439 
separation = 0.383547 
separation = 0.450480 
separation = 0.450480 
separation = 0.450480 
separation = 0.487439 
separation = 0.383547 
separation = 0.490847 
separation = 0.456803 
separation = 0.490847 
separation = 0.456803 
separation = 0.461408 
separation = 0.389010 
separation = 0.461408 
separation = 0.495610 
separation = 0.495610 
separation = 0.491270 
separation = 0.461408 
separation = 0.495610 
separation = 0.461408 
separation = 0.389010 
separation = 0.495610 
separation = 0.491270 
separation = 0.469139 
separation = 0.469139 
separation = 0.393091 
separation = 0.496652 
separation = 0.469139 
separation = 0.469139 
separation = 0.393091 
separation = 0.496652 
separation = 0.476912 
separation = 0.397197 
separation = 0.476912 
separation = 0.476912 
separation = 0.397197 
separation = 0.476912 
separation = 0.484716 
separation = 0.484716 
separation = 0.406226 
separation = 0.406226 
separation = 0.486875 
separation = 0.408976 
separation = 0.486875 
separation = 0.486875 
separation = 0.408976 
separation = 0.486875 
separation = 0.494769 
separation = 0.413281 
separation = 0.494769 
separation = 0.413281 
separation = 0.494769 
separation = 0.413281 
separation = 0.494769 
separation = 0.413281 
separation = 0.416809 
separation = 0.416809 
separation = 0.421169 
separation = 0.421169 
separation = 0.421169 
separation = 0.421169 
separation = 0.427860 
separation = 0.427860 
separation = 0.432413 
separation = 0.432413 
separation = 0.442326 
separation = 0.442326 
separation = 0.447113 
separation = 0.447113 
separation = 0.447113 
separation = 0.447113 
separation = 0.451061 
separation = 0.451061 
separation = 0.461745 
separation = 0.461745 
separation = 0.463406 
separation = 0.463406 
separation = 0.466483 
separation = 0.466483 
separation = 0.474705 
separation = 0.474705 
separation = 0.483669 
separation = 0.483669 
separation = 0.489266 
separation = 0.489266 
separation = 0.490608 
separation = 0.490608 
separation = 0.490608 
separation = 0.490608 
relax step 10000
relax step 20000
relax step 30000
relax step 40000
relax step 50000
relax step 60000
relax step 70000
relax step 80000
relax step 0
relax step 10000
relax step 20000
relax step 30000
relax step 40000
relax step 50000
relax step 60000
relax step 70000
relax step 80000
... done relaxing
-----------------------------------------------
 
 
-----------------------------------------------
Equilibrating for 300000 steps...
equilibration step 0
equilibration step 10000
equilibration step 20000
equilibration step 30000
equilibration step 40000
equilibration step 50000
equilibration step 60000
equilibration step 70000
equilibration step 80000
equilibration step 90000
equilibration step 100000
equilibration step 110000
equilibration step 120000
equilibration step 130000
equilibration step 140000
equilibration step 150000
equilibration step 160000
equilibration step 170000
equilibration step 180000
equilibration step 190000
equilibration step 200000
equilibration step 210000
equilibration step 220000
equilibration step 230000
equilibration step 240000
equilibration step 250000
equilibration step 260000
equilibration step 270000
equilibration step 280000
equilibration step 290000
 
... done equilibrating!
-----------------------------------------------
 
1500
3000
4500
6000
7500
9000
10500
12000
13500
15000
16500
18000
19500
21000
22500
24000
25500
27000
28500
30000
31500
33000
34500
36000
37500
39000
40500
42000
43500
45000
46500
48000
49500
51000
52500
54000
55500
57000
58500
60000
61500
63000
64500
66000
67500
69000
70500
72000
73500
75000
76500
78000
79500
81000
82500
84000
85500
87000
88500
90000
91500
93000
94500
96000
97500
99000
100500
102000
103500
105000
106500
108000
109500
111000
112500
114000
115500
117000
118500
120000
121500
123000
124500
126000
127500
129000
130500
132000
133500
135000
136500
138000
139500
141000
142500
144000
145500
147000
148500
150000
151500
153000
154500
156000
157500
159000
160500
162000
163500
165000
166500
168000
169500
171000
172500
174000
175500
177000
178500
180000
181500
183000
184500
186000
187500
189000
190500
192000
193500
195000
196500
198000
199500
201000
202500
204000
205500
207000
208500
210000
211500
213000
214500
216000
217500
219000
220500
222000
223500
225000
226500
228000
229500
231000
232500
234000
235500
237000
238500
240000
241500
243000
244500
246000
247500
249000
250500
252000
253500
255000
256500
258000
259500
261000
262500
264000
265500
267000
268500
270000
271500
273000
274500
276000
277500
279000
280500
282000
283500
285000
286500
288000
289500
291000
292500
294000
295500
297000
298500
300000
