scsp_3D_capsules_slit_trains
reference flux = 88.8889
  
nnbins = 26
 
-----------------------------------------------
Relaxing capsules...
relax step 0
relax step 10000
relax step 20000
relax step 30000
relax step 40000
relax step 50000
relax step 60000
relax step 70000
relax step 80000
relax step 0
relax step 10000
relax step 20000
relax step 30000
relax step 40000
relax step 50000
relax step 60000
relax step 70000
relax step 80000
... done relaxing
-----------------------------------------------
 
 
-----------------------------------------------
Equilibrating for 1000000 steps...
equilibration step 0
equilibration step 10000
equilibration step 20000
equilibration step 30000
equilibration step 40000
equilibration step 50000
equilibration step 60000
equilibration step 70000
equilibration step 80000
equilibration step 90000
equilibration step 100000
separation = 0.472362 
separation = 0.472362 
separation = 0.471789 
separation = 0.316165 
separation = 0.409481 
separation = 0.208754 
separation = 0.069106 
separation = 0.069106 
separation = 0.223516 
separation = 0.223516 
separation = 0.346834 
separation = 0.346834 
separation = 0.395584 
separation = 0.395584 
separation = 0.193546 
separation = 0.193546 
separation = 0.137969 
separation = 0.137969 
separation = 0.246756 
separation = 0.246756 
separation = 0.336207 
separation = 0.336207 
separation = 0.423087 
separation = 0.423087 
separation = 0.496076 
separation = 0.496076 
separation = 0.449579 
separation = 0.449579 
separation = 0.462496 
separation = 0.498119 
separation = 0.498691 
separation = 0.447504 
separation = 0.447504 
separation = 0.454576 
separation = 0.446024 
separation = 0.446024 
equilibration step 110000
separation = 0.462014 
separation = 0.462014 
separation = 0.462014 
separation = 0.390695 
separation = 0.407524 
separation = 0.469023 
separation = 0.481569 
separation = 0.429714 
separation = 0.356414 
separation = 0.450082 
separation = 0.450082 
separation = 0.425338 
separation = 0.471222 
separation = 0.420485 
separation = 0.449580 
separation = 0.483104 
separation = 0.411555 
separation = 0.357088 
separation = 0.333822 
separation = 0.320341 
separation = 0.320341 
separation = 0.390581 
separation = 0.390581 
separation = 0.493344 
separation = 0.474132 
separation = 0.340396 
separation = 0.376766 
separation = 0.431042 
separation = 0.431042 
separation = 0.467679 
separation = 0.492803 
separation = 0.480671 
separation = 0.480671 
separation = 0.411229 
separation = 0.488830 
separation = 0.458979 
separation = 0.487266 
separation = 0.482106 
separation = 0.482106 
separation = 0.497896 
separation = 0.496225 
separation = 0.410536 
separation = 0.397287 
separation = 0.397287 
separation = 0.497395 
separation = 0.452989 
separation = 0.438134 
separation = 0.492660 
separation = 0.420436 
separation = 0.411199 
separation = 0.449528 
separation = 0.406638 
separation = 0.406638 
separation = 0.470959 
separation = 0.493199 
separation = 0.474479 
separation = 0.460211 
separation = 0.455063 
separation = 0.455063 
separation = 0.487754 
separation = 0.487754 
separation = 0.430907 
separation = 0.405913 
separation = 0.405913 
separation = 0.439463 
separation = 0.470807 
separation = 0.447726 
separation = 0.424260 
separation = 0.350324 
separation = 0.308958 
separation = 0.308958 
separation = 0.428109 
separation = 0.465397 
separation = 0.442581 
separation = 0.434341 
separation = 0.423700 
separation = 0.400841 
separation = 0.295301 
separation = 0.294462 
separation = 0.092232 
separation = 0.233932 
separation = 0.282031 
separation = 0.230335 
separation = 0.233067 
separation = 0.233067 
separation = 0.365242 
separation = 0.493537 
separation = 0.492161 
separation = 0.492161 
separation = 0.492930 
equilibration step 120000
separation = 0.479372 
separation = 0.479372 
separation = 0.449707 
separation = 0.497433 
separation = 0.428065 
separation = 0.488178 
separation = 0.309924 
separation = 0.309924 
separation = 0.432802 
separation = 0.432802 
separation = 0.299878 
separation = 0.290403 
separation = 0.339393 
separation = 0.428335 
separation = 0.297255 
separation = 0.331316 
separation = 0.358765 
separation = 0.297799 
separation = 0.328527 
separation = 0.302800 
separation = 0.247569 
separation = 0.247569 
separation = 0.397301 
separation = 0.315858 
separation = 0.315858 
separation = 0.447534 
separation = 0.489067 
separation = 0.495521 
separation = 0.484641 
separation = 0.481744 
separation = 0.489156 
separation = 0.489156 
separation = 0.313496 
separation = 0.296197 
separation = 0.350508 
separation = 0.350508 
separation = 0.465081 
separation = 0.405905 
separation = 0.433603 
separation = 0.383988 
separation = 0.386163 
separation = 0.424548 
separation = 0.483346 
separation = 0.309880 
separation = 0.188569 
separation = 0.443525 
equilibration step 130000
equilibration step 140000
equilibration step 150000
equilibration step 160000
equilibration step 170000
equilibration step 180000
equilibration step 190000
equilibration step 200000
equilibration step 210000
equilibration step 220000
equilibration step 230000
equilibration step 240000
equilibration step 250000
equilibration step 260000
equilibration step 270000
equilibration step 280000
equilibration step 290000
equilibration step 300000
equilibration step 310000
equilibration step 320000
equilibration step 330000
equilibration step 340000
separation = 0.418800 
separation = 0.418800 
separation = 0.473660 
separation = 0.473660 
separation = 0.414447 
equilibration step 350000
separation = 0.362380 
separation = 0.362380 
separation = 0.432880 
separation = 0.432880 
separation = 0.483737 
separation = 0.483737 
separation = 0.491043 
separation = 0.491043 
equilibration step 360000
equilibration step 370000
equilibration step 380000
equilibration step 390000
equilibration step 400000
equilibration step 410000
equilibration step 420000
equilibration step 430000
equilibration step 440000
equilibration step 450000
equilibration step 460000
equilibration step 470000
equilibration step 480000
equilibration step 490000
equilibration step 500000
equilibration step 510000
equilibration step 520000
equilibration step 530000
equilibration step 540000
equilibration step 550000
equilibration step 560000
equilibration step 570000
equilibration step 580000
equilibration step 590000
equilibration step 600000
equilibration step 610000
equilibration step 620000
equilibration step 630000
equilibration step 640000
equilibration step 650000
equilibration step 660000
equilibration step 670000
equilibration step 680000
equilibration step 690000
equilibration step 700000
equilibration step 710000
equilibration step 720000
equilibration step 730000
equilibration step 740000
equilibration step 750000
equilibration step 760000
equilibration step 770000
equilibration step 780000
equilibration step 790000
equilibration step 800000
equilibration step 810000
equilibration step 820000
equilibration step 830000
equilibration step 840000
equilibration step 850000
equilibration step 860000
equilibration step 870000
equilibration step 880000
equilibration step 890000
equilibration step 900000
equilibration step 910000
equilibration step 920000
equilibration step 930000
equilibration step 940000
equilibration step 950000
equilibration step 960000
equilibration step 970000
equilibration step 980000
equilibration step 990000
 
... done equilibrating!
-----------------------------------------------
 
5000
10000
15000
20000
25000
30000
35000
40000
45000
50000
55000
60000
65000
70000
75000
80000
85000
90000
95000
100000
105000
110000
115000
120000
125000
130000
135000
140000
separation = 0.426205 
separation = 0.426205 
separation = 0.448451 
separation = 0.448451 
145000
separation = 0.496403 
separation = 0.496403 
150000
155000
160000
165000
170000
175000
180000
185000
190000
195000
200000
205000
210000
215000
220000
225000
230000
235000
240000
245000
250000
255000
260000
265000
270000
275000
280000
285000
290000
295000
300000
305000
310000
315000
320000
325000
330000
335000
340000
345000
350000
355000
360000
365000
370000
375000
380000
385000
390000
395000
400000
405000
410000
415000
420000
425000
430000
435000
440000
445000
450000
455000
460000
465000
470000
475000
480000
485000
490000
495000
500000
505000
510000
515000
520000
525000
530000
535000
540000
545000
550000
555000
560000
565000
570000
575000
580000
585000
590000
595000
600000
605000
610000
615000
620000
625000
630000
635000
640000
645000
650000
655000
660000
665000
670000
675000
680000
685000
690000
695000
700000
705000
710000
715000
720000
725000
730000
735000
740000
745000
750000
755000
760000
765000
770000
775000
780000
785000
790000
795000
800000
805000
810000
815000
820000
825000
830000
835000
840000
845000
850000
855000
860000
865000
870000
875000
880000
885000
890000
895000
900000
905000
910000
915000
920000
925000
930000
935000
940000
945000
950000
955000
960000
965000
970000
975000
980000
985000
990000
995000
1000000
