scsp_3D_capsules_duct_trains
  
H = 35.5
umax = 0.03
ks = 0.00018
kb = 3.2212e-05
  
Ca = 0.3
  
reference flux = 258.22
  
 
-----------------------------------------------
Relaxing capsules...
... done relaxing
-----------------------------------------------
 
 
-----------------------------------------------
Equilibrating for 0 steps...
 
... done equilibrating!
-----------------------------------------------
 
50000
100000
150000
200000
250000
300000
350000
slurmstepd: error: *** JOB 493018 ON c1612 CANCELLED AT 2024-09-05T11:28:49 ***
