scsp_3D_capsules_duct_trains
  
nu = 0.006177
  
H = 35.5
umax = 0.03
ks = 0.00054
kb = 9.6636e-05
  
Ca = 0.1
  
reference flux = 258.22
  
 
-----------------------------------------------
Relaxing capsules...
relax step 0
relax step 10000
relax step 20000
relax step 30000
relax step 40000
relax step 50000
relax step 60000
relax step 70000
relax step 80000
relax step 0
relax step 10000
relax step 20000
relax step 30000
relax step 40000
relax step 50000
relax step 60000
relax step 70000
relax step 80000
... done relaxing
-----------------------------------------------
 
 
-----------------------------------------------
Equilibrating for 0 steps...
 
... done equilibrating!
-----------------------------------------------
 
50000
100000
150000
200000
250000
300000
350000
400000
450000
500000
550000
600000
650000
700000
slurmstepd: error: *** JOB 729892 ON c1702 CANCELLED AT 2025-05-20T15:36:09 ***
